[6484:10224:0102/163400.508:WARNING:chrome\browser\extensions\activity_log\activity_log_policy.cc:71] Scheduling init
[6484:10224:0102/163400.508:WARNING:chrome\browser\extensions\activity_log\activity_log_policy.cc:71] Scheduling init
[6484:10224:0102/163400.525:ERROR:components\edge_auth\edge_auth_errors.cc:540] EDGE_IDENTITY: Get Default OS Account failed: Error: Primary Error: kImplicitSignInFailure, Secondary Error: kAccountProviderFetchError, Platform error: 0, Error string: [empty]

[6484:10224:0102/163400.957:INFO:CONSOLE:113] "Event handler of 'x-storagemutated-1' event must be added on the initial evaluation of worker script.", source: https://static.whatsapp.net/rsrc.php/v4/yl/r/z0fmul_dGsq.js (113)
[6484:10224:0102/163401.229:INFO:CONSOLE:77] "ErrorUtils caught an error:

multiple-uim-roots

Subsequent non-fatal errors won't be logged; see https://fburl.com/debugjs. [object Object]", source: https://static.whatsapp.net/rsrc.php/v4/yP/r/UnXae5I7-4r.js (77)
[6484:10224:0102/163401.379:ERROR:chrome\browser\task_manager\providers\fallback_task_provider.cc:126] Every renderer should have at least one task provided by a primary task provider. If a "Renderer" fallback task is shown, it is a bug. If you have repro steps, please file a new bug and tag it as a dependency of crbug.com/739782.
[6484:10224:0102/163401.686:ERROR:chrome\browser\task_manager\providers\fallback_task_provider.cc:126] Every renderer should have at least one task provided by a primary task provider. If a "Renderer" fallback task is shown, it is a bug. If you have repro steps, please file a new bug and tag it as a dependency of crbug.com/739782.
[6484:10224:0102/163401.738:INFO:CONSOLE:77] "ErrorUtils caught an error:

multiple-uim-roots

Subsequent non-fatal errors won't be logged; see https://fburl.com/debugjs. [object Object]", source: https://static.whatsapp.net/rsrc.php/v4/yP/r/UnXae5I7-4r.js (77)
[6484:10224:0102/163402.272:INFO:CONSOLE:77] "ErrorUtils caught an error:

multiple-uim-roots

Subsequent non-fatal errors won't be logged; see https://fburl.com/debugjs. [object Object]", source: https://static.whatsapp.net/rsrc.php/v4/yP/r/UnXae5I7-4r.js (77)
[6484:10224:0102/163404.675:WARNING:chrome\browser\edge_underside\underside_helper.cc:1280] If test does not need FrontLoad, this may be expected. SetFrontLoadDecision: 3
[6484:10224:0102/163404.675:WARNING:chrome\browser\ui\edge_window_tab_manager\api\wtm_image_web_contents_helper.cc:873] Favicon request has been preempted. Skipping.  old request_start_time=2026-01-02 19:34:00.631406 UTC, pending_favicon_request_start_time_=2026-01-02 19:34:02.299453 UTC
[6484:10224:0102/163404.675:WARNING:chrome\browser\ui\edge_window_tab_manager\api\wtm_image_web_contents_helper.cc:873] Favicon request has been preempted. Skipping.  old request_start_time=2026-01-02 19:34:00.957114 UTC, pending_favicon_request_start_time_=2026-01-02 19:34:02.299453 UTC
[6484:10224:0102/163404.675:WARNING:chrome\browser\ui\edge_window_tab_manager\api\wtm_image_web_contents_helper.cc:873] Favicon request has been preempted. Skipping.  old request_start_time=2026-01-02 19:34:01.291391 UTC, pending_favicon_request_start_time_=2026-01-02 19:34:02.299453 UTC
[6484:10224:0102/163404.675:WARNING:chrome\browser\ui\edge_window_tab_manager\api\wtm_image_web_contents_helper.cc:873] Favicon request has been preempted. Skipping.  old request_start_time=2026-01-02 19:34:01.502940 UTC, pending_favicon_request_start_time_=2026-01-02 19:34:02.299453 UTC
[6484:10224:0102/163404.675:WARNING:chrome\browser\ui\edge_window_tab_manager\api\wtm_image_web_contents_helper.cc:873] Favicon request has been preempted. Skipping.  old request_start_time=2026-01-02 19:34:01.854776 UTC, pending_favicon_request_start_time_=2026-01-02 19:34:02.299453 UTC
[6484:10224:0102/163404.675:WARNING:chrome\browser\ui\edge_window_tab_manager\api\wtm_image_web_contents_helper.cc:873] Favicon request has been preempted. Skipping.  old request_start_time=2026-01-02 19:34:02.073754 UTC, pending_favicon_request_start_time_=2026-01-02 19:34:02.299453 UTC
[19892:22680:0102/163404.702:INFO:components\services\edge_entity_extraction\extractor_impl.cc:990] ExtractorImpl::SetIsPendingEEConfig : 1
[6484:10224:0102/163910.128:ERROR:chrome\browser\task_manager\providers\fallback_task_provider.cc:126] Every renderer should have at least one task provided by a primary task provider. If a "Renderer" fallback task is shown, it is a bug. If you have repro steps, please file a new bug and tag it as a dependency of crbug.com/739782.
