2026-01-03 17:37:02 | INFO    | ===========================================================================
2026-01-03 17:37:02 | INFO    | PIPELINE | Sistema de Logging Iniciado: C:\Users\Usuario\Documents\Scripts\EM DESENVOLVIMENTO RankingVendedores2.0\logs\CRIARTEMPLATE_20260103_173702.log
2026-01-03 17:37:02 | INFO    | PIPELINE | Modo: DEV
2026-01-03 17:37:02 | INFO    | ===========================================================================
2026-01-03 17:37:03 | INFO    | BACKUP | Backup diário realizado em: C:\Users\Usuario\Documents\Scripts\EM DESENVOLVIMENTO RankingVendedores2.0\backups\2026-01-03 (2 arquivos)
2026-01-03 17:37:03 | INFO    | BACKUP | Backups locais criados junto dos arquivos originais
2026-01-03 17:37:03 | INFO    | PIPELINE | INICIANDO EXECUCAO: src.web_automation
2026-01-03 17:37:03 | INFO    | PIPELINE | MODO: BATCH | Envio WhatsApp: DESABILITADO
2026-01-03 17:37:03 | INFO    | INGESTAO | Iniciando download de planilhas...
2026-01-03 17:37:03 | INFO    | INGESTAO | Tentativa 1/3
2026-01-03 17:37:03 | INFO    | 🌐 [WEB] Ativando Headless Moderno. Motivo: Modo Noturno (BATCH)
2026-01-03 17:37:05 | INFO    | Iniciando automação web...
2026-01-03 17:37:05 | INFO    | Acessando o site: https://bi-cloud-partner3.citelsoftware.com.br:41451
2026-01-03 17:37:13 | INFO    | Fluxo de login finalizado.
2026-01-03 17:37:13 | INFO    | Removendo sessões remotas pendentes...
2026-01-03 17:37:16 | INFO    | Aguardando 40 segundos para estabilização do BI...
2026-01-03 17:37:56 | INFO    | Iniciando exportação do painel de Meta por Vendedor...
2026-01-03 17:37:58 | INFO    | Tentativa de Exportação BI 1/3
2026-01-03 17:38:04 | INFO    | Solicitado download Meta Vendedor. Aguardando...
2026-01-03 17:38:15 | INFO    | Fechando o navegador.
2026-01-03 17:38:28 | INFO    | Automação web concluída. Arquivos baixados: []
2026-01-03 17:38:28 | WARNING | PIPELINE | Interrompido pelo usuário.
