2025-12-29 18:00:06 | INFO    | ===========================================================================
2025-12-29 18:00:06 | INFO    | PIPELINE | Sistema de Logging Iniciado: C:\Users\Usuario\Documents\Scripts\EM DESENVOLVIMENTO RankingVendedores2.0\logs\CRIARTEMPLATE_20251229_180006.log
2025-12-29 18:00:06 | INFO    | PIPELINE | Modo: DEV
2025-12-29 18:00:06 | INFO    | ===========================================================================
2025-12-29 18:00:06 | INFO    | BACKUP | Backup diário realizado em: C:\Users\Usuario\Documents\Scripts\EM DESENVOLVIMENTO RankingVendedores2.0\backups\2025-12-29 (2 arquivos)
2025-12-29 18:00:06 | INFO    | BACKUP | Backups locais criados junto dos arquivos originais
2025-12-29 18:00:06 | INFO    | PIPELINE | INICIANDO EXECUCAO: src.web_automation
2025-12-29 18:00:06 | INFO    | INGESTAO | Iniciando download de planilhas...
2025-12-29 18:00:06 | INFO    | INGESTAO | Tentativa 1/3
2025-12-29 18:00:08 | INFO    | Iniciando automação web...
2025-12-29 18:00:08 | INFO    | Acessando o site: https://bi-cloud-partner3.citelsoftware.com.br:41451
2025-12-29 18:00:18 | INFO    | Fluxo de login finalizado.
2025-12-29 18:00:23 | INFO    | Arquivo existente encontrado: MetaVendedor_2912.xlsx. Removendo para garantir atualização diária.
2025-12-29 18:00:23 | INFO    | Iniciando exportação do painel de Meta por Vendedor...
2025-12-29 18:00:26 | INFO    | Tentativa de Exportação BI 1/3
2025-12-29 18:00:29 | INFO    | Solicitado download Meta Vendedor. Aguardando...
2025-12-29 18:00:59 | INFO    | Arquivo movido: Meta por vendedor - S _ Departamento TELE VENDAS (Mês Alternado) - 29 Dec 2025 (1).xlsx -> MetaVendedor_2912.xlsx
2025-12-29 18:00:59 | INFO    | Validando conteúdo do arquivo (BI Check)...
2025-12-29 18:00:59 | WARNING | BI RETORNOU ERRO DE NEGÓCIO (Tentativa 1). Resetando Sessão...
2025-12-29 18:00:59 | INFO    | Executando Refresh da Página...
2025-12-29 18:01:30 | WARNING | Não consegui re-localizar botão Mais após refresh.
2025-12-29 18:01:30 | INFO    | Tentativa de Exportação BI 2/3
2025-12-29 18:01:50 | ERROR   | Erro ao baixar Meta Vendedor: Message: stale element reference: stale element not found
  (Session info: chrome=143.0.7499.170); For documentation on this error, please visit: https://www.selenium.dev/documentation/webdriver/troubleshooting/errors#staleelementreferenceexception
Stacktrace:
Symbols not available. Dumping unresolved backtrace:
	0xfa12d3
	0xfa1314
	0xd8e6dd
	0xda08e6
	0xd9f9cc
	0xd95dbf
	0xd95ea3
	0xd94280
	0xd97951
	0xe1e9fa
	0xdfb4ec
	0xe1db13
	0xdfb2e6
	0xdcd321
	0xdce1d4
	0x11f5314
	0x11f08cb
	0x120d1aa
	0xfbb1d8
	0xfc31dd
	0xfa95d8
	0xfa9799
	0xf93b28
	0x76bd5d49
	0x77c8d5db
	0x77c8d561

2025-12-29 18:01:50 | INFO    | Fluxo de Meta Vendedor concluído. Finalizando automação.
2025-12-29 18:01:50 | INFO    | Fechando o navegador.
2025-12-29 18:01:52 | INFO    | Automação web concluída. Arquivos baixados: []
2025-12-29 18:01:52 | WARNING | INGESTAO | Download não gerou arquivo. Aguardando 40s...
2025-12-29 18:02:32 | INFO    | INGESTAO | Tentativa 2/3
2025-12-29 18:02:35 | INFO    | Iniciando automação web...
2025-12-29 18:02:35 | INFO    | Acessando o site: https://bi-cloud-partner3.citelsoftware.com.br:41451
2025-12-29 18:02:44 | INFO    | Fluxo de login finalizado.
2025-12-29 18:02:44 | INFO    | Removendo sessões remotas pendentes...
2025-12-29 18:02:47 | INFO    | Aguardando 40 segundos para estabilização do BI...
2025-12-29 18:03:27 | INFO    | Iniciando exportação do painel de Meta por Vendedor...
2025-12-29 18:03:29 | INFO    | Tentativa de Exportação BI 1/3
2025-12-29 18:03:35 | INFO    | Solicitado download Meta Vendedor. Aguardando...
2025-12-29 18:04:05 | INFO    | Arquivo movido: Meta por vendedor - S _ Departamento TELE VENDAS (Mês Alternado) - 29 Dec 2025 (1).xlsx -> MetaVendedor_2912.xlsx
2025-12-29 18:04:05 | INFO    | Validando conteúdo do arquivo (BI Check)...
2025-12-29 18:04:05 | INFO    | Arquivo validado com sucesso!
2025-12-29 18:04:05 | INFO    | Fluxo de Meta Vendedor concluído. Finalizando automação.
2025-12-29 18:04:05 | INFO    | Fechando o navegador.
2025-12-29 18:04:07 | INFO    | Automação web concluída. Arquivos baixados: ['meta_vendedor']
2025-12-29 18:04:07 | INFO    | INGESTAO | Validando sanidade do arquivo...
2025-12-29 18:04:07 | INFO    | INGESTAO | Arquivo válido e saneado. Prosseguindo.
2025-12-29 18:04:07 | INFO    | PROCESSAMENTO | Iniciando processamento: MetaVendedor_2912.xlsx
2025-12-29 18:04:07 | INFO    | INGESTAO | Tentativa 1/3 de leitura do Meta Vendedor
2025-12-29 18:04:07 | INFO    | INGESTAO | Validando integridade do Excel (pré-header)
2025-12-29 18:04:07 | INFO    | INGESTAO | Excel passou na validação de integridade
2025-12-29 18:04:07 | INFO    | INGESTAO | Arquivo válido detectado.
2025-12-29 18:04:07 | INFO    | INGESTAO | Iniciando analise de header: MetaVendedor_2912.xlsx
2025-12-29 18:04:07 | INFO    | INGESTAO | Header Linha 0: Valid=1 Cols=['META POR VENDEDOR - S / DEPARTAMENTO TELE VENDAS (MES ALTERNADO)', '', '', '', '', '', '', '', '', '', '', '', '', '', '', '', '', '', '', '', '', '', '', '']
2025-12-29 18:04:07 | INFO    | INGESTAO | Header Linha 1: Valid=1 Cols=['META DE VENDA POR VENDEDOR SEM DEPARTAMENTO TELEVENDAS', '', '', '', '', '', '', '', '', '', '', '', '', '', '', '', '', '', '', '', '', '', '', '']
2025-12-29 18:04:07 | INFO    | INGESTAO | Header Linha 2: Valid=0 Cols=['', '', '', '', '', '', '', '', '', '', '', '', '', '', '', '', '', '', '', '', '', '', '', '']
2025-12-29 18:04:07 | INFO    | INGESTAO | Header Linha 3: Valid=24 Cols=['COD.', 'NOME', 'META', 'FATURADO MES', '% ALCANCE', 'FAT. PROJETADO', '% PROJETADO', 'FALTA META MES', 'META DIARIA', 'FAT. HOJE', 'VALOR ABERTO', '% FAT. + ABERTO', 'PRAZO MEDIO', 'VENDAS', 'TICKET MEDIO', 'QTD ITENS POR NOTA', 'CARTEIRA', 'ATEND.', '% ATEND.', 'META MARG.', '% MARGEM', 'TOTAL DESCONTO', 'META DESCONTO', '% DESCONTO']
2025-12-29 18:04:07 | INFO    | INGESTAO | Cabeçalho detectado na linha 3
2025-12-29 18:04:07 | INFO    | FILTER | 14 Gerentes removidos do ranking.
2025-12-29 18:04:07 | INFO    | PROCESSAMENTO | Vendedores: 81. Páginas: 7
2025-12-29 18:04:07 | INFO    | Playwright disponível
2025-12-29 18:04:07 | INFO    | Selenium disponível
2025-12-29 18:04:07 | INFO    | Playwright disponível, tentando usar...
2025-12-29 18:04:07 | INFO    | Inicializando Playwright...
2025-12-29 18:04:07 | INFO    | Lançando browser Chromium...
2025-12-29 18:04:07 | INFO    | Browser lançado, criando nova página...
2025-12-29 18:04:07 | INFO    | Página criada, carregando conteúdo HTML...
2025-12-29 18:04:08 | INFO    | Conteúdo carregado, aguardando 600ms para renderização completa...
2025-12-29 18:04:08 | INFO    | Tirando screenshot...
2025-12-29 18:04:08 | INFO    | Screenshot salvo, fechando browser...
2025-12-29 18:04:09 | INFO    | Browser fechado
2025-12-29 18:04:09 | INFO    | Screenshot HTML salva em C:\Users\Usuario\Documents\Scripts\EM DESENVOLVIMENTO RankingVendedores2.0\data\ranking_vendedor_p1.png (via Playwright)
2025-12-29 18:04:09 | INFO    | ✅ Conversão concluída via Playwright
2025-12-29 18:04:09 | INFO    | Playwright disponível
2025-12-29 18:04:09 | INFO    | Selenium disponível
2025-12-29 18:04:09 | INFO    | Playwright disponível, tentando usar...
2025-12-29 18:04:09 | INFO    | Inicializando Playwright...
2025-12-29 18:04:09 | INFO    | Lançando browser Chromium...
2025-12-29 18:04:09 | INFO    | Browser lançado, criando nova página...
2025-12-29 18:04:09 | INFO    | Página criada, carregando conteúdo HTML...
2025-12-29 18:04:09 | INFO    | Conteúdo carregado, aguardando 600ms para renderização completa...
2025-12-29 18:04:10 | INFO    | Tirando screenshot...
2025-12-29 18:04:10 | INFO    | Screenshot salvo, fechando browser...
2025-12-29 18:04:10 | INFO    | Browser fechado
2025-12-29 18:04:10 | INFO    | Screenshot HTML salva em C:\Users\Usuario\Documents\Scripts\EM DESENVOLVIMENTO RankingVendedores2.0\data\ranking_vendedor_p2.png (via Playwright)
2025-12-29 18:04:10 | INFO    | ✅ Conversão concluída via Playwright
2025-12-29 18:04:10 | INFO    | Playwright disponível
2025-12-29 18:04:10 | INFO    | Selenium disponível
2025-12-29 18:04:10 | INFO    | Playwright disponível, tentando usar...
2025-12-29 18:04:10 | INFO    | Inicializando Playwright...
2025-12-29 18:04:10 | INFO    | Lançando browser Chromium...
2025-12-29 18:04:10 | INFO    | Browser lançado, criando nova página...
2025-12-29 18:04:10 | INFO    | Página criada, carregando conteúdo HTML...
2025-12-29 18:04:11 | INFO    | Conteúdo carregado, aguardando 600ms para renderização completa...
2025-12-29 18:04:12 | INFO    | Tirando screenshot...
2025-12-29 18:04:12 | INFO    | Screenshot salvo, fechando browser...
2025-12-29 18:04:12 | INFO    | Browser fechado
2025-12-29 18:04:12 | INFO    | Screenshot HTML salva em C:\Users\Usuario\Documents\Scripts\EM DESENVOLVIMENTO RankingVendedores2.0\data\ranking_vendedor_p3.png (via Playwright)
2025-12-29 18:04:12 | INFO    | ✅ Conversão concluída via Playwright
2025-12-29 18:04:12 | INFO    | Playwright disponível
2025-12-29 18:04:12 | INFO    | Selenium disponível
2025-12-29 18:04:12 | INFO    | Playwright disponível, tentando usar...
2025-12-29 18:04:12 | INFO    | Inicializando Playwright...
2025-12-29 18:04:12 | INFO    | Lançando browser Chromium...
2025-12-29 18:04:12 | INFO    | Browser lançado, criando nova página...
2025-12-29 18:04:12 | INFO    | Página criada, carregando conteúdo HTML...
2025-12-29 18:04:13 | INFO    | Conteúdo carregado, aguardando 600ms para renderização completa...
2025-12-29 18:04:13 | INFO    | Tirando screenshot...
2025-12-29 18:04:13 | INFO    | Screenshot salvo, fechando browser...
2025-12-29 18:04:13 | INFO    | Browser fechado
2025-12-29 18:04:13 | INFO    | Screenshot HTML salva em C:\Users\Usuario\Documents\Scripts\EM DESENVOLVIMENTO RankingVendedores2.0\data\ranking_vendedor_p4.png (via Playwright)
2025-12-29 18:04:13 | INFO    | ✅ Conversão concluída via Playwright
2025-12-29 18:04:13 | INFO    | Playwright disponível
2025-12-29 18:04:13 | INFO    | Selenium disponível
2025-12-29 18:04:13 | INFO    | Playwright disponível, tentando usar...
2025-12-29 18:04:13 | INFO    | Inicializando Playwright...
2025-12-29 18:04:14 | INFO    | Lançando browser Chromium...
2025-12-29 18:04:14 | INFO    | Browser lançado, criando nova página...
2025-12-29 18:04:14 | INFO    | Página criada, carregando conteúdo HTML...
2025-12-29 18:04:14 | INFO    | Conteúdo carregado, aguardando 600ms para renderização completa...
2025-12-29 18:04:15 | INFO    | Tirando screenshot...
2025-12-29 18:04:15 | INFO    | Screenshot salvo, fechando browser...
2025-12-29 18:04:15 | INFO    | Browser fechado
2025-12-29 18:04:15 | INFO    | Screenshot HTML salva em C:\Users\Usuario\Documents\Scripts\EM DESENVOLVIMENTO RankingVendedores2.0\data\ranking_vendedor_p5.png (via Playwright)
2025-12-29 18:04:15 | INFO    | ✅ Conversão concluída via Playwright
2025-12-29 18:04:15 | INFO    | Playwright disponível
2025-12-29 18:04:15 | INFO    | Selenium disponível
2025-12-29 18:04:15 | INFO    | Playwright disponível, tentando usar...
2025-12-29 18:04:15 | INFO    | Inicializando Playwright...
2025-12-29 18:04:15 | INFO    | Lançando browser Chromium...
2025-12-29 18:04:15 | INFO    | Browser lançado, criando nova página...
2025-12-29 18:04:15 | INFO    | Página criada, carregando conteúdo HTML...
2025-12-29 18:04:16 | INFO    | Conteúdo carregado, aguardando 600ms para renderização completa...
2025-12-29 18:04:17 | INFO    | Tirando screenshot...
2025-12-29 18:04:17 | INFO    | Screenshot salvo, fechando browser...
2025-12-29 18:04:17 | INFO    | Browser fechado
2025-12-29 18:04:17 | INFO    | Screenshot HTML salva em C:\Users\Usuario\Documents\Scripts\EM DESENVOLVIMENTO RankingVendedores2.0\data\ranking_vendedor_p6.png (via Playwright)
2025-12-29 18:04:17 | INFO    | ✅ Conversão concluída via Playwright
2025-12-29 18:04:17 | INFO    | Playwright disponível
2025-12-29 18:04:17 | INFO    | Selenium disponível
2025-12-29 18:04:17 | INFO    | Playwright disponível, tentando usar...
2025-12-29 18:04:17 | INFO    | Inicializando Playwright...
2025-12-29 18:04:17 | INFO    | Lançando browser Chromium...
2025-12-29 18:04:17 | INFO    | Browser lançado, criando nova página...
2025-12-29 18:04:17 | INFO    | Página criada, carregando conteúdo HTML...
2025-12-29 18:04:18 | INFO    | Conteúdo carregado, aguardando 600ms para renderização completa...
2025-12-29 18:04:18 | INFO    | Tirando screenshot...
2025-12-29 18:04:18 | INFO    | Screenshot salvo, fechando browser...
2025-12-29 18:04:18 | INFO    | Browser fechado
2025-12-29 18:04:18 | INFO    | Screenshot HTML salva em C:\Users\Usuario\Documents\Scripts\EM DESENVOLVIMENTO RankingVendedores2.0\data\ranking_vendedor_p7.png (via Playwright)
2025-12-29 18:04:18 | INFO    | ✅ Conversão concluída via Playwright
2025-12-29 18:04:19 | INFO    | Playwright disponível
2025-12-29 18:04:19 | INFO    | Selenium disponível
2025-12-29 18:04:19 | INFO    | Playwright disponível, tentando usar...
2025-12-29 18:04:19 | INFO    | Inicializando Playwright...
2025-12-29 18:04:19 | INFO    | Lançando browser Chromium...
2025-12-29 18:04:19 | INFO    | Browser lançado, criando nova página...
2025-12-29 18:04:19 | INFO    | Página criada, carregando conteúdo HTML...
2025-12-29 18:04:20 | INFO    | Conteúdo carregado, aguardando 600ms para renderização completa...
2025-12-29 18:04:20 | INFO    | Tirando screenshot...
2025-12-29 18:04:20 | INFO    | Screenshot salvo, fechando browser...
2025-12-29 18:04:20 | INFO    | Browser fechado
2025-12-29 18:04:20 | INFO    | Screenshot HTML salva em C:\Users\Usuario\Documents\Scripts\EM DESENVOLVIMENTO RankingVendedores2.0\data\ranking_pontos_p1.png (via Playwright)
2025-12-29 18:04:20 | INFO    | ✅ Conversão concluída via Playwright
2025-12-29 18:04:20 | INFO    | Playwright disponível
2025-12-29 18:04:20 | INFO    | Selenium disponível
2025-12-29 18:04:20 | INFO    | Playwright disponível, tentando usar...
2025-12-29 18:04:20 | INFO    | Inicializando Playwright...
2025-12-29 18:04:21 | INFO    | Lançando browser Chromium...
2025-12-29 18:04:21 | INFO    | Browser lançado, criando nova página...
2025-12-29 18:04:21 | INFO    | Página criada, carregando conteúdo HTML...
2025-12-29 18:04:21 | INFO    | Conteúdo carregado, aguardando 600ms para renderização completa...
2025-12-29 18:04:22 | INFO    | Tirando screenshot...
2025-12-29 18:04:22 | INFO    | Screenshot salvo, fechando browser...
2025-12-29 18:04:22 | INFO    | Browser fechado
2025-12-29 18:04:22 | INFO    | Screenshot HTML salva em C:\Users\Usuario\Documents\Scripts\EM DESENVOLVIMENTO RankingVendedores2.0\data\ranking_pontos_p2.png (via Playwright)
2025-12-29 18:04:22 | INFO    | ✅ Conversão concluída via Playwright
2025-12-29 18:04:22 | INFO    | Playwright disponível
2025-12-29 18:04:22 | INFO    | Selenium disponível
2025-12-29 18:04:22 | INFO    | Playwright disponível, tentando usar...
2025-12-29 18:04:22 | INFO    | Inicializando Playwright...
2025-12-29 18:04:22 | INFO    | Lançando browser Chromium...
2025-12-29 18:04:22 | INFO    | Browser lançado, criando nova página...
2025-12-29 18:04:22 | INFO    | Página criada, carregando conteúdo HTML...
2025-12-29 18:04:23 | INFO    | Conteúdo carregado, aguardando 600ms para renderização completa...
2025-12-29 18:04:23 | INFO    | Tirando screenshot...
2025-12-29 18:04:24 | INFO    | Screenshot salvo, fechando browser...
2025-12-29 18:04:24 | INFO    | Browser fechado
2025-12-29 18:04:24 | INFO    | Screenshot HTML salva em C:\Users\Usuario\Documents\Scripts\EM DESENVOLVIMENTO RankingVendedores2.0\data\ranking_pontos_p3.png (via Playwright)
2025-12-29 18:04:24 | INFO    | ✅ Conversão concluída via Playwright
2025-12-29 18:04:24 | INFO    | Playwright disponível
2025-12-29 18:04:24 | INFO    | Selenium disponível
2025-12-29 18:04:24 | INFO    | Playwright disponível, tentando usar...
2025-12-29 18:04:24 | INFO    | Inicializando Playwright...
2025-12-29 18:04:24 | INFO    | Lançando browser Chromium...
2025-12-29 18:04:24 | INFO    | Browser lançado, criando nova página...
2025-12-29 18:04:24 | INFO    | Página criada, carregando conteúdo HTML...
2025-12-29 18:04:25 | INFO    | Conteúdo carregado, aguardando 600ms para renderização completa...
2025-12-29 18:04:25 | INFO    | Tirando screenshot...
2025-12-29 18:04:25 | INFO    | Screenshot salvo, fechando browser...
2025-12-29 18:04:25 | INFO    | Browser fechado
2025-12-29 18:04:25 | INFO    | Screenshot HTML salva em C:\Users\Usuario\Documents\Scripts\EM DESENVOLVIMENTO RankingVendedores2.0\data\ranking_semanal_p1.png (via Playwright)
2025-12-29 18:04:25 | INFO    | ✅ Conversão concluída via Playwright
2025-12-29 18:04:25 | INFO    | Playwright disponível
2025-12-29 18:04:25 | INFO    | Selenium disponível
2025-12-29 18:04:25 | INFO    | Playwright disponível, tentando usar...
2025-12-29 18:04:25 | INFO    | Inicializando Playwright...
2025-12-29 18:04:26 | INFO    | Lançando browser Chromium...
2025-12-29 18:04:26 | INFO    | Browser lançado, criando nova página...
2025-12-29 18:04:26 | INFO    | Página criada, carregando conteúdo HTML...
2025-12-29 18:04:26 | INFO    | Conteúdo carregado, aguardando 600ms para renderização completa...
2025-12-29 18:04:27 | INFO    | Tirando screenshot...
2025-12-29 18:04:27 | INFO    | Screenshot salvo, fechando browser...
2025-12-29 18:04:27 | INFO    | Browser fechado
2025-12-29 18:04:27 | INFO    | Screenshot HTML salva em C:\Users\Usuario\Documents\Scripts\EM DESENVOLVIMENTO RankingVendedores2.0\data\ranking_semanal_p2.png (via Playwright)
2025-12-29 18:04:27 | INFO    | ✅ Conversão concluída via Playwright
2025-12-29 18:04:27 | INFO    | Playwright disponível
2025-12-29 18:04:27 | INFO    | Selenium disponível
2025-12-29 18:04:27 | INFO    | Playwright disponível, tentando usar...
2025-12-29 18:04:27 | INFO    | Inicializando Playwright...
2025-12-29 18:04:27 | INFO    | Lançando browser Chromium...
2025-12-29 18:04:27 | INFO    | Browser lançado, criando nova página...
2025-12-29 18:04:27 | INFO    | Página criada, carregando conteúdo HTML...
2025-12-29 18:04:28 | INFO    | Conteúdo carregado, aguardando 600ms para renderização completa...
2025-12-29 18:04:29 | INFO    | Tirando screenshot...
2025-12-29 18:04:29 | INFO    | Screenshot salvo, fechando browser...
2025-12-29 18:04:29 | INFO    | Browser fechado
2025-12-29 18:04:29 | INFO    | Screenshot HTML salva em C:\Users\Usuario\Documents\Scripts\EM DESENVOLVIMENTO RankingVendedores2.0\data\ranking_semanal_p3.png (via Playwright)
2025-12-29 18:04:29 | INFO    | ✅ Conversão concluída via Playwright
2025-12-29 18:04:29 | INFO    | Playwright disponível
2025-12-29 18:04:29 | INFO    | Selenium disponível
2025-12-29 18:04:29 | INFO    | Playwright disponível, tentando usar...
2025-12-29 18:04:29 | INFO    | Inicializando Playwright...
2025-12-29 18:04:29 | INFO    | Lançando browser Chromium...
2025-12-29 18:04:29 | INFO    | Browser lançado, criando nova página...
2025-12-29 18:04:29 | INFO    | Página criada, carregando conteúdo HTML...
2025-12-29 18:04:30 | INFO    | Conteúdo carregado, aguardando 600ms para renderização completa...
2025-12-29 18:04:30 | INFO    | Tirando screenshot...
2025-12-29 18:04:30 | INFO    | Screenshot salvo, fechando browser...
2025-12-29 18:04:30 | INFO    | Browser fechado
2025-12-29 18:04:30 | INFO    | Screenshot HTML salva em C:\Users\Usuario\Documents\Scripts\EM DESENVOLVIMENTO RankingVendedores2.0\data\ranking_semanal_p4.png (via Playwright)
2025-12-29 18:04:30 | INFO    | ✅ Conversão concluída via Playwright
2025-12-29 18:04:30 | INFO    | Playwright disponível
2025-12-29 18:04:30 | INFO    | Selenium disponível
2025-12-29 18:04:30 | INFO    | Playwright disponível, tentando usar...
2025-12-29 18:04:30 | INFO    | Inicializando Playwright...
2025-12-29 18:04:31 | INFO    | Lançando browser Chromium...
2025-12-29 18:04:31 | INFO    | Browser lançado, criando nova página...
2025-12-29 18:04:31 | INFO    | Página criada, carregando conteúdo HTML...
2025-12-29 18:04:31 | INFO    | Conteúdo carregado, aguardando 600ms para renderização completa...
2025-12-29 18:04:32 | INFO    | Tirando screenshot...
2025-12-29 18:04:32 | INFO    | Screenshot salvo, fechando browser...
2025-12-29 18:04:32 | INFO    | Browser fechado
2025-12-29 18:04:32 | INFO    | Screenshot HTML salva em C:\Users\Usuario\Documents\Scripts\EM DESENVOLVIMENTO RankingVendedores2.0\data\ranking_semanal_p5.png (via Playwright)
2025-12-29 18:04:32 | INFO    | ✅ Conversão concluída via Playwright
2025-12-29 18:04:32 | INFO    | Playwright disponível
2025-12-29 18:04:32 | INFO    | Selenium disponível
2025-12-29 18:04:32 | INFO    | Playwright disponível, tentando usar...
2025-12-29 18:04:32 | INFO    | Inicializando Playwright...
2025-12-29 18:04:32 | INFO    | Lançando browser Chromium...
2025-12-29 18:04:32 | INFO    | Browser lançado, criando nova página...
2025-12-29 18:04:32 | INFO    | Página criada, carregando conteúdo HTML...
2025-12-29 18:04:33 | INFO    | Conteúdo carregado, aguardando 600ms para renderização completa...
2025-12-29 18:04:33 | INFO    | Tirando screenshot...
2025-12-29 18:04:33 | INFO    | Screenshot salvo, fechando browser...
2025-12-29 18:04:34 | INFO    | Browser fechado
2025-12-29 18:04:34 | INFO    | Screenshot HTML salva em C:\Users\Usuario\Documents\Scripts\EM DESENVOLVIMENTO RankingVendedores2.0\data\ranking_semanal_p6.png (via Playwright)
2025-12-29 18:04:34 | INFO    | ✅ Conversão concluída via Playwright
2025-12-29 18:04:34 | INFO    | Playwright disponível
2025-12-29 18:04:34 | INFO    | Selenium disponível
2025-12-29 18:04:34 | INFO    | Playwright disponível, tentando usar...
2025-12-29 18:04:34 | INFO    | Inicializando Playwright...
2025-12-29 18:04:34 | INFO    | Lançando browser Chromium...
2025-12-29 18:04:34 | INFO    | Browser lançado, criando nova página...
2025-12-29 18:04:34 | INFO    | Página criada, carregando conteúdo HTML...
2025-12-29 18:04:34 | INFO    | Conteúdo carregado, aguardando 600ms para renderização completa...
2025-12-29 18:04:35 | INFO    | Tirando screenshot...
2025-12-29 18:04:35 | INFO    | Screenshot salvo, fechando browser...
2025-12-29 18:04:35 | INFO    | Browser fechado
2025-12-29 18:04:35 | INFO    | Screenshot HTML salva em C:\Users\Usuario\Documents\Scripts\EM DESENVOLVIMENTO RankingVendedores2.0\data\ranking_semanal_p7.png (via Playwright)
2025-12-29 18:04:35 | INFO    | ✅ Conversão concluída via Playwright
2025-12-29 18:04:36 | INFO    | Playwright disponível
2025-12-29 18:04:36 | INFO    | Selenium disponível
2025-12-29 18:04:36 | INFO    | Playwright disponível, tentando usar...
2025-12-29 18:04:36 | INFO    | Inicializando Playwright...
2025-12-29 18:04:36 | INFO    | Lançando browser Chromium...
2025-12-29 18:04:36 | INFO    | Browser lançado, criando nova página...
2025-12-29 18:04:36 | INFO    | Página criada, carregando conteúdo HTML...
2025-12-29 18:04:36 | INFO    | Conteúdo carregado, aguardando 600ms para renderização completa...
2025-12-29 18:04:37 | INFO    | Tirando screenshot...
2025-12-29 18:04:37 | INFO    | Screenshot salvo, fechando browser...
2025-12-29 18:04:37 | INFO    | Browser fechado
2025-12-29 18:04:37 | INFO    | Screenshot HTML salva em C:\Users\Usuario\Documents\Scripts\EM DESENVOLVIMENTO RankingVendedores2.0\data\ranking_mensal_p1.png (via Playwright)
2025-12-29 18:04:37 | INFO    | ✅ Conversão concluída via Playwright
2025-12-29 18:04:37 | INFO    | Playwright disponível
2025-12-29 18:04:37 | INFO    | Selenium disponível
2025-12-29 18:04:37 | INFO    | Playwright disponível, tentando usar...
2025-12-29 18:04:37 | INFO    | Inicializando Playwright...
2025-12-29 18:04:37 | INFO    | Lançando browser Chromium...
2025-12-29 18:04:37 | INFO    | Browser lançado, criando nova página...
2025-12-29 18:04:38 | INFO    | Página criada, carregando conteúdo HTML...
2025-12-29 18:04:38 | INFO    | Conteúdo carregado, aguardando 600ms para renderização completa...
2025-12-29 18:04:39 | INFO    | Tirando screenshot...
2025-12-29 18:04:39 | INFO    | Screenshot salvo, fechando browser...
2025-12-29 18:04:39 | INFO    | Browser fechado
2025-12-29 18:04:39 | INFO    | Screenshot HTML salva em C:\Users\Usuario\Documents\Scripts\EM DESENVOLVIMENTO RankingVendedores2.0\data\ranking_mensal_p2.png (via Playwright)
2025-12-29 18:04:39 | INFO    | ✅ Conversão concluída via Playwright
2025-12-29 18:04:39 | INFO    | Playwright disponível
2025-12-29 18:04:39 | INFO    | Selenium disponível
2025-12-29 18:04:39 | INFO    | Playwright disponível, tentando usar...
2025-12-29 18:04:39 | INFO    | Inicializando Playwright...
2025-12-29 18:04:39 | INFO    | Lançando browser Chromium...
2025-12-29 18:04:39 | INFO    | Browser lançado, criando nova página...
2025-12-29 18:04:39 | INFO    | Página criada, carregando conteúdo HTML...
2025-12-29 18:04:40 | INFO    | Conteúdo carregado, aguardando 600ms para renderização completa...
2025-12-29 18:04:40 | INFO    | Tirando screenshot...
2025-12-29 18:04:40 | INFO    | Screenshot salvo, fechando browser...
2025-12-29 18:04:41 | INFO    | Browser fechado
2025-12-29 18:04:41 | INFO    | Screenshot HTML salva em C:\Users\Usuario\Documents\Scripts\EM DESENVOLVIMENTO RankingVendedores2.0\data\ranking_mensal_p3.png (via Playwright)
2025-12-29 18:04:41 | INFO    | ✅ Conversão concluída via Playwright
2025-12-29 18:04:41 | INFO    | Playwright disponível
2025-12-29 18:04:41 | INFO    | Selenium disponível
2025-12-29 18:04:41 | INFO    | Playwright disponível, tentando usar...
2025-12-29 18:04:41 | INFO    | Inicializando Playwright...
2025-12-29 18:04:41 | INFO    | Lançando browser Chromium...
2025-12-29 18:04:41 | INFO    | Browser lançado, criando nova página...
2025-12-29 18:04:41 | INFO    | Página criada, carregando conteúdo HTML...
2025-12-29 18:04:41 | INFO    | Conteúdo carregado, aguardando 600ms para renderização completa...
2025-12-29 18:04:42 | INFO    | Tirando screenshot...
2025-12-29 18:04:42 | INFO    | Screenshot salvo, fechando browser...
2025-12-29 18:04:42 | INFO    | Browser fechado
2025-12-29 18:04:42 | INFO    | Screenshot HTML salva em C:\Users\Usuario\Documents\Scripts\EM DESENVOLVIMENTO RankingVendedores2.0\data\ranking_mensal_p4.png (via Playwright)
2025-12-29 18:04:42 | INFO    | ✅ Conversão concluída via Playwright
2025-12-29 18:04:42 | INFO    | Playwright disponível
2025-12-29 18:04:42 | INFO    | Selenium disponível
2025-12-29 18:04:42 | INFO    | Playwright disponível, tentando usar...
2025-12-29 18:04:42 | INFO    | Inicializando Playwright...
2025-12-29 18:04:42 | INFO    | Lançando browser Chromium...
2025-12-29 18:04:42 | INFO    | Browser lançado, criando nova página...
2025-12-29 18:04:43 | INFO    | Página criada, carregando conteúdo HTML...
2025-12-29 18:04:43 | INFO    | Conteúdo carregado, aguardando 600ms para renderização completa...
2025-12-29 18:04:44 | INFO    | Tirando screenshot...
2025-12-29 18:04:44 | INFO    | Screenshot salvo, fechando browser...
2025-12-29 18:04:44 | INFO    | Browser fechado
2025-12-29 18:04:44 | INFO    | Screenshot HTML salva em C:\Users\Usuario\Documents\Scripts\EM DESENVOLVIMENTO RankingVendedores2.0\data\ranking_mensal_p5.png (via Playwright)
2025-12-29 18:04:44 | INFO    | ✅ Conversão concluída via Playwright
2025-12-29 18:04:44 | INFO    | Playwright disponível
2025-12-29 18:04:44 | INFO    | Selenium disponível
2025-12-29 18:04:44 | INFO    | Playwright disponível, tentando usar...
2025-12-29 18:04:44 | INFO    | Inicializando Playwright...
2025-12-29 18:04:44 | INFO    | Lançando browser Chromium...
2025-12-29 18:04:44 | INFO    | Browser lançado, criando nova página...
2025-12-29 18:04:44 | INFO    | Página criada, carregando conteúdo HTML...
2025-12-29 18:04:45 | INFO    | Conteúdo carregado, aguardando 600ms para renderização completa...
2025-12-29 18:04:45 | INFO    | Tirando screenshot...
2025-12-29 18:04:45 | INFO    | Screenshot salvo, fechando browser...
2025-12-29 18:04:45 | INFO    | Browser fechado
2025-12-29 18:04:45 | INFO    | Screenshot HTML salva em C:\Users\Usuario\Documents\Scripts\EM DESENVOLVIMENTO RankingVendedores2.0\data\ranking_mensal_p6.png (via Playwright)
2025-12-29 18:04:45 | INFO    | ✅ Conversão concluída via Playwright
2025-12-29 18:04:45 | INFO    | Playwright disponível
2025-12-29 18:04:45 | INFO    | Selenium disponível
2025-12-29 18:04:45 | INFO    | Playwright disponível, tentando usar...
2025-12-29 18:04:45 | INFO    | Inicializando Playwright...
2025-12-29 18:04:46 | INFO    | Lançando browser Chromium...
2025-12-29 18:04:46 | INFO    | Browser lançado, criando nova página...
2025-12-29 18:04:46 | INFO    | Página criada, carregando conteúdo HTML...
2025-12-29 18:04:46 | INFO    | Conteúdo carregado, aguardando 600ms para renderização completa...
2025-12-29 18:04:47 | INFO    | Tirando screenshot...
2025-12-29 18:04:47 | INFO    | Screenshot salvo, fechando browser...
2025-12-29 18:04:47 | INFO    | Browser fechado
2025-12-29 18:04:47 | INFO    | Screenshot HTML salva em C:\Users\Usuario\Documents\Scripts\EM DESENVOLVIMENTO RankingVendedores2.0\data\ranking_mensal_p7.png (via Playwright)
2025-12-29 18:04:47 | INFO    | ✅ Conversão concluída via Playwright
2025-12-29 18:04:47 | INFO    | RANKING | Sucesso! Gerado em: C:\Users\Usuario\Documents\Scripts\EM DESENVOLVIMENTO RankingVendedores2.0\data\ranking_vendedor_p1.png
2025-12-29 18:04:47 | INFO    | PIPELINE | Execucao finalizada com sucesso
