2025-12-23 16:21:05 | INFO    | ===========================================================================
2025-12-23 16:21:05 | INFO    | PIPELINE | Sistema de Logging Iniciado: C:\Users\Usuario\Documents\Scripts\EM DESENVOLVIMENTO RankingLojas\logs\CRIARTEMPLATE_20251223_162105.log
2025-12-23 16:21:05 | INFO    | PIPELINE | Modo: DEV
2025-12-23 16:21:05 | INFO    | ===========================================================================
2025-12-23 16:21:05 | INFO    | BACKUP | Backup diário realizado em: C:\Users\Usuario\Documents\Scripts\EM DESENVOLVIMENTO RankingLojas\backups\2025-12-23 (2 arquivos)
2025-12-23 16:21:05 | INFO    | PIPELINE | INICIANDO EXECUCAO: src.web_automation
2025-12-23 16:21:05 | INFO    | INGESTAO | Iniciando download de planilhas...
2025-12-23 16:21:08 | INFO    | Iniciando automação web...
2025-12-23 16:21:08 | INFO    | Acessando o site: https://bi-cloud-partner3.citelsoftware.com.br:41451
2025-12-23 16:21:12 | INFO    | Login realizado com sucesso!
2025-12-23 16:21:17 | INFO    | Iniciando exportação do painel de Meta por Vendedor...
2025-12-23 16:21:32 | WARNING | Widget Meta Vendedor não encontrado.
2025-12-23 16:21:32 | INFO    | Fluxo de Meta Vendedor concluído. Finalizando automação.
2025-12-23 16:21:32 | INFO    | Fechando o navegador.
2025-12-23 16:21:34 | INFO    | Automação web concluída. Arquivos baixados: []
2025-12-23 16:21:34 | INFO    | INGESTAO | Usando arquivo cached mais recente: MetaVendedor_1612.xlsx
2025-12-23 16:21:34 | INFO    | PROCESSAMENTO | Iniciando processamento: MetaVendedor_1612.xlsx
2025-12-23 16:21:34 | INFO    | INGESTAO | Tentativa 1/3 de leitura do Meta Vendedor
2025-12-23 16:21:35 | INFO    | INGESTAO | Validando integridade do Excel (pré-header)
2025-12-23 16:21:35 | INFO    | INGESTAO | Excel passou na validação de integridade
2025-12-23 16:21:35 | INFO    | INGESTAO | Arquivo válido detectado.
2025-12-23 16:21:35 | INFO    | INGESTAO | Iniciando analise de header: MetaVendedor_1612.xlsx
2025-12-23 16:21:35 | INFO    | INGESTAO | Header Linha 0: Valid=1 Cols=['META POR VENDEDOR - S / DEPARTAMENTO TELE VENDAS (MES ALTERNADO)', '', '', '', '', '', '', '', '', '', '', '', '', '', '', '', '', '', '', '', '', '', '', '']
2025-12-23 16:21:35 | INFO    | INGESTAO | Header Linha 1: Valid=1 Cols=['META DE VENDA POR VENDEDOR SEM DEPARTAMENTO TELEVENDAS', '', '', '', '', '', '', '', '', '', '', '', '', '', '', '', '', '', '', '', '', '', '', '']
2025-12-23 16:21:35 | INFO    | INGESTAO | Header Linha 2: Valid=0 Cols=['', '', '', '', '', '', '', '', '', '', '', '', '', '', '', '', '', '', '', '', '', '', '', '']
2025-12-23 16:21:35 | INFO    | INGESTAO | Header Linha 3: Valid=24 Cols=['COD.', 'NOME', 'META', 'FATURADO MES', '% ALCANCE', 'FAT. PROJETADO', '% PROJETADO', 'FALTA META MES', 'META DIARIA', 'FAT. HOJE', 'VALOR ABERTO', '% FAT. + ABERTO', 'PRAZO MEDIO', 'VENDAS', 'TICKET MEDIO', 'QTD ITENS POR NOTA', 'CARTEIRA', 'ATEND.', '% ATEND.', 'META MARG.', '% MARGEM', 'TOTAL DESCONTO', 'META DESCONTO', '% DESCONTO']
2025-12-23 16:21:35 | INFO    | INGESTAO | Cabeçalho detectado na linha 3
2025-12-23 16:21:35 | INFO    | PROCESSAMENTO | Vendedores: 86. Páginas: 8
2025-12-23 16:21:35 | INFO    | Playwright disponível
2025-12-23 16:21:35 | INFO    | Selenium disponível
2025-12-23 16:21:35 | INFO    | Playwright disponível, tentando usar...
2025-12-23 16:21:35 | INFO    | Inicializando Playwright...
2025-12-23 16:21:35 | INFO    | Lançando browser Chromium...
2025-12-23 16:21:35 | INFO    | Browser lançado, criando nova página...
2025-12-23 16:21:36 | INFO    | Página criada, carregando conteúdo HTML...
2025-12-23 16:21:36 | INFO    | Conteúdo carregado, aguardando 600ms para renderização completa...
2025-12-23 16:21:37 | INFO    | Tirando screenshot...
2025-12-23 16:21:37 | INFO    | Screenshot salvo, fechando browser...
2025-12-23 16:21:37 | INFO    | Browser fechado
2025-12-23 16:21:37 | INFO    | Screenshot HTML salva em C:\Users\Usuario\Documents\Scripts\EM DESENVOLVIMENTO RankingLojas\data\ranking_vendedor_p1.png (via Playwright)
2025-12-23 16:21:37 | INFO    | ✅ Conversão concluída via Playwright
2025-12-23 16:21:37 | INFO    | Playwright disponível
2025-12-23 16:21:37 | INFO    | Selenium disponível
2025-12-23 16:21:37 | INFO    | Playwright disponível, tentando usar...
2025-12-23 16:21:37 | INFO    | Inicializando Playwright...
2025-12-23 16:21:37 | INFO    | Lançando browser Chromium...
2025-12-23 16:21:37 | INFO    | Browser lançado, criando nova página...
2025-12-23 16:21:38 | INFO    | Página criada, carregando conteúdo HTML...
2025-12-23 16:21:38 | INFO    | Conteúdo carregado, aguardando 600ms para renderização completa...
2025-12-23 16:21:39 | INFO    | Tirando screenshot...
2025-12-23 16:21:39 | INFO    | Screenshot salvo, fechando browser...
2025-12-23 16:21:39 | INFO    | Browser fechado
2025-12-23 16:21:39 | INFO    | Screenshot HTML salva em C:\Users\Usuario\Documents\Scripts\EM DESENVOLVIMENTO RankingLojas\data\ranking_vendedor_p2.png (via Playwright)
2025-12-23 16:21:39 | INFO    | ✅ Conversão concluída via Playwright
2025-12-23 16:21:39 | INFO    | Playwright disponível
2025-12-23 16:21:39 | INFO    | Selenium disponível
2025-12-23 16:21:39 | INFO    | Playwright disponível, tentando usar...
2025-12-23 16:21:39 | INFO    | Inicializando Playwright...
2025-12-23 16:21:40 | INFO    | Lançando browser Chromium...
2025-12-23 16:21:40 | INFO    | Browser lançado, criando nova página...
2025-12-23 16:21:40 | INFO    | Página criada, carregando conteúdo HTML...
2025-12-23 16:21:40 | INFO    | Conteúdo carregado, aguardando 600ms para renderização completa...
2025-12-23 16:21:41 | INFO    | Tirando screenshot...
2025-12-23 16:21:41 | INFO    | Screenshot salvo, fechando browser...
2025-12-23 16:21:41 | INFO    | Browser fechado
2025-12-23 16:21:41 | INFO    | Screenshot HTML salva em C:\Users\Usuario\Documents\Scripts\EM DESENVOLVIMENTO RankingLojas\data\ranking_vendedor_p3.png (via Playwright)
2025-12-23 16:21:41 | INFO    | ✅ Conversão concluída via Playwright
2025-12-23 16:21:41 | INFO    | Playwright disponível
2025-12-23 16:21:41 | INFO    | Selenium disponível
2025-12-23 16:21:41 | INFO    | Playwright disponível, tentando usar...
2025-12-23 16:21:41 | INFO    | Inicializando Playwright...
2025-12-23 16:21:42 | INFO    | Lançando browser Chromium...
2025-12-23 16:21:42 | INFO    | Browser lançado, criando nova página...
2025-12-23 16:21:42 | INFO    | Página criada, carregando conteúdo HTML...
2025-12-23 16:21:42 | INFO    | Conteúdo carregado, aguardando 600ms para renderização completa...
2025-12-23 16:21:43 | INFO    | Tirando screenshot...
2025-12-23 16:21:43 | INFO    | Screenshot salvo, fechando browser...
2025-12-23 16:21:43 | INFO    | Browser fechado
2025-12-23 16:21:43 | INFO    | Screenshot HTML salva em C:\Users\Usuario\Documents\Scripts\EM DESENVOLVIMENTO RankingLojas\data\ranking_vendedor_p4.png (via Playwright)
2025-12-23 16:21:43 | INFO    | ✅ Conversão concluída via Playwright
2025-12-23 16:21:43 | INFO    | Playwright disponível
2025-12-23 16:21:43 | INFO    | Selenium disponível
2025-12-23 16:21:43 | INFO    | Playwright disponível, tentando usar...
2025-12-23 16:21:43 | INFO    | Inicializando Playwright...
2025-12-23 16:21:44 | INFO    | Lançando browser Chromium...
2025-12-23 16:21:44 | INFO    | Browser lançado, criando nova página...
2025-12-23 16:21:44 | INFO    | Página criada, carregando conteúdo HTML...
2025-12-23 16:21:44 | INFO    | Conteúdo carregado, aguardando 600ms para renderização completa...
2025-12-23 16:21:45 | INFO    | Tirando screenshot...
2025-12-23 16:21:45 | INFO    | Screenshot salvo, fechando browser...
2025-12-23 16:21:45 | INFO    | Browser fechado
2025-12-23 16:21:45 | INFO    | Screenshot HTML salva em C:\Users\Usuario\Documents\Scripts\EM DESENVOLVIMENTO RankingLojas\data\ranking_vendedor_p5.png (via Playwright)
2025-12-23 16:21:45 | INFO    | ✅ Conversão concluída via Playwright
2025-12-23 16:21:45 | INFO    | Playwright disponível
2025-12-23 16:21:45 | INFO    | Selenium disponível
2025-12-23 16:21:45 | INFO    | Playwright disponível, tentando usar...
2025-12-23 16:21:45 | INFO    | Inicializando Playwright...
2025-12-23 16:21:46 | INFO    | Lançando browser Chromium...
2025-12-23 16:21:46 | INFO    | Browser lançado, criando nova página...
2025-12-23 16:21:46 | INFO    | Página criada, carregando conteúdo HTML...
2025-12-23 16:21:46 | INFO    | Conteúdo carregado, aguardando 600ms para renderização completa...
2025-12-23 16:21:47 | INFO    | Tirando screenshot...
2025-12-23 16:21:47 | INFO    | Screenshot salvo, fechando browser...
2025-12-23 16:21:47 | INFO    | Browser fechado
2025-12-23 16:21:47 | INFO    | Screenshot HTML salva em C:\Users\Usuario\Documents\Scripts\EM DESENVOLVIMENTO RankingLojas\data\ranking_vendedor_p6.png (via Playwright)
2025-12-23 16:21:47 | INFO    | ✅ Conversão concluída via Playwright
2025-12-23 16:21:47 | INFO    | Playwright disponível
2025-12-23 16:21:47 | INFO    | Selenium disponível
2025-12-23 16:21:47 | INFO    | Playwright disponível, tentando usar...
2025-12-23 16:21:47 | INFO    | Inicializando Playwright...
2025-12-23 16:21:48 | INFO    | Lançando browser Chromium...
2025-12-23 16:21:48 | INFO    | Browser lançado, criando nova página...
2025-12-23 16:21:48 | INFO    | Página criada, carregando conteúdo HTML...
2025-12-23 16:21:48 | INFO    | Conteúdo carregado, aguardando 600ms para renderização completa...
2025-12-23 16:21:49 | INFO    | Tirando screenshot...
2025-12-23 16:21:49 | INFO    | Screenshot salvo, fechando browser...
2025-12-23 16:21:49 | INFO    | Browser fechado
2025-12-23 16:21:49 | INFO    | Screenshot HTML salva em C:\Users\Usuario\Documents\Scripts\EM DESENVOLVIMENTO RankingLojas\data\ranking_vendedor_p7.png (via Playwright)
2025-12-23 16:21:49 | INFO    | ✅ Conversão concluída via Playwright
2025-12-23 16:21:49 | INFO    | Playwright disponível
2025-12-23 16:21:49 | INFO    | Selenium disponível
2025-12-23 16:21:49 | INFO    | Playwright disponível, tentando usar...
2025-12-23 16:21:49 | INFO    | Inicializando Playwright...
2025-12-23 16:21:50 | INFO    | Lançando browser Chromium...
2025-12-23 16:21:50 | INFO    | Browser lançado, criando nova página...
2025-12-23 16:21:50 | INFO    | Página criada, carregando conteúdo HTML...
2025-12-23 16:21:51 | INFO    | Conteúdo carregado, aguardando 600ms para renderização completa...
2025-12-23 16:21:51 | INFO    | Tirando screenshot...
2025-12-23 16:21:51 | INFO    | Screenshot salvo, fechando browser...
2025-12-23 16:21:51 | INFO    | Browser fechado
2025-12-23 16:21:51 | INFO    | Screenshot HTML salva em C:\Users\Usuario\Documents\Scripts\EM DESENVOLVIMENTO RankingLojas\data\ranking_vendedor_p8.png (via Playwright)
2025-12-23 16:21:51 | INFO    | ✅ Conversão concluída via Playwright
2025-12-23 16:21:52 | INFO    | RANKING | Sucesso! Gerado em: C:\Users\Usuario\Documents\Scripts\EM DESENVOLVIMENTO RankingLojas\data\ranking_vendedor_p1.png
2025-12-23 16:21:52 | INFO    | PIPELINE | Execucao finalizada com sucesso
