2025-12-23 17:58:15 | INFO    | ===========================================================================
2025-12-23 17:58:15 | INFO    | PIPELINE | Sistema de Logging Iniciado: C:\Users\Usuario\Documents\Scripts\EM DESENVOLVIMENTO RankingLojas\logs\CRIARTEMPLATE_20251223_175815.log
2025-12-23 17:58:15 | INFO    | PIPELINE | Modo: DEV
2025-12-23 17:58:15 | INFO    | ===========================================================================
2025-12-23 17:58:15 | INFO    | BACKUP | Backup diário realizado em: C:\Users\Usuario\Documents\Scripts\EM DESENVOLVIMENTO RankingLojas\backups\2025-12-23 (2 arquivos)
2025-12-23 17:58:15 | INFO    | PIPELINE | INICIANDO EXECUCAO: src.web_automation
2025-12-23 17:58:15 | INFO    | INGESTAO | Usando arquivo manual: data\MetaVendedor_2312.xlsx
2025-12-23 17:58:15 | INFO    | PROCESSAMENTO | Iniciando processamento: MetaVendedor_2312.xlsx
2025-12-23 17:58:15 | INFO    | INGESTAO | Tentativa 1/3 de leitura do Meta Vendedor
2025-12-23 17:58:15 | INFO    | INGESTAO | Validando integridade do Excel (pré-header)
2025-12-23 17:58:15 | INFO    | INGESTAO | Excel passou na validação de integridade
2025-12-23 17:58:15 | INFO    | INGESTAO | Arquivo válido detectado.
2025-12-23 17:58:15 | INFO    | INGESTAO | Iniciando analise de header: MetaVendedor_2312.xlsx
2025-12-23 17:58:15 | INFO    | INGESTAO | Header Linha 0: Valid=1 Cols=['META POR VENDEDOR - S / DEPARTAMENTO TELE VENDAS (MES ALTERNADO)', '', '', '', '', '', '', '', '', '', '', '', '', '', '', '', '', '', '', '', '', '', '', '']
2025-12-23 17:58:15 | INFO    | INGESTAO | Header Linha 1: Valid=1 Cols=['META DE VENDA POR VENDEDOR SEM DEPARTAMENTO TELEVENDAS', '', '', '', '', '', '', '', '', '', '', '', '', '', '', '', '', '', '', '', '', '', '', '']
2025-12-23 17:58:15 | INFO    | INGESTAO | Header Linha 2: Valid=0 Cols=['', '', '', '', '', '', '', '', '', '', '', '', '', '', '', '', '', '', '', '', '', '', '', '']
2025-12-23 17:58:15 | INFO    | INGESTAO | Header Linha 3: Valid=24 Cols=['COD.', 'NOME', 'META', 'FATURADO MES', '% ALCANCE', 'FAT. PROJETADO', '% PROJETADO', 'FALTA META MES', 'META DIARIA', 'FAT. HOJE', 'VALOR ABERTO', '% FAT. + ABERTO', 'PRAZO MEDIO', 'VENDAS', 'TICKET MEDIO', 'QTD ITENS POR NOTA', 'CARTEIRA', 'ATEND.', '% ATEND.', 'META MARG.', '% MARGEM', 'TOTAL DESCONTO', 'META DESCONTO', '% DESCONTO']
2025-12-23 17:58:15 | INFO    | INGESTAO | Cabeçalho detectado na linha 3
2025-12-23 17:58:15 | ERROR   | CONTATOS | Erro: 'utf-8' codec can't decode byte 0xc9 in position 387: invalid continuation byte
2025-12-23 17:58:15 | INFO    | PROCESSAMENTO | Vendedores: 66. Páginas: 6
2025-12-23 17:58:15 | INFO    | Playwright disponível
2025-12-23 17:58:15 | INFO    | Selenium disponível
2025-12-23 17:58:15 | INFO    | Playwright disponível, tentando usar...
2025-12-23 17:58:15 | INFO    | Inicializando Playwright...
2025-12-23 17:58:16 | INFO    | Lançando browser Chromium...
2025-12-23 17:58:16 | INFO    | Browser lançado, criando nova página...
2025-12-23 17:58:16 | INFO    | Página criada, carregando conteúdo HTML...
2025-12-23 17:58:16 | INFO    | Conteúdo carregado, aguardando 600ms para renderização completa...
2025-12-23 17:58:17 | INFO    | Tirando screenshot...
2025-12-23 17:58:17 | INFO    | Screenshot salvo, fechando browser...
2025-12-23 17:58:17 | INFO    | Browser fechado
2025-12-23 17:58:17 | INFO    | Screenshot HTML salva em C:\Users\Usuario\Documents\Scripts\EM DESENVOLVIMENTO RankingLojas\data\ranking_vendedor_p1.png (via Playwright)
2025-12-23 17:58:17 | INFO    | ✅ Conversão concluída via Playwright
2025-12-23 17:58:17 | INFO    | Playwright disponível
2025-12-23 17:58:17 | INFO    | Selenium disponível
2025-12-23 17:58:17 | INFO    | Playwright disponível, tentando usar...
2025-12-23 17:58:17 | INFO    | Inicializando Playwright...
2025-12-23 17:58:17 | INFO    | Lançando browser Chromium...
2025-12-23 17:58:17 | INFO    | Browser lançado, criando nova página...
2025-12-23 17:58:18 | INFO    | Página criada, carregando conteúdo HTML...
2025-12-23 17:58:18 | INFO    | Conteúdo carregado, aguardando 600ms para renderização completa...
2025-12-23 17:58:19 | INFO    | Tirando screenshot...
2025-12-23 17:58:19 | INFO    | Screenshot salvo, fechando browser...
2025-12-23 17:58:19 | INFO    | Browser fechado
2025-12-23 17:58:19 | INFO    | Screenshot HTML salva em C:\Users\Usuario\Documents\Scripts\EM DESENVOLVIMENTO RankingLojas\data\ranking_vendedor_p2.png (via Playwright)
2025-12-23 17:58:19 | INFO    | ✅ Conversão concluída via Playwright
2025-12-23 17:58:19 | INFO    | Playwright disponível
2025-12-23 17:58:19 | INFO    | Selenium disponível
2025-12-23 17:58:19 | INFO    | Playwright disponível, tentando usar...
2025-12-23 17:58:19 | INFO    | Inicializando Playwright...
2025-12-23 17:58:19 | INFO    | Lançando browser Chromium...
2025-12-23 17:58:19 | INFO    | Browser lançado, criando nova página...
2025-12-23 17:58:19 | INFO    | Página criada, carregando conteúdo HTML...
2025-12-23 17:58:20 | INFO    | Conteúdo carregado, aguardando 600ms para renderização completa...
2025-12-23 17:58:20 | INFO    | Tirando screenshot...
2025-12-23 17:58:21 | INFO    | Screenshot salvo, fechando browser...
2025-12-23 17:58:21 | INFO    | Browser fechado
2025-12-23 17:58:21 | INFO    | Screenshot HTML salva em C:\Users\Usuario\Documents\Scripts\EM DESENVOLVIMENTO RankingLojas\data\ranking_vendedor_p3.png (via Playwright)
2025-12-23 17:58:21 | INFO    | ✅ Conversão concluída via Playwright
2025-12-23 17:58:21 | INFO    | Playwright disponível
2025-12-23 17:58:21 | INFO    | Selenium disponível
2025-12-23 17:58:21 | INFO    | Playwright disponível, tentando usar...
2025-12-23 17:58:21 | INFO    | Inicializando Playwright...
2025-12-23 17:58:21 | INFO    | Lançando browser Chromium...
2025-12-23 17:58:21 | INFO    | Browser lançado, criando nova página...
2025-12-23 17:58:21 | INFO    | Página criada, carregando conteúdo HTML...
2025-12-23 17:58:22 | INFO    | Conteúdo carregado, aguardando 600ms para renderização completa...
2025-12-23 17:58:22 | INFO    | Tirando screenshot...
2025-12-23 17:58:22 | INFO    | Screenshot salvo, fechando browser...
2025-12-23 17:58:22 | INFO    | Browser fechado
2025-12-23 17:58:22 | INFO    | Screenshot HTML salva em C:\Users\Usuario\Documents\Scripts\EM DESENVOLVIMENTO RankingLojas\data\ranking_vendedor_p4.png (via Playwright)
2025-12-23 17:58:22 | INFO    | ✅ Conversão concluída via Playwright
2025-12-23 17:58:22 | INFO    | Playwright disponível
2025-12-23 17:58:22 | INFO    | Selenium disponível
2025-12-23 17:58:22 | INFO    | Playwright disponível, tentando usar...
2025-12-23 17:58:22 | INFO    | Inicializando Playwright...
2025-12-23 17:58:23 | INFO    | Lançando browser Chromium...
2025-12-23 17:58:23 | INFO    | Browser lançado, criando nova página...
2025-12-23 17:58:23 | INFO    | Página criada, carregando conteúdo HTML...
2025-12-23 17:58:23 | INFO    | Conteúdo carregado, aguardando 600ms para renderização completa...
2025-12-23 17:58:24 | INFO    | Tirando screenshot...
2025-12-23 17:58:24 | INFO    | Screenshot salvo, fechando browser...
2025-12-23 17:58:24 | INFO    | Browser fechado
2025-12-23 17:58:24 | INFO    | Screenshot HTML salva em C:\Users\Usuario\Documents\Scripts\EM DESENVOLVIMENTO RankingLojas\data\ranking_vendedor_p5.png (via Playwright)
2025-12-23 17:58:24 | INFO    | ✅ Conversão concluída via Playwright
2025-12-23 17:58:24 | INFO    | Playwright disponível
2025-12-23 17:58:24 | INFO    | Selenium disponível
2025-12-23 17:58:24 | INFO    | Playwright disponível, tentando usar...
2025-12-23 17:58:24 | INFO    | Inicializando Playwright...
2025-12-23 17:58:24 | INFO    | Lançando browser Chromium...
2025-12-23 17:58:24 | INFO    | Browser lançado, criando nova página...
2025-12-23 17:58:24 | INFO    | Página criada, carregando conteúdo HTML...
2025-12-23 17:58:25 | INFO    | Conteúdo carregado, aguardando 600ms para renderização completa...
2025-12-23 17:58:26 | INFO    | Tirando screenshot...
2025-12-23 17:58:26 | INFO    | Screenshot salvo, fechando browser...
2025-12-23 17:58:26 | INFO    | Browser fechado
2025-12-23 17:58:26 | INFO    | Screenshot HTML salva em C:\Users\Usuario\Documents\Scripts\EM DESENVOLVIMENTO RankingLojas\data\ranking_vendedor_p6.png (via Playwright)
2025-12-23 17:58:26 | INFO    | ✅ Conversão concluída via Playwright
2025-12-23 17:58:26 | ERROR   | CONTATOS | Erro: 'utf-8' codec can't decode byte 0xc9 in position 387: invalid continuation byte
2025-12-23 17:58:26 | ERROR   | PONTOS | Erro ao gerar ranking de pontos: 'MotorPontuacao' object has no attribute 'get_ranking_pontos'
2025-12-23 17:58:26 | ERROR   | PERIODICO | Erro ao gerar ranking 'semanal': 'MotorPontuacao' object has no attribute 'get_ranking_semanal'
2025-12-23 17:58:27 | ERROR   | PERIODICO | Erro ao gerar ranking 'mensal': 'MotorPontuacao' object has no attribute 'get_ranking_mensal'
2025-12-23 17:58:27 | INFO    | RANKING | Sucesso! Gerado em: C:\Users\Usuario\Documents\Scripts\EM DESENVOLVIMENTO RankingLojas\data\ranking_vendedor_p1.png
2025-12-23 17:58:27 | INFO    | PIPELINE | Execucao finalizada com sucesso
