2025-12-30 15:14:18 | INFO    | ===========================================================================
2025-12-30 15:14:18 | INFO    | PIPELINE | Sistema de Logging Iniciado: C:\Users\Usuario\Documents\Scripts\EM DESENVOLVIMENTO RankingVendedores2.0\logs\CRIARTEMPLATE_20251230_151418.log
2025-12-30 15:14:18 | INFO    | PIPELINE | Modo: DEV
2025-12-30 15:14:18 | INFO    | ===========================================================================
2025-12-30 15:14:19 | INFO    | BACKUP | Backup diário realizado em: C:\Users\Usuario\Documents\Scripts\EM DESENVOLVIMENTO RankingVendedores2.0\backups\2025-12-30 (2 arquivos)
2025-12-30 15:14:19 | INFO    | BACKUP | Backups locais criados junto dos arquivos originais
2025-12-30 15:14:19 | INFO    | PIPELINE | INICIANDO EXECUCAO: src.web_automation
2025-12-30 15:14:19 | INFO    | PIPELINE | Modo: PROD | Envio WhatsApp: HABILITADO
2025-12-30 15:14:19 | INFO    | INGESTAO | Iniciando download de planilhas...
2025-12-30 15:14:19 | INFO    | INGESTAO | Tentativa 1/3
2025-12-30 15:14:21 | INFO    | Iniciando automação web...
2025-12-30 15:14:21 | INFO    | Acessando o site: https://bi-cloud-partner3.citelsoftware.com.br:41451
2025-12-30 15:14:30 | INFO    | Fluxo de login finalizado.
2025-12-30 15:14:30 | INFO    | Removendo sessões remotas pendentes...
2025-12-30 15:14:33 | INFO    | Aguardando 40 segundos para estabilização do BI...
2025-12-30 15:15:13 | INFO    | Arquivo existente encontrado: MetaVendedor_3012.xlsx. Removendo para garantir atualização diária.
2025-12-30 15:15:13 | INFO    | Iniciando exportação do painel de Meta por Vendedor...
2025-12-30 15:15:16 | INFO    | Tentativa de Exportação BI 1/3
2025-12-30 15:15:22 | INFO    | Solicitado download Meta Vendedor. Aguardando...
2025-12-30 15:15:52 | INFO    | Arquivo movido: Meta por vendedor - S _ Departamento TELE VENDAS (Mês Alternado) - 30 Dec 2025 (1).xlsx -> MetaVendedor_3012.xlsx
2025-12-30 15:15:52 | INFO    | Validando conteúdo do arquivo (BI Check)...
2025-12-30 15:15:53 | INFO    | Arquivo validado com sucesso!
2025-12-30 15:15:53 | INFO    | Fluxo de Meta Vendedor concluído. Finalizando automação.
2025-12-30 15:15:53 | INFO    | Fechando o navegador.
2025-12-30 15:15:55 | INFO    | Automação web concluída. Arquivos baixados: ['meta_vendedor']
2025-12-30 15:15:55 | INFO    | INGESTAO | Validando sanidade do arquivo...
2025-12-30 15:15:55 | INFO    | INGESTAO | Arquivo válido e saneado. Prosseguindo.
2025-12-30 15:15:55 | INFO    | PROCESSAMENTO | Iniciando processamento: MetaVendedor_3012.xlsx
2025-12-30 15:15:55 | INFO    | INGESTAO | Tentativa 1/3 de leitura do Meta Vendedor
2025-12-30 15:15:55 | INFO    | INGESTAO | Validando integridade do Excel (pré-header)
2025-12-30 15:15:55 | INFO    | INGESTAO | Excel passou na validação de integridade
2025-12-30 15:15:55 | INFO    | INGESTAO | Arquivo válido detectado.
2025-12-30 15:15:55 | INFO    | INGESTAO | Iniciando analise de header: MetaVendedor_3012.xlsx
2025-12-30 15:15:55 | INFO    | INGESTAO | Header Linha 0: Valid=1 Cols=['META POR VENDEDOR - S / DEPARTAMENTO TELE VENDAS (MES ALTERNADO)', '', '', '', '', '', '', '', '', '', '', '', '', '', '', '', '', '', '', '', '', '', '', '']
2025-12-30 15:15:55 | INFO    | INGESTAO | Header Linha 1: Valid=1 Cols=['META DE VENDA POR VENDEDOR SEM DEPARTAMENTO TELEVENDAS', '', '', '', '', '', '', '', '', '', '', '', '', '', '', '', '', '', '', '', '', '', '', '']
2025-12-30 15:15:55 | INFO    | INGESTAO | Header Linha 2: Valid=0 Cols=['', '', '', '', '', '', '', '', '', '', '', '', '', '', '', '', '', '', '', '', '', '', '', '']
2025-12-30 15:15:55 | INFO    | INGESTAO | Header Linha 3: Valid=24 Cols=['COD.', 'NOME', 'META', 'FATURADO MES', '% ALCANCE', 'FAT. PROJETADO', '% PROJETADO', 'FALTA META MES', 'META DIARIA', 'FAT. HOJE', 'VALOR ABERTO', '% FAT. + ABERTO', 'PRAZO MEDIO', 'VENDAS', 'TICKET MEDIO', 'QTD ITENS POR NOTA', 'CARTEIRA', 'ATEND.', '% ATEND.', 'META MARG.', '% MARGEM', 'TOTAL DESCONTO', 'META DESCONTO', '% DESCONTO']
2025-12-30 15:15:55 | INFO    | INGESTAO | Cabeçalho detectado na linha 3
2025-12-30 15:15:55 | INFO    | FILTER | 14 Gerentes removidos do ranking.
2025-12-30 15:15:55 | INFO    | PROCESSAMENTO | Vendedores: 81. Páginas: 7
2025-12-30 15:15:55 | INFO    | Playwright disponível
2025-12-30 15:15:55 | INFO    | Selenium disponível
2025-12-30 15:15:55 | INFO    | Playwright disponível, tentando usar...
2025-12-30 15:15:55 | INFO    | Inicializando Playwright...
2025-12-30 15:15:55 | INFO    | Lançando browser Chromium...
2025-12-30 15:15:55 | INFO    | Browser lançado, criando nova página...
2025-12-30 15:15:55 | INFO    | Página criada, carregando conteúdo HTML...
2025-12-30 15:15:56 | INFO    | Conteúdo carregado, aguardando 600ms para renderização completa...
2025-12-30 15:15:56 | INFO    | Tirando screenshot...
2025-12-30 15:15:56 | INFO    | Screenshot salvo, fechando browser...
2025-12-30 15:15:56 | INFO    | Browser fechado
2025-12-30 15:15:56 | INFO    | Screenshot HTML salva em C:\Users\Usuario\Documents\Scripts\EM DESENVOLVIMENTO RankingVendedores2.0\data\ranking_vendedor_p1.png (via Playwright)
2025-12-30 15:15:56 | INFO    | ✅ Conversão concluída via Playwright
2025-12-30 15:15:56 | INFO    | Playwright disponível
2025-12-30 15:15:56 | INFO    | Selenium disponível
2025-12-30 15:15:56 | INFO    | Playwright disponível, tentando usar...
2025-12-30 15:15:56 | INFO    | Inicializando Playwright...
2025-12-30 15:15:57 | INFO    | Lançando browser Chromium...
2025-12-30 15:15:57 | INFO    | Browser lançado, criando nova página...
2025-12-30 15:15:57 | INFO    | Página criada, carregando conteúdo HTML...
2025-12-30 15:15:57 | INFO    | Conteúdo carregado, aguardando 600ms para renderização completa...
2025-12-30 15:15:58 | INFO    | Tirando screenshot...
2025-12-30 15:15:58 | INFO    | Screenshot salvo, fechando browser...
2025-12-30 15:15:58 | INFO    | Browser fechado
2025-12-30 15:15:58 | INFO    | Screenshot HTML salva em C:\Users\Usuario\Documents\Scripts\EM DESENVOLVIMENTO RankingVendedores2.0\data\ranking_vendedor_p2.png (via Playwright)
2025-12-30 15:15:58 | INFO    | ✅ Conversão concluída via Playwright
2025-12-30 15:15:58 | INFO    | Playwright disponível
2025-12-30 15:15:58 | INFO    | Selenium disponível
2025-12-30 15:15:58 | INFO    | Playwright disponível, tentando usar...
2025-12-30 15:15:58 | INFO    | Inicializando Playwright...
2025-12-30 15:15:58 | INFO    | Lançando browser Chromium...
2025-12-30 15:15:58 | INFO    | Browser lançado, criando nova página...
2025-12-30 15:15:58 | INFO    | Página criada, carregando conteúdo HTML...
2025-12-30 15:15:59 | INFO    | Conteúdo carregado, aguardando 600ms para renderização completa...
2025-12-30 15:15:59 | INFO    | Tirando screenshot...
2025-12-30 15:16:00 | INFO    | Screenshot salvo, fechando browser...
2025-12-30 15:16:00 | INFO    | Browser fechado
2025-12-30 15:16:00 | INFO    | Screenshot HTML salva em C:\Users\Usuario\Documents\Scripts\EM DESENVOLVIMENTO RankingVendedores2.0\data\ranking_vendedor_p3.png (via Playwright)
2025-12-30 15:16:00 | INFO    | ✅ Conversão concluída via Playwright
2025-12-30 15:16:00 | INFO    | Playwright disponível
2025-12-30 15:16:00 | INFO    | Selenium disponível
2025-12-30 15:16:00 | INFO    | Playwright disponível, tentando usar...
2025-12-30 15:16:00 | INFO    | Inicializando Playwright...
2025-12-30 15:16:00 | INFO    | Lançando browser Chromium...
2025-12-30 15:16:00 | INFO    | Browser lançado, criando nova página...
2025-12-30 15:16:00 | INFO    | Página criada, carregando conteúdo HTML...
2025-12-30 15:16:01 | INFO    | Conteúdo carregado, aguardando 600ms para renderização completa...
2025-12-30 15:16:01 | INFO    | Tirando screenshot...
2025-12-30 15:16:01 | INFO    | Screenshot salvo, fechando browser...
2025-12-30 15:16:01 | INFO    | Browser fechado
2025-12-30 15:16:01 | INFO    | Screenshot HTML salva em C:\Users\Usuario\Documents\Scripts\EM DESENVOLVIMENTO RankingVendedores2.0\data\ranking_vendedor_p4.png (via Playwright)
2025-12-30 15:16:01 | INFO    | ✅ Conversão concluída via Playwright
2025-12-30 15:16:01 | INFO    | Playwright disponível
2025-12-30 15:16:01 | INFO    | Selenium disponível
2025-12-30 15:16:01 | INFO    | Playwright disponível, tentando usar...
2025-12-30 15:16:01 | INFO    | Inicializando Playwright...
2025-12-30 15:16:02 | INFO    | Lançando browser Chromium...
2025-12-30 15:16:02 | INFO    | Browser lançado, criando nova página...
2025-12-30 15:16:02 | INFO    | Página criada, carregando conteúdo HTML...
2025-12-30 15:16:02 | INFO    | Conteúdo carregado, aguardando 600ms para renderização completa...
2025-12-30 15:16:03 | INFO    | Tirando screenshot...
2025-12-30 15:16:03 | INFO    | Screenshot salvo, fechando browser...
2025-12-30 15:16:03 | INFO    | Browser fechado
2025-12-30 15:16:03 | INFO    | Screenshot HTML salva em C:\Users\Usuario\Documents\Scripts\EM DESENVOLVIMENTO RankingVendedores2.0\data\ranking_vendedor_p5.png (via Playwright)
2025-12-30 15:16:03 | INFO    | ✅ Conversão concluída via Playwright
2025-12-30 15:16:03 | INFO    | Playwright disponível
2025-12-30 15:16:03 | INFO    | Selenium disponível
2025-12-30 15:16:03 | INFO    | Playwright disponível, tentando usar...
2025-12-30 15:16:03 | INFO    | Inicializando Playwright...
2025-12-30 15:16:03 | INFO    | Lançando browser Chromium...
2025-12-30 15:16:03 | INFO    | Browser lançado, criando nova página...
2025-12-30 15:16:03 | INFO    | Página criada, carregando conteúdo HTML...
2025-12-30 15:16:04 | INFO    | Conteúdo carregado, aguardando 600ms para renderização completa...
2025-12-30 15:16:04 | INFO    | Tirando screenshot...
2025-12-30 15:16:04 | INFO    | Screenshot salvo, fechando browser...
2025-12-30 15:16:05 | INFO    | Browser fechado
2025-12-30 15:16:05 | INFO    | Screenshot HTML salva em C:\Users\Usuario\Documents\Scripts\EM DESENVOLVIMENTO RankingVendedores2.0\data\ranking_vendedor_p6.png (via Playwright)
2025-12-30 15:16:05 | INFO    | ✅ Conversão concluída via Playwright
2025-12-30 15:16:05 | INFO    | Playwright disponível
2025-12-30 15:16:05 | INFO    | Selenium disponível
2025-12-30 15:16:05 | INFO    | Playwright disponível, tentando usar...
2025-12-30 15:16:05 | INFO    | Inicializando Playwright...
2025-12-30 15:16:05 | INFO    | Lançando browser Chromium...
2025-12-30 15:16:05 | INFO    | Browser lançado, criando nova página...
2025-12-30 15:16:05 | INFO    | Página criada, carregando conteúdo HTML...
2025-12-30 15:16:05 | INFO    | Conteúdo carregado, aguardando 600ms para renderização completa...
2025-12-30 15:16:06 | INFO    | Tirando screenshot...
2025-12-30 15:16:06 | INFO    | Screenshot salvo, fechando browser...
2025-12-30 15:16:06 | INFO    | Browser fechado
2025-12-30 15:16:06 | INFO    | Screenshot HTML salva em C:\Users\Usuario\Documents\Scripts\EM DESENVOLVIMENTO RankingVendedores2.0\data\ranking_vendedor_p7.png (via Playwright)
2025-12-30 15:16:06 | INFO    | ✅ Conversão concluída via Playwright
2025-12-30 15:16:07 | INFO    | 🎮 GAMIFICACAO | Engine: OK
2025-12-30 15:16:07 | INFO    | Playwright disponível
2025-12-30 15:16:07 | INFO    | Selenium disponível
2025-12-30 15:16:07 | INFO    | Playwright disponível, tentando usar...
2025-12-30 15:16:07 | INFO    | Inicializando Playwright...
2025-12-30 15:16:07 | INFO    | Lançando browser Chromium...
2025-12-30 15:16:07 | INFO    | Browser lançado, criando nova página...
2025-12-30 15:16:07 | INFO    | Página criada, carregando conteúdo HTML...
2025-12-30 15:16:07 | INFO    | Conteúdo carregado, aguardando 600ms para renderização completa...
2025-12-30 15:16:08 | INFO    | Tirando screenshot...
2025-12-30 15:16:08 | INFO    | Screenshot salvo, fechando browser...
2025-12-30 15:16:08 | INFO    | Browser fechado
2025-12-30 15:16:08 | INFO    | Screenshot HTML salva em C:\Users\Usuario\Documents\Scripts\EM DESENVOLVIMENTO RankingVendedores2.0\data\ranking_pontos_p1.png (via Playwright)
2025-12-30 15:16:08 | INFO    | ✅ Conversão concluída via Playwright
2025-12-30 15:16:08 | INFO    | Playwright disponível
2025-12-30 15:16:08 | INFO    | Selenium disponível
2025-12-30 15:16:08 | INFO    | Playwright disponível, tentando usar...
2025-12-30 15:16:08 | INFO    | Inicializando Playwright...
2025-12-30 15:16:09 | INFO    | Lançando browser Chromium...
2025-12-30 15:16:09 | INFO    | Browser lançado, criando nova página...
2025-12-30 15:16:09 | INFO    | Página criada, carregando conteúdo HTML...
2025-12-30 15:16:09 | INFO    | Conteúdo carregado, aguardando 600ms para renderização completa...
2025-12-30 15:16:10 | INFO    | Tirando screenshot...
2025-12-30 15:16:10 | INFO    | Screenshot salvo, fechando browser...
2025-12-30 15:16:10 | INFO    | Browser fechado
2025-12-30 15:16:10 | INFO    | Screenshot HTML salva em C:\Users\Usuario\Documents\Scripts\EM DESENVOLVIMENTO RankingVendedores2.0\data\ranking_pontos_p2.png (via Playwright)
2025-12-30 15:16:10 | INFO    | ✅ Conversão concluída via Playwright
2025-12-30 15:16:10 | INFO    | Playwright disponível
2025-12-30 15:16:10 | INFO    | Selenium disponível
2025-12-30 15:16:10 | INFO    | Playwright disponível, tentando usar...
2025-12-30 15:16:10 | INFO    | Inicializando Playwright...
2025-12-30 15:16:10 | INFO    | Lançando browser Chromium...
2025-12-30 15:16:10 | INFO    | Browser lançado, criando nova página...
2025-12-30 15:16:10 | INFO    | Página criada, carregando conteúdo HTML...
2025-12-30 15:16:11 | INFO    | Conteúdo carregado, aguardando 600ms para renderização completa...
2025-12-30 15:16:11 | INFO    | Tirando screenshot...
2025-12-30 15:16:12 | INFO    | Screenshot salvo, fechando browser...
2025-12-30 15:16:12 | INFO    | Browser fechado
2025-12-30 15:16:12 | INFO    | Screenshot HTML salva em C:\Users\Usuario\Documents\Scripts\EM DESENVOLVIMENTO RankingVendedores2.0\data\ranking_pontos_p3.png (via Playwright)
2025-12-30 15:16:12 | INFO    | ✅ Conversão concluída via Playwright
2025-12-30 15:16:12 | INFO    | Playwright disponível
2025-12-30 15:16:12 | INFO    | Selenium disponível
2025-12-30 15:16:12 | INFO    | Playwright disponível, tentando usar...
2025-12-30 15:16:12 | INFO    | Inicializando Playwright...
2025-12-30 15:16:12 | INFO    | Lançando browser Chromium...
2025-12-30 15:16:12 | INFO    | Browser lançado, criando nova página...
2025-12-30 15:16:12 | INFO    | Página criada, carregando conteúdo HTML...
2025-12-30 15:16:13 | INFO    | Conteúdo carregado, aguardando 600ms para renderização completa...
2025-12-30 15:16:13 | INFO    | Tirando screenshot...
2025-12-30 15:16:13 | INFO    | Screenshot salvo, fechando browser...
2025-12-30 15:16:13 | INFO    | Browser fechado
2025-12-30 15:16:13 | INFO    | Screenshot HTML salva em C:\Users\Usuario\Documents\Scripts\EM DESENVOLVIMENTO RankingVendedores2.0\data\ranking_semanal_p1.png (via Playwright)
2025-12-30 15:16:13 | INFO    | ✅ Conversão concluída via Playwright
2025-12-30 15:16:13 | INFO    | Playwright disponível
2025-12-30 15:16:13 | INFO    | Selenium disponível
2025-12-30 15:16:13 | INFO    | Playwright disponível, tentando usar...
2025-12-30 15:16:13 | INFO    | Inicializando Playwright...
2025-12-30 15:16:14 | INFO    | Lançando browser Chromium...
2025-12-30 15:16:14 | INFO    | Browser lançado, criando nova página...
2025-12-30 15:16:14 | INFO    | Página criada, carregando conteúdo HTML...
2025-12-30 15:16:14 | INFO    | Conteúdo carregado, aguardando 600ms para renderização completa...
2025-12-30 15:16:15 | INFO    | Tirando screenshot...
2025-12-30 15:16:15 | INFO    | Screenshot salvo, fechando browser...
2025-12-30 15:16:15 | INFO    | Browser fechado
2025-12-30 15:16:15 | INFO    | Screenshot HTML salva em C:\Users\Usuario\Documents\Scripts\EM DESENVOLVIMENTO RankingVendedores2.0\data\ranking_semanal_p2.png (via Playwright)
2025-12-30 15:16:15 | INFO    | ✅ Conversão concluída via Playwright
2025-12-30 15:16:15 | INFO    | Playwright disponível
2025-12-30 15:16:15 | INFO    | Selenium disponível
2025-12-30 15:16:15 | INFO    | Playwright disponível, tentando usar...
2025-12-30 15:16:15 | INFO    | Inicializando Playwright...
2025-12-30 15:16:15 | INFO    | Lançando browser Chromium...
2025-12-30 15:16:15 | INFO    | Browser lançado, criando nova página...
2025-12-30 15:16:15 | INFO    | Página criada, carregando conteúdo HTML...
2025-12-30 15:16:16 | INFO    | Conteúdo carregado, aguardando 600ms para renderização completa...
2025-12-30 15:16:16 | INFO    | Tirando screenshot...
2025-12-30 15:16:16 | INFO    | Screenshot salvo, fechando browser...
2025-12-30 15:16:16 | INFO    | Browser fechado
2025-12-30 15:16:16 | INFO    | Screenshot HTML salva em C:\Users\Usuario\Documents\Scripts\EM DESENVOLVIMENTO RankingVendedores2.0\data\ranking_semanal_p3.png (via Playwright)
2025-12-30 15:16:16 | INFO    | ✅ Conversão concluída via Playwright
2025-12-30 15:16:16 | INFO    | Playwright disponível
2025-12-30 15:16:16 | INFO    | Selenium disponível
2025-12-30 15:16:16 | INFO    | Playwright disponível, tentando usar...
2025-12-30 15:16:16 | INFO    | Inicializando Playwright...
2025-12-30 15:16:17 | INFO    | Lançando browser Chromium...
2025-12-30 15:16:17 | INFO    | Browser lançado, criando nova página...
2025-12-30 15:16:17 | INFO    | Página criada, carregando conteúdo HTML...
2025-12-30 15:16:17 | INFO    | Conteúdo carregado, aguardando 600ms para renderização completa...
2025-12-30 15:16:18 | INFO    | Tirando screenshot...
2025-12-30 15:16:18 | INFO    | Screenshot salvo, fechando browser...
2025-12-30 15:16:18 | INFO    | Browser fechado
2025-12-30 15:16:18 | INFO    | Screenshot HTML salva em C:\Users\Usuario\Documents\Scripts\EM DESENVOLVIMENTO RankingVendedores2.0\data\ranking_semanal_p4.png (via Playwright)
2025-12-30 15:16:18 | INFO    | ✅ Conversão concluída via Playwright
2025-12-30 15:16:18 | INFO    | Playwright disponível
2025-12-30 15:16:18 | INFO    | Selenium disponível
2025-12-30 15:16:18 | INFO    | Playwright disponível, tentando usar...
2025-12-30 15:16:18 | INFO    | Inicializando Playwright...
2025-12-30 15:16:18 | INFO    | Lançando browser Chromium...
2025-12-30 15:16:18 | INFO    | Browser lançado, criando nova página...
2025-12-30 15:16:18 | INFO    | Página criada, carregando conteúdo HTML...
2025-12-30 15:16:19 | INFO    | Conteúdo carregado, aguardando 600ms para renderização completa...
2025-12-30 15:16:20 | INFO    | Tirando screenshot...
2025-12-30 15:16:20 | INFO    | Screenshot salvo, fechando browser...
2025-12-30 15:16:20 | INFO    | Browser fechado
2025-12-30 15:16:20 | INFO    | Screenshot HTML salva em C:\Users\Usuario\Documents\Scripts\EM DESENVOLVIMENTO RankingVendedores2.0\data\ranking_semanal_p5.png (via Playwright)
2025-12-30 15:16:20 | INFO    | ✅ Conversão concluída via Playwright
2025-12-30 15:16:20 | INFO    | Playwright disponível
2025-12-30 15:16:20 | INFO    | Selenium disponível
2025-12-30 15:16:20 | INFO    | Playwright disponível, tentando usar...
2025-12-30 15:16:20 | INFO    | Inicializando Playwright...
2025-12-30 15:16:20 | INFO    | Lançando browser Chromium...
2025-12-30 15:16:20 | INFO    | Browser lançado, criando nova página...
2025-12-30 15:16:20 | INFO    | Página criada, carregando conteúdo HTML...
2025-12-30 15:16:21 | INFO    | Conteúdo carregado, aguardando 600ms para renderização completa...
2025-12-30 15:16:21 | INFO    | Tirando screenshot...
2025-12-30 15:16:21 | INFO    | Screenshot salvo, fechando browser...
2025-12-30 15:16:21 | INFO    | Browser fechado
2025-12-30 15:16:21 | INFO    | Screenshot HTML salva em C:\Users\Usuario\Documents\Scripts\EM DESENVOLVIMENTO RankingVendedores2.0\data\ranking_semanal_p6.png (via Playwright)
2025-12-30 15:16:21 | INFO    | ✅ Conversão concluída via Playwright
2025-12-30 15:16:21 | INFO    | Playwright disponível
2025-12-30 15:16:21 | INFO    | Selenium disponível
2025-12-30 15:16:21 | INFO    | Playwright disponível, tentando usar...
2025-12-30 15:16:21 | INFO    | Inicializando Playwright...
2025-12-30 15:16:22 | INFO    | Lançando browser Chromium...
2025-12-30 15:16:22 | INFO    | Browser lançado, criando nova página...
2025-12-30 15:16:22 | INFO    | Página criada, carregando conteúdo HTML...
2025-12-30 15:16:22 | INFO    | Conteúdo carregado, aguardando 600ms para renderização completa...
2025-12-30 15:16:23 | INFO    | Tirando screenshot...
2025-12-30 15:16:23 | INFO    | Screenshot salvo, fechando browser...
2025-12-30 15:16:23 | INFO    | Browser fechado
2025-12-30 15:16:23 | INFO    | Screenshot HTML salva em C:\Users\Usuario\Documents\Scripts\EM DESENVOLVIMENTO RankingVendedores2.0\data\ranking_semanal_p7.png (via Playwright)
2025-12-30 15:16:23 | INFO    | ✅ Conversão concluída via Playwright
2025-12-30 15:16:23 | INFO    | Playwright disponível
2025-12-30 15:16:23 | INFO    | Selenium disponível
2025-12-30 15:16:23 | INFO    | Playwright disponível, tentando usar...
2025-12-30 15:16:23 | INFO    | Inicializando Playwright...
2025-12-30 15:16:24 | INFO    | Lançando browser Chromium...
2025-12-30 15:16:24 | INFO    | Browser lançado, criando nova página...
2025-12-30 15:16:24 | INFO    | Página criada, carregando conteúdo HTML...
2025-12-30 15:16:24 | INFO    | Conteúdo carregado, aguardando 600ms para renderização completa...
2025-12-30 15:16:25 | INFO    | Tirando screenshot...
2025-12-30 15:16:25 | INFO    | Screenshot salvo, fechando browser...
2025-12-30 15:16:25 | INFO    | Browser fechado
2025-12-30 15:16:25 | INFO    | Screenshot HTML salva em C:\Users\Usuario\Documents\Scripts\EM DESENVOLVIMENTO RankingVendedores2.0\data\ranking_mensal_p1.png (via Playwright)
2025-12-30 15:16:25 | INFO    | ✅ Conversão concluída via Playwright
2025-12-30 15:16:25 | INFO    | Playwright disponível
2025-12-30 15:16:25 | INFO    | Selenium disponível
2025-12-30 15:16:25 | INFO    | Playwright disponível, tentando usar...
2025-12-30 15:16:25 | INFO    | Inicializando Playwright...
2025-12-30 15:16:25 | INFO    | Lançando browser Chromium...
2025-12-30 15:16:25 | INFO    | Browser lançado, criando nova página...
2025-12-30 15:16:25 | INFO    | Página criada, carregando conteúdo HTML...
2025-12-30 15:16:26 | INFO    | Conteúdo carregado, aguardando 600ms para renderização completa...
2025-12-30 15:16:27 | INFO    | Tirando screenshot...
2025-12-30 15:16:27 | INFO    | Screenshot salvo, fechando browser...
2025-12-30 15:16:27 | INFO    | Browser fechado
2025-12-30 15:16:27 | INFO    | Screenshot HTML salva em C:\Users\Usuario\Documents\Scripts\EM DESENVOLVIMENTO RankingVendedores2.0\data\ranking_mensal_p2.png (via Playwright)
2025-12-30 15:16:27 | INFO    | ✅ Conversão concluída via Playwright
2025-12-30 15:16:27 | INFO    | Playwright disponível
2025-12-30 15:16:27 | INFO    | Selenium disponível
2025-12-30 15:16:27 | INFO    | Playwright disponível, tentando usar...
2025-12-30 15:16:27 | INFO    | Inicializando Playwright...
2025-12-30 15:16:27 | INFO    | Lançando browser Chromium...
2025-12-30 15:16:27 | INFO    | Browser lançado, criando nova página...
2025-12-30 15:16:27 | INFO    | Página criada, carregando conteúdo HTML...
2025-12-30 15:16:28 | INFO    | Conteúdo carregado, aguardando 600ms para renderização completa...
2025-12-30 15:16:28 | INFO    | Tirando screenshot...
2025-12-30 15:16:28 | INFO    | Screenshot salvo, fechando browser...
2025-12-30 15:16:28 | INFO    | Browser fechado
2025-12-30 15:16:28 | INFO    | Screenshot HTML salva em C:\Users\Usuario\Documents\Scripts\EM DESENVOLVIMENTO RankingVendedores2.0\data\ranking_mensal_p3.png (via Playwright)
2025-12-30 15:16:28 | INFO    | ✅ Conversão concluída via Playwright
2025-12-30 15:16:28 | INFO    | Playwright disponível
2025-12-30 15:16:28 | INFO    | Selenium disponível
2025-12-30 15:16:28 | INFO    | Playwright disponível, tentando usar...
2025-12-30 15:16:28 | INFO    | Inicializando Playwright...
2025-12-30 15:16:29 | INFO    | Lançando browser Chromium...
2025-12-30 15:16:29 | INFO    | Browser lançado, criando nova página...
2025-12-30 15:16:29 | INFO    | Página criada, carregando conteúdo HTML...
2025-12-30 15:16:29 | INFO    | Conteúdo carregado, aguardando 600ms para renderização completa...
2025-12-30 15:16:30 | INFO    | Tirando screenshot...
2025-12-30 15:16:30 | INFO    | Screenshot salvo, fechando browser...
2025-12-30 15:16:30 | INFO    | Browser fechado
2025-12-30 15:16:30 | INFO    | Screenshot HTML salva em C:\Users\Usuario\Documents\Scripts\EM DESENVOLVIMENTO RankingVendedores2.0\data\ranking_mensal_p4.png (via Playwright)
2025-12-30 15:16:30 | INFO    | ✅ Conversão concluída via Playwright
2025-12-30 15:16:30 | INFO    | Playwright disponível
2025-12-30 15:16:30 | INFO    | Selenium disponível
2025-12-30 15:16:30 | INFO    | Playwright disponível, tentando usar...
2025-12-30 15:16:30 | INFO    | Inicializando Playwright...
2025-12-30 15:16:30 | INFO    | Lançando browser Chromium...
2025-12-30 15:16:30 | INFO    | Browser lançado, criando nova página...
2025-12-30 15:16:30 | INFO    | Página criada, carregando conteúdo HTML...
2025-12-30 15:16:31 | INFO    | Conteúdo carregado, aguardando 600ms para renderização completa...
2025-12-30 15:16:32 | INFO    | Tirando screenshot...
2025-12-30 15:16:32 | INFO    | Screenshot salvo, fechando browser...
2025-12-30 15:16:32 | INFO    | Browser fechado
2025-12-30 15:16:32 | INFO    | Screenshot HTML salva em C:\Users\Usuario\Documents\Scripts\EM DESENVOLVIMENTO RankingVendedores2.0\data\ranking_mensal_p5.png (via Playwright)
2025-12-30 15:16:32 | INFO    | ✅ Conversão concluída via Playwright
2025-12-30 15:16:32 | INFO    | Playwright disponível
2025-12-30 15:16:32 | INFO    | Selenium disponível
2025-12-30 15:16:32 | INFO    | Playwright disponível, tentando usar...
2025-12-30 15:16:32 | INFO    | Inicializando Playwright...
2025-12-30 15:16:32 | INFO    | Lançando browser Chromium...
2025-12-30 15:16:32 | INFO    | Browser lançado, criando nova página...
2025-12-30 15:16:32 | INFO    | Página criada, carregando conteúdo HTML...
2025-12-30 15:16:33 | INFO    | Conteúdo carregado, aguardando 600ms para renderização completa...
2025-12-30 15:16:33 | INFO    | Tirando screenshot...
2025-12-30 15:16:33 | INFO    | Screenshot salvo, fechando browser...
2025-12-30 15:16:33 | INFO    | Browser fechado
2025-12-30 15:16:33 | INFO    | Screenshot HTML salva em C:\Users\Usuario\Documents\Scripts\EM DESENVOLVIMENTO RankingVendedores2.0\data\ranking_mensal_p6.png (via Playwright)
2025-12-30 15:16:33 | INFO    | ✅ Conversão concluída via Playwright
2025-12-30 15:16:33 | INFO    | Playwright disponível
2025-12-30 15:16:33 | INFO    | Selenium disponível
2025-12-30 15:16:33 | INFO    | Playwright disponível, tentando usar...
2025-12-30 15:16:33 | INFO    | Inicializando Playwright...
2025-12-30 15:16:34 | INFO    | Lançando browser Chromium...
2025-12-30 15:16:34 | INFO    | Browser lançado, criando nova página...
2025-12-30 15:16:34 | INFO    | Página criada, carregando conteúdo HTML...
2025-12-30 15:16:34 | INFO    | Conteúdo carregado, aguardando 600ms para renderização completa...
2025-12-30 15:16:35 | INFO    | Tirando screenshot...
2025-12-30 15:16:35 | INFO    | Screenshot salvo, fechando browser...
2025-12-30 15:16:35 | INFO    | Browser fechado
2025-12-30 15:16:35 | INFO    | Screenshot HTML salva em C:\Users\Usuario\Documents\Scripts\EM DESENVOLVIMENTO RankingVendedores2.0\data\ranking_mensal_p7.png (via Playwright)
2025-12-30 15:16:35 | INFO    | ✅ Conversão concluída via Playwright
2025-12-30 15:16:35 | INFO    | ⏳ DIÁRIO | Fora das janelas de envio (10h-14h ou 16h-20h) ou já enviado hoje.
2025-12-30 15:16:35 | INFO    | 📊 INDIVIDUAL | Verificando conquistas do dia: 11 vendedores com atividade.
2025-12-30 15:16:35 | INFO    | 📱 INDIVIDUAL | Notificando Felix Augusto De Paiva sobre novas conquistas...
2025-12-30 15:16:35 | INFO    | 💬 [PYWHATKIT] Enviando para +5532999985484...
2025-12-30 15:16:49 | INFO    | ✅ [PYWHATKIT] Comando enviado para +5532999985484
2025-12-30 15:16:50 | INFO    | 📱 INDIVIDUAL | Notificando Genis Alberto Do Carmo Felix sobre novas conquistas...
2025-12-30 15:16:50 | INFO    | 💬 [PYWHATKIT] Enviando para +5522998687442...
2025-12-30 15:17:03 | INFO    | ✅ [PYWHATKIT] Comando enviado para +5522998687442
2025-12-30 15:17:04 | INFO    | 📱 INDIVIDUAL | Notificando Bruno Henrique Lima Silva sobre novas conquistas...
2025-12-30 15:17:04 | INFO    | 💬 [PYWHATKIT] Enviando para +5531997820166...
2025-12-30 15:17:17 | INFO    | ✅ [PYWHATKIT] Comando enviado para +5531997820166
2025-12-30 15:17:18 | INFO    | 📱 INDIVIDUAL | Notificando Ramaiane De Almeida Pinheiro sobre novas conquistas...
2025-12-30 15:17:18 | INFO    | 💬 [PYWHATKIT] Enviando para +5532991279364...
2025-12-30 15:17:32 | INFO    | ✅ [PYWHATKIT] Comando enviado para +5532991279364
2025-12-30 15:17:33 | INFO    | 📱 INDIVIDUAL | Notificando Silvio Teixeira Bastos sobre novas conquistas...
2025-12-30 15:17:33 | INFO    | 💬 [PYWHATKIT] Enviando para +5531971442045...
2025-12-30 15:17:46 | INFO    | ✅ [PYWHATKIT] Comando enviado para +5531971442045
2025-12-30 15:17:47 | INFO    | 📱 INDIVIDUAL | Notificando Anderson José Tortieri sobre novas conquistas...
2025-12-30 15:17:47 | INFO    | 💬 [PYWHATKIT] Enviando para +5532985250990...
2025-12-30 15:18:01 | INFO    | ✅ [PYWHATKIT] Comando enviado para +5532985250990
2025-12-30 15:18:02 | INFO    | 📱 INDIVIDUAL | Notificando Gabriel Rodrigues Moreira sobre novas conquistas...
2025-12-30 15:18:02 | INFO    | 💬 [PYWHATKIT] Enviando para +5532984055224...
2025-12-30 15:18:15 | INFO    | ✅ [PYWHATKIT] Comando enviado para +5532984055224
2025-12-30 15:18:16 | INFO    | 📱 INDIVIDUAL | Notificando Marcio C Santos Junior sobre novas conquistas...
2025-12-30 15:18:16 | INFO    | 💬 [PYWHATKIT] Enviando para +5532991969920...
2025-12-30 15:18:30 | INFO    | ✅ [PYWHATKIT] Comando enviado para +5532991969920
2025-12-30 15:18:31 | INFO    | 📱 INDIVIDUAL | Notificando Rafael De Souza Silva sobre novas conquistas...
2025-12-30 15:18:31 | INFO    | 💬 [PYWHATKIT] Enviando para +5531995189377...
2025-12-30 15:18:44 | INFO    | ✅ [PYWHATKIT] Comando enviado para +5531995189377
2025-12-30 15:18:45 | INFO    | 📊 SNAPSHOT | Exportando 5 tabelas para CSV...
2025-12-30 15:18:45 | INFO    | 📊 SNAPSHOT | Exportação concluída com sucesso.
2025-12-30 15:18:45 | INFO    | RANKING | Sucesso! Gerado em: C:\Users\Usuario\Documents\Scripts\EM DESENVOLVIMENTO RankingVendedores2.0\data\ranking_vendedor_p1.png
2025-12-30 15:18:45 | INFO    | GIT SYNC | Sincronizando dados com o repositório...
2025-12-30 15:18:46 | INFO    | GIT SYNC | Mudanças detectadas, realizando push...
2025-12-30 15:18:48 | INFO    | GIT SYNC | Sucesso!
2025-12-30 15:18:48 | INFO    | PIPELINE | Execucao finalizada com sucesso
