2025-12-23 17:23:56 | INFO    | ===========================================================================
2025-12-23 17:23:56 | INFO    | PIPELINE | Sistema de Logging Iniciado: C:\Users\Usuario\Documents\Scripts\EM DESENVOLVIMENTO RankingLojas\logs\CRIARTEMPLATE_20251223_172356.log
2025-12-23 17:23:56 | INFO    | PIPELINE | Modo: DEV
2025-12-23 17:23:56 | INFO    | ===========================================================================
2025-12-23 17:23:56 | INFO    | INGESTAO | Tentativa 1/3 de leitura do Meta Vendedor
2025-12-23 17:23:56 | INFO    | INGESTAO | Validando integridade do Excel (pré-header)
2025-12-23 17:23:56 | INFO    | INGESTAO | Excel passou na validação de integridade
2025-12-23 17:23:56 | INFO    | INGESTAO | Arquivo válido detectado.
2025-12-23 17:23:56 | INFO    | INGESTAO | Iniciando analise de header: MetaVendedor_2312.xlsx
2025-12-23 17:23:56 | INFO    | INGESTAO | Header Linha 0: Valid=1 Cols=['META POR VENDEDOR - S / DEPARTAMENTO TELE VENDAS (MES ALTERNADO)', '', '', '', '', '', '', '', '', '', '', '', '', '', '', '', '', '', '', '', '', '', '', '']
2025-12-23 17:23:56 | INFO    | INGESTAO | Header Linha 1: Valid=1 Cols=['META DE VENDA POR VENDEDOR SEM DEPARTAMENTO TELEVENDAS', '', '', '', '', '', '', '', '', '', '', '', '', '', '', '', '', '', '', '', '', '', '', '']
2025-12-23 17:23:56 | INFO    | INGESTAO | Header Linha 2: Valid=0 Cols=['', '', '', '', '', '', '', '', '', '', '', '', '', '', '', '', '', '', '', '', '', '', '', '']
2025-12-23 17:23:56 | INFO    | INGESTAO | Header Linha 3: Valid=24 Cols=['COD.', 'NOME', 'META', 'FATURADO MES', '% ALCANCE', 'FAT. PROJETADO', '% PROJETADO', 'FALTA META MES', 'META DIARIA', 'FAT. HOJE', 'VALOR ABERTO', '% FAT. + ABERTO', 'PRAZO MEDIO', 'VENDAS', 'TICKET MEDIO', 'QTD ITENS POR NOTA', 'CARTEIRA', 'ATEND.', '% ATEND.', 'META MARG.', '% MARGEM', 'TOTAL DESCONTO', 'META DESCONTO', '% DESCONTO']
2025-12-23 17:23:56 | INFO    | INGESTAO | Cabeçalho detectado na linha 3
2025-12-23 17:23:56 | INFO    | PROCESSAMENTO | Vendedores: 66. Páginas: 6
2025-12-23 17:23:57 | INFO    | Playwright disponível
2025-12-23 17:23:57 | INFO    | Selenium disponível
2025-12-23 17:23:57 | INFO    | Playwright disponível, tentando usar...
2025-12-23 17:23:57 | INFO    | Inicializando Playwright...
2025-12-23 17:23:57 | INFO    | Lançando browser Chromium...
2025-12-23 17:23:57 | INFO    | Browser lançado, criando nova página...
2025-12-23 17:23:57 | INFO    | Página criada, carregando conteúdo HTML...
2025-12-23 17:23:57 | INFO    | Conteúdo carregado, aguardando 600ms para renderização completa...
2025-12-23 17:23:58 | INFO    | Tirando screenshot...
2025-12-23 17:23:58 | INFO    | Screenshot salvo, fechando browser...
2025-12-23 17:23:58 | INFO    | Browser fechado
2025-12-23 17:23:58 | INFO    | Screenshot HTML salva em C:\Users\Usuario\Documents\Scripts\EM DESENVOLVIMENTO RankingLojas\data\ranking_vendedor_p1.png (via Playwright)
2025-12-23 17:23:58 | INFO    | ✅ Conversão concluída via Playwright
2025-12-23 17:23:58 | INFO    | Playwright disponível
2025-12-23 17:23:58 | INFO    | Selenium disponível
2025-12-23 17:23:58 | INFO    | Playwright disponível, tentando usar...
2025-12-23 17:23:58 | INFO    | Inicializando Playwright...
2025-12-23 17:23:59 | INFO    | Lançando browser Chromium...
2025-12-23 17:23:59 | INFO    | Browser lançado, criando nova página...
2025-12-23 17:23:59 | INFO    | Página criada, carregando conteúdo HTML...
2025-12-23 17:24:00 | INFO    | Conteúdo carregado, aguardando 600ms para renderização completa...
2025-12-23 17:24:00 | INFO    | Tirando screenshot...
2025-12-23 17:24:00 | INFO    | Screenshot salvo, fechando browser...
2025-12-23 17:24:01 | INFO    | Browser fechado
2025-12-23 17:24:01 | INFO    | Screenshot HTML salva em C:\Users\Usuario\Documents\Scripts\EM DESENVOLVIMENTO RankingLojas\data\ranking_vendedor_p2.png (via Playwright)
2025-12-23 17:24:01 | INFO    | ✅ Conversão concluída via Playwright
2025-12-23 17:24:01 | INFO    | Playwright disponível
2025-12-23 17:24:01 | INFO    | Selenium disponível
2025-12-23 17:24:01 | INFO    | Playwright disponível, tentando usar...
2025-12-23 17:24:01 | INFO    | Inicializando Playwright...
2025-12-23 17:24:01 | INFO    | Lançando browser Chromium...
2025-12-23 17:24:01 | INFO    | Browser lançado, criando nova página...
2025-12-23 17:24:01 | INFO    | Página criada, carregando conteúdo HTML...
2025-12-23 17:24:01 | INFO    | Conteúdo carregado, aguardando 600ms para renderização completa...
2025-12-23 17:24:02 | INFO    | Tirando screenshot...
2025-12-23 17:24:02 | INFO    | Screenshot salvo, fechando browser...
2025-12-23 17:24:02 | INFO    | Browser fechado
2025-12-23 17:24:02 | INFO    | Screenshot HTML salva em C:\Users\Usuario\Documents\Scripts\EM DESENVOLVIMENTO RankingLojas\data\ranking_vendedor_p3.png (via Playwright)
2025-12-23 17:24:02 | INFO    | ✅ Conversão concluída via Playwright
2025-12-23 17:24:02 | INFO    | Playwright disponível
2025-12-23 17:24:02 | INFO    | Selenium disponível
2025-12-23 17:24:02 | INFO    | Playwright disponível, tentando usar...
2025-12-23 17:24:02 | INFO    | Inicializando Playwright...
2025-12-23 17:24:03 | INFO    | Lançando browser Chromium...
2025-12-23 17:24:03 | INFO    | Browser lançado, criando nova página...
2025-12-23 17:24:03 | INFO    | Página criada, carregando conteúdo HTML...
2025-12-23 17:24:03 | INFO    | Conteúdo carregado, aguardando 600ms para renderização completa...
2025-12-23 17:24:04 | INFO    | Tirando screenshot...
2025-12-23 17:24:04 | INFO    | Screenshot salvo, fechando browser...
2025-12-23 17:24:04 | INFO    | Browser fechado
2025-12-23 17:24:04 | INFO    | Screenshot HTML salva em C:\Users\Usuario\Documents\Scripts\EM DESENVOLVIMENTO RankingLojas\data\ranking_vendedor_p4.png (via Playwright)
2025-12-23 17:24:04 | INFO    | ✅ Conversão concluída via Playwright
2025-12-23 17:24:04 | INFO    | Playwright disponível
2025-12-23 17:24:04 | INFO    | Selenium disponível
2025-12-23 17:24:04 | INFO    | Playwright disponível, tentando usar...
2025-12-23 17:24:04 | INFO    | Inicializando Playwright...
2025-12-23 17:24:04 | INFO    | Lançando browser Chromium...
2025-12-23 17:24:04 | INFO    | Browser lançado, criando nova página...
2025-12-23 17:24:04 | INFO    | Página criada, carregando conteúdo HTML...
2025-12-23 17:24:05 | INFO    | Conteúdo carregado, aguardando 600ms para renderização completa...
2025-12-23 17:24:05 | INFO    | Tirando screenshot...
2025-12-23 17:24:06 | INFO    | Screenshot salvo, fechando browser...
2025-12-23 17:24:06 | INFO    | Browser fechado
2025-12-23 17:24:06 | INFO    | Screenshot HTML salva em C:\Users\Usuario\Documents\Scripts\EM DESENVOLVIMENTO RankingLojas\data\ranking_vendedor_p5.png (via Playwright)
2025-12-23 17:24:06 | INFO    | ✅ Conversão concluída via Playwright
2025-12-23 17:24:06 | INFO    | Playwright disponível
2025-12-23 17:24:06 | INFO    | Selenium disponível
2025-12-23 17:24:06 | INFO    | Playwright disponível, tentando usar...
2025-12-23 17:24:06 | INFO    | Inicializando Playwright...
2025-12-23 17:24:06 | INFO    | Lançando browser Chromium...
2025-12-23 17:24:06 | INFO    | Browser lançado, criando nova página...
2025-12-23 17:24:06 | INFO    | Página criada, carregando conteúdo HTML...
2025-12-23 17:24:07 | INFO    | Conteúdo carregado, aguardando 600ms para renderização completa...
2025-12-23 17:24:07 | INFO    | Tirando screenshot...
2025-12-23 17:24:07 | INFO    | Screenshot salvo, fechando browser...
2025-12-23 17:24:07 | INFO    | Browser fechado
2025-12-23 17:24:07 | INFO    | Screenshot HTML salva em C:\Users\Usuario\Documents\Scripts\EM DESENVOLVIMENTO RankingLojas\data\ranking_vendedor_p6.png (via Playwright)
2025-12-23 17:24:07 | INFO    | ✅ Conversão concluída via Playwright
2025-12-23 17:24:08 | INFO    | Playwright disponível
2025-12-23 17:24:08 | INFO    | Selenium disponível
2025-12-23 17:24:08 | INFO    | Playwright disponível, tentando usar...
2025-12-23 17:24:08 | INFO    | Inicializando Playwright...
2025-12-23 17:24:08 | INFO    | Lançando browser Chromium...
2025-12-23 17:24:08 | INFO    | Browser lançado, criando nova página...
2025-12-23 17:24:08 | INFO    | Página criada, carregando conteúdo HTML...
2025-12-23 17:24:08 | INFO    | Conteúdo carregado, aguardando 600ms para renderização completa...
2025-12-23 17:24:09 | INFO    | Tirando screenshot...
2025-12-23 17:24:09 | INFO    | Screenshot salvo, fechando browser...
2025-12-23 17:24:09 | INFO    | Browser fechado
2025-12-23 17:24:09 | INFO    | Screenshot HTML salva em C:\Users\Usuario\Documents\Scripts\EM DESENVOLVIMENTO RankingLojas\data\ranking_pontos_p1.png (via Playwright)
2025-12-23 17:24:09 | INFO    | ✅ Conversão concluída via Playwright
2025-12-23 17:24:09 | INFO    | Playwright disponível
2025-12-23 17:24:09 | INFO    | Selenium disponível
2025-12-23 17:24:09 | INFO    | Playwright disponível, tentando usar...
2025-12-23 17:24:09 | INFO    | Inicializando Playwright...
2025-12-23 17:24:09 | INFO    | Lançando browser Chromium...
2025-12-23 17:24:09 | INFO    | Browser lançado, criando nova página...
2025-12-23 17:24:10 | INFO    | Página criada, carregando conteúdo HTML...
2025-12-23 17:24:10 | INFO    | Conteúdo carregado, aguardando 600ms para renderização completa...
2025-12-23 17:24:11 | INFO    | Tirando screenshot...
2025-12-23 17:24:11 | INFO    | Screenshot salvo, fechando browser...
2025-12-23 17:24:11 | INFO    | Browser fechado
2025-12-23 17:24:11 | INFO    | Screenshot HTML salva em C:\Users\Usuario\Documents\Scripts\EM DESENVOLVIMENTO RankingLojas\data\ranking_pontos_p2.png (via Playwright)
2025-12-23 17:24:11 | INFO    | ✅ Conversão concluída via Playwright
2025-12-23 17:24:11 | INFO    | Playwright disponível
2025-12-23 17:24:11 | INFO    | Selenium disponível
2025-12-23 17:24:11 | INFO    | Playwright disponível, tentando usar...
2025-12-23 17:24:11 | INFO    | Inicializando Playwright...
2025-12-23 17:24:11 | INFO    | Lançando browser Chromium...
2025-12-23 17:24:11 | INFO    | Browser lançado, criando nova página...
2025-12-23 17:24:11 | INFO    | Página criada, carregando conteúdo HTML...
2025-12-23 17:24:12 | INFO    | Conteúdo carregado, aguardando 600ms para renderização completa...
2025-12-23 17:24:12 | INFO    | Tirando screenshot...
2025-12-23 17:24:12 | INFO    | Screenshot salvo, fechando browser...
2025-12-23 17:24:12 | INFO    | Browser fechado
2025-12-23 17:24:12 | INFO    | Screenshot HTML salva em C:\Users\Usuario\Documents\Scripts\EM DESENVOLVIMENTO RankingLojas\data\ranking_pontos_p3.png (via Playwright)
2025-12-23 17:24:12 | INFO    | ✅ Conversão concluída via Playwright
2025-12-23 17:24:12 | INFO    | Playwright disponível
2025-12-23 17:24:12 | INFO    | Selenium disponível
2025-12-23 17:24:12 | INFO    | Playwright disponível, tentando usar...
2025-12-23 17:24:12 | INFO    | Inicializando Playwright...
2025-12-23 17:24:13 | INFO    | Lançando browser Chromium...
2025-12-23 17:24:13 | INFO    | Browser lançado, criando nova página...
2025-12-23 17:24:13 | INFO    | Página criada, carregando conteúdo HTML...
2025-12-23 17:24:13 | INFO    | Conteúdo carregado, aguardando 600ms para renderização completa...
2025-12-23 17:24:14 | INFO    | Tirando screenshot...
2025-12-23 17:24:14 | INFO    | Screenshot salvo, fechando browser...
2025-12-23 17:24:14 | INFO    | Browser fechado
2025-12-23 17:24:14 | INFO    | Screenshot HTML salva em C:\Users\Usuario\Documents\Scripts\EM DESENVOLVIMENTO RankingLojas\data\ranking_pontos_p4.png (via Playwright)
2025-12-23 17:24:14 | INFO    | ✅ Conversão concluída via Playwright
2025-12-23 17:24:14 | INFO    | Playwright disponível
2025-12-23 17:24:14 | INFO    | Selenium disponível
2025-12-23 17:24:14 | INFO    | Playwright disponível, tentando usar...
2025-12-23 17:24:14 | INFO    | Inicializando Playwright...
2025-12-23 17:24:14 | INFO    | Lançando browser Chromium...
2025-12-23 17:24:14 | INFO    | Browser lançado, criando nova página...
2025-12-23 17:24:14 | INFO    | Página criada, carregando conteúdo HTML...
2025-12-23 17:24:15 | INFO    | Conteúdo carregado, aguardando 600ms para renderização completa...
2025-12-23 17:24:15 | INFO    | Tirando screenshot...
2025-12-23 17:24:15 | INFO    | Screenshot salvo, fechando browser...
2025-12-23 17:24:15 | INFO    | Browser fechado
2025-12-23 17:24:15 | INFO    | Screenshot HTML salva em C:\Users\Usuario\Documents\Scripts\EM DESENVOLVIMENTO RankingLojas\data\ranking_pontos_p5.png (via Playwright)
2025-12-23 17:24:15 | INFO    | ✅ Conversão concluída via Playwright
2025-12-23 17:24:15 | INFO    | Playwright disponível
2025-12-23 17:24:15 | INFO    | Selenium disponível
2025-12-23 17:24:15 | INFO    | Playwright disponível, tentando usar...
2025-12-23 17:24:15 | INFO    | Inicializando Playwright...
2025-12-23 17:24:16 | INFO    | Lançando browser Chromium...
2025-12-23 17:24:16 | INFO    | Browser lançado, criando nova página...
2025-12-23 17:24:16 | INFO    | Página criada, carregando conteúdo HTML...
2025-12-23 17:24:16 | INFO    | Conteúdo carregado, aguardando 600ms para renderização completa...
2025-12-23 17:24:17 | INFO    | Tirando screenshot...
2025-12-23 17:24:17 | INFO    | Screenshot salvo, fechando browser...
2025-12-23 17:24:17 | INFO    | Browser fechado
2025-12-23 17:24:17 | INFO    | Screenshot HTML salva em C:\Users\Usuario\Documents\Scripts\EM DESENVOLVIMENTO RankingLojas\data\ranking_pontos_p6.png (via Playwright)
2025-12-23 17:24:17 | INFO    | ✅ Conversão concluída via Playwright
2025-12-23 17:24:17 | INFO    | Playwright disponível
2025-12-23 17:24:17 | INFO    | Selenium disponível
2025-12-23 17:24:17 | INFO    | Playwright disponível, tentando usar...
2025-12-23 17:24:17 | INFO    | Inicializando Playwright...
2025-12-23 17:24:17 | INFO    | Lançando browser Chromium...
2025-12-23 17:24:17 | INFO    | Browser lançado, criando nova página...
2025-12-23 17:24:17 | INFO    | Página criada, carregando conteúdo HTML...
2025-12-23 17:24:18 | INFO    | Conteúdo carregado, aguardando 600ms para renderização completa...
2025-12-23 17:24:18 | INFO    | Tirando screenshot...
2025-12-23 17:24:18 | INFO    | Screenshot salvo, fechando browser...
2025-12-23 17:24:18 | INFO    | Browser fechado
2025-12-23 17:24:18 | INFO    | Screenshot HTML salva em C:\Users\Usuario\Documents\Scripts\EM DESENVOLVIMENTO RankingLojas\data\ranking_pontos_p7.png (via Playwright)
2025-12-23 17:24:18 | INFO    | ✅ Conversão concluída via Playwright
2025-12-23 17:24:18 | INFO    | Playwright disponível
2025-12-23 17:24:18 | INFO    | Selenium disponível
2025-12-23 17:24:18 | INFO    | Playwright disponível, tentando usar...
2025-12-23 17:24:18 | INFO    | Inicializando Playwright...
2025-12-23 17:24:19 | INFO    | Lançando browser Chromium...
2025-12-23 17:24:19 | INFO    | Browser lançado, criando nova página...
2025-12-23 17:24:19 | INFO    | Página criada, carregando conteúdo HTML...
2025-12-23 17:24:19 | INFO    | Conteúdo carregado, aguardando 600ms para renderização completa...
2025-12-23 17:24:20 | INFO    | Tirando screenshot...
2025-12-23 17:24:20 | INFO    | Screenshot salvo, fechando browser...
2025-12-23 17:24:20 | INFO    | Browser fechado
2025-12-23 17:24:20 | INFO    | Screenshot HTML salva em C:\Users\Usuario\Documents\Scripts\EM DESENVOLVIMENTO RankingLojas\data\ranking_pontos_p8.png (via Playwright)
2025-12-23 17:24:20 | INFO    | ✅ Conversão concluída via Playwright
2025-12-23 17:24:20 | INFO    | Playwright disponível
2025-12-23 17:24:20 | INFO    | Selenium disponível
2025-12-23 17:24:20 | INFO    | Playwright disponível, tentando usar...
2025-12-23 17:24:20 | INFO    | Inicializando Playwright...
2025-12-23 17:24:20 | INFO    | Lançando browser Chromium...
2025-12-23 17:24:20 | INFO    | Browser lançado, criando nova página...
2025-12-23 17:24:20 | INFO    | Página criada, carregando conteúdo HTML...
2025-12-23 17:24:21 | INFO    | Conteúdo carregado, aguardando 600ms para renderização completa...
2025-12-23 17:24:22 | INFO    | Tirando screenshot...
2025-12-23 17:24:22 | INFO    | Screenshot salvo, fechando browser...
2025-12-23 17:24:22 | INFO    | Browser fechado
2025-12-23 17:24:22 | INFO    | Screenshot HTML salva em C:\Users\Usuario\Documents\Scripts\EM DESENVOLVIMENTO RankingLojas\data\ranking_semanal_p1.png (via Playwright)
2025-12-23 17:24:22 | INFO    | ✅ Conversão concluída via Playwright
2025-12-23 17:24:22 | INFO    | Playwright disponível
2025-12-23 17:24:22 | INFO    | Selenium disponível
2025-12-23 17:24:22 | INFO    | Playwright disponível, tentando usar...
2025-12-23 17:24:22 | INFO    | Inicializando Playwright...
2025-12-23 17:24:22 | INFO    | Lançando browser Chromium...
2025-12-23 17:24:22 | INFO    | Browser lançado, criando nova página...
2025-12-23 17:24:22 | INFO    | Página criada, carregando conteúdo HTML...
2025-12-23 17:24:23 | INFO    | Conteúdo carregado, aguardando 600ms para renderização completa...
2025-12-23 17:24:23 | INFO    | Tirando screenshot...
2025-12-23 17:24:23 | INFO    | Screenshot salvo, fechando browser...
2025-12-23 17:24:23 | INFO    | Browser fechado
2025-12-23 17:24:23 | INFO    | Screenshot HTML salva em C:\Users\Usuario\Documents\Scripts\EM DESENVOLVIMENTO RankingLojas\data\ranking_semanal_p2.png (via Playwright)
2025-12-23 17:24:23 | INFO    | ✅ Conversão concluída via Playwright
2025-12-23 17:24:23 | INFO    | Playwright disponível
2025-12-23 17:24:23 | INFO    | Selenium disponível
2025-12-23 17:24:23 | INFO    | Playwright disponível, tentando usar...
2025-12-23 17:24:23 | INFO    | Inicializando Playwright...
2025-12-23 17:24:23 | INFO    | Lançando browser Chromium...
2025-12-23 17:24:23 | INFO    | Browser lançado, criando nova página...
2025-12-23 17:24:24 | INFO    | Página criada, carregando conteúdo HTML...
2025-12-23 17:24:24 | INFO    | Conteúdo carregado, aguardando 600ms para renderização completa...
2025-12-23 17:24:25 | INFO    | Tirando screenshot...
2025-12-23 17:24:25 | INFO    | Screenshot salvo, fechando browser...
2025-12-23 17:24:25 | INFO    | Browser fechado
2025-12-23 17:24:25 | INFO    | Screenshot HTML salva em C:\Users\Usuario\Documents\Scripts\EM DESENVOLVIMENTO RankingLojas\data\ranking_semanal_p3.png (via Playwright)
2025-12-23 17:24:25 | INFO    | ✅ Conversão concluída via Playwright
2025-12-23 17:24:25 | INFO    | Playwright disponível
2025-12-23 17:24:25 | INFO    | Selenium disponível
2025-12-23 17:24:25 | INFO    | Playwright disponível, tentando usar...
2025-12-23 17:24:25 | INFO    | Inicializando Playwright...
2025-12-23 17:24:25 | INFO    | Lançando browser Chromium...
2025-12-23 17:24:25 | INFO    | Browser lançado, criando nova página...
2025-12-23 17:24:25 | INFO    | Página criada, carregando conteúdo HTML...
2025-12-23 17:24:26 | INFO    | Conteúdo carregado, aguardando 600ms para renderização completa...
2025-12-23 17:24:26 | INFO    | Tirando screenshot...
2025-12-23 17:24:26 | INFO    | Screenshot salvo, fechando browser...
2025-12-23 17:24:26 | INFO    | Browser fechado
2025-12-23 17:24:26 | INFO    | Screenshot HTML salva em C:\Users\Usuario\Documents\Scripts\EM DESENVOLVIMENTO RankingLojas\data\ranking_semanal_p4.png (via Playwright)
2025-12-23 17:24:26 | INFO    | ✅ Conversão concluída via Playwright
2025-12-23 17:24:26 | INFO    | Playwright disponível
2025-12-23 17:24:26 | INFO    | Selenium disponível
2025-12-23 17:24:26 | INFO    | Playwright disponível, tentando usar...
2025-12-23 17:24:26 | INFO    | Inicializando Playwright...
2025-12-23 17:24:27 | INFO    | Lançando browser Chromium...
2025-12-23 17:24:27 | INFO    | Browser lançado, criando nova página...
2025-12-23 17:24:27 | INFO    | Página criada, carregando conteúdo HTML...
2025-12-23 17:24:27 | INFO    | Conteúdo carregado, aguardando 600ms para renderização completa...
2025-12-23 17:24:28 | INFO    | Tirando screenshot...
2025-12-23 17:24:28 | INFO    | Screenshot salvo, fechando browser...
2025-12-23 17:24:28 | INFO    | Browser fechado
2025-12-23 17:24:28 | INFO    | Screenshot HTML salva em C:\Users\Usuario\Documents\Scripts\EM DESENVOLVIMENTO RankingLojas\data\ranking_semanal_p5.png (via Playwright)
2025-12-23 17:24:28 | INFO    | ✅ Conversão concluída via Playwright
2025-12-23 17:24:28 | INFO    | Playwright disponível
2025-12-23 17:24:28 | INFO    | Selenium disponível
2025-12-23 17:24:28 | INFO    | Playwright disponível, tentando usar...
2025-12-23 17:24:28 | INFO    | Inicializando Playwright...
2025-12-23 17:24:28 | INFO    | Lançando browser Chromium...
2025-12-23 17:24:28 | INFO    | Browser lançado, criando nova página...
2025-12-23 17:24:28 | INFO    | Página criada, carregando conteúdo HTML...
2025-12-23 17:24:29 | INFO    | Conteúdo carregado, aguardando 600ms para renderização completa...
2025-12-23 17:24:29 | INFO    | Tirando screenshot...
2025-12-23 17:24:29 | INFO    | Screenshot salvo, fechando browser...
2025-12-23 17:24:29 | INFO    | Browser fechado
2025-12-23 17:24:29 | INFO    | Screenshot HTML salva em C:\Users\Usuario\Documents\Scripts\EM DESENVOLVIMENTO RankingLojas\data\ranking_semanal_p6.png (via Playwright)
2025-12-23 17:24:29 | INFO    | ✅ Conversão concluída via Playwright
2025-12-23 17:24:29 | INFO    | Playwright disponível
2025-12-23 17:24:29 | INFO    | Selenium disponível
2025-12-23 17:24:29 | INFO    | Playwright disponível, tentando usar...
2025-12-23 17:24:29 | INFO    | Inicializando Playwright...
2025-12-23 17:24:30 | INFO    | Lançando browser Chromium...
2025-12-23 17:24:30 | INFO    | Browser lançado, criando nova página...
2025-12-23 17:24:30 | INFO    | Página criada, carregando conteúdo HTML...
2025-12-23 17:24:30 | INFO    | Conteúdo carregado, aguardando 600ms para renderização completa...
2025-12-23 17:24:31 | INFO    | Tirando screenshot...
2025-12-23 17:24:31 | INFO    | Screenshot salvo, fechando browser...
2025-12-23 17:24:31 | INFO    | Browser fechado
2025-12-23 17:24:31 | INFO    | Screenshot HTML salva em C:\Users\Usuario\Documents\Scripts\EM DESENVOLVIMENTO RankingLojas\data\ranking_semanal_p7.png (via Playwright)
2025-12-23 17:24:31 | INFO    | ✅ Conversão concluída via Playwright
2025-12-23 17:24:31 | INFO    | Playwright disponível
2025-12-23 17:24:31 | INFO    | Selenium disponível
2025-12-23 17:24:31 | INFO    | Playwright disponível, tentando usar...
2025-12-23 17:24:31 | INFO    | Inicializando Playwright...
2025-12-23 17:24:31 | INFO    | Lançando browser Chromium...
2025-12-23 17:24:31 | INFO    | Browser lançado, criando nova página...
2025-12-23 17:24:31 | INFO    | Página criada, carregando conteúdo HTML...
2025-12-23 17:24:32 | INFO    | Conteúdo carregado, aguardando 600ms para renderização completa...
2025-12-23 17:24:32 | INFO    | Tirando screenshot...
2025-12-23 17:24:32 | INFO    | Screenshot salvo, fechando browser...
2025-12-23 17:24:32 | INFO    | Browser fechado
2025-12-23 17:24:32 | INFO    | Screenshot HTML salva em C:\Users\Usuario\Documents\Scripts\EM DESENVOLVIMENTO RankingLojas\data\ranking_semanal_p8.png (via Playwright)
2025-12-23 17:24:32 | INFO    | ✅ Conversão concluída via Playwright
2025-12-23 17:24:33 | INFO    | Playwright disponível
2025-12-23 17:24:33 | INFO    | Selenium disponível
2025-12-23 17:24:33 | INFO    | Playwright disponível, tentando usar...
2025-12-23 17:24:33 | INFO    | Inicializando Playwright...
2025-12-23 17:24:33 | INFO    | Lançando browser Chromium...
2025-12-23 17:24:33 | INFO    | Browser lançado, criando nova página...
2025-12-23 17:24:33 | INFO    | Página criada, carregando conteúdo HTML...
2025-12-23 17:24:33 | INFO    | Conteúdo carregado, aguardando 600ms para renderização completa...
2025-12-23 17:24:34 | INFO    | Tirando screenshot...
2025-12-23 17:24:34 | INFO    | Screenshot salvo, fechando browser...
2025-12-23 17:24:34 | INFO    | Browser fechado
2025-12-23 17:24:34 | INFO    | Screenshot HTML salva em C:\Users\Usuario\Documents\Scripts\EM DESENVOLVIMENTO RankingLojas\data\ranking_mensal_p1.png (via Playwright)
2025-12-23 17:24:34 | INFO    | ✅ Conversão concluída via Playwright
2025-12-23 17:24:34 | INFO    | Playwright disponível
2025-12-23 17:24:34 | INFO    | Selenium disponível
2025-12-23 17:24:34 | INFO    | Playwright disponível, tentando usar...
2025-12-23 17:24:34 | INFO    | Inicializando Playwright...
2025-12-23 17:24:34 | INFO    | Lançando browser Chromium...
2025-12-23 17:24:34 | INFO    | Browser lançado, criando nova página...
2025-12-23 17:24:35 | INFO    | Página criada, carregando conteúdo HTML...
2025-12-23 17:24:35 | INFO    | Conteúdo carregado, aguardando 600ms para renderização completa...
2025-12-23 17:24:36 | INFO    | Tirando screenshot...
2025-12-23 17:24:36 | INFO    | Screenshot salvo, fechando browser...
2025-12-23 17:24:36 | INFO    | Browser fechado
2025-12-23 17:24:36 | INFO    | Screenshot HTML salva em C:\Users\Usuario\Documents\Scripts\EM DESENVOLVIMENTO RankingLojas\data\ranking_mensal_p2.png (via Playwright)
2025-12-23 17:24:36 | INFO    | ✅ Conversão concluída via Playwright
2025-12-23 17:24:36 | INFO    | Playwright disponível
2025-12-23 17:24:36 | INFO    | Selenium disponível
2025-12-23 17:24:36 | INFO    | Playwright disponível, tentando usar...
2025-12-23 17:24:36 | INFO    | Inicializando Playwright...
2025-12-23 17:24:36 | INFO    | Lançando browser Chromium...
2025-12-23 17:24:36 | INFO    | Browser lançado, criando nova página...
2025-12-23 17:24:36 | INFO    | Página criada, carregando conteúdo HTML...
2025-12-23 17:24:37 | INFO    | Conteúdo carregado, aguardando 600ms para renderização completa...
2025-12-23 17:24:37 | INFO    | Tirando screenshot...
2025-12-23 17:24:37 | INFO    | Screenshot salvo, fechando browser...
2025-12-23 17:24:37 | INFO    | Browser fechado
2025-12-23 17:24:37 | INFO    | Screenshot HTML salva em C:\Users\Usuario\Documents\Scripts\EM DESENVOLVIMENTO RankingLojas\data\ranking_mensal_p3.png (via Playwright)
2025-12-23 17:24:37 | INFO    | ✅ Conversão concluída via Playwright
2025-12-23 17:24:37 | INFO    | Playwright disponível
2025-12-23 17:24:37 | INFO    | Selenium disponível
2025-12-23 17:24:37 | INFO    | Playwright disponível, tentando usar...
2025-12-23 17:24:37 | INFO    | Inicializando Playwright...
2025-12-23 17:24:38 | INFO    | Lançando browser Chromium...
2025-12-23 17:24:38 | INFO    | Browser lançado, criando nova página...
2025-12-23 17:24:38 | INFO    | Página criada, carregando conteúdo HTML...
2025-12-23 17:24:39 | INFO    | Conteúdo carregado, aguardando 600ms para renderização completa...
2025-12-23 17:24:39 | INFO    | Tirando screenshot...
2025-12-23 17:24:39 | INFO    | Screenshot salvo, fechando browser...
2025-12-23 17:24:39 | INFO    | Browser fechado
2025-12-23 17:24:39 | INFO    | Screenshot HTML salva em C:\Users\Usuario\Documents\Scripts\EM DESENVOLVIMENTO RankingLojas\data\ranking_mensal_p4.png (via Playwright)
2025-12-23 17:24:39 | INFO    | ✅ Conversão concluída via Playwright
2025-12-23 17:24:39 | INFO    | Playwright disponível
2025-12-23 17:24:39 | INFO    | Selenium disponível
2025-12-23 17:24:39 | INFO    | Playwright disponível, tentando usar...
2025-12-23 17:24:39 | INFO    | Inicializando Playwright...
2025-12-23 17:24:40 | INFO    | Lançando browser Chromium...
2025-12-23 17:24:40 | INFO    | Browser lançado, criando nova página...
2025-12-23 17:24:40 | INFO    | Página criada, carregando conteúdo HTML...
2025-12-23 17:24:40 | INFO    | Conteúdo carregado, aguardando 600ms para renderização completa...
2025-12-23 17:24:41 | INFO    | Tirando screenshot...
2025-12-23 17:24:41 | INFO    | Screenshot salvo, fechando browser...
2025-12-23 17:24:41 | INFO    | Browser fechado
2025-12-23 17:24:41 | INFO    | Screenshot HTML salva em C:\Users\Usuario\Documents\Scripts\EM DESENVOLVIMENTO RankingLojas\data\ranking_mensal_p5.png (via Playwright)
2025-12-23 17:24:41 | INFO    | ✅ Conversão concluída via Playwright
2025-12-23 17:24:41 | INFO    | Playwright disponível
2025-12-23 17:24:41 | INFO    | Selenium disponível
2025-12-23 17:24:41 | INFO    | Playwright disponível, tentando usar...
2025-12-23 17:24:41 | INFO    | Inicializando Playwright...
2025-12-23 17:24:42 | INFO    | Lançando browser Chromium...
2025-12-23 17:24:42 | INFO    | Browser lançado, criando nova página...
2025-12-23 17:24:42 | INFO    | Página criada, carregando conteúdo HTML...
2025-12-23 17:24:42 | INFO    | Conteúdo carregado, aguardando 600ms para renderização completa...
2025-12-23 17:24:43 | INFO    | Tirando screenshot...
2025-12-23 17:24:43 | INFO    | Screenshot salvo, fechando browser...
2025-12-23 17:24:43 | INFO    | Browser fechado
2025-12-23 17:24:43 | INFO    | Screenshot HTML salva em C:\Users\Usuario\Documents\Scripts\EM DESENVOLVIMENTO RankingLojas\data\ranking_mensal_p6.png (via Playwright)
2025-12-23 17:24:43 | INFO    | ✅ Conversão concluída via Playwright
2025-12-23 17:24:43 | INFO    | Playwright disponível
2025-12-23 17:24:43 | INFO    | Selenium disponível
2025-12-23 17:24:43 | INFO    | Playwright disponível, tentando usar...
2025-12-23 17:24:43 | INFO    | Inicializando Playwright...
2025-12-23 17:24:44 | INFO    | Lançando browser Chromium...
2025-12-23 17:24:44 | INFO    | Browser lançado, criando nova página...
2025-12-23 17:24:44 | INFO    | Página criada, carregando conteúdo HTML...
2025-12-23 17:24:44 | INFO    | Conteúdo carregado, aguardando 600ms para renderização completa...
2025-12-23 17:24:45 | INFO    | Tirando screenshot...
2025-12-23 17:24:45 | INFO    | Screenshot salvo, fechando browser...
2025-12-23 17:24:45 | INFO    | Browser fechado
2025-12-23 17:24:45 | INFO    | Screenshot HTML salva em C:\Users\Usuario\Documents\Scripts\EM DESENVOLVIMENTO RankingLojas\data\ranking_mensal_p7.png (via Playwright)
2025-12-23 17:24:45 | INFO    | ✅ Conversão concluída via Playwright
2025-12-23 17:24:45 | INFO    | Playwright disponível
2025-12-23 17:24:45 | INFO    | Selenium disponível
2025-12-23 17:24:45 | INFO    | Playwright disponível, tentando usar...
2025-12-23 17:24:45 | INFO    | Inicializando Playwright...
2025-12-23 17:24:46 | INFO    | Lançando browser Chromium...
2025-12-23 17:24:46 | INFO    | Browser lançado, criando nova página...
2025-12-23 17:24:46 | INFO    | Página criada, carregando conteúdo HTML...
2025-12-23 17:24:46 | INFO    | Conteúdo carregado, aguardando 600ms para renderização completa...
2025-12-23 17:24:47 | INFO    | Tirando screenshot...
2025-12-23 17:24:47 | INFO    | Screenshot salvo, fechando browser...
2025-12-23 17:24:47 | INFO    | Browser fechado
2025-12-23 17:24:47 | INFO    | Screenshot HTML salva em C:\Users\Usuario\Documents\Scripts\EM DESENVOLVIMENTO RankingLojas\data\ranking_mensal_p8.png (via Playwright)
2025-12-23 17:24:47 | INFO    | ✅ Conversão concluída via Playwright
