2025-12-30 15:00:57 | INFO    | ===========================================================================
2025-12-30 15:00:57 | INFO    | PIPELINE | Sistema de Logging Iniciado: C:\Users\Usuario\Documents\Scripts\EM DESENVOLVIMENTO RankingVendedores2.0\logs\CRIARTEMPLATE_20251230_150057.log
2025-12-30 15:00:57 | INFO    | PIPELINE | Modo: DEV
2025-12-30 15:00:57 | INFO    | ===========================================================================
2025-12-30 15:00:57 | INFO    | BACKUP | Backup diário realizado em: C:\Users\Usuario\Documents\Scripts\EM DESENVOLVIMENTO RankingVendedores2.0\backups\2025-12-30 (2 arquivos)
2025-12-30 15:00:58 | INFO    | BACKUP | Backups locais criados junto dos arquivos originais
2025-12-30 15:00:58 | INFO    | PIPELINE | INICIANDO EXECUCAO: src.web_automation
2025-12-30 15:00:58 | INFO    | PIPELINE | Modo: PROD | Envio WhatsApp: HABILITADO
2025-12-30 15:00:58 | INFO    | INGESTAO | Usando arquivo manual: data\MetaVendedor_3012.xlsx
2025-12-30 15:00:58 | INFO    | PROCESSAMENTO | Iniciando processamento: MetaVendedor_3012.xlsx
2025-12-30 15:00:58 | INFO    | INGESTAO | Tentativa 1/3 de leitura do Meta Vendedor
2025-12-30 15:00:58 | INFO    | INGESTAO | Validando integridade do Excel (pré-header)
2025-12-30 15:00:58 | INFO    | INGESTAO | Excel passou na validação de integridade
2025-12-30 15:00:58 | INFO    | INGESTAO | Arquivo válido detectado.
2025-12-30 15:00:58 | INFO    | INGESTAO | Iniciando analise de header: MetaVendedor_3012.xlsx
2025-12-30 15:00:58 | INFO    | INGESTAO | Header Linha 0: Valid=1 Cols=['META POR VENDEDOR - S / DEPARTAMENTO TELE VENDAS (MES ALTERNADO)', '', '', '', '', '', '', '', '', '', '', '', '', '', '', '', '', '', '', '', '', '', '', '']
2025-12-30 15:00:58 | INFO    | INGESTAO | Header Linha 1: Valid=1 Cols=['META DE VENDA POR VENDEDOR SEM DEPARTAMENTO TELEVENDAS', '', '', '', '', '', '', '', '', '', '', '', '', '', '', '', '', '', '', '', '', '', '', '']
2025-12-30 15:00:58 | INFO    | INGESTAO | Header Linha 2: Valid=0 Cols=['', '', '', '', '', '', '', '', '', '', '', '', '', '', '', '', '', '', '', '', '', '', '', '']
2025-12-30 15:00:58 | INFO    | INGESTAO | Header Linha 3: Valid=24 Cols=['COD.', 'NOME', 'META', 'FATURADO MES', '% ALCANCE', 'FAT. PROJETADO', '% PROJETADO', 'FALTA META MES', 'META DIARIA', 'FAT. HOJE', 'VALOR ABERTO', '% FAT. + ABERTO', 'PRAZO MEDIO', 'VENDAS', 'TICKET MEDIO', 'QTD ITENS POR NOTA', 'CARTEIRA', 'ATEND.', '% ATEND.', 'META MARG.', '% MARGEM', 'TOTAL DESCONTO', 'META DESCONTO', '% DESCONTO']
2025-12-30 15:00:58 | INFO    | INGESTAO | Cabeçalho detectado na linha 3
2025-12-30 15:00:58 | INFO    | FILTER | 14 Gerentes removidos do ranking.
2025-12-30 15:00:58 | INFO    | PROCESSAMENTO | Vendedores: 81. Páginas: 7
2025-12-30 15:00:58 | INFO    | Playwright disponível
2025-12-30 15:00:58 | INFO    | Selenium disponível
2025-12-30 15:00:58 | INFO    | Playwright disponível, tentando usar...
2025-12-30 15:00:58 | INFO    | Inicializando Playwright...
2025-12-30 15:00:58 | INFO    | Lançando browser Chromium...
2025-12-30 15:00:58 | INFO    | Browser lançado, criando nova página...
2025-12-30 15:00:58 | INFO    | Página criada, carregando conteúdo HTML...
2025-12-30 15:00:59 | INFO    | Conteúdo carregado, aguardando 600ms para renderização completa...
2025-12-30 15:00:59 | INFO    | Tirando screenshot...
2025-12-30 15:00:59 | INFO    | Screenshot salvo, fechando browser...
2025-12-30 15:00:59 | INFO    | Browser fechado
2025-12-30 15:00:59 | INFO    | Screenshot HTML salva em C:\Users\Usuario\Documents\Scripts\EM DESENVOLVIMENTO RankingVendedores2.0\data\ranking_vendedor_p1.png (via Playwright)
2025-12-30 15:00:59 | INFO    | ✅ Conversão concluída via Playwright
2025-12-30 15:00:59 | INFO    | Playwright disponível
2025-12-30 15:00:59 | INFO    | Selenium disponível
2025-12-30 15:00:59 | INFO    | Playwright disponível, tentando usar...
2025-12-30 15:00:59 | INFO    | Inicializando Playwright...
2025-12-30 15:01:00 | INFO    | Lançando browser Chromium...
2025-12-30 15:01:00 | INFO    | Browser lançado, criando nova página...
2025-12-30 15:01:00 | INFO    | Página criada, carregando conteúdo HTML...
2025-12-30 15:01:00 | INFO    | Conteúdo carregado, aguardando 600ms para renderização completa...
2025-12-30 15:01:01 | INFO    | Tirando screenshot...
2025-12-30 15:01:01 | INFO    | Screenshot salvo, fechando browser...
2025-12-30 15:01:01 | INFO    | Browser fechado
2025-12-30 15:01:01 | INFO    | Screenshot HTML salva em C:\Users\Usuario\Documents\Scripts\EM DESENVOLVIMENTO RankingVendedores2.0\data\ranking_vendedor_p2.png (via Playwright)
2025-12-30 15:01:01 | INFO    | ✅ Conversão concluída via Playwright
2025-12-30 15:01:01 | INFO    | Playwright disponível
2025-12-30 15:01:01 | INFO    | Selenium disponível
2025-12-30 15:01:01 | INFO    | Playwright disponível, tentando usar...
2025-12-30 15:01:01 | INFO    | Inicializando Playwright...
2025-12-30 15:01:01 | INFO    | Lançando browser Chromium...
2025-12-30 15:01:01 | INFO    | Browser lançado, criando nova página...
2025-12-30 15:01:01 | INFO    | Página criada, carregando conteúdo HTML...
2025-12-30 15:01:02 | INFO    | Conteúdo carregado, aguardando 600ms para renderização completa...
2025-12-30 15:01:03 | INFO    | Tirando screenshot...
2025-12-30 15:01:03 | INFO    | Screenshot salvo, fechando browser...
2025-12-30 15:01:03 | INFO    | Browser fechado
2025-12-30 15:01:03 | INFO    | Screenshot HTML salva em C:\Users\Usuario\Documents\Scripts\EM DESENVOLVIMENTO RankingVendedores2.0\data\ranking_vendedor_p3.png (via Playwright)
2025-12-30 15:01:03 | INFO    | ✅ Conversão concluída via Playwright
2025-12-30 15:01:03 | INFO    | Playwright disponível
2025-12-30 15:01:03 | INFO    | Selenium disponível
2025-12-30 15:01:03 | INFO    | Playwright disponível, tentando usar...
2025-12-30 15:01:03 | INFO    | Inicializando Playwright...
2025-12-30 15:01:03 | INFO    | Lançando browser Chromium...
2025-12-30 15:01:03 | INFO    | Browser lançado, criando nova página...
2025-12-30 15:01:03 | INFO    | Página criada, carregando conteúdo HTML...
2025-12-30 15:01:04 | INFO    | Conteúdo carregado, aguardando 600ms para renderização completa...
2025-12-30 15:01:04 | INFO    | Tirando screenshot...
2025-12-30 15:01:04 | INFO    | Screenshot salvo, fechando browser...
2025-12-30 15:01:04 | INFO    | Browser fechado
2025-12-30 15:01:04 | INFO    | Screenshot HTML salva em C:\Users\Usuario\Documents\Scripts\EM DESENVOLVIMENTO RankingVendedores2.0\data\ranking_vendedor_p4.png (via Playwright)
2025-12-30 15:01:04 | INFO    | ✅ Conversão concluída via Playwright
2025-12-30 15:01:04 | INFO    | Playwright disponível
2025-12-30 15:01:04 | INFO    | Selenium disponível
2025-12-30 15:01:04 | INFO    | Playwright disponível, tentando usar...
2025-12-30 15:01:04 | INFO    | Inicializando Playwright...
2025-12-30 15:01:05 | INFO    | Lançando browser Chromium...
2025-12-30 15:01:05 | INFO    | Browser lançado, criando nova página...
2025-12-30 15:01:05 | INFO    | Página criada, carregando conteúdo HTML...
2025-12-30 15:01:05 | INFO    | Conteúdo carregado, aguardando 600ms para renderização completa...
2025-12-30 15:01:06 | INFO    | Tirando screenshot...
2025-12-30 15:01:06 | INFO    | Screenshot salvo, fechando browser...
2025-12-30 15:01:06 | INFO    | Browser fechado
2025-12-30 15:01:06 | INFO    | Screenshot HTML salva em C:\Users\Usuario\Documents\Scripts\EM DESENVOLVIMENTO RankingVendedores2.0\data\ranking_vendedor_p5.png (via Playwright)
2025-12-30 15:01:06 | INFO    | ✅ Conversão concluída via Playwright
2025-12-30 15:01:06 | INFO    | Playwright disponível
2025-12-30 15:01:06 | INFO    | Selenium disponível
2025-12-30 15:01:06 | INFO    | Playwright disponível, tentando usar...
2025-12-30 15:01:06 | INFO    | Inicializando Playwright...
2025-12-30 15:01:06 | INFO    | Lançando browser Chromium...
2025-12-30 15:01:06 | INFO    | Browser lançado, criando nova página...
2025-12-30 15:01:06 | INFO    | Página criada, carregando conteúdo HTML...
2025-12-30 15:01:07 | INFO    | Conteúdo carregado, aguardando 600ms para renderização completa...
2025-12-30 15:01:08 | INFO    | Tirando screenshot...
2025-12-30 15:01:08 | INFO    | Screenshot salvo, fechando browser...
2025-12-30 15:01:08 | INFO    | Browser fechado
2025-12-30 15:01:08 | INFO    | Screenshot HTML salva em C:\Users\Usuario\Documents\Scripts\EM DESENVOLVIMENTO RankingVendedores2.0\data\ranking_vendedor_p6.png (via Playwright)
2025-12-30 15:01:08 | INFO    | ✅ Conversão concluída via Playwright
2025-12-30 15:01:08 | INFO    | Playwright disponível
2025-12-30 15:01:08 | INFO    | Selenium disponível
2025-12-30 15:01:08 | INFO    | Playwright disponível, tentando usar...
2025-12-30 15:01:08 | INFO    | Inicializando Playwright...
2025-12-30 15:01:08 | INFO    | Lançando browser Chromium...
2025-12-30 15:01:08 | INFO    | Browser lançado, criando nova página...
2025-12-30 15:01:08 | INFO    | Página criada, carregando conteúdo HTML...
2025-12-30 15:01:09 | INFO    | Conteúdo carregado, aguardando 600ms para renderização completa...
2025-12-30 15:01:09 | INFO    | Tirando screenshot...
2025-12-30 15:01:09 | INFO    | Screenshot salvo, fechando browser...
2025-12-30 15:01:09 | INFO    | Browser fechado
2025-12-30 15:01:09 | INFO    | Screenshot HTML salva em C:\Users\Usuario\Documents\Scripts\EM DESENVOLVIMENTO RankingVendedores2.0\data\ranking_vendedor_p7.png (via Playwright)
2025-12-30 15:01:09 | INFO    | ✅ Conversão concluída via Playwright
2025-12-30 15:01:10 | INFO    | 🎮 GAMIFICACAO | Engine: OK
2025-12-30 15:01:10 | INFO    | Playwright disponível
2025-12-30 15:01:10 | INFO    | Selenium disponível
2025-12-30 15:01:10 | INFO    | Playwright disponível, tentando usar...
2025-12-30 15:01:10 | INFO    | Inicializando Playwright...
2025-12-30 15:01:10 | INFO    | Lançando browser Chromium...
2025-12-30 15:01:10 | INFO    | Browser lançado, criando nova página...
2025-12-30 15:01:10 | INFO    | Página criada, carregando conteúdo HTML...
2025-12-30 15:01:11 | INFO    | Conteúdo carregado, aguardando 600ms para renderização completa...
2025-12-30 15:01:11 | INFO    | Tirando screenshot...
2025-12-30 15:01:11 | INFO    | Screenshot salvo, fechando browser...
2025-12-30 15:01:11 | INFO    | Browser fechado
2025-12-30 15:01:11 | INFO    | Screenshot HTML salva em C:\Users\Usuario\Documents\Scripts\EM DESENVOLVIMENTO RankingVendedores2.0\data\ranking_pontos_p1.png (via Playwright)
2025-12-30 15:01:11 | INFO    | ✅ Conversão concluída via Playwright
2025-12-30 15:01:11 | INFO    | Playwright disponível
2025-12-30 15:01:11 | INFO    | Selenium disponível
2025-12-30 15:01:11 | INFO    | Playwright disponível, tentando usar...
2025-12-30 15:01:11 | INFO    | Inicializando Playwright...
2025-12-30 15:01:12 | INFO    | Lançando browser Chromium...
2025-12-30 15:01:12 | INFO    | Browser lançado, criando nova página...
2025-12-30 15:01:12 | INFO    | Página criada, carregando conteúdo HTML...
2025-12-30 15:01:12 | INFO    | Conteúdo carregado, aguardando 600ms para renderização completa...
2025-12-30 15:01:13 | INFO    | Tirando screenshot...
2025-12-30 15:01:13 | INFO    | Screenshot salvo, fechando browser...
2025-12-30 15:01:13 | INFO    | Browser fechado
2025-12-30 15:01:13 | INFO    | Screenshot HTML salva em C:\Users\Usuario\Documents\Scripts\EM DESENVOLVIMENTO RankingVendedores2.0\data\ranking_pontos_p2.png (via Playwright)
2025-12-30 15:01:13 | INFO    | ✅ Conversão concluída via Playwright
2025-12-30 15:01:13 | INFO    | Playwright disponível
2025-12-30 15:01:13 | INFO    | Selenium disponível
2025-12-30 15:01:13 | INFO    | Playwright disponível, tentando usar...
2025-12-30 15:01:13 | INFO    | Inicializando Playwright...
2025-12-30 15:01:13 | INFO    | Lançando browser Chromium...
2025-12-30 15:01:13 | INFO    | Browser lançado, criando nova página...
2025-12-30 15:01:14 | INFO    | Página criada, carregando conteúdo HTML...
2025-12-30 15:01:14 | INFO    | Conteúdo carregado, aguardando 600ms para renderização completa...
2025-12-30 15:01:15 | INFO    | Tirando screenshot...
2025-12-30 15:01:15 | INFO    | Screenshot salvo, fechando browser...
2025-12-30 15:01:15 | INFO    | Browser fechado
2025-12-30 15:01:15 | INFO    | Screenshot HTML salva em C:\Users\Usuario\Documents\Scripts\EM DESENVOLVIMENTO RankingVendedores2.0\data\ranking_pontos_p3.png (via Playwright)
2025-12-30 15:01:15 | INFO    | ✅ Conversão concluída via Playwright
2025-12-30 15:01:15 | INFO    | Playwright disponível
2025-12-30 15:01:15 | INFO    | Selenium disponível
2025-12-30 15:01:15 | INFO    | Playwright disponível, tentando usar...
2025-12-30 15:01:15 | INFO    | Inicializando Playwright...
2025-12-30 15:01:15 | INFO    | Lançando browser Chromium...
2025-12-30 15:01:15 | INFO    | Browser lançado, criando nova página...
2025-12-30 15:01:15 | INFO    | Página criada, carregando conteúdo HTML...
2025-12-30 15:01:16 | INFO    | Conteúdo carregado, aguardando 600ms para renderização completa...
2025-12-30 15:01:16 | INFO    | Tirando screenshot...
2025-12-30 15:01:16 | INFO    | Screenshot salvo, fechando browser...
2025-12-30 15:01:17 | INFO    | Browser fechado
2025-12-30 15:01:17 | INFO    | Screenshot HTML salva em C:\Users\Usuario\Documents\Scripts\EM DESENVOLVIMENTO RankingVendedores2.0\data\ranking_semanal_p1.png (via Playwright)
2025-12-30 15:01:17 | INFO    | ✅ Conversão concluída via Playwright
2025-12-30 15:01:17 | INFO    | Playwright disponível
2025-12-30 15:01:17 | INFO    | Selenium disponível
2025-12-30 15:01:17 | INFO    | Playwright disponível, tentando usar...
2025-12-30 15:01:17 | INFO    | Inicializando Playwright...
2025-12-30 15:01:17 | INFO    | Lançando browser Chromium...
2025-12-30 15:01:17 | INFO    | Browser lançado, criando nova página...
2025-12-30 15:01:17 | INFO    | Página criada, carregando conteúdo HTML...
2025-12-30 15:01:17 | INFO    | Conteúdo carregado, aguardando 600ms para renderização completa...
2025-12-30 15:01:18 | INFO    | Tirando screenshot...
2025-12-30 15:01:18 | INFO    | Screenshot salvo, fechando browser...
2025-12-30 15:01:18 | INFO    | Browser fechado
2025-12-30 15:01:18 | INFO    | Screenshot HTML salva em C:\Users\Usuario\Documents\Scripts\EM DESENVOLVIMENTO RankingVendedores2.0\data\ranking_semanal_p2.png (via Playwright)
2025-12-30 15:01:18 | INFO    | ✅ Conversão concluída via Playwright
2025-12-30 15:01:18 | INFO    | Playwright disponível
2025-12-30 15:01:18 | INFO    | Selenium disponível
2025-12-30 15:01:18 | INFO    | Playwright disponível, tentando usar...
2025-12-30 15:01:18 | INFO    | Inicializando Playwright...
2025-12-30 15:01:18 | INFO    | Lançando browser Chromium...
2025-12-30 15:01:19 | INFO    | Browser lançado, criando nova página...
2025-12-30 15:01:19 | INFO    | Página criada, carregando conteúdo HTML...
2025-12-30 15:01:19 | INFO    | Conteúdo carregado, aguardando 600ms para renderização completa...
2025-12-30 15:01:20 | INFO    | Tirando screenshot...
2025-12-30 15:01:20 | INFO    | Screenshot salvo, fechando browser...
2025-12-30 15:01:20 | INFO    | Browser fechado
2025-12-30 15:01:20 | INFO    | Screenshot HTML salva em C:\Users\Usuario\Documents\Scripts\EM DESENVOLVIMENTO RankingVendedores2.0\data\ranking_semanal_p3.png (via Playwright)
2025-12-30 15:01:20 | INFO    | ✅ Conversão concluída via Playwright
2025-12-30 15:01:20 | INFO    | Playwright disponível
2025-12-30 15:01:20 | INFO    | Selenium disponível
2025-12-30 15:01:20 | INFO    | Playwright disponível, tentando usar...
2025-12-30 15:01:20 | INFO    | Inicializando Playwright...
2025-12-30 15:01:20 | INFO    | Lançando browser Chromium...
2025-12-30 15:01:20 | INFO    | Browser lançado, criando nova página...
2025-12-30 15:01:20 | INFO    | Página criada, carregando conteúdo HTML...
2025-12-30 15:01:21 | INFO    | Conteúdo carregado, aguardando 600ms para renderização completa...
2025-12-30 15:01:21 | INFO    | Tirando screenshot...
2025-12-30 15:01:21 | INFO    | Screenshot salvo, fechando browser...
2025-12-30 15:01:21 | INFO    | Browser fechado
2025-12-30 15:01:21 | INFO    | Screenshot HTML salva em C:\Users\Usuario\Documents\Scripts\EM DESENVOLVIMENTO RankingVendedores2.0\data\ranking_semanal_p4.png (via Playwright)
2025-12-30 15:01:21 | INFO    | ✅ Conversão concluída via Playwright
2025-12-30 15:01:21 | INFO    | Playwright disponível
2025-12-30 15:01:21 | INFO    | Selenium disponível
2025-12-30 15:01:21 | INFO    | Playwright disponível, tentando usar...
2025-12-30 15:01:21 | INFO    | Inicializando Playwright...
2025-12-30 15:01:22 | INFO    | Lançando browser Chromium...
2025-12-30 15:01:22 | INFO    | Browser lançado, criando nova página...
2025-12-30 15:01:22 | INFO    | Página criada, carregando conteúdo HTML...
2025-12-30 15:01:22 | INFO    | Conteúdo carregado, aguardando 600ms para renderização completa...
2025-12-30 15:01:23 | INFO    | Tirando screenshot...
2025-12-30 15:01:23 | INFO    | Screenshot salvo, fechando browser...
2025-12-30 15:01:23 | INFO    | Browser fechado
2025-12-30 15:01:23 | INFO    | Screenshot HTML salva em C:\Users\Usuario\Documents\Scripts\EM DESENVOLVIMENTO RankingVendedores2.0\data\ranking_semanal_p5.png (via Playwright)
2025-12-30 15:01:23 | INFO    | ✅ Conversão concluída via Playwright
2025-12-30 15:01:23 | INFO    | Playwright disponível
2025-12-30 15:01:23 | INFO    | Selenium disponível
2025-12-30 15:01:23 | INFO    | Playwright disponível, tentando usar...
2025-12-30 15:01:23 | INFO    | Inicializando Playwright...
2025-12-30 15:01:23 | INFO    | Lançando browser Chromium...
2025-12-30 15:01:23 | INFO    | Browser lançado, criando nova página...
2025-12-30 15:01:23 | INFO    | Página criada, carregando conteúdo HTML...
2025-12-30 15:01:24 | INFO    | Conteúdo carregado, aguardando 600ms para renderização completa...
2025-12-30 15:01:25 | INFO    | Tirando screenshot...
2025-12-30 15:01:25 | INFO    | Screenshot salvo, fechando browser...
2025-12-30 15:01:25 | INFO    | Browser fechado
2025-12-30 15:01:25 | INFO    | Screenshot HTML salva em C:\Users\Usuario\Documents\Scripts\EM DESENVOLVIMENTO RankingVendedores2.0\data\ranking_semanal_p6.png (via Playwright)
2025-12-30 15:01:25 | INFO    | ✅ Conversão concluída via Playwright
2025-12-30 15:01:25 | INFO    | Playwright disponível
2025-12-30 15:01:25 | INFO    | Selenium disponível
2025-12-30 15:01:25 | INFO    | Playwright disponível, tentando usar...
2025-12-30 15:01:25 | INFO    | Inicializando Playwright...
2025-12-30 15:01:25 | INFO    | Lançando browser Chromium...
2025-12-30 15:01:25 | INFO    | Browser lançado, criando nova página...
2025-12-30 15:01:25 | INFO    | Página criada, carregando conteúdo HTML...
2025-12-30 15:01:26 | INFO    | Conteúdo carregado, aguardando 600ms para renderização completa...
2025-12-30 15:01:26 | INFO    | Tirando screenshot...
2025-12-30 15:01:26 | INFO    | Screenshot salvo, fechando browser...
2025-12-30 15:01:26 | INFO    | Browser fechado
2025-12-30 15:01:26 | INFO    | Screenshot HTML salva em C:\Users\Usuario\Documents\Scripts\EM DESENVOLVIMENTO RankingVendedores2.0\data\ranking_semanal_p7.png (via Playwright)
2025-12-30 15:01:26 | INFO    | ✅ Conversão concluída via Playwright
2025-12-30 15:01:27 | INFO    | Playwright disponível
2025-12-30 15:01:27 | INFO    | Selenium disponível
2025-12-30 15:01:27 | INFO    | Playwright disponível, tentando usar...
2025-12-30 15:01:27 | INFO    | Inicializando Playwright...
2025-12-30 15:01:27 | INFO    | Lançando browser Chromium...
2025-12-30 15:01:27 | INFO    | Browser lançado, criando nova página...
2025-12-30 15:01:27 | INFO    | Página criada, carregando conteúdo HTML...
2025-12-30 15:01:28 | INFO    | Conteúdo carregado, aguardando 600ms para renderização completa...
2025-12-30 15:01:28 | INFO    | Tirando screenshot...
2025-12-30 15:01:28 | INFO    | Screenshot salvo, fechando browser...
2025-12-30 15:01:28 | INFO    | Browser fechado
2025-12-30 15:01:28 | INFO    | Screenshot HTML salva em C:\Users\Usuario\Documents\Scripts\EM DESENVOLVIMENTO RankingVendedores2.0\data\ranking_mensal_p1.png (via Playwright)
2025-12-30 15:01:28 | INFO    | ✅ Conversão concluída via Playwright
2025-12-30 15:01:28 | INFO    | Playwright disponível
2025-12-30 15:01:28 | INFO    | Selenium disponível
2025-12-30 15:01:28 | INFO    | Playwright disponível, tentando usar...
2025-12-30 15:01:28 | INFO    | Inicializando Playwright...
2025-12-30 15:01:29 | INFO    | Lançando browser Chromium...
2025-12-30 15:01:29 | INFO    | Browser lançado, criando nova página...
2025-12-30 15:01:29 | INFO    | Página criada, carregando conteúdo HTML...
2025-12-30 15:01:29 | INFO    | Conteúdo carregado, aguardando 600ms para renderização completa...
2025-12-30 15:01:30 | INFO    | Tirando screenshot...
2025-12-30 15:01:30 | INFO    | Screenshot salvo, fechando browser...
2025-12-30 15:01:30 | INFO    | Browser fechado
2025-12-30 15:01:30 | INFO    | Screenshot HTML salva em C:\Users\Usuario\Documents\Scripts\EM DESENVOLVIMENTO RankingVendedores2.0\data\ranking_mensal_p2.png (via Playwright)
2025-12-30 15:01:30 | INFO    | ✅ Conversão concluída via Playwright
2025-12-30 15:01:30 | INFO    | Playwright disponível
2025-12-30 15:01:30 | INFO    | Selenium disponível
2025-12-30 15:01:30 | INFO    | Playwright disponível, tentando usar...
2025-12-30 15:01:30 | INFO    | Inicializando Playwright...
2025-12-30 15:01:30 | INFO    | Lançando browser Chromium...
2025-12-30 15:01:30 | INFO    | Browser lançado, criando nova página...
2025-12-30 15:01:30 | INFO    | Página criada, carregando conteúdo HTML...
2025-12-30 15:01:31 | INFO    | Conteúdo carregado, aguardando 600ms para renderização completa...
2025-12-30 15:01:32 | INFO    | Tirando screenshot...
2025-12-30 15:01:32 | INFO    | Screenshot salvo, fechando browser...
2025-12-30 15:01:32 | INFO    | Browser fechado
2025-12-30 15:01:32 | INFO    | Screenshot HTML salva em C:\Users\Usuario\Documents\Scripts\EM DESENVOLVIMENTO RankingVendedores2.0\data\ranking_mensal_p3.png (via Playwright)
2025-12-30 15:01:32 | INFO    | ✅ Conversão concluída via Playwright
2025-12-30 15:01:32 | INFO    | Playwright disponível
2025-12-30 15:01:32 | INFO    | Selenium disponível
2025-12-30 15:01:32 | INFO    | Playwright disponível, tentando usar...
2025-12-30 15:01:32 | INFO    | Inicializando Playwright...
2025-12-30 15:01:32 | INFO    | Lançando browser Chromium...
2025-12-30 15:01:32 | INFO    | Browser lançado, criando nova página...
2025-12-30 15:01:32 | INFO    | Página criada, carregando conteúdo HTML...
2025-12-30 15:01:33 | INFO    | Conteúdo carregado, aguardando 600ms para renderização completa...
2025-12-30 15:01:33 | INFO    | Tirando screenshot...
2025-12-30 15:01:33 | INFO    | Screenshot salvo, fechando browser...
2025-12-30 15:01:33 | INFO    | Browser fechado
2025-12-30 15:01:33 | INFO    | Screenshot HTML salva em C:\Users\Usuario\Documents\Scripts\EM DESENVOLVIMENTO RankingVendedores2.0\data\ranking_mensal_p4.png (via Playwright)
2025-12-30 15:01:33 | INFO    | ✅ Conversão concluída via Playwright
2025-12-30 15:01:33 | INFO    | Playwright disponível
2025-12-30 15:01:33 | INFO    | Selenium disponível
2025-12-30 15:01:33 | INFO    | Playwright disponível, tentando usar...
2025-12-30 15:01:33 | INFO    | Inicializando Playwright...
2025-12-30 15:01:34 | INFO    | Lançando browser Chromium...
2025-12-30 15:01:34 | INFO    | Browser lançado, criando nova página...
2025-12-30 15:01:34 | INFO    | Página criada, carregando conteúdo HTML...
2025-12-30 15:01:34 | INFO    | Conteúdo carregado, aguardando 600ms para renderização completa...
2025-12-30 15:01:35 | INFO    | Tirando screenshot...
2025-12-30 15:01:35 | INFO    | Screenshot salvo, fechando browser...
2025-12-30 15:01:35 | INFO    | Browser fechado
2025-12-30 15:01:35 | INFO    | Screenshot HTML salva em C:\Users\Usuario\Documents\Scripts\EM DESENVOLVIMENTO RankingVendedores2.0\data\ranking_mensal_p5.png (via Playwright)
2025-12-30 15:01:35 | INFO    | ✅ Conversão concluída via Playwright
2025-12-30 15:01:35 | INFO    | Playwright disponível
2025-12-30 15:01:35 | INFO    | Selenium disponível
2025-12-30 15:01:35 | INFO    | Playwright disponível, tentando usar...
2025-12-30 15:01:35 | INFO    | Inicializando Playwright...
2025-12-30 15:01:35 | INFO    | Lançando browser Chromium...
2025-12-30 15:01:35 | INFO    | Browser lançado, criando nova página...
2025-12-30 15:01:35 | INFO    | Página criada, carregando conteúdo HTML...
2025-12-30 15:01:36 | INFO    | Conteúdo carregado, aguardando 600ms para renderização completa...
2025-12-30 15:01:37 | INFO    | Tirando screenshot...
2025-12-30 15:01:37 | INFO    | Screenshot salvo, fechando browser...
2025-12-30 15:01:37 | INFO    | Browser fechado
2025-12-30 15:01:37 | INFO    | Screenshot HTML salva em C:\Users\Usuario\Documents\Scripts\EM DESENVOLVIMENTO RankingVendedores2.0\data\ranking_mensal_p6.png (via Playwright)
2025-12-30 15:01:37 | INFO    | ✅ Conversão concluída via Playwright
2025-12-30 15:01:37 | INFO    | Playwright disponível
2025-12-30 15:01:37 | INFO    | Selenium disponível
2025-12-30 15:01:37 | INFO    | Playwright disponível, tentando usar...
2025-12-30 15:01:37 | INFO    | Inicializando Playwright...
2025-12-30 15:01:37 | INFO    | Lançando browser Chromium...
2025-12-30 15:01:37 | INFO    | Browser lançado, criando nova página...
2025-12-30 15:01:37 | INFO    | Página criada, carregando conteúdo HTML...
2025-12-30 15:01:38 | INFO    | Conteúdo carregado, aguardando 600ms para renderização completa...
2025-12-30 15:01:38 | INFO    | Tirando screenshot...
2025-12-30 15:01:38 | INFO    | Screenshot salvo, fechando browser...
2025-12-30 15:01:38 | INFO    | Browser fechado
2025-12-30 15:01:38 | INFO    | Screenshot HTML salva em C:\Users\Usuario\Documents\Scripts\EM DESENVOLVIMENTO RankingVendedores2.0\data\ranking_mensal_p7.png (via Playwright)
2025-12-30 15:01:38 | INFO    | ✅ Conversão concluída via Playwright
2025-12-30 15:01:38 | INFO    | ⏳ DIÁRIO | Fora das janelas de envio (10h-14h ou 16h-20h) ou já enviado hoje.
2025-12-30 15:01:38 | INFO    | 📊 INDIVIDUAL | Verificando conquistas do dia: 11 vendedores com atividade.
2025-12-30 15:01:38 | INFO    | 📱 INDIVIDUAL | Notificando Felix Augusto De Paiva sobre novas conquistas...
2025-12-30 15:01:38 | INFO    | 🧹 Limpando instâncias residuais do Chrome...
2025-12-30 15:01:40 | INFO    | 🌐 Inicializando WhatsApp (Perfil Real)...
2025-12-30 15:01:59 | WARNING | ⚠️ Perfil Real do Chrome está em uso. Iniciando em Sessão Local Isolada...
2025-12-30 15:01:59 | INFO    | 🌐 Inicializando WhatsApp (Sessão Local Persistente: whatsapp_session)...
2025-12-30 15:02:20 | WARNING | ⏳ Login não detectado no tempo limite.
2025-12-30 15:02:20 | INFO    | 📱 INDIVIDUAL | Notificando Genis Alberto Do Carmo Felix sobre novas conquistas...
2025-12-30 15:02:20 | WARNING | ⏳ Login não detectado no tempo limite.
2025-12-30 15:02:20 | INFO    | 📱 INDIVIDUAL | Notificando Bruno Henrique Lima Silva sobre novas conquistas...
2025-12-30 15:02:20 | WARNING | ⏳ Login não detectado no tempo limite.
2025-12-30 15:02:20 | INFO    | 📱 INDIVIDUAL | Notificando Ramaiane De Almeida Pinheiro sobre novas conquistas...
2025-12-30 15:02:20 | WARNING | ⏳ Login não detectado no tempo limite.
2025-12-30 15:02:20 | INFO    | 📱 INDIVIDUAL | Notificando Silvio Teixeira Bastos sobre novas conquistas...
2025-12-30 15:02:20 | WARNING | ⏳ Login não detectado no tempo limite.
2025-12-30 15:02:20 | INFO    | 📱 INDIVIDUAL | Notificando Anderson José Tortieri sobre novas conquistas...
2025-12-30 15:02:20 | WARNING | ⏳ Login não detectado no tempo limite.
2025-12-30 15:02:20 | INFO    | 📱 INDIVIDUAL | Notificando Gabriel Rodrigues Moreira sobre novas conquistas...
2025-12-30 15:02:20 | WARNING | ⏳ Login não detectado no tempo limite.
2025-12-30 15:02:20 | INFO    | 📱 INDIVIDUAL | Notificando Marcio C Santos Junior sobre novas conquistas...
2025-12-30 15:02:20 | WARNING | ⏳ Login não detectado no tempo limite.
2025-12-30 15:02:20 | INFO    | 📱 INDIVIDUAL | Notificando Rafael De Souza Silva sobre novas conquistas...
2025-12-30 15:02:20 | WARNING | ⏳ Login não detectado no tempo limite.
2025-12-30 15:02:22 | INFO    | 📊 SNAPSHOT | Exportando 5 tabelas para CSV...
2025-12-30 15:02:22 | INFO    | 📊 SNAPSHOT | Exportação concluída com sucesso.
2025-12-30 15:02:22 | INFO    | RANKING | Sucesso! Gerado em: C:\Users\Usuario\Documents\Scripts\EM DESENVOLVIMENTO RankingVendedores2.0\data\ranking_vendedor_p1.png
2025-12-30 15:02:22 | INFO    | GIT SYNC | Sincronizando dados com o repositório...
2025-12-30 15:02:22 | INFO    | GIT SYNC | Mudanças detectadas, realizando push...
2025-12-30 15:02:25 | INFO    | GIT SYNC | Sucesso!
2025-12-30 15:02:25 | INFO    | PIPELINE | Execucao finalizada com sucesso
