2025-12-31 10:12:14 | INFO    | ===========================================================================
2025-12-31 10:12:14 | INFO    | PIPELINE | Sistema de Logging Iniciado: C:\Users\Usuario\Documents\Scripts\EM DESENVOLVIMENTO RankingVendedores2.0\logs\CRIARTEMPLATE_20251231_101214.log
2025-12-31 10:12:14 | INFO    | PIPELINE | Modo: DEV
2025-12-31 10:12:14 | INFO    | ===========================================================================
2025-12-31 10:12:15 | INFO    | BACKUP | Backup diário realizado em: C:\Users\Usuario\Documents\Scripts\EM DESENVOLVIMENTO RankingVendedores2.0\backups\2025-12-31 (2 arquivos)
2025-12-31 10:12:15 | INFO    | BACKUP | Backups locais criados junto dos arquivos originais
2025-12-31 10:12:15 | INFO    | PIPELINE | INICIANDO EXECUCAO: src.web_automation
2025-12-31 10:12:15 | INFO    | PIPELINE | MODO: INTERACTIVE | Envio WhatsApp: HABILITADO
2025-12-31 10:12:15 | INFO    | INGESTAO | Iniciando download de planilhas...
2025-12-31 10:12:15 | INFO    | INGESTAO | Tentativa 1/3
2025-12-31 10:12:15 | INFO    | 🌐 [WEB] Modo INTERACTIVE: Interface visível habilitada
2025-12-31 10:12:17 | INFO    | Iniciando automação web...
2025-12-31 10:12:17 | INFO    | Acessando o site: https://bi-cloud-partner3.citelsoftware.com.br:41451
2025-12-31 10:12:25 | INFO    | Fluxo de login finalizado.
2025-12-31 10:12:25 | INFO    | Removendo sessões remotas pendentes...
2025-12-31 10:12:27 | INFO    | Aguardando 40 segundos para estabilização do BI...
2025-12-31 10:13:07 | INFO    | Arquivo existente encontrado: MetaVendedor_3112.xlsx. Removendo para garantir atualização diária.
2025-12-31 10:13:07 | INFO    | Iniciando exportação do painel de Meta por Vendedor...
2025-12-31 10:13:10 | INFO    | Tentativa de Exportação BI 1/3
2025-12-31 10:13:16 | INFO    | Solicitado download Meta Vendedor. Aguardando...
2025-12-31 10:13:46 | INFO    | Arquivo movido: Meta por vendedor - S _ Departamento TELE VENDAS (Mês Alternado) - 31 Dec 2025.xlsx -> MetaVendedor_3112.xlsx
2025-12-31 10:13:46 | INFO    | Validando conteúdo do arquivo (BI Check)...
2025-12-31 10:13:46 | INFO    | Arquivo validado com sucesso!
2025-12-31 10:13:46 | INFO    | Fluxo de Meta Vendedor concluído. Finalizando automação.
2025-12-31 10:13:46 | INFO    | Fechando o navegador.
2025-12-31 10:13:48 | INFO    | Automação web concluída. Arquivos baixados: ['meta_vendedor']
2025-12-31 10:13:48 | INFO    | INGESTAO | Validando sanidade do arquivo...
2025-12-31 10:13:48 | INFO    | INGESTAO | Arquivo válido e saneado. Prosseguindo.
2025-12-31 10:13:48 | INFO    | PROCESSAMENTO | Iniciando processamento: MetaVendedor_3112.xlsx
2025-12-31 10:13:48 | INFO    | INGESTAO | Tentativa 1/3 de leitura do Meta Vendedor
2025-12-31 10:13:48 | INFO    | INGESTAO | Validando integridade do Excel (pré-header)
2025-12-31 10:13:48 | INFO    | INGESTAO | Excel passou na validação de integridade
2025-12-31 10:13:48 | INFO    | INGESTAO | Arquivo válido detectado.
2025-12-31 10:13:48 | INFO    | INGESTAO | Iniciando analise de header: MetaVendedor_3112.xlsx
2025-12-31 10:13:48 | INFO    | INGESTAO | Header Linha 0: Valid=1 Cols=['META POR VENDEDOR - S / DEPARTAMENTO TELE VENDAS (MES ALTERNADO)', '', '', '', '', '', '', '', '', '', '', '', '', '', '', '', '', '', '', '', '', '', '', '']
2025-12-31 10:13:48 | INFO    | INGESTAO | Header Linha 1: Valid=1 Cols=['META DE VENDA POR VENDEDOR SEM DEPARTAMENTO TELEVENDAS', '', '', '', '', '', '', '', '', '', '', '', '', '', '', '', '', '', '', '', '', '', '', '']
2025-12-31 10:13:48 | INFO    | INGESTAO | Header Linha 2: Valid=0 Cols=['', '', '', '', '', '', '', '', '', '', '', '', '', '', '', '', '', '', '', '', '', '', '', '']
2025-12-31 10:13:48 | INFO    | INGESTAO | Header Linha 3: Valid=24 Cols=['COD.', 'NOME', 'META', 'FATURADO MES', '% ALCANCE', 'FAT. PROJETADO', '% PROJETADO', 'FALTA META MES', 'META DIARIA', 'FAT. HOJE', 'VALOR ABERTO', '% FAT. + ABERTO', 'PRAZO MEDIO', 'VENDAS', 'TICKET MEDIO', 'QTD ITENS POR NOTA', 'CARTEIRA', 'ATEND.', '% ATEND.', 'META MARG.', '% MARGEM', 'TOTAL DESCONTO', 'META DESCONTO', '% DESCONTO']
2025-12-31 10:13:48 | INFO    | INGESTAO | Cabeçalho detectado na linha 3
2025-12-31 10:13:48 | INFO    | FILTER | 14 Gerentes removidos do ranking.
2025-12-31 10:13:48 | INFO    | PROCESSAMENTO | Vendedores: 81. Páginas: 7
2025-12-31 10:13:48 | INFO    | Playwright disponível
2025-12-31 10:13:48 | INFO    | Selenium disponível
2025-12-31 10:13:48 | INFO    | Playwright disponível, tentando usar...
2025-12-31 10:13:48 | INFO    | Inicializando Playwright...
2025-12-31 10:13:48 | INFO    | Lançando browser Chromium...
2025-12-31 10:13:49 | INFO    | Browser lançado, criando nova página...
2025-12-31 10:13:49 | INFO    | Página criada, carregando conteúdo HTML...
2025-12-31 10:13:49 | INFO    | Conteúdo carregado, aguardando 600ms para renderização completa...
2025-12-31 10:13:50 | INFO    | Tirando screenshot...
2025-12-31 10:13:50 | INFO    | Screenshot salvo, fechando browser...
2025-12-31 10:13:50 | INFO    | Browser fechado
2025-12-31 10:13:50 | INFO    | Screenshot HTML salva em C:\Users\Usuario\Documents\Scripts\EM DESENVOLVIMENTO RankingVendedores2.0\data\ranking_vendedor_p1.png (via Playwright)
2025-12-31 10:13:50 | INFO    | ✅ Conversão concluída via Playwright
2025-12-31 10:13:50 | INFO    | Playwright disponível
2025-12-31 10:13:50 | INFO    | Selenium disponível
2025-12-31 10:13:50 | INFO    | Playwright disponível, tentando usar...
2025-12-31 10:13:50 | INFO    | Inicializando Playwright...
2025-12-31 10:13:50 | INFO    | Lançando browser Chromium...
2025-12-31 10:13:50 | INFO    | Browser lançado, criando nova página...
2025-12-31 10:13:50 | INFO    | Página criada, carregando conteúdo HTML...
2025-12-31 10:13:51 | INFO    | Conteúdo carregado, aguardando 600ms para renderização completa...
2025-12-31 10:13:51 | INFO    | Tirando screenshot...
2025-12-31 10:13:51 | INFO    | Screenshot salvo, fechando browser...
2025-12-31 10:13:51 | INFO    | Browser fechado
2025-12-31 10:13:51 | INFO    | Screenshot HTML salva em C:\Users\Usuario\Documents\Scripts\EM DESENVOLVIMENTO RankingVendedores2.0\data\ranking_vendedor_p2.png (via Playwright)
2025-12-31 10:13:51 | INFO    | ✅ Conversão concluída via Playwright
2025-12-31 10:13:51 | INFO    | Playwright disponível
2025-12-31 10:13:51 | INFO    | Selenium disponível
2025-12-31 10:13:51 | INFO    | Playwright disponível, tentando usar...
2025-12-31 10:13:51 | INFO    | Inicializando Playwright...
2025-12-31 10:13:52 | INFO    | Lançando browser Chromium...
2025-12-31 10:13:52 | INFO    | Browser lançado, criando nova página...
2025-12-31 10:13:52 | INFO    | Página criada, carregando conteúdo HTML...
2025-12-31 10:13:52 | INFO    | Conteúdo carregado, aguardando 600ms para renderização completa...
2025-12-31 10:13:53 | INFO    | Tirando screenshot...
2025-12-31 10:13:53 | INFO    | Screenshot salvo, fechando browser...
2025-12-31 10:13:53 | INFO    | Browser fechado
2025-12-31 10:13:53 | INFO    | Screenshot HTML salva em C:\Users\Usuario\Documents\Scripts\EM DESENVOLVIMENTO RankingVendedores2.0\data\ranking_vendedor_p3.png (via Playwright)
2025-12-31 10:13:53 | INFO    | ✅ Conversão concluída via Playwright
2025-12-31 10:13:53 | INFO    | Playwright disponível
2025-12-31 10:13:53 | INFO    | Selenium disponível
2025-12-31 10:13:53 | INFO    | Playwright disponível, tentando usar...
2025-12-31 10:13:53 | INFO    | Inicializando Playwright...
2025-12-31 10:13:53 | INFO    | Lançando browser Chromium...
2025-12-31 10:13:53 | INFO    | Browser lançado, criando nova página...
2025-12-31 10:13:53 | INFO    | Página criada, carregando conteúdo HTML...
2025-12-31 10:13:54 | INFO    | Conteúdo carregado, aguardando 600ms para renderização completa...
2025-12-31 10:13:55 | INFO    | Tirando screenshot...
2025-12-31 10:13:55 | INFO    | Screenshot salvo, fechando browser...
2025-12-31 10:13:55 | INFO    | Browser fechado
2025-12-31 10:13:55 | INFO    | Screenshot HTML salva em C:\Users\Usuario\Documents\Scripts\EM DESENVOLVIMENTO RankingVendedores2.0\data\ranking_vendedor_p4.png (via Playwright)
2025-12-31 10:13:55 | INFO    | ✅ Conversão concluída via Playwright
2025-12-31 10:13:55 | INFO    | Playwright disponível
2025-12-31 10:13:55 | INFO    | Selenium disponível
2025-12-31 10:13:55 | INFO    | Playwright disponível, tentando usar...
2025-12-31 10:13:55 | INFO    | Inicializando Playwright...
2025-12-31 10:13:55 | INFO    | Lançando browser Chromium...
2025-12-31 10:13:55 | INFO    | Browser lançado, criando nova página...
2025-12-31 10:13:55 | INFO    | Página criada, carregando conteúdo HTML...
2025-12-31 10:13:56 | INFO    | Conteúdo carregado, aguardando 600ms para renderização completa...
2025-12-31 10:13:56 | INFO    | Tirando screenshot...
2025-12-31 10:13:56 | INFO    | Screenshot salvo, fechando browser...
2025-12-31 10:13:56 | INFO    | Browser fechado
2025-12-31 10:13:56 | INFO    | Screenshot HTML salva em C:\Users\Usuario\Documents\Scripts\EM DESENVOLVIMENTO RankingVendedores2.0\data\ranking_vendedor_p5.png (via Playwright)
2025-12-31 10:13:56 | INFO    | ✅ Conversão concluída via Playwright
2025-12-31 10:13:56 | INFO    | Playwright disponível
2025-12-31 10:13:56 | INFO    | Selenium disponível
2025-12-31 10:13:56 | INFO    | Playwright disponível, tentando usar...
2025-12-31 10:13:56 | INFO    | Inicializando Playwright...
2025-12-31 10:13:57 | INFO    | Lançando browser Chromium...
2025-12-31 10:13:57 | INFO    | Browser lançado, criando nova página...
2025-12-31 10:13:57 | INFO    | Página criada, carregando conteúdo HTML...
2025-12-31 10:13:57 | INFO    | Conteúdo carregado, aguardando 600ms para renderização completa...
2025-12-31 10:13:58 | INFO    | Tirando screenshot...
2025-12-31 10:13:58 | INFO    | Screenshot salvo, fechando browser...
2025-12-31 10:13:58 | INFO    | Browser fechado
2025-12-31 10:13:58 | INFO    | Screenshot HTML salva em C:\Users\Usuario\Documents\Scripts\EM DESENVOLVIMENTO RankingVendedores2.0\data\ranking_vendedor_p6.png (via Playwright)
2025-12-31 10:13:58 | INFO    | ✅ Conversão concluída via Playwright
2025-12-31 10:13:58 | INFO    | Playwright disponível
2025-12-31 10:13:58 | INFO    | Selenium disponível
2025-12-31 10:13:58 | INFO    | Playwright disponível, tentando usar...
2025-12-31 10:13:58 | INFO    | Inicializando Playwright...
2025-12-31 10:13:58 | INFO    | Lançando browser Chromium...
2025-12-31 10:13:58 | INFO    | Browser lançado, criando nova página...
2025-12-31 10:13:58 | INFO    | Página criada, carregando conteúdo HTML...
2025-12-31 10:13:59 | INFO    | Conteúdo carregado, aguardando 600ms para renderização completa...
2025-12-31 10:13:59 | INFO    | Tirando screenshot...
2025-12-31 10:14:00 | INFO    | Screenshot salvo, fechando browser...
2025-12-31 10:14:00 | INFO    | Browser fechado
2025-12-31 10:14:00 | INFO    | Screenshot HTML salva em C:\Users\Usuario\Documents\Scripts\EM DESENVOLVIMENTO RankingVendedores2.0\data\ranking_vendedor_p7.png (via Playwright)
2025-12-31 10:14:00 | INFO    | ✅ Conversão concluída via Playwright
2025-12-31 10:14:00 | INFO    | 🎮 GAMIFICACAO | Engine: OK
2025-12-31 10:14:00 | ERROR   | PONTOS | Erro: name 'sys' is not defined
2025-12-31 10:14:00 | ERROR   | PERIODICO | Erro 'semanal': name 'sys' is not defined
2025-12-31 10:14:00 | ERROR   | RANKING | Falha crítica ao gerar ranking.
Traceback (most recent call last):
  File "C:\Users\Usuario\Documents\Scripts\EM DESENVOLVIMENTO RankingVendedores2.0\main.py", line 130, in _run_ranking_diario
    destino_vendedor = gerar_ranking_vendedores(
                       ^^^^^^^^^^^^^^^^^^^^^^^^^
  File "C:\Users\Usuario\Documents\Scripts\EM DESENVOLVIMENTO RankingVendedores2.0\src\daily_seller_ranking.py", line 13, in gerar_ranking_vendedores
    return service.execute(meta_arquivo, destino_dir, send_whatsapp=send_whatsapp)
           ^^^^^^^^^^^^^^^^^^^^^^^^^^^^^^^^^^^^^^^^^^^^^^^^^^^^^^^^^^^^^^^^^^^^^^^
  File "C:\Users\Usuario\Documents\Scripts\EM DESENVOLVIMENTO RankingVendedores2.0\src\services\ranking_service.py", line 405, in execute
    engine.processar_semanal(today)
  File "C:\Users\Usuario\Documents\Scripts\EM DESENVOLVIMENTO RankingVendedores2.0\src\gamificacao_vendedores.py", line 1004, in processar_semanal
    self._processar_semanal(data_ref)
  File "C:\Users\Usuario\Documents\Scripts\EM DESENVOLVIMENTO RankingVendedores2.0\src\gamificacao_vendedores.py", line 1024, in _processar_semanal
    feriados_mgr = FeriadosManager()
                   ^^^^^^^^^^^^^^^^^
  File "C:\Users\Usuario\Documents\Scripts\EM DESENVOLVIMENTO RankingVendedores2.0\src\feriados.py", line 12, in __init__
    self.feriados_df = self._carregar_feriados()
                       ^^^^^^^^^^^^^^^^^^^^^^^^^
  File "C:\Users\Usuario\Documents\Scripts\EM DESENVOLVIMENTO RankingVendedores2.0\src\feriados.py", line 18, in _carregar_feriados
    Path(sys.executable).parent / "data" / "feriados.csv" if getattr(sys, "frozen", False) else None,
                                                                     ^^^
NameError: name 'sys' is not defined. Did you forget to import 'sys'
2025-12-31 10:14:00 | INFO    | GIT SYNC | Sincronizando dados no modo INTERACTIVE...
2025-12-31 10:14:00 | INFO    | GIT SYNC | Realizando push para o repositório...
2025-12-31 10:14:02 | INFO    | GIT SYNC | Sucesso!
2025-12-31 10:14:02 | INFO    | PIPELINE | Execucao finalizada com sucesso
