2026-01-03 17:55:38 | INFO    | ===========================================================================
2026-01-03 17:55:38 | INFO    | PIPELINE | Sistema de Logging Iniciado: C:\Users\Usuario\Documents\Scripts\EM DESENVOLVIMENTO RankingVendedores2.0\logs\CRIARTEMPLATE_20260103_175538.log
2026-01-03 17:55:38 | INFO    | PIPELINE | Modo: DEV
2026-01-03 17:55:38 | INFO    | ===========================================================================
2026-01-03 17:55:39 | INFO    | PONTOS | Gerando imagens... Qtd Vendedores no Ranking: 22
2026-01-03 17:55:39 | INFO    | Playwright disponível
2026-01-03 17:55:39 | INFO    | Selenium disponível
2026-01-03 17:55:39 | INFO    | Playwright disponível, tentando usar...
2026-01-03 17:55:39 | INFO    | Inicializando Playwright...
2026-01-03 17:55:39 | INFO    | Lançando browser Chromium...
2026-01-03 17:55:40 | INFO    | Browser lançado, criando nova página...
2026-01-03 17:55:40 | INFO    | Página criada, carregando conteúdo HTML...
2026-01-03 17:55:40 | INFO    | Conteúdo carregado, aguardando 600ms para renderização completa...
2026-01-03 17:55:41 | INFO    | Tirando screenshot...
2026-01-03 17:55:41 | INFO    | Screenshot salvo, fechando browser...
2026-01-03 17:55:41 | INFO    | Browser fechado
2026-01-03 17:55:41 | INFO    | Screenshot HTML salva em data\ranking_output\ranking_pontos_p1.png (via Playwright)
2026-01-03 17:55:41 | INFO    | ✅ Conversão concluída via Playwright
2026-01-03 17:55:41 | INFO    | Playwright disponível
2026-01-03 17:55:41 | INFO    | Selenium disponível
2026-01-03 17:55:41 | INFO    | Playwright disponível, tentando usar...
2026-01-03 17:55:41 | INFO    | Inicializando Playwright...
2026-01-03 17:55:41 | INFO    | Lançando browser Chromium...
2026-01-03 17:55:41 | INFO    | Browser lançado, criando nova página...
2026-01-03 17:55:41 | INFO    | Página criada, carregando conteúdo HTML...
2026-01-03 17:55:42 | INFO    | Conteúdo carregado, aguardando 600ms para renderização completa...
2026-01-03 17:55:42 | INFO    | Tirando screenshot...
2026-01-03 17:55:43 | INFO    | Screenshot salvo, fechando browser...
2026-01-03 17:55:43 | INFO    | Browser fechado
2026-01-03 17:55:43 | INFO    | Screenshot HTML salva em data\ranking_output\ranking_pontos_p2.png (via Playwright)
2026-01-03 17:55:43 | INFO    | ✅ Conversão concluída via Playwright
