2026-01-02 11:11:39 | INFO    | ===========================================================================
2026-01-02 11:11:39 | INFO    | PIPELINE | Sistema de Logging Iniciado: C:\Users\Usuario\Documents\Scripts\EM DESENVOLVIMENTO RankingVendedores2.0\logs\CRIARTEMPLATE_20260102_111139.log
2026-01-02 11:11:39 | INFO    | PIPELINE | Modo: DEV
2026-01-02 11:11:39 | INFO    | ===========================================================================
2026-01-02 11:11:40 | INFO    | BACKUP | Backup diário realizado em: C:\Users\Usuario\Documents\Scripts\EM DESENVOLVIMENTO RankingVendedores2.0\backups\2026-01-02 (2 arquivos)
2026-01-02 11:11:40 | INFO    | BACKUP | Backups locais criados junto dos arquivos originais
2026-01-02 11:11:40 | INFO    | PIPELINE | INICIANDO EXECUCAO: src.web_automation
2026-01-02 11:11:40 | INFO    | PIPELINE | MODO: INTERACTIVE | Envio WhatsApp: HABILITADO
2026-01-02 11:11:40 | INFO    | INGESTAO | Iniciando download de planilhas...
2026-01-02 11:11:40 | INFO    | INGESTAO | Tentativa 1/3
2026-01-02 11:11:40 | INFO    | 🌐 [WEB] Modo INTERACTIVE: Interface visível habilitada
2026-01-02 11:11:42 | INFO    | Iniciando automação web...
2026-01-02 11:11:42 | INFO    | Acessando o site: https://bi-cloud-partner3.citelsoftware.com.br:41451
2026-01-02 11:11:51 | INFO    | Fluxo de login finalizado.
2026-01-02 11:11:56 | INFO    | Arquivo existente encontrado: MetaVendedor_0201.xlsx. Removendo para garantir atualização diária.
2026-01-02 11:11:56 | INFO    | Iniciando exportação do painel de Meta por Vendedor...
2026-01-02 11:11:58 | INFO    | Tentativa de Exportação BI 1/3
2026-01-02 11:12:04 | INFO    | Solicitado download Meta Vendedor. Aguardando...
2026-01-02 11:12:34 | INFO    | Arquivo movido: Meta por vendedor - S _ Departamento TELE VENDAS (Mês Alternado) - 2 Jan 2026.xlsx -> MetaVendedor_0201.xlsx
2026-01-02 11:12:34 | INFO    | Validando conteúdo do arquivo (BI Check)...
2026-01-02 11:12:34 | INFO    | Arquivo validado com sucesso!
2026-01-02 11:12:34 | INFO    | Fluxo de Meta Vendedor concluído. Finalizando automação.
2026-01-02 11:12:34 | INFO    | Fechando o navegador.
2026-01-02 11:12:36 | INFO    | Automação web concluída. Arquivos baixados: ['meta_vendedor']
2026-01-02 11:12:36 | INFO    | INGESTAO | Validando sanidade do arquivo...
2026-01-02 11:12:36 | INFO    | INGESTAO | Arquivo válido e saneado. Prosseguindo.
2026-01-02 11:12:36 | INFO    | PROCESSAMENTO | Iniciando processamento: MetaVendedor_0201.xlsx
2026-01-02 11:12:36 | INFO    | INGESTAO | Tentativa 1/3 de leitura do Meta Vendedor
2026-01-02 11:12:37 | INFO    | INGESTAO | Validando integridade do Excel (pré-header)
2026-01-02 11:12:37 | INFO    | INGESTAO | Excel passou na validação de integridade
2026-01-02 11:12:37 | INFO    | INGESTAO | Arquivo válido detectado.
2026-01-02 11:12:37 | INFO    | INGESTAO | Iniciando analise de header: MetaVendedor_0201.xlsx
2026-01-02 11:12:37 | INFO    | INGESTAO | Header Linha 0: Valid=1 Cols=['META POR VENDEDOR - S / DEPARTAMENTO TELE VENDAS (MES ALTERNADO)', '', '', '', '', '', '', '', '', '', '', '', '', '', '', '', '', '', '', '', '', '', '', '']
2026-01-02 11:12:37 | INFO    | INGESTAO | Header Linha 1: Valid=1 Cols=['META DE VENDA POR VENDEDOR SEM DEPARTAMENTO TELEVENDAS', '', '', '', '', '', '', '', '', '', '', '', '', '', '', '', '', '', '', '', '', '', '', '']
2026-01-02 11:12:37 | INFO    | INGESTAO | Header Linha 2: Valid=0 Cols=['', '', '', '', '', '', '', '', '', '', '', '', '', '', '', '', '', '', '', '', '', '', '', '']
2026-01-02 11:12:37 | INFO    | INGESTAO | Header Linha 3: Valid=24 Cols=['COD.', 'NOME', 'META', 'FATURADO MES', '% ALCANCE', 'FAT. PROJETADO', '% PROJETADO', 'FALTA META MES', 'META DIARIA', 'FAT. HOJE', 'VALOR ABERTO', '% FAT. + ABERTO', 'PRAZO MEDIO', 'VENDAS', 'TICKET MEDIO', 'QTD ITENS POR NOTA', 'CARTEIRA', 'ATEND.', '% ATEND.', 'META MARG.', '% MARGEM', 'TOTAL DESCONTO', 'META DESCONTO', '% DESCONTO']
2026-01-02 11:12:37 | INFO    | INGESTAO | Cabeçalho detectado na linha 3
2026-01-02 11:12:37 | INFO    | FILTER | 14 Gerentes removidos do ranking.
2026-01-02 11:12:37 | INFO    | PROCESSAMENTO | Vendedores: 81. Páginas: 7
2026-01-02 11:12:37 | INFO    | Playwright disponível
2026-01-02 11:12:37 | INFO    | Selenium disponível
2026-01-02 11:12:37 | INFO    | Playwright disponível, tentando usar...
2026-01-02 11:12:37 | INFO    | Inicializando Playwright...
2026-01-02 11:12:38 | INFO    | Lançando browser Chromium...
2026-01-02 11:12:38 | INFO    | Browser lançado, criando nova página...
2026-01-02 11:12:38 | INFO    | Página criada, carregando conteúdo HTML...
2026-01-02 11:12:38 | INFO    | Conteúdo carregado, aguardando 600ms para renderização completa...
2026-01-02 11:12:39 | INFO    | Tirando screenshot...
2026-01-02 11:12:39 | INFO    | Screenshot salvo, fechando browser...
2026-01-02 11:12:39 | INFO    | Browser fechado
2026-01-02 11:12:39 | INFO    | Screenshot HTML salva em C:\Users\Usuario\Documents\Scripts\EM DESENVOLVIMENTO RankingVendedores2.0\data\ranking_vendedor_p1.png (via Playwright)
2026-01-02 11:12:39 | INFO    | ✅ Conversão concluída via Playwright
2026-01-02 11:12:39 | INFO    | Playwright disponível
2026-01-02 11:12:39 | INFO    | Selenium disponível
2026-01-02 11:12:39 | INFO    | Playwright disponível, tentando usar...
2026-01-02 11:12:39 | INFO    | Inicializando Playwright...
2026-01-02 11:12:40 | INFO    | Lançando browser Chromium...
2026-01-02 11:12:40 | INFO    | Browser lançado, criando nova página...
2026-01-02 11:12:40 | INFO    | Página criada, carregando conteúdo HTML...
2026-01-02 11:12:40 | INFO    | Conteúdo carregado, aguardando 600ms para renderização completa...
2026-01-02 11:12:41 | INFO    | Tirando screenshot...
2026-01-02 11:12:41 | INFO    | Screenshot salvo, fechando browser...
2026-01-02 11:12:42 | INFO    | Browser fechado
2026-01-02 11:12:42 | INFO    | Screenshot HTML salva em C:\Users\Usuario\Documents\Scripts\EM DESENVOLVIMENTO RankingVendedores2.0\data\ranking_vendedor_p2.png (via Playwright)
2026-01-02 11:12:42 | INFO    | ✅ Conversão concluída via Playwright
2026-01-02 11:12:42 | INFO    | Playwright disponível
2026-01-02 11:12:42 | INFO    | Selenium disponível
2026-01-02 11:12:42 | INFO    | Playwright disponível, tentando usar...
2026-01-02 11:12:42 | INFO    | Inicializando Playwright...
2026-01-02 11:12:42 | INFO    | Lançando browser Chromium...
2026-01-02 11:12:43 | INFO    | Browser lançado, criando nova página...
2026-01-02 11:12:43 | INFO    | Página criada, carregando conteúdo HTML...
2026-01-02 11:12:43 | INFO    | Conteúdo carregado, aguardando 600ms para renderização completa...
2026-01-02 11:12:44 | INFO    | Tirando screenshot...
2026-01-02 11:12:44 | INFO    | Screenshot salvo, fechando browser...
2026-01-02 11:12:44 | INFO    | Browser fechado
2026-01-02 11:12:44 | INFO    | Screenshot HTML salva em C:\Users\Usuario\Documents\Scripts\EM DESENVOLVIMENTO RankingVendedores2.0\data\ranking_vendedor_p3.png (via Playwright)
2026-01-02 11:12:44 | INFO    | ✅ Conversão concluída via Playwright
2026-01-02 11:12:44 | INFO    | Playwright disponível
2026-01-02 11:12:44 | INFO    | Selenium disponível
2026-01-02 11:12:44 | INFO    | Playwright disponível, tentando usar...
2026-01-02 11:12:44 | INFO    | Inicializando Playwright...
2026-01-02 11:12:44 | INFO    | Lançando browser Chromium...
2026-01-02 11:12:44 | INFO    | Browser lançado, criando nova página...
2026-01-02 11:12:44 | INFO    | Página criada, carregando conteúdo HTML...
2026-01-02 11:12:45 | INFO    | Conteúdo carregado, aguardando 600ms para renderização completa...
2026-01-02 11:12:46 | INFO    | Tirando screenshot...
2026-01-02 11:12:46 | INFO    | Screenshot salvo, fechando browser...
2026-01-02 11:12:46 | INFO    | Browser fechado
2026-01-02 11:12:46 | INFO    | Screenshot HTML salva em C:\Users\Usuario\Documents\Scripts\EM DESENVOLVIMENTO RankingVendedores2.0\data\ranking_vendedor_p4.png (via Playwright)
2026-01-02 11:12:46 | INFO    | ✅ Conversão concluída via Playwright
2026-01-02 11:12:46 | INFO    | Playwright disponível
2026-01-02 11:12:46 | INFO    | Selenium disponível
2026-01-02 11:12:46 | INFO    | Playwright disponível, tentando usar...
2026-01-02 11:12:46 | INFO    | Inicializando Playwright...
2026-01-02 11:12:47 | INFO    | Lançando browser Chromium...
2026-01-02 11:12:47 | INFO    | Browser lançado, criando nova página...
2026-01-02 11:12:47 | INFO    | Página criada, carregando conteúdo HTML...
2026-01-02 11:12:47 | INFO    | Conteúdo carregado, aguardando 600ms para renderização completa...
2026-01-02 11:12:48 | INFO    | Tirando screenshot...
2026-01-02 11:12:48 | INFO    | Screenshot salvo, fechando browser...
2026-01-02 11:12:48 | INFO    | Browser fechado
2026-01-02 11:12:48 | INFO    | Screenshot HTML salva em C:\Users\Usuario\Documents\Scripts\EM DESENVOLVIMENTO RankingVendedores2.0\data\ranking_vendedor_p5.png (via Playwright)
2026-01-02 11:12:48 | INFO    | ✅ Conversão concluída via Playwright
2026-01-02 11:12:48 | INFO    | Playwright disponível
2026-01-02 11:12:48 | INFO    | Selenium disponível
2026-01-02 11:12:48 | INFO    | Playwright disponível, tentando usar...
2026-01-02 11:12:48 | INFO    | Inicializando Playwright...
2026-01-02 11:12:49 | INFO    | Lançando browser Chromium...
2026-01-02 11:12:49 | INFO    | Browser lançado, criando nova página...
2026-01-02 11:12:49 | INFO    | Página criada, carregando conteúdo HTML...
2026-01-02 11:12:49 | INFO    | Conteúdo carregado, aguardando 600ms para renderização completa...
2026-01-02 11:12:50 | INFO    | Tirando screenshot...
2026-01-02 11:12:50 | INFO    | Screenshot salvo, fechando browser...
2026-01-02 11:12:51 | INFO    | Browser fechado
2026-01-02 11:12:51 | INFO    | Screenshot HTML salva em C:\Users\Usuario\Documents\Scripts\EM DESENVOLVIMENTO RankingVendedores2.0\data\ranking_vendedor_p6.png (via Playwright)
2026-01-02 11:12:51 | INFO    | ✅ Conversão concluída via Playwright
2026-01-02 11:12:51 | INFO    | Playwright disponível
2026-01-02 11:12:51 | INFO    | Selenium disponível
2026-01-02 11:12:51 | INFO    | Playwright disponível, tentando usar...
2026-01-02 11:12:51 | INFO    | Inicializando Playwright...
2026-01-02 11:12:51 | INFO    | Lançando browser Chromium...
2026-01-02 11:12:51 | INFO    | Browser lançado, criando nova página...
2026-01-02 11:12:51 | INFO    | Página criada, carregando conteúdo HTML...
2026-01-02 11:12:52 | INFO    | Conteúdo carregado, aguardando 600ms para renderização completa...
2026-01-02 11:12:53 | INFO    | Tirando screenshot...
2026-01-02 11:12:53 | INFO    | Screenshot salvo, fechando browser...
2026-01-02 11:12:53 | INFO    | Browser fechado
2026-01-02 11:12:53 | INFO    | Screenshot HTML salva em C:\Users\Usuario\Documents\Scripts\EM DESENVOLVIMENTO RankingVendedores2.0\data\ranking_vendedor_p7.png (via Playwright)
2026-01-02 11:12:53 | INFO    | ✅ Conversão concluída via Playwright
2026-01-02 11:12:53 | INFO    | 🎮 GAMIFICACAO | Engine: OK
2026-01-02 11:12:53 | ERROR   | PONTOS | Erro: name 'conn' is not defined
2026-01-02 11:12:53 | INFO    | Playwright disponível
2026-01-02 11:12:53 | INFO    | Selenium disponível
2026-01-02 11:12:53 | INFO    | Playwright disponível, tentando usar...
2026-01-02 11:12:53 | INFO    | Inicializando Playwright...
2026-01-02 11:12:54 | INFO    | Lançando browser Chromium...
2026-01-02 11:12:54 | INFO    | Browser lançado, criando nova página...
2026-01-02 11:12:54 | INFO    | Página criada, carregando conteúdo HTML...
2026-01-02 11:12:54 | INFO    | Conteúdo carregado, aguardando 600ms para renderização completa...
2026-01-02 11:12:55 | INFO    | Tirando screenshot...
2026-01-02 11:12:55 | INFO    | Screenshot salvo, fechando browser...
2026-01-02 11:12:55 | INFO    | Browser fechado
2026-01-02 11:12:55 | INFO    | Screenshot HTML salva em C:\Users\Usuario\Documents\Scripts\EM DESENVOLVIMENTO RankingVendedores2.0\data\ranking_semanal_p1.png (via Playwright)
2026-01-02 11:12:55 | INFO    | ✅ Conversão concluída via Playwright
2026-01-02 11:12:55 | INFO    | Playwright disponível
2026-01-02 11:12:55 | INFO    | Selenium disponível
2026-01-02 11:12:55 | INFO    | Playwright disponível, tentando usar...
2026-01-02 11:12:55 | INFO    | Inicializando Playwright...
2026-01-02 11:12:56 | INFO    | Lançando browser Chromium...
2026-01-02 11:12:56 | INFO    | Browser lançado, criando nova página...
2026-01-02 11:12:56 | INFO    | Página criada, carregando conteúdo HTML...
2026-01-02 11:12:57 | INFO    | Conteúdo carregado, aguardando 600ms para renderização completa...
2026-01-02 11:12:57 | INFO    | Tirando screenshot...
2026-01-02 11:12:57 | INFO    | Screenshot salvo, fechando browser...
2026-01-02 11:12:57 | INFO    | Browser fechado
2026-01-02 11:12:57 | INFO    | Screenshot HTML salva em C:\Users\Usuario\Documents\Scripts\EM DESENVOLVIMENTO RankingVendedores2.0\data\ranking_semanal_p2.png (via Playwright)
2026-01-02 11:12:58 | INFO    | ✅ Conversão concluída via Playwright
2026-01-02 11:12:58 | INFO    | Playwright disponível
2026-01-02 11:12:58 | INFO    | Selenium disponível
2026-01-02 11:12:58 | INFO    | Playwright disponível, tentando usar...
2026-01-02 11:12:58 | INFO    | Inicializando Playwright...
2026-01-02 11:12:58 | INFO    | Lançando browser Chromium...
2026-01-02 11:12:58 | INFO    | Browser lançado, criando nova página...
2026-01-02 11:12:58 | INFO    | Página criada, carregando conteúdo HTML...
2026-01-02 11:12:59 | INFO    | Conteúdo carregado, aguardando 600ms para renderização completa...
2026-01-02 11:13:00 | INFO    | Tirando screenshot...
2026-01-02 11:13:00 | INFO    | Screenshot salvo, fechando browser...
2026-01-02 11:13:00 | INFO    | Browser fechado
2026-01-02 11:13:00 | INFO    | Screenshot HTML salva em C:\Users\Usuario\Documents\Scripts\EM DESENVOLVIMENTO RankingVendedores2.0\data\ranking_semanal_p3.png (via Playwright)
2026-01-02 11:13:00 | INFO    | ✅ Conversão concluída via Playwright
2026-01-02 11:13:00 | INFO    | Playwright disponível
2026-01-02 11:13:00 | INFO    | Selenium disponível
2026-01-02 11:13:00 | INFO    | Playwright disponível, tentando usar...
2026-01-02 11:13:00 | INFO    | Inicializando Playwright...
2026-01-02 11:13:01 | INFO    | Lançando browser Chromium...
2026-01-02 11:13:01 | INFO    | Browser lançado, criando nova página...
2026-01-02 11:13:01 | INFO    | Página criada, carregando conteúdo HTML...
2026-01-02 11:13:02 | INFO    | Conteúdo carregado, aguardando 600ms para renderização completa...
2026-01-02 11:13:02 | INFO    | Tirando screenshot...
2026-01-02 11:13:02 | INFO    | Screenshot salvo, fechando browser...
2026-01-02 11:13:03 | INFO    | Browser fechado
2026-01-02 11:13:03 | INFO    | Screenshot HTML salva em C:\Users\Usuario\Documents\Scripts\EM DESENVOLVIMENTO RankingVendedores2.0\data\ranking_semanal_p4.png (via Playwright)
2026-01-02 11:13:03 | INFO    | ✅ Conversão concluída via Playwright
2026-01-02 11:13:03 | INFO    | Playwright disponível
2026-01-02 11:13:03 | INFO    | Selenium disponível
2026-01-02 11:13:03 | INFO    | Playwright disponível, tentando usar...
2026-01-02 11:13:03 | INFO    | Inicializando Playwright...
2026-01-02 11:13:03 | INFO    | Lançando browser Chromium...
2026-01-02 11:13:03 | INFO    | Browser lançado, criando nova página...
2026-01-02 11:13:04 | INFO    | Página criada, carregando conteúdo HTML...
2026-01-02 11:13:04 | INFO    | Conteúdo carregado, aguardando 600ms para renderização completa...
2026-01-02 11:13:05 | INFO    | Tirando screenshot...
2026-01-02 11:13:05 | INFO    | Screenshot salvo, fechando browser...
2026-01-02 11:13:05 | INFO    | Browser fechado
2026-01-02 11:13:05 | INFO    | Screenshot HTML salva em C:\Users\Usuario\Documents\Scripts\EM DESENVOLVIMENTO RankingVendedores2.0\data\ranking_semanal_p5.png (via Playwright)
2026-01-02 11:13:05 | INFO    | ✅ Conversão concluída via Playwright
2026-01-02 11:13:05 | INFO    | Playwright disponível
2026-01-02 11:13:05 | INFO    | Selenium disponível
2026-01-02 11:13:05 | INFO    | Playwright disponível, tentando usar...
2026-01-02 11:13:05 | INFO    | Inicializando Playwright...
2026-01-02 11:13:06 | INFO    | Lançando browser Chromium...
2026-01-02 11:13:06 | INFO    | Browser lançado, criando nova página...
2026-01-02 11:13:06 | INFO    | Página criada, carregando conteúdo HTML...
2026-01-02 11:13:06 | INFO    | Conteúdo carregado, aguardando 600ms para renderização completa...
2026-01-02 11:13:07 | INFO    | Tirando screenshot...
2026-01-02 11:13:07 | INFO    | Screenshot salvo, fechando browser...
2026-01-02 11:13:07 | INFO    | Browser fechado
2026-01-02 11:13:07 | INFO    | Screenshot HTML salva em C:\Users\Usuario\Documents\Scripts\EM DESENVOLVIMENTO RankingVendedores2.0\data\ranking_semanal_p6.png (via Playwright)
2026-01-02 11:13:08 | INFO    | ✅ Conversão concluída via Playwright
2026-01-02 11:13:08 | INFO    | Playwright disponível
2026-01-02 11:13:08 | INFO    | Selenium disponível
2026-01-02 11:13:08 | INFO    | Playwright disponível, tentando usar...
2026-01-02 11:13:08 | INFO    | Inicializando Playwright...
2026-01-02 11:13:08 | INFO    | Lançando browser Chromium...
2026-01-02 11:13:08 | INFO    | Browser lançado, criando nova página...
2026-01-02 11:13:09 | INFO    | Página criada, carregando conteúdo HTML...
2026-01-02 11:13:09 | INFO    | Conteúdo carregado, aguardando 600ms para renderização completa...
2026-01-02 11:13:10 | INFO    | Tirando screenshot...
2026-01-02 11:13:10 | INFO    | Screenshot salvo, fechando browser...
2026-01-02 11:13:10 | INFO    | Browser fechado
2026-01-02 11:13:10 | INFO    | Screenshot HTML salva em C:\Users\Usuario\Documents\Scripts\EM DESENVOLVIMENTO RankingVendedores2.0\data\ranking_semanal_p7.png (via Playwright)
2026-01-02 11:13:10 | INFO    | ✅ Conversão concluída via Playwright
2026-01-02 11:13:12 | INFO    | Playwright disponível
2026-01-02 11:13:12 | INFO    | Selenium disponível
2026-01-02 11:13:12 | INFO    | Playwright disponível, tentando usar...
2026-01-02 11:13:12 | INFO    | Inicializando Playwright...
2026-01-02 11:13:12 | INFO    | Lançando browser Chromium...
2026-01-02 11:13:13 | INFO    | Browser lançado, criando nova página...
2026-01-02 11:13:13 | INFO    | Página criada, carregando conteúdo HTML...
2026-01-02 11:13:13 | INFO    | Conteúdo carregado, aguardando 600ms para renderização completa...
2026-01-02 11:13:14 | INFO    | Tirando screenshot...
2026-01-02 11:13:14 | INFO    | Screenshot salvo, fechando browser...
2026-01-02 11:13:17 | INFO    | Browser fechado
2026-01-02 11:13:17 | INFO    | Screenshot HTML salva em C:\Users\Usuario\Documents\Scripts\EM DESENVOLVIMENTO RankingVendedores2.0\data\ranking_mensal_p1.png (via Playwright)
2026-01-02 11:13:17 | INFO    | ✅ Conversão concluída via Playwright
2026-01-02 11:13:17 | INFO    | Playwright disponível
2026-01-02 11:13:17 | INFO    | Selenium disponível
2026-01-02 11:13:17 | INFO    | Playwright disponível, tentando usar...
2026-01-02 11:13:17 | INFO    | Inicializando Playwright...
2026-01-02 11:13:18 | INFO    | Lançando browser Chromium...
2026-01-02 11:13:18 | INFO    | Browser lançado, criando nova página...
2026-01-02 11:13:19 | INFO    | Página criada, carregando conteúdo HTML...
2026-01-02 11:13:19 | INFO    | Conteúdo carregado, aguardando 600ms para renderização completa...
2026-01-02 11:13:20 | INFO    | Tirando screenshot...
2026-01-02 11:13:20 | INFO    | Screenshot salvo, fechando browser...
2026-01-02 11:13:22 | INFO    | Browser fechado
2026-01-02 11:13:22 | INFO    | Screenshot HTML salva em C:\Users\Usuario\Documents\Scripts\EM DESENVOLVIMENTO RankingVendedores2.0\data\ranking_mensal_p2.png (via Playwright)
2026-01-02 11:13:22 | INFO    | ✅ Conversão concluída via Playwright
2026-01-02 11:13:22 | INFO    | Playwright disponível
2026-01-02 11:13:22 | INFO    | Selenium disponível
2026-01-02 11:13:22 | INFO    | Playwright disponível, tentando usar...
2026-01-02 11:13:22 | INFO    | Inicializando Playwright...
2026-01-02 11:13:22 | INFO    | Lançando browser Chromium...
2026-01-02 11:13:22 | INFO    | Browser lançado, criando nova página...
2026-01-02 11:13:23 | INFO    | Página criada, carregando conteúdo HTML...
2026-01-02 11:13:23 | INFO    | Conteúdo carregado, aguardando 600ms para renderização completa...
2026-01-02 11:13:24 | INFO    | Tirando screenshot...
2026-01-02 11:13:24 | INFO    | Screenshot salvo, fechando browser...
2026-01-02 11:13:24 | INFO    | Browser fechado
2026-01-02 11:13:24 | INFO    | Screenshot HTML salva em C:\Users\Usuario\Documents\Scripts\EM DESENVOLVIMENTO RankingVendedores2.0\data\ranking_mensal_p3.png (via Playwright)
2026-01-02 11:13:24 | INFO    | ✅ Conversão concluída via Playwright
2026-01-02 11:13:24 | INFO    | Playwright disponível
2026-01-02 11:13:24 | INFO    | Selenium disponível
2026-01-02 11:13:24 | INFO    | Playwright disponível, tentando usar...
2026-01-02 11:13:24 | INFO    | Inicializando Playwright...
2026-01-02 11:13:25 | INFO    | Lançando browser Chromium...
2026-01-02 11:13:25 | INFO    | Browser lançado, criando nova página...
2026-01-02 11:13:25 | INFO    | Página criada, carregando conteúdo HTML...
2026-01-02 11:13:26 | INFO    | Conteúdo carregado, aguardando 600ms para renderização completa...
2026-01-02 11:13:26 | INFO    | Tirando screenshot...
2026-01-02 11:13:27 | INFO    | Screenshot salvo, fechando browser...
2026-01-02 11:13:27 | INFO    | Browser fechado
2026-01-02 11:13:27 | INFO    | Screenshot HTML salva em C:\Users\Usuario\Documents\Scripts\EM DESENVOLVIMENTO RankingVendedores2.0\data\ranking_mensal_p4.png (via Playwright)
2026-01-02 11:13:27 | INFO    | ✅ Conversão concluída via Playwright
2026-01-02 11:13:27 | INFO    | Playwright disponível
2026-01-02 11:13:27 | INFO    | Selenium disponível
2026-01-02 11:13:27 | INFO    | Playwright disponível, tentando usar...
2026-01-02 11:13:27 | INFO    | Inicializando Playwright...
2026-01-02 11:13:27 | INFO    | Lançando browser Chromium...
2026-01-02 11:13:27 | INFO    | Browser lançado, criando nova página...
2026-01-02 11:13:28 | INFO    | Página criada, carregando conteúdo HTML...
2026-01-02 11:13:28 | INFO    | Conteúdo carregado, aguardando 600ms para renderização completa...
2026-01-02 11:13:29 | INFO    | Tirando screenshot...
2026-01-02 11:13:29 | INFO    | Screenshot salvo, fechando browser...
2026-01-02 11:13:29 | INFO    | Browser fechado
2026-01-02 11:13:29 | INFO    | Screenshot HTML salva em C:\Users\Usuario\Documents\Scripts\EM DESENVOLVIMENTO RankingVendedores2.0\data\ranking_mensal_p5.png (via Playwright)
2026-01-02 11:13:29 | INFO    | ✅ Conversão concluída via Playwright
2026-01-02 11:13:29 | INFO    | Playwright disponível
2026-01-02 11:13:29 | INFO    | Selenium disponível
2026-01-02 11:13:29 | INFO    | Playwright disponível, tentando usar...
2026-01-02 11:13:29 | INFO    | Inicializando Playwright...
2026-01-02 11:13:30 | INFO    | Lançando browser Chromium...
2026-01-02 11:13:30 | INFO    | Browser lançado, criando nova página...
2026-01-02 11:13:30 | INFO    | Página criada, carregando conteúdo HTML...
2026-01-02 11:13:31 | INFO    | Conteúdo carregado, aguardando 600ms para renderização completa...
2026-01-02 11:13:31 | INFO    | Tirando screenshot...
2026-01-02 11:13:32 | INFO    | Screenshot salvo, fechando browser...
2026-01-02 11:13:32 | INFO    | Browser fechado
2026-01-02 11:13:32 | INFO    | Screenshot HTML salva em C:\Users\Usuario\Documents\Scripts\EM DESENVOLVIMENTO RankingVendedores2.0\data\ranking_mensal_p6.png (via Playwright)
2026-01-02 11:13:32 | INFO    | ✅ Conversão concluída via Playwright
2026-01-02 11:13:32 | INFO    | Playwright disponível
2026-01-02 11:13:32 | INFO    | Selenium disponível
2026-01-02 11:13:32 | INFO    | Playwright disponível, tentando usar...
2026-01-02 11:13:32 | INFO    | Inicializando Playwright...
2026-01-02 11:13:33 | INFO    | Lançando browser Chromium...
2026-01-02 11:13:33 | INFO    | Browser lançado, criando nova página...
2026-01-02 11:13:33 | INFO    | Página criada, carregando conteúdo HTML...
2026-01-02 11:13:33 | INFO    | Conteúdo carregado, aguardando 600ms para renderização completa...
2026-01-02 11:13:34 | INFO    | Tirando screenshot...
2026-01-02 11:13:34 | INFO    | Screenshot salvo, fechando browser...
2026-01-02 11:13:35 | INFO    | Browser fechado
2026-01-02 11:13:35 | INFO    | Screenshot HTML salva em C:\Users\Usuario\Documents\Scripts\EM DESENVOLVIMENTO RankingVendedores2.0\data\ranking_mensal_p7.png (via Playwright)
2026-01-02 11:13:35 | INFO    | ✅ Conversão concluída via Playwright
2026-01-02 11:13:36 | INFO    | ⏳ DIÁRIO | Fora da janela ou já enviado.
2026-01-02 11:13:36 | INFO    | 💬 [PYWHATKIT] Enviando para +5522997335858...
2026-01-02 11:14:00 | INFO    | ✅ [PYWHATKIT] Comando enviado para +5522997335858
2026-01-02 11:14:01 | INFO    | RANKING | Sucesso! Gerado em: C:\Users\Usuario\Documents\Scripts\EM DESENVOLVIMENTO RankingVendedores2.0\data\ranking_vendedor_p1.png
2026-01-02 11:14:01 | INFO    | GIT SYNC | Sincronizando dados no modo INTERACTIVE...
2026-01-02 11:14:02 | INFO    | GIT SYNC | Realizando push para o repositório...
2026-01-02 11:14:07 | INFO    | GIT SYNC | Sucesso!
2026-01-02 11:14:07 | INFO    | PIPELINE | Execucao finalizada com sucesso
