2025-12-01 17:35:00 | INFO     | CRIARTEMPLATE | _setup_root_logger:141 | ================================================================================
2025-12-01 17:35:00 | INFO     | CRIARTEMPLATE | _setup_root_logger:142 | Sistema de Logging Iniciado - Arquivo: C:\Users\Usuario\Documents\Scripts\EM DESENVOLVIMENTO RankingLojas\logs\CRIARTEMPLATE_20251201_173500.log
2025-12-01 17:35:00 | INFO     | CRIARTEMPLATE | _setup_root_logger:143 | Modo: DESENVOLVIMENTO
2025-12-01 17:35:00 | INFO     | CRIARTEMPLATE | _setup_root_logger:146 | Diretório de logs: C:\Users\Usuario\Documents\Scripts\EM DESENVOLVIMENTO RankingLojas\logs
2025-12-01 17:35:00 | INFO     | CRIARTEMPLATE | _setup_root_logger:147 | ================================================================================
2025-12-01 17:35:00 | INFO     | CRIARTEMPLATE | main:147 | ================================================================================
2025-12-01 17:35:00 | INFO     | CRIARTEMPLATE | main:148 | INICIANDO CRIARTEMPLATE
2025-12-01 17:35:00 | INFO     | CRIARTEMPLATE | main:149 | Modo: DESENVOLVIMENTO
2025-12-01 17:35:00 | INFO     | CRIARTEMPLATE | main:152 | ================================================================================
2025-12-01 17:35:00 | INFO     | CRIARTEMPLATE | main:157 | Configurações carregadas. Diretório base: C:\Users\Usuario\Documents\Scripts\EM DESENVOLVIMENTO RankingLojas
2025-12-01 17:35:00 | INFO     | CRIARTEMPLATE | main:163 | Executando ranking diário...
2025-12-01 17:35:00 | INFO     | CRIARTEMPLATE | _run_ranking_diario:61 | Baixando planilha 'Meta por empresa geral' para o ranking diário...
2025-12-01 17:36:16 | INFO     | CRIARTEMPLATE | _run_ranking_diario:76 | Gerando ranking diário a partir de C:\Users\Usuario\Documents\Scripts\EM DESENVOLVIMENTO RankingLojas\data\meta_empresa_20251201.xlsx ...
2025-12-01 17:36:16 | ERROR    | CRIARTEMPLATE | _run_ranking_diario:86 | ❌ ERRO ao gerar ranking diário: Planilha deve conter as colunas 'Meta diaria' e 'Fat. Hoje'.
Traceback (most recent call last):
  File "C:\Users\Usuario\Documents\Scripts\EM DESENVOLVIMENTO RankingLojas\main.py", line 78, in _run_ranking_diario
    destino = gerar_ranking_diario(meta_path, data_dir)
  File "C:\Users\Usuario\Documents\Scripts\EM DESENVOLVIMENTO RankingLojas\src\daily_ranking.py", line 476, in gerar_ranking_diario
    df_completo = _preparar_dataframe(meta_path, cfg)
  File "C:\Users\Usuario\Documents\Scripts\EM DESENVOLVIMENTO RankingLojas\src\daily_ranking.py", line 217, in _preparar_dataframe
    raise ValueError("Planilha deve conter as colunas 'Meta diaria' e 'Fat. Hoje'.")
ValueError: Planilha deve conter as colunas 'Meta diaria' e 'Fat. Hoje'.
2025-12-01 17:36:16 | ERROR    | CRIARTEMPLATE | main:178 | ================================================================================
2025-12-01 17:36:16 | ERROR    | CRIARTEMPLATE | main:179 | ERRO FATAL NÃO TRATADO
2025-12-01 17:36:16 | ERROR    | CRIARTEMPLATE | main:180 | ================================================================================
2025-12-01 17:36:16 | ERROR    | CRIARTEMPLATE | main:181 | Tipo: ValueError
2025-12-01 17:36:16 | ERROR    | CRIARTEMPLATE | main:182 | Mensagem: Planilha deve conter as colunas 'Meta diaria' e 'Fat. Hoje'.
2025-12-01 17:36:16 | ERROR    | CRIARTEMPLATE | main:183 | Traceback completo:
2025-12-01 17:36:16 | ERROR    | CRIARTEMPLATE | main:184 | Traceback (most recent call last):
  File "C:\Users\Usuario\Documents\Scripts\EM DESENVOLVIMENTO RankingLojas\main.py", line 164, in main
    _run_ranking_diario(args.meta_arquivo, paths_cfg, args.force)
    ~~~~~~~~~~~~~~~~~~~^^^^^^^^^^^^^^^^^^^^^^^^^^^^^^^^^^^^^^^^^^
  File "C:\Users\Usuario\Documents\Scripts\EM DESENVOLVIMENTO RankingLojas\main.py", line 78, in _run_ranking_diario
    destino = gerar_ranking_diario(meta_path, data_dir)
  File "C:\Users\Usuario\Documents\Scripts\EM DESENVOLVIMENTO RankingLojas\src\daily_ranking.py", line 476, in gerar_ranking_diario
    df_completo = _preparar_dataframe(meta_path, cfg)
  File "C:\Users\Usuario\Documents\Scripts\EM DESENVOLVIMENTO RankingLojas\src\daily_ranking.py", line 217, in _preparar_dataframe
    raise ValueError("Planilha deve conter as colunas 'Meta diaria' e 'Fat. Hoje'.")
ValueError: Planilha deve conter as colunas 'Meta diaria' e 'Fat. Hoje'.

2025-12-01 17:36:16 | ERROR    | CRIARTEMPLATE | main:185 | ================================================================================
