2025-12-23 16:23:27 | INFO    | ===========================================================================
2025-12-23 16:23:27 | INFO    | PIPELINE | Sistema de Logging Iniciado: C:\Users\Usuario\Documents\Scripts\EM DESENVOLVIMENTO RankingLojas\logs\CRIARTEMPLATE_20251223_162327.log
2025-12-23 16:23:27 | INFO    | PIPELINE | Modo: DEV
2025-12-23 16:23:27 | INFO    | ===========================================================================
2025-12-23 16:23:27 | INFO    | BACKUP | Backup diário realizado em: C:\Users\Usuario\Documents\Scripts\EM DESENVOLVIMENTO RankingLojas\backups\2025-12-23 (2 arquivos)
2025-12-23 16:23:27 | INFO    | PIPELINE | INICIANDO EXECUCAO: src.web_automation
2025-12-23 16:23:27 | INFO    | INGESTAO | Iniciando download de planilhas...
2025-12-23 16:23:29 | INFO    | Iniciando automação web...
2025-12-23 16:23:29 | INFO    | Acessando o site: https://bi-cloud-partner3.citelsoftware.com.br:41451
2025-12-23 16:23:38 | INFO    | Fluxo de login finalizado.
2025-12-23 16:23:44 | INFO    | Iniciando exportação do painel de Meta por Vendedor...
2025-12-23 16:23:49 | INFO    | Solicitado download Meta Vendedor. Aguardando...
2025-12-23 16:24:19 | INFO    | Arquivo movido: Meta por vendedor - S _ Departamento TELE VENDAS (Mês Alternado) - 23 Dec 2025 (5).xlsx -> MetaVendedor_2312.xlsx
2025-12-23 16:24:19 | INFO    | Arquivo Meta Vendedor baixado: MetaVendedor_2312.xlsx
2025-12-23 16:24:19 | INFO    | Fluxo de Meta Vendedor concluído. Finalizando automação.
2025-12-23 16:24:19 | INFO    | Fechando o navegador.
2025-12-23 16:24:21 | INFO    | Automação web concluída. Arquivos baixados: ['meta_vendedor']
2025-12-23 16:24:21 | INFO    | PROCESSAMENTO | Iniciando processamento: MetaVendedor_2312.xlsx
2025-12-23 16:24:21 | INFO    | INGESTAO | Tentativa 1/3 de leitura do Meta Vendedor
2025-12-23 16:24:21 | INFO    | INGESTAO | Validando integridade do Excel (pré-header)
2025-12-23 16:24:21 | ERROR   | INGESTAO | Excel inválido detectado (Linha 3): 'Erro ao recuperar resultados'
2025-12-23 16:24:21 | INFO    | INGESTAO | Arquivo inválido removido.
2025-12-23 16:25:01 | INFO    | INGESTAO | Tentativa 2/3 de leitura do Meta Vendedor
2025-12-23 16:25:01 | WARNING | INGESTAO | Arquivo não existe. Aguardando 40s...
2025-12-23 16:25:41 | INFO    | INGESTAO | Tentativa 3/3 de leitura do Meta Vendedor
2025-12-23 16:25:41 | WARNING | INGESTAO | Arquivo não existe. Aguardando 40s...
2025-12-23 16:26:21 | ERROR   | RANKING | Falha crítica ao gerar ranking.
Traceback (most recent call last):
  File "C:\Users\Usuario\Documents\Scripts\EM DESENVOLVIMENTO RankingLojas\main.py", line 83, in _run_ranking_diario
    destino_vendedor = gerar_ranking_vendedores(
                       ^^^^^^^^^^^^^^^^^^^^^^^^^
  File "C:\Users\Usuario\Documents\Scripts\EM DESENVOLVIMENTO RankingLojas\src\daily_seller_ranking.py", line 13, in gerar_ranking_vendedores
    return service.execute(meta_arquivo, destino_dir, send_whatsapp=send_whatsapp)
           ^^^^^^^^^^^^^^^^^^^^^^^^^^^^^^^^^^^^^^^^^^^^^^^^^^^^^^^^^^^^^^^^^^^^^^^
  File "C:\Users\Usuario\Documents\Scripts\EM DESENVOLVIMENTO RankingLojas\src\services\ranking_service.py", line 333, in execute
    df_completo = self._preparar_dataframe(meta_path)
                  ^^^^^^^^^^^^^^^^^^^^^^^^^^^^^^^^^^^
  File "C:\Users\Usuario\Documents\Scripts\EM DESENVOLVIMENTO RankingLojas\src\services\ranking_service.py", line 193, in _preparar_dataframe
    df = self._carregar_planilha(path)
         ^^^^^^^^^^^^^^^^^^^^^^^^^^^^^
  File "C:\Users\Usuario\Documents\Scripts\EM DESENVOLVIMENTO RankingLojas\src\services\ranking_service.py", line 163, in _carregar_planilha
    df_raw = self.carregar_excel_meta_vendedor_com_retry(path_str)
             ^^^^^^^^^^^^^^^^^^^^^^^^^^^^^^^^^^^^^^^^^^^^^^^^^^^^^
  File "C:\Users\Usuario\Documents\Scripts\EM DESENVOLVIMENTO RankingLojas\src\services\ranking_service.py", line 159, in carregar_excel_meta_vendedor_com_retry
    raise RuntimeError("INGESTAO | Falha crítica: Não foi possível obter Excel válido.")
RuntimeError: INGESTAO | Falha crítica: Não foi possível obter Excel válido.
2025-12-23 16:26:21 | INFO    | PIPELINE | Execucao finalizada com sucesso
