2025-12-29 12:26:39 | INFO    | ===========================================================================
2025-12-29 12:26:39 | INFO    | PIPELINE | Sistema de Logging Iniciado: C:\Users\Usuario\Documents\Scripts\EM DESENVOLVIMENTO RankingVendedores2.0\logs\CRIARTEMPLATE_20251229_122639.log
2025-12-29 12:26:39 | INFO    | PIPELINE | Modo: DEV
2025-12-29 12:26:39 | INFO    | ===========================================================================
2025-12-29 12:26:39 | INFO    | BACKUP | Backup diário realizado em: C:\Users\Usuario\Documents\Scripts\EM DESENVOLVIMENTO RankingVendedores2.0\backups\2025-12-29 (2 arquivos)
2025-12-29 12:26:39 | INFO    | PIPELINE | INICIANDO EXECUCAO: src.web_automation
2025-12-29 12:26:39 | INFO    | INGESTAO | Iniciando download de planilhas...
2025-12-29 12:26:39 | INFO    | INGESTAO | Tentativa 1/3
2025-12-29 12:26:42 | INFO    | Iniciando automação web...
2025-12-29 12:26:42 | INFO    | Acessando o site: https://bi-cloud-partner3.citelsoftware.com.br:41451
2025-12-29 12:26:52 | INFO    | Fluxo de login finalizado.
2025-12-29 12:26:52 | INFO    | Removendo sessões remotas pendentes...
2025-12-29 12:26:55 | INFO    | Aguardando 40 segundos para estabilização do BI...
2025-12-29 12:27:35 | INFO    | Iniciando exportação do painel de Meta por Vendedor...
2025-12-29 12:27:38 | INFO    | Tentativa de Exportação BI 1/3
2025-12-29 12:27:44 | INFO    | Solicitado download Meta Vendedor. Aguardando...
2025-12-29 12:28:14 | INFO    | Arquivo movido: Meta por vendedor - S _ Departamento TELE VENDAS (Mês Alternado) - 29 Dec 2025 (1).xlsx -> MetaVendedor_2912.xlsx
2025-12-29 12:28:14 | INFO    | Validando conteúdo do arquivo (BI Check)...
2025-12-29 12:28:14 | INFO    | Arquivo validado com sucesso!
2025-12-29 12:28:14 | INFO    | Fluxo de Meta Vendedor concluído. Finalizando automação.
2025-12-29 12:28:14 | INFO    | Fechando o navegador.
2025-12-29 12:28:16 | INFO    | Automação web concluída. Arquivos baixados: ['meta_vendedor']
2025-12-29 12:28:16 | INFO    | INGESTAO | Validando sanidade do arquivo...
2025-12-29 12:28:16 | INFO    | INGESTAO | Arquivo válido e saneado. Prosseguindo.
2025-12-29 12:28:16 | INFO    | PROCESSAMENTO | Iniciando processamento: MetaVendedor_2912.xlsx
2025-12-29 12:28:16 | INFO    | INGESTAO | Tentativa 1/3 de leitura do Meta Vendedor
2025-12-29 12:28:16 | INFO    | INGESTAO | Validando integridade do Excel (pré-header)
2025-12-29 12:28:16 | INFO    | INGESTAO | Excel passou na validação de integridade
2025-12-29 12:28:16 | INFO    | INGESTAO | Arquivo válido detectado.
2025-12-29 12:28:16 | INFO    | INGESTAO | Iniciando analise de header: MetaVendedor_2912.xlsx
2025-12-29 12:28:16 | INFO    | INGESTAO | Header Linha 0: Valid=1 Cols=['META POR VENDEDOR - S / DEPARTAMENTO TELE VENDAS (MES ALTERNADO)', '', '', '', '', '', '', '', '', '', '', '', '', '', '', '', '', '', '', '', '', '', '', '']
2025-12-29 12:28:16 | INFO    | INGESTAO | Header Linha 1: Valid=1 Cols=['META DE VENDA POR VENDEDOR SEM DEPARTAMENTO TELEVENDAS', '', '', '', '', '', '', '', '', '', '', '', '', '', '', '', '', '', '', '', '', '', '', '']
2025-12-29 12:28:16 | INFO    | INGESTAO | Header Linha 2: Valid=0 Cols=['', '', '', '', '', '', '', '', '', '', '', '', '', '', '', '', '', '', '', '', '', '', '', '']
2025-12-29 12:28:16 | INFO    | INGESTAO | Header Linha 3: Valid=24 Cols=['COD.', 'NOME', 'META', 'FATURADO MES', '% ALCANCE', 'FAT. PROJETADO', '% PROJETADO', 'FALTA META MES', 'META DIARIA', 'FAT. HOJE', 'VALOR ABERTO', '% FAT. + ABERTO', 'PRAZO MEDIO', 'VENDAS', 'TICKET MEDIO', 'QTD ITENS POR NOTA', 'CARTEIRA', 'ATEND.', '% ATEND.', 'META MARG.', '% MARGEM', 'TOTAL DESCONTO', 'META DESCONTO', '% DESCONTO']
2025-12-29 12:28:16 | INFO    | INGESTAO | Cabeçalho detectado na linha 3
2025-12-29 12:28:17 | INFO    | FILTER | 14 Gerentes removidos do ranking.
2025-12-29 12:28:17 | INFO    | PROCESSAMENTO | Vendedores: 81. Páginas: 7
2025-12-29 12:28:17 | INFO    | Playwright disponível
2025-12-29 12:28:17 | INFO    | Selenium disponível
2025-12-29 12:28:17 | INFO    | Playwright disponível, tentando usar...
2025-12-29 12:28:17 | INFO    | Inicializando Playwright...
2025-12-29 12:28:17 | INFO    | Lançando browser Chromium...
2025-12-29 12:28:18 | INFO    | Browser lançado, criando nova página...
2025-12-29 12:28:18 | INFO    | Página criada, carregando conteúdo HTML...
2025-12-29 12:28:18 | INFO    | Conteúdo carregado, aguardando 600ms para renderização completa...
2025-12-29 12:28:19 | INFO    | Tirando screenshot...
2025-12-29 12:28:19 | INFO    | Screenshot salvo, fechando browser...
2025-12-29 12:28:19 | INFO    | Browser fechado
2025-12-29 12:28:19 | INFO    | Screenshot HTML salva em C:\Users\Usuario\Documents\Scripts\EM DESENVOLVIMENTO RankingVendedores2.0\data\ranking_vendedor_p1.png (via Playwright)
2025-12-29 12:28:19 | INFO    | ✅ Conversão concluída via Playwright
2025-12-29 12:28:19 | INFO    | Playwright disponível
2025-12-29 12:28:19 | INFO    | Selenium disponível
2025-12-29 12:28:19 | INFO    | Playwright disponível, tentando usar...
2025-12-29 12:28:19 | INFO    | Inicializando Playwright...
2025-12-29 12:28:20 | INFO    | Lançando browser Chromium...
2025-12-29 12:28:20 | INFO    | Browser lançado, criando nova página...
2025-12-29 12:28:20 | INFO    | Página criada, carregando conteúdo HTML...
2025-12-29 12:28:21 | INFO    | Conteúdo carregado, aguardando 600ms para renderização completa...
2025-12-29 12:28:21 | INFO    | Tirando screenshot...
2025-12-29 12:28:22 | INFO    | Screenshot salvo, fechando browser...
2025-12-29 12:28:22 | INFO    | Browser fechado
2025-12-29 12:28:22 | INFO    | Screenshot HTML salva em C:\Users\Usuario\Documents\Scripts\EM DESENVOLVIMENTO RankingVendedores2.0\data\ranking_vendedor_p2.png (via Playwright)
2025-12-29 12:28:22 | INFO    | ✅ Conversão concluída via Playwright
2025-12-29 12:28:22 | INFO    | Playwright disponível
2025-12-29 12:28:22 | INFO    | Selenium disponível
2025-12-29 12:28:22 | INFO    | Playwright disponível, tentando usar...
2025-12-29 12:28:22 | INFO    | Inicializando Playwright...
2025-12-29 12:28:22 | INFO    | Lançando browser Chromium...
2025-12-29 12:28:22 | INFO    | Browser lançado, criando nova página...
2025-12-29 12:28:22 | INFO    | Página criada, carregando conteúdo HTML...
2025-12-29 12:28:23 | INFO    | Conteúdo carregado, aguardando 600ms para renderização completa...
2025-12-29 12:28:24 | INFO    | Tirando screenshot...
2025-12-29 12:28:24 | INFO    | Screenshot salvo, fechando browser...
2025-12-29 12:28:24 | INFO    | Browser fechado
2025-12-29 12:28:24 | INFO    | Screenshot HTML salva em C:\Users\Usuario\Documents\Scripts\EM DESENVOLVIMENTO RankingVendedores2.0\data\ranking_vendedor_p3.png (via Playwright)
2025-12-29 12:28:24 | INFO    | ✅ Conversão concluída via Playwright
2025-12-29 12:28:24 | INFO    | Playwright disponível
2025-12-29 12:28:24 | INFO    | Selenium disponível
2025-12-29 12:28:24 | INFO    | Playwright disponível, tentando usar...
2025-12-29 12:28:24 | INFO    | Inicializando Playwright...
2025-12-29 12:28:24 | INFO    | Lançando browser Chromium...
2025-12-29 12:28:24 | INFO    | Browser lançado, criando nova página...
2025-12-29 12:28:25 | INFO    | Página criada, carregando conteúdo HTML...
2025-12-29 12:28:25 | INFO    | Conteúdo carregado, aguardando 600ms para renderização completa...
2025-12-29 12:28:26 | INFO    | Tirando screenshot...
2025-12-29 12:28:26 | INFO    | Screenshot salvo, fechando browser...
2025-12-29 12:28:26 | INFO    | Browser fechado
2025-12-29 12:28:26 | INFO    | Screenshot HTML salva em C:\Users\Usuario\Documents\Scripts\EM DESENVOLVIMENTO RankingVendedores2.0\data\ranking_vendedor_p4.png (via Playwright)
2025-12-29 12:28:26 | INFO    | ✅ Conversão concluída via Playwright
2025-12-29 12:28:26 | INFO    | Playwright disponível
2025-12-29 12:28:26 | INFO    | Selenium disponível
2025-12-29 12:28:26 | INFO    | Playwright disponível, tentando usar...
2025-12-29 12:28:26 | INFO    | Inicializando Playwright...
2025-12-29 12:28:27 | INFO    | Lançando browser Chromium...
2025-12-29 12:28:27 | INFO    | Browser lançado, criando nova página...
2025-12-29 12:28:27 | INFO    | Página criada, carregando conteúdo HTML...
2025-12-29 12:28:27 | INFO    | Conteúdo carregado, aguardando 600ms para renderização completa...
2025-12-29 12:28:28 | INFO    | Tirando screenshot...
2025-12-29 12:28:28 | INFO    | Screenshot salvo, fechando browser...
2025-12-29 12:28:28 | INFO    | Browser fechado
2025-12-29 12:28:28 | INFO    | Screenshot HTML salva em C:\Users\Usuario\Documents\Scripts\EM DESENVOLVIMENTO RankingVendedores2.0\data\ranking_vendedor_p5.png (via Playwright)
2025-12-29 12:28:28 | INFO    | ✅ Conversão concluída via Playwright
2025-12-29 12:28:28 | INFO    | Playwright disponível
2025-12-29 12:28:28 | INFO    | Selenium disponível
2025-12-29 12:28:28 | INFO    | Playwright disponível, tentando usar...
2025-12-29 12:28:28 | INFO    | Inicializando Playwright...
2025-12-29 12:28:29 | INFO    | Lançando browser Chromium...
2025-12-29 12:28:29 | INFO    | Browser lançado, criando nova página...
2025-12-29 12:28:29 | INFO    | Página criada, carregando conteúdo HTML...
2025-12-29 12:28:30 | INFO    | Conteúdo carregado, aguardando 600ms para renderização completa...
2025-12-29 12:28:30 | INFO    | Tirando screenshot...
2025-12-29 12:28:30 | INFO    | Screenshot salvo, fechando browser...
2025-12-29 12:28:31 | INFO    | Browser fechado
2025-12-29 12:28:31 | INFO    | Screenshot HTML salva em C:\Users\Usuario\Documents\Scripts\EM DESENVOLVIMENTO RankingVendedores2.0\data\ranking_vendedor_p6.png (via Playwright)
2025-12-29 12:28:31 | INFO    | ✅ Conversão concluída via Playwright
2025-12-29 12:28:31 | INFO    | Playwright disponível
2025-12-29 12:28:31 | INFO    | Selenium disponível
2025-12-29 12:28:31 | INFO    | Playwright disponível, tentando usar...
2025-12-29 12:28:31 | INFO    | Inicializando Playwright...
2025-12-29 12:28:31 | INFO    | Lançando browser Chromium...
2025-12-29 12:28:31 | INFO    | Browser lançado, criando nova página...
2025-12-29 12:28:31 | INFO    | Página criada, carregando conteúdo HTML...
2025-12-29 12:28:32 | INFO    | Conteúdo carregado, aguardando 600ms para renderização completa...
2025-12-29 12:28:32 | INFO    | Tirando screenshot...
2025-12-29 12:28:33 | INFO    | Screenshot salvo, fechando browser...
2025-12-29 12:28:33 | INFO    | Browser fechado
2025-12-29 12:28:33 | INFO    | Screenshot HTML salva em C:\Users\Usuario\Documents\Scripts\EM DESENVOLVIMENTO RankingVendedores2.0\data\ranking_vendedor_p7.png (via Playwright)
2025-12-29 12:28:33 | INFO    | ✅ Conversão concluída via Playwright
2025-12-29 12:28:34 | INFO    | Playwright disponível
2025-12-29 12:28:34 | INFO    | Selenium disponível
2025-12-29 12:28:34 | INFO    | Playwright disponível, tentando usar...
2025-12-29 12:28:34 | INFO    | Inicializando Playwright...
2025-12-29 12:28:35 | INFO    | Lançando browser Chromium...
2025-12-29 12:28:35 | INFO    | Browser lançado, criando nova página...
2025-12-29 12:28:35 | INFO    | Página criada, carregando conteúdo HTML...
2025-12-29 12:28:36 | INFO    | Conteúdo carregado, aguardando 600ms para renderização completa...
2025-12-29 12:28:36 | INFO    | Tirando screenshot...
2025-12-29 12:28:36 | INFO    | Screenshot salvo, fechando browser...
2025-12-29 12:28:36 | INFO    | Browser fechado
2025-12-29 12:28:36 | INFO    | Screenshot HTML salva em C:\Users\Usuario\Documents\Scripts\EM DESENVOLVIMENTO RankingVendedores2.0\data\ranking_pontos_p1.png (via Playwright)
2025-12-29 12:28:36 | INFO    | ✅ Conversão concluída via Playwright
2025-12-29 12:28:36 | INFO    | Playwright disponível
2025-12-29 12:28:36 | INFO    | Selenium disponível
2025-12-29 12:28:36 | INFO    | Playwright disponível, tentando usar...
2025-12-29 12:28:36 | INFO    | Inicializando Playwright...
2025-12-29 12:28:37 | INFO    | Lançando browser Chromium...
2025-12-29 12:28:37 | INFO    | Browser lançado, criando nova página...
2025-12-29 12:28:37 | INFO    | Página criada, carregando conteúdo HTML...
2025-12-29 12:28:37 | INFO    | Conteúdo carregado, aguardando 600ms para renderização completa...
2025-12-29 12:28:38 | INFO    | Tirando screenshot...
2025-12-29 12:28:38 | INFO    | Screenshot salvo, fechando browser...
2025-12-29 12:28:38 | INFO    | Browser fechado
2025-12-29 12:28:38 | INFO    | Screenshot HTML salva em C:\Users\Usuario\Documents\Scripts\EM DESENVOLVIMENTO RankingVendedores2.0\data\ranking_pontos_p2.png (via Playwright)
2025-12-29 12:28:38 | INFO    | ✅ Conversão concluída via Playwright
2025-12-29 12:28:38 | INFO    | Playwright disponível
2025-12-29 12:28:38 | INFO    | Selenium disponível
2025-12-29 12:28:38 | INFO    | Playwright disponível, tentando usar...
2025-12-29 12:28:38 | INFO    | Inicializando Playwright...
2025-12-29 12:28:38 | INFO    | Lançando browser Chromium...
2025-12-29 12:28:38 | INFO    | Browser lançado, criando nova página...
2025-12-29 12:28:38 | INFO    | Página criada, carregando conteúdo HTML...
2025-12-29 12:28:39 | INFO    | Conteúdo carregado, aguardando 600ms para renderização completa...
2025-12-29 12:28:39 | INFO    | Tirando screenshot...
2025-12-29 12:28:40 | INFO    | Screenshot salvo, fechando browser...
2025-12-29 12:28:40 | INFO    | Browser fechado
2025-12-29 12:28:40 | INFO    | Screenshot HTML salva em C:\Users\Usuario\Documents\Scripts\EM DESENVOLVIMENTO RankingVendedores2.0\data\ranking_pontos_p3.png (via Playwright)
2025-12-29 12:28:40 | INFO    | ✅ Conversão concluída via Playwright
2025-12-29 12:28:40 | INFO    | Playwright disponível
2025-12-29 12:28:40 | INFO    | Selenium disponível
2025-12-29 12:28:40 | INFO    | Playwright disponível, tentando usar...
2025-12-29 12:28:40 | INFO    | Inicializando Playwright...
2025-12-29 12:28:40 | INFO    | Lançando browser Chromium...
2025-12-29 12:28:40 | INFO    | Browser lançado, criando nova página...
2025-12-29 12:28:40 | INFO    | Página criada, carregando conteúdo HTML...
2025-12-29 12:28:40 | INFO    | Conteúdo carregado, aguardando 600ms para renderização completa...
2025-12-29 12:28:41 | INFO    | Tirando screenshot...
2025-12-29 12:28:41 | INFO    | Screenshot salvo, fechando browser...
2025-12-29 12:28:41 | INFO    | Browser fechado
2025-12-29 12:28:41 | INFO    | Screenshot HTML salva em C:\Users\Usuario\Documents\Scripts\EM DESENVOLVIMENTO RankingVendedores2.0\data\ranking_pontos_p4.png (via Playwright)
2025-12-29 12:28:41 | INFO    | ✅ Conversão concluída via Playwright
2025-12-29 12:28:42 | INFO    | Playwright disponível
2025-12-29 12:28:42 | INFO    | Selenium disponível
2025-12-29 12:28:42 | INFO    | Playwright disponível, tentando usar...
2025-12-29 12:28:42 | INFO    | Inicializando Playwright...
2025-12-29 12:28:42 | INFO    | Lançando browser Chromium...
2025-12-29 12:28:42 | INFO    | Browser lançado, criando nova página...
2025-12-29 12:28:42 | INFO    | Página criada, carregando conteúdo HTML...
2025-12-29 12:28:42 | INFO    | Conteúdo carregado, aguardando 600ms para renderização completa...
2025-12-29 12:28:43 | INFO    | Tirando screenshot...
2025-12-29 12:28:43 | INFO    | Screenshot salvo, fechando browser...
2025-12-29 12:28:43 | INFO    | Browser fechado
2025-12-29 12:28:43 | INFO    | Screenshot HTML salva em C:\Users\Usuario\Documents\Scripts\EM DESENVOLVIMENTO RankingVendedores2.0\data\ranking_semanal_p1.png (via Playwright)
2025-12-29 12:28:43 | INFO    | ✅ Conversão concluída via Playwright
2025-12-29 12:28:43 | INFO    | Playwright disponível
2025-12-29 12:28:43 | INFO    | Selenium disponível
2025-12-29 12:28:43 | INFO    | Playwright disponível, tentando usar...
2025-12-29 12:28:43 | INFO    | Inicializando Playwright...
2025-12-29 12:28:44 | INFO    | Lançando browser Chromium...
2025-12-29 12:28:44 | INFO    | Browser lançado, criando nova página...
2025-12-29 12:28:44 | INFO    | Página criada, carregando conteúdo HTML...
2025-12-29 12:28:44 | INFO    | Conteúdo carregado, aguardando 600ms para renderização completa...
2025-12-29 12:28:45 | INFO    | Tirando screenshot...
2025-12-29 12:28:45 | INFO    | Screenshot salvo, fechando browser...
2025-12-29 12:28:45 | INFO    | Browser fechado
2025-12-29 12:28:45 | INFO    | Screenshot HTML salva em C:\Users\Usuario\Documents\Scripts\EM DESENVOLVIMENTO RankingVendedores2.0\data\ranking_semanal_p2.png (via Playwright)
2025-12-29 12:28:45 | INFO    | ✅ Conversão concluída via Playwright
2025-12-29 12:28:45 | INFO    | Playwright disponível
2025-12-29 12:28:45 | INFO    | Selenium disponível
2025-12-29 12:28:45 | INFO    | Playwright disponível, tentando usar...
2025-12-29 12:28:45 | INFO    | Inicializando Playwright...
2025-12-29 12:28:46 | INFO    | Lançando browser Chromium...
2025-12-29 12:28:46 | INFO    | Browser lançado, criando nova página...
2025-12-29 12:28:46 | INFO    | Página criada, carregando conteúdo HTML...
2025-12-29 12:28:46 | INFO    | Conteúdo carregado, aguardando 600ms para renderização completa...
2025-12-29 12:28:47 | INFO    | Tirando screenshot...
2025-12-29 12:28:47 | INFO    | Screenshot salvo, fechando browser...
2025-12-29 12:28:47 | INFO    | Browser fechado
2025-12-29 12:28:47 | INFO    | Screenshot HTML salva em C:\Users\Usuario\Documents\Scripts\EM DESENVOLVIMENTO RankingVendedores2.0\data\ranking_semanal_p3.png (via Playwright)
2025-12-29 12:28:47 | INFO    | ✅ Conversão concluída via Playwright
2025-12-29 12:28:47 | INFO    | Playwright disponível
2025-12-29 12:28:47 | INFO    | Selenium disponível
2025-12-29 12:28:47 | INFO    | Playwright disponível, tentando usar...
2025-12-29 12:28:47 | INFO    | Inicializando Playwright...
2025-12-29 12:28:47 | INFO    | Lançando browser Chromium...
2025-12-29 12:28:47 | INFO    | Browser lançado, criando nova página...
2025-12-29 12:28:48 | INFO    | Página criada, carregando conteúdo HTML...
2025-12-29 12:28:48 | INFO    | Conteúdo carregado, aguardando 600ms para renderização completa...
2025-12-29 12:28:49 | INFO    | Tirando screenshot...
2025-12-29 12:28:49 | INFO    | Screenshot salvo, fechando browser...
2025-12-29 12:28:49 | INFO    | Browser fechado
2025-12-29 12:28:49 | INFO    | Screenshot HTML salva em C:\Users\Usuario\Documents\Scripts\EM DESENVOLVIMENTO RankingVendedores2.0\data\ranking_semanal_p4.png (via Playwright)
2025-12-29 12:28:49 | INFO    | ✅ Conversão concluída via Playwright
2025-12-29 12:28:49 | INFO    | Playwright disponível
2025-12-29 12:28:49 | INFO    | Selenium disponível
2025-12-29 12:28:49 | INFO    | Playwright disponível, tentando usar...
2025-12-29 12:28:49 | INFO    | Inicializando Playwright...
2025-12-29 12:28:50 | INFO    | Lançando browser Chromium...
2025-12-29 12:28:50 | INFO    | Browser lançado, criando nova página...
2025-12-29 12:28:50 | INFO    | Página criada, carregando conteúdo HTML...
2025-12-29 12:28:50 | INFO    | Conteúdo carregado, aguardando 600ms para renderização completa...
2025-12-29 12:28:51 | INFO    | Tirando screenshot...
2025-12-29 12:28:51 | INFO    | Screenshot salvo, fechando browser...
2025-12-29 12:28:51 | INFO    | Browser fechado
2025-12-29 12:28:51 | INFO    | Screenshot HTML salva em C:\Users\Usuario\Documents\Scripts\EM DESENVOLVIMENTO RankingVendedores2.0\data\ranking_semanal_p5.png (via Playwright)
2025-12-29 12:28:51 | INFO    | ✅ Conversão concluída via Playwright
2025-12-29 12:28:51 | INFO    | Playwright disponível
2025-12-29 12:28:51 | INFO    | Selenium disponível
2025-12-29 12:28:51 | INFO    | Playwright disponível, tentando usar...
2025-12-29 12:28:51 | INFO    | Inicializando Playwright...
2025-12-29 12:28:51 | INFO    | Lançando browser Chromium...
2025-12-29 12:28:51 | INFO    | Browser lançado, criando nova página...
2025-12-29 12:28:51 | INFO    | Página criada, carregando conteúdo HTML...
2025-12-29 12:28:52 | INFO    | Conteúdo carregado, aguardando 600ms para renderização completa...
2025-12-29 12:28:53 | INFO    | Tirando screenshot...
2025-12-29 12:28:53 | INFO    | Screenshot salvo, fechando browser...
2025-12-29 12:28:53 | INFO    | Browser fechado
2025-12-29 12:28:53 | INFO    | Screenshot HTML salva em C:\Users\Usuario\Documents\Scripts\EM DESENVOLVIMENTO RankingVendedores2.0\data\ranking_semanal_p6.png (via Playwright)
2025-12-29 12:28:53 | INFO    | ✅ Conversão concluída via Playwright
2025-12-29 12:28:53 | INFO    | Playwright disponível
2025-12-29 12:28:53 | INFO    | Selenium disponível
2025-12-29 12:28:53 | INFO    | Playwright disponível, tentando usar...
2025-12-29 12:28:53 | INFO    | Inicializando Playwright...
2025-12-29 12:28:53 | INFO    | Lançando browser Chromium...
2025-12-29 12:28:53 | INFO    | Browser lançado, criando nova página...
2025-12-29 12:28:53 | INFO    | Página criada, carregando conteúdo HTML...
2025-12-29 12:28:54 | INFO    | Conteúdo carregado, aguardando 600ms para renderização completa...
2025-12-29 12:28:54 | INFO    | Tirando screenshot...
2025-12-29 12:28:55 | INFO    | Screenshot salvo, fechando browser...
2025-12-29 12:28:55 | INFO    | Browser fechado
2025-12-29 12:28:55 | INFO    | Screenshot HTML salva em C:\Users\Usuario\Documents\Scripts\EM DESENVOLVIMENTO RankingVendedores2.0\data\ranking_semanal_p7.png (via Playwright)
2025-12-29 12:28:55 | INFO    | ✅ Conversão concluída via Playwright
2025-12-29 12:28:55 | INFO    | Playwright disponível
2025-12-29 12:28:55 | INFO    | Selenium disponível
2025-12-29 12:28:55 | INFO    | Playwright disponível, tentando usar...
2025-12-29 12:28:55 | INFO    | Inicializando Playwright...
2025-12-29 12:28:55 | INFO    | Lançando browser Chromium...
2025-12-29 12:28:55 | INFO    | Browser lançado, criando nova página...
2025-12-29 12:28:55 | INFO    | Página criada, carregando conteúdo HTML...
2025-12-29 12:28:56 | INFO    | Conteúdo carregado, aguardando 600ms para renderização completa...
2025-12-29 12:28:56 | INFO    | Tirando screenshot...
2025-12-29 12:28:56 | INFO    | Screenshot salvo, fechando browser...
2025-12-29 12:28:56 | INFO    | Browser fechado
2025-12-29 12:28:56 | INFO    | Screenshot HTML salva em C:\Users\Usuario\Documents\Scripts\EM DESENVOLVIMENTO RankingVendedores2.0\data\ranking_mensal_p1.png (via Playwright)
2025-12-29 12:28:56 | INFO    | ✅ Conversão concluída via Playwright
2025-12-29 12:28:56 | INFO    | Playwright disponível
2025-12-29 12:28:56 | INFO    | Selenium disponível
2025-12-29 12:28:56 | INFO    | Playwright disponível, tentando usar...
2025-12-29 12:28:56 | INFO    | Inicializando Playwright...
2025-12-29 12:28:57 | INFO    | Lançando browser Chromium...
2025-12-29 12:28:57 | INFO    | Browser lançado, criando nova página...
2025-12-29 12:28:57 | INFO    | Página criada, carregando conteúdo HTML...
2025-12-29 12:28:57 | INFO    | Conteúdo carregado, aguardando 600ms para renderização completa...
2025-12-29 12:28:58 | INFO    | Tirando screenshot...
2025-12-29 12:28:58 | INFO    | Screenshot salvo, fechando browser...
2025-12-29 12:28:58 | INFO    | Browser fechado
2025-12-29 12:28:58 | INFO    | Screenshot HTML salva em C:\Users\Usuario\Documents\Scripts\EM DESENVOLVIMENTO RankingVendedores2.0\data\ranking_mensal_p2.png (via Playwright)
2025-12-29 12:28:58 | INFO    | ✅ Conversão concluída via Playwright
2025-12-29 12:28:58 | INFO    | Playwright disponível
2025-12-29 12:28:58 | INFO    | Selenium disponível
2025-12-29 12:28:58 | INFO    | Playwright disponível, tentando usar...
2025-12-29 12:28:58 | INFO    | Inicializando Playwright...
2025-12-29 12:28:58 | INFO    | Lançando browser Chromium...
2025-12-29 12:28:58 | INFO    | Browser lançado, criando nova página...
2025-12-29 12:28:59 | INFO    | Página criada, carregando conteúdo HTML...
2025-12-29 12:28:59 | INFO    | Conteúdo carregado, aguardando 600ms para renderização completa...
2025-12-29 12:29:00 | INFO    | Tirando screenshot...
2025-12-29 12:29:00 | INFO    | Screenshot salvo, fechando browser...
2025-12-29 12:29:00 | INFO    | Browser fechado
2025-12-29 12:29:00 | INFO    | Screenshot HTML salva em C:\Users\Usuario\Documents\Scripts\EM DESENVOLVIMENTO RankingVendedores2.0\data\ranking_mensal_p3.png (via Playwright)
2025-12-29 12:29:00 | INFO    | ✅ Conversão concluída via Playwright
2025-12-29 12:29:00 | INFO    | Playwright disponível
2025-12-29 12:29:00 | INFO    | Selenium disponível
2025-12-29 12:29:00 | INFO    | Playwright disponível, tentando usar...
2025-12-29 12:29:00 | INFO    | Inicializando Playwright...
2025-12-29 12:29:00 | INFO    | Lançando browser Chromium...
2025-12-29 12:29:00 | INFO    | Browser lançado, criando nova página...
2025-12-29 12:29:00 | INFO    | Página criada, carregando conteúdo HTML...
2025-12-29 12:29:01 | INFO    | Conteúdo carregado, aguardando 600ms para renderização completa...
2025-12-29 12:29:01 | INFO    | Tirando screenshot...
2025-12-29 12:29:01 | INFO    | Screenshot salvo, fechando browser...
2025-12-29 12:29:01 | INFO    | Browser fechado
2025-12-29 12:29:01 | INFO    | Screenshot HTML salva em C:\Users\Usuario\Documents\Scripts\EM DESENVOLVIMENTO RankingVendedores2.0\data\ranking_mensal_p4.png (via Playwright)
2025-12-29 12:29:02 | INFO    | ✅ Conversão concluída via Playwright
2025-12-29 12:29:02 | INFO    | Playwright disponível
2025-12-29 12:29:02 | INFO    | Selenium disponível
2025-12-29 12:29:02 | INFO    | Playwright disponível, tentando usar...
2025-12-29 12:29:02 | INFO    | Inicializando Playwright...
2025-12-29 12:29:02 | INFO    | Lançando browser Chromium...
2025-12-29 12:29:02 | INFO    | Browser lançado, criando nova página...
2025-12-29 12:29:02 | INFO    | Página criada, carregando conteúdo HTML...
2025-12-29 12:29:02 | INFO    | Conteúdo carregado, aguardando 600ms para renderização completa...
2025-12-29 12:29:03 | INFO    | Tirando screenshot...
2025-12-29 12:29:03 | INFO    | Screenshot salvo, fechando browser...
2025-12-29 12:29:03 | INFO    | Browser fechado
2025-12-29 12:29:03 | INFO    | Screenshot HTML salva em C:\Users\Usuario\Documents\Scripts\EM DESENVOLVIMENTO RankingVendedores2.0\data\ranking_mensal_p5.png (via Playwright)
2025-12-29 12:29:03 | INFO    | ✅ Conversão concluída via Playwright
2025-12-29 12:29:03 | INFO    | Playwright disponível
2025-12-29 12:29:03 | INFO    | Selenium disponível
2025-12-29 12:29:03 | INFO    | Playwright disponível, tentando usar...
2025-12-29 12:29:03 | INFO    | Inicializando Playwright...
2025-12-29 12:29:03 | INFO    | Lançando browser Chromium...
2025-12-29 12:29:04 | INFO    | Browser lançado, criando nova página...
2025-12-29 12:29:04 | INFO    | Página criada, carregando conteúdo HTML...
2025-12-29 12:29:04 | INFO    | Conteúdo carregado, aguardando 600ms para renderização completa...
2025-12-29 12:29:05 | INFO    | Tirando screenshot...
2025-12-29 12:29:05 | INFO    | Screenshot salvo, fechando browser...
2025-12-29 12:29:05 | INFO    | Browser fechado
2025-12-29 12:29:05 | INFO    | Screenshot HTML salva em C:\Users\Usuario\Documents\Scripts\EM DESENVOLVIMENTO RankingVendedores2.0\data\ranking_mensal_p6.png (via Playwright)
2025-12-29 12:29:05 | INFO    | ✅ Conversão concluída via Playwright
2025-12-29 12:29:05 | INFO    | Playwright disponível
2025-12-29 12:29:05 | INFO    | Selenium disponível
2025-12-29 12:29:05 | INFO    | Playwright disponível, tentando usar...
2025-12-29 12:29:05 | INFO    | Inicializando Playwright...
2025-12-29 12:29:05 | INFO    | Lançando browser Chromium...
2025-12-29 12:29:05 | INFO    | Browser lançado, criando nova página...
2025-12-29 12:29:05 | INFO    | Página criada, carregando conteúdo HTML...
2025-12-29 12:29:06 | INFO    | Conteúdo carregado, aguardando 600ms para renderização completa...
2025-12-29 12:29:06 | INFO    | Tirando screenshot...
2025-12-29 12:29:06 | INFO    | Screenshot salvo, fechando browser...
2025-12-29 12:29:07 | INFO    | Browser fechado
2025-12-29 12:29:07 | INFO    | Screenshot HTML salva em C:\Users\Usuario\Documents\Scripts\EM DESENVOLVIMENTO RankingVendedores2.0\data\ranking_mensal_p7.png (via Playwright)
2025-12-29 12:29:07 | INFO    | ✅ Conversão concluída via Playwright
2025-12-29 12:29:07 | INFO    | RANKING | Sucesso! Gerado em: C:\Users\Usuario\Documents\Scripts\EM DESENVOLVIMENTO RankingVendedores2.0\data\ranking_vendedor_p1.png
2025-12-29 12:29:07 | INFO    | PIPELINE | Execucao finalizada com sucesso
