2025-12-23 17:22:56 | INFO    | ===========================================================================
2025-12-23 17:22:56 | INFO    | PIPELINE | Sistema de Logging Iniciado: C:\Users\Usuario\Documents\Scripts\EM DESENVOLVIMENTO RankingLojas\logs\CRIARTEMPLATE_20251223_172256.log
2025-12-23 17:22:56 | INFO    | PIPELINE | Modo: DEV
2025-12-23 17:22:56 | INFO    | ===========================================================================
2025-12-23 17:22:56 | INFO    | BACKUP | Backup diário realizado em: C:\Users\Usuario\Documents\Scripts\EM DESENVOLVIMENTO RankingLojas\backups\2025-12-23 (2 arquivos)
2025-12-23 17:22:56 | INFO    | PIPELINE | INICIANDO EXECUCAO: src.web_automation
2025-12-23 17:22:56 | INFO    | INGESTAO | Iniciando download de planilhas...
2025-12-23 17:22:56 | INFO    | INGESTAO | Tentativa 1/3
2025-12-23 17:23:01 | ERROR   | INGESTAO | Erro crítico no fluxo de ingestão: Message: session not created: Chrome instance exited. Examine ChromeDriver verbose log to determine the cause.; For documentation on this error, please visit: https://www.selenium.dev/documentation/webdriver/troubleshooting/errors#sessionnotcreatedexception
Stacktrace:
Symbols not available. Dumping unresolved backtrace:
	0x6812d3
	0x681314
	0x46e6dd
	0x4a4991
	0x49fafa
	0x4e7826
	0x4e7047
	0x4db2e6
	0x4ad321
	0x4ae1d4
	0x8d5314
	0x8d08cb
	0x8ed1aa
	0x69b1d8
	0x6a31dd
	0x6895d8
	0x689799
	0x673b28
	0x75b75d49
	0x77d4d5db
	0x77d4d561

2025-12-23 17:23:01 | INFO    | PIPELINE | Execucao finalizada com sucesso
