2025-12-30 14:57:35 | INFO    | ===========================================================================
2025-12-30 14:57:35 | INFO    | PIPELINE | Sistema de Logging Iniciado: C:\Users\Usuario\Documents\Scripts\EM DESENVOLVIMENTO RankingVendedores2.0\logs\CRIARTEMPLATE_20251230_145735.log
2025-12-30 14:57:35 | INFO    | PIPELINE | Modo: DEV
2025-12-30 14:57:35 | INFO    | ===========================================================================
2025-12-30 14:57:35 | INFO    | BACKUP | Backup diário realizado em: C:\Users\Usuario\Documents\Scripts\EM DESENVOLVIMENTO RankingVendedores2.0\backups\2025-12-30 (2 arquivos)
2025-12-30 14:57:35 | INFO    | BACKUP | Backups locais criados junto dos arquivos originais
2025-12-30 14:57:35 | INFO    | PIPELINE | INICIANDO EXECUCAO: src.web_automation
2025-12-30 14:57:35 | INFO    | PIPELINE | Modo: PROD | Envio WhatsApp: HABILITADO
2025-12-30 14:57:35 | INFO    | INGESTAO | Usando arquivo manual: data\MetaVendedor_3012.xlsx
2025-12-30 14:57:35 | INFO    | PROCESSAMENTO | Iniciando processamento: MetaVendedor_3012.xlsx
2025-12-30 14:57:35 | INFO    | INGESTAO | Tentativa 1/3 de leitura do Meta Vendedor
2025-12-30 14:57:35 | INFO    | INGESTAO | Validando integridade do Excel (pré-header)
2025-12-30 14:57:35 | INFO    | INGESTAO | Excel passou na validação de integridade
2025-12-30 14:57:35 | INFO    | INGESTAO | Arquivo válido detectado.
2025-12-30 14:57:35 | INFO    | INGESTAO | Iniciando analise de header: MetaVendedor_3012.xlsx
2025-12-30 14:57:35 | INFO    | INGESTAO | Header Linha 0: Valid=1 Cols=['META POR VENDEDOR - S / DEPARTAMENTO TELE VENDAS (MES ALTERNADO)', '', '', '', '', '', '', '', '', '', '', '', '', '', '', '', '', '', '', '', '', '', '', '']
2025-12-30 14:57:35 | INFO    | INGESTAO | Header Linha 1: Valid=1 Cols=['META DE VENDA POR VENDEDOR SEM DEPARTAMENTO TELEVENDAS', '', '', '', '', '', '', '', '', '', '', '', '', '', '', '', '', '', '', '', '', '', '', '']
2025-12-30 14:57:35 | INFO    | INGESTAO | Header Linha 2: Valid=0 Cols=['', '', '', '', '', '', '', '', '', '', '', '', '', '', '', '', '', '', '', '', '', '', '', '']
2025-12-30 14:57:35 | INFO    | INGESTAO | Header Linha 3: Valid=24 Cols=['COD.', 'NOME', 'META', 'FATURADO MES', '% ALCANCE', 'FAT. PROJETADO', '% PROJETADO', 'FALTA META MES', 'META DIARIA', 'FAT. HOJE', 'VALOR ABERTO', '% FAT. + ABERTO', 'PRAZO MEDIO', 'VENDAS', 'TICKET MEDIO', 'QTD ITENS POR NOTA', 'CARTEIRA', 'ATEND.', '% ATEND.', 'META MARG.', '% MARGEM', 'TOTAL DESCONTO', 'META DESCONTO', '% DESCONTO']
2025-12-30 14:57:35 | INFO    | INGESTAO | Cabeçalho detectado na linha 3
2025-12-30 14:57:35 | INFO    | FILTER | 14 Gerentes removidos do ranking.
2025-12-30 14:57:35 | INFO    | PROCESSAMENTO | Vendedores: 81. Páginas: 7
2025-12-30 14:57:35 | INFO    | Playwright disponível
2025-12-30 14:57:35 | INFO    | Selenium disponível
2025-12-30 14:57:35 | INFO    | Playwright disponível, tentando usar...
2025-12-30 14:57:35 | INFO    | Inicializando Playwright...
2025-12-30 14:57:35 | INFO    | Lançando browser Chromium...
2025-12-30 14:57:35 | INFO    | Browser lançado, criando nova página...
2025-12-30 14:57:35 | INFO    | Página criada, carregando conteúdo HTML...
2025-12-30 14:57:36 | INFO    | Conteúdo carregado, aguardando 600ms para renderização completa...
2025-12-30 14:57:36 | INFO    | Tirando screenshot...
2025-12-30 14:57:37 | INFO    | Screenshot salvo, fechando browser...
2025-12-30 14:57:37 | INFO    | Browser fechado
2025-12-30 14:57:37 | INFO    | Screenshot HTML salva em C:\Users\Usuario\Documents\Scripts\EM DESENVOLVIMENTO RankingVendedores2.0\data\ranking_vendedor_p1.png (via Playwright)
2025-12-30 14:57:37 | INFO    | ✅ Conversão concluída via Playwright
2025-12-30 14:57:37 | INFO    | Playwright disponível
2025-12-30 14:57:37 | INFO    | Selenium disponível
2025-12-30 14:57:37 | INFO    | Playwright disponível, tentando usar...
2025-12-30 14:57:37 | INFO    | Inicializando Playwright...
2025-12-30 14:57:37 | INFO    | Lançando browser Chromium...
2025-12-30 14:57:37 | INFO    | Browser lançado, criando nova página...
2025-12-30 14:57:37 | INFO    | Página criada, carregando conteúdo HTML...
2025-12-30 14:57:38 | INFO    | Conteúdo carregado, aguardando 600ms para renderização completa...
2025-12-30 14:57:38 | INFO    | Tirando screenshot...
2025-12-30 14:57:38 | INFO    | Screenshot salvo, fechando browser...
2025-12-30 14:57:38 | INFO    | Browser fechado
2025-12-30 14:57:38 | INFO    | Screenshot HTML salva em C:\Users\Usuario\Documents\Scripts\EM DESENVOLVIMENTO RankingVendedores2.0\data\ranking_vendedor_p2.png (via Playwright)
2025-12-30 14:57:38 | INFO    | ✅ Conversão concluída via Playwright
2025-12-30 14:57:38 | INFO    | Playwright disponível
2025-12-30 14:57:38 | INFO    | Selenium disponível
2025-12-30 14:57:38 | INFO    | Playwright disponível, tentando usar...
2025-12-30 14:57:38 | INFO    | Inicializando Playwright...
2025-12-30 14:57:39 | INFO    | Lançando browser Chromium...
2025-12-30 14:57:39 | INFO    | Browser lançado, criando nova página...
2025-12-30 14:57:39 | INFO    | Página criada, carregando conteúdo HTML...
2025-12-30 14:57:39 | INFO    | Conteúdo carregado, aguardando 600ms para renderização completa...
2025-12-30 14:57:40 | INFO    | Tirando screenshot...
2025-12-30 14:57:40 | INFO    | Screenshot salvo, fechando browser...
2025-12-30 14:57:40 | INFO    | Browser fechado
2025-12-30 14:57:40 | INFO    | Screenshot HTML salva em C:\Users\Usuario\Documents\Scripts\EM DESENVOLVIMENTO RankingVendedores2.0\data\ranking_vendedor_p3.png (via Playwright)
2025-12-30 14:57:40 | INFO    | ✅ Conversão concluída via Playwright
2025-12-30 14:57:40 | INFO    | Playwright disponível
2025-12-30 14:57:40 | INFO    | Selenium disponível
2025-12-30 14:57:40 | INFO    | Playwright disponível, tentando usar...
2025-12-30 14:57:40 | INFO    | Inicializando Playwright...
2025-12-30 14:57:40 | INFO    | Lançando browser Chromium...
2025-12-30 14:57:40 | INFO    | Browser lançado, criando nova página...
2025-12-30 14:57:40 | INFO    | Página criada, carregando conteúdo HTML...
2025-12-30 14:57:41 | INFO    | Conteúdo carregado, aguardando 600ms para renderização completa...
2025-12-30 14:57:41 | INFO    | Tirando screenshot...
2025-12-30 14:57:42 | INFO    | Screenshot salvo, fechando browser...
2025-12-30 14:57:42 | INFO    | Browser fechado
2025-12-30 14:57:42 | INFO    | Screenshot HTML salva em C:\Users\Usuario\Documents\Scripts\EM DESENVOLVIMENTO RankingVendedores2.0\data\ranking_vendedor_p4.png (via Playwright)
2025-12-30 14:57:42 | INFO    | ✅ Conversão concluída via Playwright
2025-12-30 14:57:42 | INFO    | Playwright disponível
2025-12-30 14:57:42 | INFO    | Selenium disponível
2025-12-30 14:57:42 | INFO    | Playwright disponível, tentando usar...
2025-12-30 14:57:42 | INFO    | Inicializando Playwright...
2025-12-30 14:57:42 | INFO    | Lançando browser Chromium...
2025-12-30 14:57:42 | INFO    | Browser lançado, criando nova página...
2025-12-30 14:57:42 | INFO    | Página criada, carregando conteúdo HTML...
2025-12-30 14:57:43 | INFO    | Conteúdo carregado, aguardando 600ms para renderização completa...
2025-12-30 14:57:43 | INFO    | Tirando screenshot...
2025-12-30 14:57:43 | INFO    | Screenshot salvo, fechando browser...
2025-12-30 14:57:43 | INFO    | Browser fechado
2025-12-30 14:57:43 | INFO    | Screenshot HTML salva em C:\Users\Usuario\Documents\Scripts\EM DESENVOLVIMENTO RankingVendedores2.0\data\ranking_vendedor_p5.png (via Playwright)
2025-12-30 14:57:43 | INFO    | ✅ Conversão concluída via Playwright
2025-12-30 14:57:43 | INFO    | Playwright disponível
2025-12-30 14:57:43 | INFO    | Selenium disponível
2025-12-30 14:57:43 | INFO    | Playwright disponível, tentando usar...
2025-12-30 14:57:43 | INFO    | Inicializando Playwright...
2025-12-30 14:57:44 | INFO    | Lançando browser Chromium...
2025-12-30 14:57:44 | INFO    | Browser lançado, criando nova página...
2025-12-30 14:57:44 | INFO    | Página criada, carregando conteúdo HTML...
2025-12-30 14:57:44 | INFO    | Conteúdo carregado, aguardando 600ms para renderização completa...
2025-12-30 14:57:45 | INFO    | Tirando screenshot...
2025-12-30 14:57:45 | INFO    | Screenshot salvo, fechando browser...
2025-12-30 14:57:45 | INFO    | Browser fechado
2025-12-30 14:57:45 | INFO    | Screenshot HTML salva em C:\Users\Usuario\Documents\Scripts\EM DESENVOLVIMENTO RankingVendedores2.0\data\ranking_vendedor_p6.png (via Playwright)
2025-12-30 14:57:45 | INFO    | ✅ Conversão concluída via Playwright
2025-12-30 14:57:45 | INFO    | Playwright disponível
2025-12-30 14:57:45 | INFO    | Selenium disponível
2025-12-30 14:57:45 | INFO    | Playwright disponível, tentando usar...
2025-12-30 14:57:45 | INFO    | Inicializando Playwright...
2025-12-30 14:57:45 | INFO    | Lançando browser Chromium...
2025-12-30 14:57:45 | INFO    | Browser lançado, criando nova página...
2025-12-30 14:57:45 | INFO    | Página criada, carregando conteúdo HTML...
2025-12-30 14:57:46 | INFO    | Conteúdo carregado, aguardando 600ms para renderização completa...
2025-12-30 14:57:46 | INFO    | Tirando screenshot...
2025-12-30 14:57:47 | INFO    | Screenshot salvo, fechando browser...
2025-12-30 14:57:47 | INFO    | Browser fechado
2025-12-30 14:57:47 | INFO    | Screenshot HTML salva em C:\Users\Usuario\Documents\Scripts\EM DESENVOLVIMENTO RankingVendedores2.0\data\ranking_vendedor_p7.png (via Playwright)
2025-12-30 14:57:47 | INFO    | ✅ Conversão concluída via Playwright
2025-12-30 14:57:47 | INFO    | 🎮 GAMIFICACAO | Engine: OK
2025-12-30 14:57:47 | INFO    | Playwright disponível
2025-12-30 14:57:47 | INFO    | Selenium disponível
2025-12-30 14:57:47 | INFO    | Playwright disponível, tentando usar...
2025-12-30 14:57:47 | INFO    | Inicializando Playwright...
2025-12-30 14:57:47 | INFO    | Lançando browser Chromium...
2025-12-30 14:57:47 | INFO    | Browser lançado, criando nova página...
2025-12-30 14:57:47 | INFO    | Página criada, carregando conteúdo HTML...
2025-12-30 14:57:48 | INFO    | Conteúdo carregado, aguardando 600ms para renderização completa...
2025-12-30 14:57:48 | INFO    | Tirando screenshot...
2025-12-30 14:57:49 | INFO    | Screenshot salvo, fechando browser...
2025-12-30 14:57:49 | INFO    | Browser fechado
2025-12-30 14:57:49 | INFO    | Screenshot HTML salva em C:\Users\Usuario\Documents\Scripts\EM DESENVOLVIMENTO RankingVendedores2.0\data\ranking_pontos_p1.png (via Playwright)
2025-12-30 14:57:49 | INFO    | ✅ Conversão concluída via Playwright
2025-12-30 14:57:49 | INFO    | Playwright disponível
2025-12-30 14:57:49 | INFO    | Selenium disponível
2025-12-30 14:57:49 | INFO    | Playwright disponível, tentando usar...
2025-12-30 14:57:49 | INFO    | Inicializando Playwright...
2025-12-30 14:57:49 | INFO    | Lançando browser Chromium...
2025-12-30 14:57:49 | INFO    | Browser lançado, criando nova página...
2025-12-30 14:57:49 | INFO    | Página criada, carregando conteúdo HTML...
2025-12-30 14:57:50 | INFO    | Conteúdo carregado, aguardando 600ms para renderização completa...
2025-12-30 14:57:50 | INFO    | Tirando screenshot...
2025-12-30 14:57:50 | INFO    | Screenshot salvo, fechando browser...
2025-12-30 14:57:50 | INFO    | Browser fechado
2025-12-30 14:57:50 | INFO    | Screenshot HTML salva em C:\Users\Usuario\Documents\Scripts\EM DESENVOLVIMENTO RankingVendedores2.0\data\ranking_pontos_p2.png (via Playwright)
2025-12-30 14:57:50 | INFO    | ✅ Conversão concluída via Playwright
2025-12-30 14:57:50 | INFO    | Playwright disponível
2025-12-30 14:57:50 | INFO    | Selenium disponível
2025-12-30 14:57:50 | INFO    | Playwright disponível, tentando usar...
2025-12-30 14:57:50 | INFO    | Inicializando Playwright...
2025-12-30 14:57:51 | INFO    | Lançando browser Chromium...
2025-12-30 14:57:51 | INFO    | Browser lançado, criando nova página...
2025-12-30 14:57:51 | INFO    | Página criada, carregando conteúdo HTML...
2025-12-30 14:57:51 | INFO    | Conteúdo carregado, aguardando 600ms para renderização completa...
2025-12-30 14:57:52 | INFO    | Tirando screenshot...
2025-12-30 14:57:52 | INFO    | Screenshot salvo, fechando browser...
2025-12-30 14:57:52 | INFO    | Browser fechado
2025-12-30 14:57:52 | INFO    | Screenshot HTML salva em C:\Users\Usuario\Documents\Scripts\EM DESENVOLVIMENTO RankingVendedores2.0\data\ranking_pontos_p3.png (via Playwright)
2025-12-30 14:57:52 | INFO    | ✅ Conversão concluída via Playwright
2025-12-30 14:57:52 | INFO    | Playwright disponível
2025-12-30 14:57:52 | INFO    | Selenium disponível
2025-12-30 14:57:52 | INFO    | Playwright disponível, tentando usar...
2025-12-30 14:57:52 | INFO    | Inicializando Playwright...
2025-12-30 14:57:52 | INFO    | Lançando browser Chromium...
2025-12-30 14:57:52 | INFO    | Browser lançado, criando nova página...
2025-12-30 14:57:52 | INFO    | Página criada, carregando conteúdo HTML...
2025-12-30 14:57:53 | INFO    | Conteúdo carregado, aguardando 600ms para renderização completa...
2025-12-30 14:57:54 | INFO    | Tirando screenshot...
2025-12-30 14:57:54 | INFO    | Screenshot salvo, fechando browser...
2025-12-30 14:57:54 | INFO    | Browser fechado
2025-12-30 14:57:54 | INFO    | Screenshot HTML salva em C:\Users\Usuario\Documents\Scripts\EM DESENVOLVIMENTO RankingVendedores2.0\data\ranking_semanal_p1.png (via Playwright)
2025-12-30 14:57:54 | INFO    | ✅ Conversão concluída via Playwright
2025-12-30 14:57:54 | INFO    | Playwright disponível
2025-12-30 14:57:54 | INFO    | Selenium disponível
2025-12-30 14:57:54 | INFO    | Playwright disponível, tentando usar...
2025-12-30 14:57:54 | INFO    | Inicializando Playwright...
2025-12-30 14:57:54 | INFO    | Lançando browser Chromium...
2025-12-30 14:57:54 | INFO    | Browser lançado, criando nova página...
2025-12-30 14:57:54 | INFO    | Página criada, carregando conteúdo HTML...
2025-12-30 14:57:55 | INFO    | Conteúdo carregado, aguardando 600ms para renderização completa...
2025-12-30 14:57:55 | INFO    | Tirando screenshot...
2025-12-30 14:57:55 | INFO    | Screenshot salvo, fechando browser...
2025-12-30 14:57:55 | INFO    | Browser fechado
2025-12-30 14:57:55 | INFO    | Screenshot HTML salva em C:\Users\Usuario\Documents\Scripts\EM DESENVOLVIMENTO RankingVendedores2.0\data\ranking_semanal_p2.png (via Playwright)
2025-12-30 14:57:55 | INFO    | ✅ Conversão concluída via Playwright
2025-12-30 14:57:55 | INFO    | Playwright disponível
2025-12-30 14:57:55 | INFO    | Selenium disponível
2025-12-30 14:57:55 | INFO    | Playwright disponível, tentando usar...
2025-12-30 14:57:55 | INFO    | Inicializando Playwright...
2025-12-30 14:57:56 | INFO    | Lançando browser Chromium...
2025-12-30 14:57:56 | INFO    | Browser lançado, criando nova página...
2025-12-30 14:57:56 | INFO    | Página criada, carregando conteúdo HTML...
2025-12-30 14:57:56 | INFO    | Conteúdo carregado, aguardando 600ms para renderização completa...
2025-12-30 14:57:57 | INFO    | Tirando screenshot...
2025-12-30 14:57:57 | INFO    | Screenshot salvo, fechando browser...
2025-12-30 14:57:57 | INFO    | Browser fechado
2025-12-30 14:57:57 | INFO    | Screenshot HTML salva em C:\Users\Usuario\Documents\Scripts\EM DESENVOLVIMENTO RankingVendedores2.0\data\ranking_semanal_p3.png (via Playwright)
2025-12-30 14:57:57 | INFO    | ✅ Conversão concluída via Playwright
2025-12-30 14:57:57 | INFO    | Playwright disponível
2025-12-30 14:57:57 | INFO    | Selenium disponível
2025-12-30 14:57:57 | INFO    | Playwright disponível, tentando usar...
2025-12-30 14:57:57 | INFO    | Inicializando Playwright...
2025-12-30 14:57:57 | INFO    | Lançando browser Chromium...
2025-12-30 14:57:57 | INFO    | Browser lançado, criando nova página...
2025-12-30 14:57:57 | INFO    | Página criada, carregando conteúdo HTML...
2025-12-30 14:57:58 | INFO    | Conteúdo carregado, aguardando 600ms para renderização completa...
2025-12-30 14:57:58 | INFO    | Tirando screenshot...
2025-12-30 14:57:58 | INFO    | Screenshot salvo, fechando browser...
2025-12-30 14:57:58 | INFO    | Browser fechado
2025-12-30 14:57:58 | INFO    | Screenshot HTML salva em C:\Users\Usuario\Documents\Scripts\EM DESENVOLVIMENTO RankingVendedores2.0\data\ranking_semanal_p4.png (via Playwright)
2025-12-30 14:57:59 | INFO    | ✅ Conversão concluída via Playwright
2025-12-30 14:57:59 | INFO    | Playwright disponível
2025-12-30 14:57:59 | INFO    | Selenium disponível
2025-12-30 14:57:59 | INFO    | Playwright disponível, tentando usar...
2025-12-30 14:57:59 | INFO    | Inicializando Playwright...
2025-12-30 14:57:59 | INFO    | Lançando browser Chromium...
2025-12-30 14:57:59 | INFO    | Browser lançado, criando nova página...
2025-12-30 14:57:59 | INFO    | Página criada, carregando conteúdo HTML...
2025-12-30 14:57:59 | INFO    | Conteúdo carregado, aguardando 600ms para renderização completa...
2025-12-30 14:58:00 | INFO    | Tirando screenshot...
2025-12-30 14:58:00 | INFO    | Screenshot salvo, fechando browser...
2025-12-30 14:58:00 | INFO    | Browser fechado
2025-12-30 14:58:00 | INFO    | Screenshot HTML salva em C:\Users\Usuario\Documents\Scripts\EM DESENVOLVIMENTO RankingVendedores2.0\data\ranking_semanal_p5.png (via Playwright)
2025-12-30 14:58:00 | INFO    | ✅ Conversão concluída via Playwright
2025-12-30 14:58:00 | INFO    | Playwright disponível
2025-12-30 14:58:00 | INFO    | Selenium disponível
2025-12-30 14:58:00 | INFO    | Playwright disponível, tentando usar...
2025-12-30 14:58:00 | INFO    | Inicializando Playwright...
2025-12-30 14:58:00 | INFO    | Lançando browser Chromium...
2025-12-30 14:58:00 | INFO    | Browser lançado, criando nova página...
2025-12-30 14:58:00 | INFO    | Página criada, carregando conteúdo HTML...
2025-12-30 14:58:01 | INFO    | Conteúdo carregado, aguardando 600ms para renderização completa...
2025-12-30 14:58:02 | INFO    | Tirando screenshot...
2025-12-30 14:58:02 | INFO    | Screenshot salvo, fechando browser...
2025-12-30 14:58:02 | INFO    | Browser fechado
2025-12-30 14:58:02 | INFO    | Screenshot HTML salva em C:\Users\Usuario\Documents\Scripts\EM DESENVOLVIMENTO RankingVendedores2.0\data\ranking_semanal_p6.png (via Playwright)
2025-12-30 14:58:02 | INFO    | ✅ Conversão concluída via Playwright
2025-12-30 14:58:02 | INFO    | Playwright disponível
2025-12-30 14:58:02 | INFO    | Selenium disponível
2025-12-30 14:58:02 | INFO    | Playwright disponível, tentando usar...
2025-12-30 14:58:02 | INFO    | Inicializando Playwright...
2025-12-30 14:58:02 | INFO    | Lançando browser Chromium...
2025-12-30 14:58:02 | INFO    | Browser lançado, criando nova página...
2025-12-30 14:58:02 | INFO    | Página criada, carregando conteúdo HTML...
2025-12-30 14:58:03 | INFO    | Conteúdo carregado, aguardando 600ms para renderização completa...
2025-12-30 14:58:03 | INFO    | Tirando screenshot...
2025-12-30 14:58:03 | INFO    | Screenshot salvo, fechando browser...
2025-12-30 14:58:03 | INFO    | Browser fechado
2025-12-30 14:58:03 | INFO    | Screenshot HTML salva em C:\Users\Usuario\Documents\Scripts\EM DESENVOLVIMENTO RankingVendedores2.0\data\ranking_semanal_p7.png (via Playwright)
2025-12-30 14:58:03 | INFO    | ✅ Conversão concluída via Playwright
2025-12-30 14:58:04 | INFO    | Playwright disponível
2025-12-30 14:58:04 | INFO    | Selenium disponível
2025-12-30 14:58:04 | INFO    | Playwright disponível, tentando usar...
2025-12-30 14:58:04 | INFO    | Inicializando Playwright...
2025-12-30 14:58:04 | INFO    | Lançando browser Chromium...
2025-12-30 14:58:04 | INFO    | Browser lançado, criando nova página...
2025-12-30 14:58:04 | INFO    | Página criada, carregando conteúdo HTML...
2025-12-30 14:58:05 | INFO    | Conteúdo carregado, aguardando 600ms para renderização completa...
2025-12-30 14:58:05 | INFO    | Tirando screenshot...
2025-12-30 14:58:05 | INFO    | Screenshot salvo, fechando browser...
2025-12-30 14:58:05 | INFO    | Browser fechado
2025-12-30 14:58:05 | INFO    | Screenshot HTML salva em C:\Users\Usuario\Documents\Scripts\EM DESENVOLVIMENTO RankingVendedores2.0\data\ranking_mensal_p1.png (via Playwright)
2025-12-30 14:58:05 | INFO    | ✅ Conversão concluída via Playwright
2025-12-30 14:58:05 | INFO    | Playwright disponível
2025-12-30 14:58:05 | INFO    | Selenium disponível
2025-12-30 14:58:05 | INFO    | Playwright disponível, tentando usar...
2025-12-30 14:58:05 | INFO    | Inicializando Playwright...
2025-12-30 14:58:06 | INFO    | Lançando browser Chromium...
2025-12-30 14:58:06 | INFO    | Browser lançado, criando nova página...
2025-12-30 14:58:06 | INFO    | Página criada, carregando conteúdo HTML...
2025-12-30 14:58:06 | INFO    | Conteúdo carregado, aguardando 600ms para renderização completa...
2025-12-30 14:58:07 | INFO    | Tirando screenshot...
2025-12-30 14:58:07 | INFO    | Screenshot salvo, fechando browser...
2025-12-30 14:58:07 | INFO    | Browser fechado
2025-12-30 14:58:07 | INFO    | Screenshot HTML salva em C:\Users\Usuario\Documents\Scripts\EM DESENVOLVIMENTO RankingVendedores2.0\data\ranking_mensal_p2.png (via Playwright)
2025-12-30 14:58:07 | INFO    | ✅ Conversão concluída via Playwright
2025-12-30 14:58:07 | INFO    | Playwright disponível
2025-12-30 14:58:07 | INFO    | Selenium disponível
2025-12-30 14:58:07 | INFO    | Playwright disponível, tentando usar...
2025-12-30 14:58:07 | INFO    | Inicializando Playwright...
2025-12-30 14:58:07 | INFO    | Lançando browser Chromium...
2025-12-30 14:58:07 | INFO    | Browser lançado, criando nova página...
2025-12-30 14:58:07 | INFO    | Página criada, carregando conteúdo HTML...
2025-12-30 14:58:08 | INFO    | Conteúdo carregado, aguardando 600ms para renderização completa...
2025-12-30 14:58:09 | INFO    | Tirando screenshot...
2025-12-30 14:58:09 | INFO    | Screenshot salvo, fechando browser...
2025-12-30 14:58:09 | INFO    | Browser fechado
2025-12-30 14:58:09 | INFO    | Screenshot HTML salva em C:\Users\Usuario\Documents\Scripts\EM DESENVOLVIMENTO RankingVendedores2.0\data\ranking_mensal_p3.png (via Playwright)
2025-12-30 14:58:09 | INFO    | ✅ Conversão concluída via Playwright
2025-12-30 14:58:09 | INFO    | Playwright disponível
2025-12-30 14:58:09 | INFO    | Selenium disponível
2025-12-30 14:58:09 | INFO    | Playwright disponível, tentando usar...
2025-12-30 14:58:09 | INFO    | Inicializando Playwright...
2025-12-30 14:58:09 | INFO    | Lançando browser Chromium...
2025-12-30 14:58:09 | INFO    | Browser lançado, criando nova página...
2025-12-30 14:58:09 | INFO    | Página criada, carregando conteúdo HTML...
2025-12-30 14:58:10 | INFO    | Conteúdo carregado, aguardando 600ms para renderização completa...
2025-12-30 14:58:10 | INFO    | Tirando screenshot...
2025-12-30 14:58:10 | INFO    | Screenshot salvo, fechando browser...
2025-12-30 14:58:10 | INFO    | Browser fechado
2025-12-30 14:58:10 | INFO    | Screenshot HTML salva em C:\Users\Usuario\Documents\Scripts\EM DESENVOLVIMENTO RankingVendedores2.0\data\ranking_mensal_p4.png (via Playwright)
2025-12-30 14:58:10 | INFO    | ✅ Conversão concluída via Playwright
2025-12-30 14:58:10 | INFO    | Playwright disponível
2025-12-30 14:58:10 | INFO    | Selenium disponível
2025-12-30 14:58:10 | INFO    | Playwright disponível, tentando usar...
2025-12-30 14:58:10 | INFO    | Inicializando Playwright...
2025-12-30 14:58:11 | INFO    | Lançando browser Chromium...
2025-12-30 14:58:11 | INFO    | Browser lançado, criando nova página...
2025-12-30 14:58:11 | INFO    | Página criada, carregando conteúdo HTML...
2025-12-30 14:58:11 | INFO    | Conteúdo carregado, aguardando 600ms para renderização completa...
2025-12-30 14:58:12 | INFO    | Tirando screenshot...
2025-12-30 14:58:12 | INFO    | Screenshot salvo, fechando browser...
2025-12-30 14:58:12 | INFO    | Browser fechado
2025-12-30 14:58:12 | INFO    | Screenshot HTML salva em C:\Users\Usuario\Documents\Scripts\EM DESENVOLVIMENTO RankingVendedores2.0\data\ranking_mensal_p5.png (via Playwright)
2025-12-30 14:58:12 | INFO    | ✅ Conversão concluída via Playwright
2025-12-30 14:58:12 | INFO    | Playwright disponível
2025-12-30 14:58:12 | INFO    | Selenium disponível
2025-12-30 14:58:12 | INFO    | Playwright disponível, tentando usar...
2025-12-30 14:58:12 | INFO    | Inicializando Playwright...
2025-12-30 14:58:12 | INFO    | Lançando browser Chromium...
2025-12-30 14:58:13 | INFO    | Browser lançado, criando nova página...
2025-12-30 14:58:13 | INFO    | Página criada, carregando conteúdo HTML...
2025-12-30 14:58:13 | INFO    | Conteúdo carregado, aguardando 600ms para renderização completa...
2025-12-30 14:58:14 | INFO    | Tirando screenshot...
2025-12-30 14:58:14 | INFO    | Screenshot salvo, fechando browser...
2025-12-30 14:58:14 | INFO    | Browser fechado
2025-12-30 14:58:14 | INFO    | Screenshot HTML salva em C:\Users\Usuario\Documents\Scripts\EM DESENVOLVIMENTO RankingVendedores2.0\data\ranking_mensal_p6.png (via Playwright)
2025-12-30 14:58:14 | INFO    | ✅ Conversão concluída via Playwright
2025-12-30 14:58:14 | INFO    | Playwright disponível
2025-12-30 14:58:14 | INFO    | Selenium disponível
2025-12-30 14:58:14 | INFO    | Playwright disponível, tentando usar...
2025-12-30 14:58:14 | INFO    | Inicializando Playwright...
2025-12-30 14:58:14 | INFO    | Lançando browser Chromium...
2025-12-30 14:58:14 | INFO    | Browser lançado, criando nova página...
2025-12-30 14:58:14 | INFO    | Página criada, carregando conteúdo HTML...
2025-12-30 14:58:15 | INFO    | Conteúdo carregado, aguardando 600ms para renderização completa...
2025-12-30 14:58:15 | INFO    | Tirando screenshot...
2025-12-30 14:58:15 | INFO    | Screenshot salvo, fechando browser...
2025-12-30 14:58:16 | INFO    | Browser fechado
2025-12-30 14:58:16 | INFO    | Screenshot HTML salva em C:\Users\Usuario\Documents\Scripts\EM DESENVOLVIMENTO RankingVendedores2.0\data\ranking_mensal_p7.png (via Playwright)
2025-12-30 14:58:16 | INFO    | ✅ Conversão concluída via Playwright
2025-12-30 14:58:16 | INFO    | ⏳ DIÁRIO | Fora das janelas de envio (10h-14h ou 16h-20h) ou já enviado hoje.
2025-12-30 14:58:16 | INFO    | 📊 INDIVIDUAL | Verificando conquistas do dia: 11 vendedores com atividade.
2025-12-30 14:58:16 | INFO    | 📱 INDIVIDUAL | Notificando Felix Augusto De Paiva sobre novas conquistas...
2025-12-30 14:58:16 | INFO    | 🧹 Limpando instâncias residuais do Chrome...
2025-12-30 14:58:18 | INFO    | 🌐 Inicializando WhatsApp (Perfil Real)...
2025-12-30 14:59:20 | WARNING | ⚠️ Perfil Real travado/em uso. Tentando fallback para Sessão Limpa...
2025-12-30 14:59:20 | INFO    | 🌐 Inicializando WhatsApp (Sessão Limpa - QR Necessário)...
2025-12-30 14:59:30 | WARNING | PIPELINE | Interrompido pelo usuário.
