2026-01-03 17:24:11 | INFO    | ===========================================================================
2026-01-03 17:24:11 | INFO    | PIPELINE | Sistema de Logging Iniciado: C:\Users\Usuario\Documents\Scripts\EM DESENVOLVIMENTO RankingVendedores2.0\logs\CRIARTEMPLATE_20260103_172411.log
2026-01-03 17:24:11 | INFO    | PIPELINE | Modo: DEV
2026-01-03 17:24:11 | INFO    | ===========================================================================
2026-01-03 17:24:12 | INFO    | BACKUP | Backup diário realizado em: C:\Users\Usuario\Documents\Scripts\EM DESENVOLVIMENTO RankingVendedores2.0\backups\2026-01-03 (2 arquivos)
2026-01-03 17:24:12 | INFO    | BACKUP | Backups locais criados junto dos arquivos originais
2026-01-03 17:24:12 | INFO    | PIPELINE | INICIANDO EXECUCAO: src.web_automation
2026-01-03 17:24:12 | INFO    | PIPELINE | MODO: BATCH | Envio WhatsApp: DESABILITADO
2026-01-03 17:24:12 | INFO    | INGESTAO | Iniciando download de planilhas...
2026-01-03 17:24:12 | INFO    | INGESTAO | Tentativa 1/3
2026-01-03 17:24:12 | INFO    | 🌐 [WEB] Ativando Headless Moderno. Motivo: Modo Noturno (BATCH)
2026-01-03 17:24:14 | INFO    | Iniciando automação web...
2026-01-03 17:24:14 | INFO    | Acessando o site: https://bi-cloud-partner3.citelsoftware.com.br:41451
2026-01-03 17:24:23 | INFO    | Fluxo de login finalizado.
2026-01-03 17:24:28 | INFO    | Arquivo existente encontrado: MetaVendedor_0301.xlsx. Removendo para garantir atualização diária.
2026-01-03 17:24:28 | INFO    | Iniciando exportação do painel de Meta por Vendedor...
2026-01-03 17:24:30 | INFO    | Tentativa de Exportação BI 1/3
2026-01-03 17:24:36 | INFO    | Solicitado download Meta Vendedor. Aguardando...
2026-01-03 17:24:37 | INFO    | Fechando o navegador.
2026-01-03 17:24:49 | INFO    | Automação web concluída. Arquivos baixados: []
2026-01-03 17:24:49 | WARNING | PIPELINE | Interrompido pelo usuário.
