2025-12-31 10:22:03 | INFO    | ===========================================================================
2025-12-31 10:22:03 | INFO    | PIPELINE | Sistema de Logging Iniciado: C:\Users\Usuario\Documents\Scripts\EM DESENVOLVIMENTO RankingVendedores2.0\logs\CRIARTEMPLATE_20251231_102203.log
2025-12-31 10:22:03 | INFO    | PIPELINE | Modo: DEV
2025-12-31 10:22:03 | INFO    | ===========================================================================
2025-12-31 10:22:04 | INFO    | BACKUP | Backup diário realizado em: C:\Users\Usuario\Documents\Scripts\EM DESENVOLVIMENTO RankingVendedores2.0\backups\2025-12-31 (2 arquivos)
2025-12-31 10:22:04 | INFO    | BACKUP | Backups locais criados junto dos arquivos originais
2025-12-31 10:22:04 | INFO    | PIPELINE | INICIANDO EXECUCAO: src.web_automation
2025-12-31 10:22:04 | INFO    | PIPELINE | MODO: INTERACTIVE | Envio WhatsApp: HABILITADO
2025-12-31 10:22:04 | INFO    | INGESTAO | Iniciando download de planilhas...
2025-12-31 10:22:04 | INFO    | INGESTAO | Tentativa 1/3
2025-12-31 10:22:04 | INFO    | 🌐 [WEB] Modo INTERACTIVE: Interface visível habilitada
2025-12-31 10:22:06 | INFO    | Iniciando automação web...
2025-12-31 10:22:06 | INFO    | Acessando o site: https://bi-cloud-partner3.citelsoftware.com.br:41451
2025-12-31 10:22:15 | INFO    | Fluxo de login finalizado.
2025-12-31 10:22:15 | INFO    | Removendo sessões remotas pendentes...
2025-12-31 10:22:17 | INFO    | Aguardando 40 segundos para estabilização do BI...
2025-12-31 10:22:57 | INFO    | Arquivo existente encontrado: MetaVendedor_3112.xlsx. Removendo para garantir atualização diária.
2025-12-31 10:22:57 | INFO    | Iniciando exportação do painel de Meta por Vendedor...
2025-12-31 10:23:00 | INFO    | Tentativa de Exportação BI 1/3
2025-12-31 10:23:05 | INFO    | Solicitado download Meta Vendedor. Aguardando...
2025-12-31 10:23:35 | INFO    | Arquivo movido: Meta por vendedor - S _ Departamento TELE VENDAS (Mês Alternado) - 31 Dec 2025.xlsx -> MetaVendedor_3112.xlsx
2025-12-31 10:23:35 | INFO    | Validando conteúdo do arquivo (BI Check)...
2025-12-31 10:23:36 | INFO    | Arquivo validado com sucesso!
2025-12-31 10:23:36 | INFO    | Fluxo de Meta Vendedor concluído. Finalizando automação.
2025-12-31 10:23:36 | INFO    | Fechando o navegador.
2025-12-31 10:23:38 | INFO    | Automação web concluída. Arquivos baixados: ['meta_vendedor']
2025-12-31 10:23:38 | INFO    | INGESTAO | Validando sanidade do arquivo...
2025-12-31 10:23:38 | INFO    | INGESTAO | Arquivo válido e saneado. Prosseguindo.
2025-12-31 10:23:38 | INFO    | PROCESSAMENTO | Iniciando processamento: MetaVendedor_3112.xlsx
2025-12-31 10:23:38 | INFO    | INGESTAO | Tentativa 1/3 de leitura do Meta Vendedor
2025-12-31 10:23:38 | INFO    | INGESTAO | Validando integridade do Excel (pré-header)
2025-12-31 10:23:38 | INFO    | INGESTAO | Excel passou na validação de integridade
2025-12-31 10:23:38 | INFO    | INGESTAO | Arquivo válido detectado.
2025-12-31 10:23:38 | INFO    | INGESTAO | Iniciando analise de header: MetaVendedor_3112.xlsx
2025-12-31 10:23:38 | INFO    | INGESTAO | Header Linha 0: Valid=1 Cols=['META POR VENDEDOR - S / DEPARTAMENTO TELE VENDAS (MES ALTERNADO)', '', '', '', '', '', '', '', '', '', '', '', '', '', '', '', '', '', '', '', '', '', '', '']
2025-12-31 10:23:38 | INFO    | INGESTAO | Header Linha 1: Valid=1 Cols=['META DE VENDA POR VENDEDOR SEM DEPARTAMENTO TELEVENDAS', '', '', '', '', '', '', '', '', '', '', '', '', '', '', '', '', '', '', '', '', '', '', '']
2025-12-31 10:23:38 | INFO    | INGESTAO | Header Linha 2: Valid=0 Cols=['', '', '', '', '', '', '', '', '', '', '', '', '', '', '', '', '', '', '', '', '', '', '', '']
2025-12-31 10:23:38 | INFO    | INGESTAO | Header Linha 3: Valid=24 Cols=['COD.', 'NOME', 'META', 'FATURADO MES', '% ALCANCE', 'FAT. PROJETADO', '% PROJETADO', 'FALTA META MES', 'META DIARIA', 'FAT. HOJE', 'VALOR ABERTO', '% FAT. + ABERTO', 'PRAZO MEDIO', 'VENDAS', 'TICKET MEDIO', 'QTD ITENS POR NOTA', 'CARTEIRA', 'ATEND.', '% ATEND.', 'META MARG.', '% MARGEM', 'TOTAL DESCONTO', 'META DESCONTO', '% DESCONTO']
2025-12-31 10:23:38 | INFO    | INGESTAO | Cabeçalho detectado na linha 3
2025-12-31 10:23:38 | INFO    | FILTER | 14 Gerentes removidos do ranking.
2025-12-31 10:23:38 | INFO    | PROCESSAMENTO | Vendedores: 81. Páginas: 7
2025-12-31 10:23:38 | INFO    | Playwright disponível
2025-12-31 10:23:38 | INFO    | Selenium disponível
2025-12-31 10:23:38 | INFO    | Playwright disponível, tentando usar...
2025-12-31 10:23:38 | INFO    | Inicializando Playwright...
2025-12-31 10:23:38 | INFO    | Lançando browser Chromium...
2025-12-31 10:23:38 | INFO    | Browser lançado, criando nova página...
2025-12-31 10:23:38 | INFO    | Página criada, carregando conteúdo HTML...
2025-12-31 10:23:39 | INFO    | Conteúdo carregado, aguardando 600ms para renderização completa...
2025-12-31 10:23:39 | INFO    | Tirando screenshot...
2025-12-31 10:23:39 | INFO    | Screenshot salvo, fechando browser...
2025-12-31 10:23:39 | INFO    | Browser fechado
2025-12-31 10:23:39 | INFO    | Screenshot HTML salva em C:\Users\Usuario\Documents\Scripts\EM DESENVOLVIMENTO RankingVendedores2.0\data\ranking_vendedor_p1.png (via Playwright)
2025-12-31 10:23:39 | INFO    | ✅ Conversão concluída via Playwright
2025-12-31 10:23:39 | INFO    | Playwright disponível
2025-12-31 10:23:39 | INFO    | Selenium disponível
2025-12-31 10:23:39 | INFO    | Playwright disponível, tentando usar...
2025-12-31 10:23:39 | INFO    | Inicializando Playwright...
2025-12-31 10:23:40 | INFO    | Lançando browser Chromium...
2025-12-31 10:23:40 | INFO    | Browser lançado, criando nova página...
2025-12-31 10:23:40 | INFO    | Página criada, carregando conteúdo HTML...
2025-12-31 10:23:40 | INFO    | Conteúdo carregado, aguardando 600ms para renderização completa...
2025-12-31 10:23:41 | INFO    | Tirando screenshot...
2025-12-31 10:23:41 | INFO    | Screenshot salvo, fechando browser...
2025-12-31 10:23:41 | INFO    | Browser fechado
2025-12-31 10:23:41 | INFO    | Screenshot HTML salva em C:\Users\Usuario\Documents\Scripts\EM DESENVOLVIMENTO RankingVendedores2.0\data\ranking_vendedor_p2.png (via Playwright)
2025-12-31 10:23:41 | INFO    | ✅ Conversão concluída via Playwright
2025-12-31 10:23:41 | INFO    | Playwright disponível
2025-12-31 10:23:41 | INFO    | Selenium disponível
2025-12-31 10:23:41 | INFO    | Playwright disponível, tentando usar...
2025-12-31 10:23:41 | INFO    | Inicializando Playwright...
2025-12-31 10:23:41 | INFO    | Lançando browser Chromium...
2025-12-31 10:23:41 | INFO    | Browser lançado, criando nova página...
2025-12-31 10:23:41 | INFO    | Página criada, carregando conteúdo HTML...
2025-12-31 10:23:42 | INFO    | Conteúdo carregado, aguardando 600ms para renderização completa...
2025-12-31 10:23:43 | INFO    | Tirando screenshot...
2025-12-31 10:23:43 | INFO    | Screenshot salvo, fechando browser...
2025-12-31 10:23:43 | INFO    | Browser fechado
2025-12-31 10:23:43 | INFO    | Screenshot HTML salva em C:\Users\Usuario\Documents\Scripts\EM DESENVOLVIMENTO RankingVendedores2.0\data\ranking_vendedor_p3.png (via Playwright)
2025-12-31 10:23:43 | INFO    | ✅ Conversão concluída via Playwright
2025-12-31 10:23:43 | INFO    | Playwright disponível
2025-12-31 10:23:43 | INFO    | Selenium disponível
2025-12-31 10:23:43 | INFO    | Playwright disponível, tentando usar...
2025-12-31 10:23:43 | INFO    | Inicializando Playwright...
2025-12-31 10:23:43 | INFO    | Lançando browser Chromium...
2025-12-31 10:23:43 | INFO    | Browser lançado, criando nova página...
2025-12-31 10:23:43 | INFO    | Página criada, carregando conteúdo HTML...
2025-12-31 10:23:44 | INFO    | Conteúdo carregado, aguardando 600ms para renderização completa...
2025-12-31 10:23:44 | INFO    | Tirando screenshot...
2025-12-31 10:23:44 | INFO    | Screenshot salvo, fechando browser...
2025-12-31 10:23:44 | INFO    | Browser fechado
2025-12-31 10:23:44 | INFO    | Screenshot HTML salva em C:\Users\Usuario\Documents\Scripts\EM DESENVOLVIMENTO RankingVendedores2.0\data\ranking_vendedor_p4.png (via Playwright)
2025-12-31 10:23:44 | INFO    | ✅ Conversão concluída via Playwright
2025-12-31 10:23:44 | INFO    | Playwright disponível
2025-12-31 10:23:44 | INFO    | Selenium disponível
2025-12-31 10:23:44 | INFO    | Playwright disponível, tentando usar...
2025-12-31 10:23:44 | INFO    | Inicializando Playwright...
2025-12-31 10:23:45 | INFO    | Lançando browser Chromium...
2025-12-31 10:23:45 | INFO    | Browser lançado, criando nova página...
2025-12-31 10:23:45 | INFO    | Página criada, carregando conteúdo HTML...
2025-12-31 10:23:45 | INFO    | Conteúdo carregado, aguardando 600ms para renderização completa...
2025-12-31 10:23:46 | INFO    | Tirando screenshot...
2025-12-31 10:23:46 | INFO    | Screenshot salvo, fechando browser...
2025-12-31 10:23:46 | INFO    | Browser fechado
2025-12-31 10:23:46 | INFO    | Screenshot HTML salva em C:\Users\Usuario\Documents\Scripts\EM DESENVOLVIMENTO RankingVendedores2.0\data\ranking_vendedor_p5.png (via Playwright)
2025-12-31 10:23:46 | INFO    | ✅ Conversão concluída via Playwright
2025-12-31 10:23:46 | INFO    | Playwright disponível
2025-12-31 10:23:46 | INFO    | Selenium disponível
2025-12-31 10:23:46 | INFO    | Playwright disponível, tentando usar...
2025-12-31 10:23:46 | INFO    | Inicializando Playwright...
2025-12-31 10:23:46 | INFO    | Lançando browser Chromium...
2025-12-31 10:23:46 | INFO    | Browser lançado, criando nova página...
2025-12-31 10:23:47 | INFO    | Página criada, carregando conteúdo HTML...
2025-12-31 10:23:47 | INFO    | Conteúdo carregado, aguardando 600ms para renderização completa...
2025-12-31 10:23:48 | INFO    | Tirando screenshot...
2025-12-31 10:23:48 | INFO    | Screenshot salvo, fechando browser...
2025-12-31 10:23:48 | INFO    | Browser fechado
2025-12-31 10:23:48 | INFO    | Screenshot HTML salva em C:\Users\Usuario\Documents\Scripts\EM DESENVOLVIMENTO RankingVendedores2.0\data\ranking_vendedor_p6.png (via Playwright)
2025-12-31 10:23:48 | INFO    | ✅ Conversão concluída via Playwright
2025-12-31 10:23:48 | INFO    | Playwright disponível
2025-12-31 10:23:48 | INFO    | Selenium disponível
2025-12-31 10:23:48 | INFO    | Playwright disponível, tentando usar...
2025-12-31 10:23:48 | INFO    | Inicializando Playwright...
2025-12-31 10:23:48 | INFO    | Lançando browser Chromium...
2025-12-31 10:23:48 | INFO    | Browser lançado, criando nova página...
2025-12-31 10:23:48 | INFO    | Página criada, carregando conteúdo HTML...
2025-12-31 10:23:49 | INFO    | Conteúdo carregado, aguardando 600ms para renderização completa...
2025-12-31 10:23:49 | INFO    | Tirando screenshot...
2025-12-31 10:23:49 | INFO    | Screenshot salvo, fechando browser...
2025-12-31 10:23:49 | INFO    | Browser fechado
2025-12-31 10:23:49 | INFO    | Screenshot HTML salva em C:\Users\Usuario\Documents\Scripts\EM DESENVOLVIMENTO RankingVendedores2.0\data\ranking_vendedor_p7.png (via Playwright)
2025-12-31 10:23:49 | INFO    | ✅ Conversão concluída via Playwright
2025-12-31 10:23:50 | INFO    | 🎮 GAMIFICACAO | Engine: OK
2025-12-31 10:23:50 | INFO    | Playwright disponível
2025-12-31 10:23:50 | INFO    | Selenium disponível
2025-12-31 10:23:50 | INFO    | Playwright disponível, tentando usar...
2025-12-31 10:23:50 | INFO    | Inicializando Playwright...
2025-12-31 10:23:50 | INFO    | Lançando browser Chromium...
2025-12-31 10:23:50 | INFO    | Browser lançado, criando nova página...
2025-12-31 10:23:50 | INFO    | Página criada, carregando conteúdo HTML...
2025-12-31 10:23:51 | INFO    | Conteúdo carregado, aguardando 600ms para renderização completa...
2025-12-31 10:23:51 | INFO    | Tirando screenshot...
2025-12-31 10:23:51 | INFO    | Screenshot salvo, fechando browser...
2025-12-31 10:23:51 | INFO    | Browser fechado
2025-12-31 10:23:51 | INFO    | Screenshot HTML salva em C:\Users\Usuario\Documents\Scripts\EM DESENVOLVIMENTO RankingVendedores2.0\data\ranking_pontos_p1.png (via Playwright)
2025-12-31 10:23:51 | INFO    | ✅ Conversão concluída via Playwright
2025-12-31 10:23:51 | INFO    | Playwright disponível
2025-12-31 10:23:51 | INFO    | Selenium disponível
2025-12-31 10:23:51 | INFO    | Playwright disponível, tentando usar...
2025-12-31 10:23:51 | INFO    | Inicializando Playwright...
2025-12-31 10:23:52 | INFO    | Lançando browser Chromium...
2025-12-31 10:23:52 | INFO    | Browser lançado, criando nova página...
2025-12-31 10:23:52 | INFO    | Página criada, carregando conteúdo HTML...
2025-12-31 10:23:52 | INFO    | Conteúdo carregado, aguardando 600ms para renderização completa...
2025-12-31 10:23:53 | INFO    | Tirando screenshot...
2025-12-31 10:23:53 | INFO    | Screenshot salvo, fechando browser...
2025-12-31 10:23:53 | INFO    | Browser fechado
2025-12-31 10:23:53 | INFO    | Screenshot HTML salva em C:\Users\Usuario\Documents\Scripts\EM DESENVOLVIMENTO RankingVendedores2.0\data\ranking_pontos_p2.png (via Playwright)
2025-12-31 10:23:53 | INFO    | ✅ Conversão concluída via Playwright
2025-12-31 10:23:53 | INFO    | Playwright disponível
2025-12-31 10:23:53 | INFO    | Selenium disponível
2025-12-31 10:23:53 | INFO    | Playwright disponível, tentando usar...
2025-12-31 10:23:53 | INFO    | Inicializando Playwright...
2025-12-31 10:23:53 | INFO    | Lançando browser Chromium...
2025-12-31 10:23:53 | INFO    | Browser lançado, criando nova página...
2025-12-31 10:23:53 | INFO    | Página criada, carregando conteúdo HTML...
2025-12-31 10:23:54 | INFO    | Conteúdo carregado, aguardando 600ms para renderização completa...
2025-12-31 10:23:55 | INFO    | Tirando screenshot...
2025-12-31 10:23:55 | INFO    | Screenshot salvo, fechando browser...
2025-12-31 10:23:55 | INFO    | Browser fechado
2025-12-31 10:23:55 | INFO    | Screenshot HTML salva em C:\Users\Usuario\Documents\Scripts\EM DESENVOLVIMENTO RankingVendedores2.0\data\ranking_pontos_p3.png (via Playwright)
2025-12-31 10:23:55 | INFO    | ✅ Conversão concluída via Playwright
2025-12-31 10:23:55 | INFO    | Playwright disponível
2025-12-31 10:23:55 | INFO    | Selenium disponível
2025-12-31 10:23:55 | INFO    | Playwright disponível, tentando usar...
2025-12-31 10:23:55 | INFO    | Inicializando Playwright...
2025-12-31 10:23:55 | INFO    | Lançando browser Chromium...
2025-12-31 10:23:55 | INFO    | Browser lançado, criando nova página...
2025-12-31 10:23:55 | INFO    | Página criada, carregando conteúdo HTML...
2025-12-31 10:23:56 | INFO    | Conteúdo carregado, aguardando 600ms para renderização completa...
2025-12-31 10:23:56 | INFO    | Tirando screenshot...
2025-12-31 10:23:56 | INFO    | Screenshot salvo, fechando browser...
2025-12-31 10:23:57 | INFO    | Browser fechado
2025-12-31 10:23:57 | INFO    | Screenshot HTML salva em C:\Users\Usuario\Documents\Scripts\EM DESENVOLVIMENTO RankingVendedores2.0\data\ranking_semanal_p1.png (via Playwright)
2025-12-31 10:23:57 | INFO    | ✅ Conversão concluída via Playwright
2025-12-31 10:23:57 | INFO    | Playwright disponível
2025-12-31 10:23:57 | INFO    | Selenium disponível
2025-12-31 10:23:57 | INFO    | Playwright disponível, tentando usar...
2025-12-31 10:23:57 | INFO    | Inicializando Playwright...
2025-12-31 10:23:57 | INFO    | Lançando browser Chromium...
2025-12-31 10:23:57 | INFO    | Browser lançado, criando nova página...
2025-12-31 10:23:57 | INFO    | Página criada, carregando conteúdo HTML...
2025-12-31 10:23:57 | INFO    | Conteúdo carregado, aguardando 600ms para renderização completa...
2025-12-31 10:23:58 | INFO    | Tirando screenshot...
2025-12-31 10:23:58 | INFO    | Screenshot salvo, fechando browser...
2025-12-31 10:23:58 | INFO    | Browser fechado
2025-12-31 10:23:58 | INFO    | Screenshot HTML salva em C:\Users\Usuario\Documents\Scripts\EM DESENVOLVIMENTO RankingVendedores2.0\data\ranking_semanal_p2.png (via Playwright)
2025-12-31 10:23:58 | INFO    | ✅ Conversão concluída via Playwright
2025-12-31 10:23:58 | INFO    | Playwright disponível
2025-12-31 10:23:58 | INFO    | Selenium disponível
2025-12-31 10:23:58 | INFO    | Playwright disponível, tentando usar...
2025-12-31 10:23:58 | INFO    | Inicializando Playwright...
2025-12-31 10:23:58 | INFO    | Lançando browser Chromium...
2025-12-31 10:23:58 | INFO    | Browser lançado, criando nova página...
2025-12-31 10:23:58 | INFO    | Página criada, carregando conteúdo HTML...
2025-12-31 10:23:59 | INFO    | Conteúdo carregado, aguardando 600ms para renderização completa...
2025-12-31 10:24:00 | INFO    | Tirando screenshot...
2025-12-31 10:24:00 | INFO    | Screenshot salvo, fechando browser...
2025-12-31 10:24:00 | INFO    | Browser fechado
2025-12-31 10:24:00 | INFO    | Screenshot HTML salva em C:\Users\Usuario\Documents\Scripts\EM DESENVOLVIMENTO RankingVendedores2.0\data\ranking_semanal_p3.png (via Playwright)
2025-12-31 10:24:00 | INFO    | ✅ Conversão concluída via Playwright
2025-12-31 10:24:00 | INFO    | Playwright disponível
2025-12-31 10:24:00 | INFO    | Selenium disponível
2025-12-31 10:24:00 | INFO    | Playwright disponível, tentando usar...
2025-12-31 10:24:00 | INFO    | Inicializando Playwright...
2025-12-31 10:24:00 | INFO    | Lançando browser Chromium...
2025-12-31 10:24:00 | INFO    | Browser lançado, criando nova página...
2025-12-31 10:24:00 | INFO    | Página criada, carregando conteúdo HTML...
2025-12-31 10:24:01 | INFO    | Conteúdo carregado, aguardando 600ms para renderização completa...
2025-12-31 10:24:01 | INFO    | Tirando screenshot...
2025-12-31 10:24:01 | INFO    | Screenshot salvo, fechando browser...
2025-12-31 10:24:01 | INFO    | Browser fechado
2025-12-31 10:24:01 | INFO    | Screenshot HTML salva em C:\Users\Usuario\Documents\Scripts\EM DESENVOLVIMENTO RankingVendedores2.0\data\ranking_semanal_p4.png (via Playwright)
2025-12-31 10:24:01 | INFO    | ✅ Conversão concluída via Playwright
2025-12-31 10:24:01 | INFO    | Playwright disponível
2025-12-31 10:24:01 | INFO    | Selenium disponível
2025-12-31 10:24:01 | INFO    | Playwright disponível, tentando usar...
2025-12-31 10:24:01 | INFO    | Inicializando Playwright...
2025-12-31 10:24:02 | INFO    | Lançando browser Chromium...
2025-12-31 10:24:02 | INFO    | Browser lançado, criando nova página...
2025-12-31 10:24:02 | INFO    | Página criada, carregando conteúdo HTML...
2025-12-31 10:24:02 | INFO    | Conteúdo carregado, aguardando 600ms para renderização completa...
2025-12-31 10:24:03 | INFO    | Tirando screenshot...
2025-12-31 10:24:03 | INFO    | Screenshot salvo, fechando browser...
2025-12-31 10:24:03 | INFO    | Browser fechado
2025-12-31 10:24:03 | INFO    | Screenshot HTML salva em C:\Users\Usuario\Documents\Scripts\EM DESENVOLVIMENTO RankingVendedores2.0\data\ranking_semanal_p5.png (via Playwright)
2025-12-31 10:24:03 | INFO    | ✅ Conversão concluída via Playwright
2025-12-31 10:24:03 | INFO    | Playwright disponível
2025-12-31 10:24:03 | INFO    | Selenium disponível
2025-12-31 10:24:03 | INFO    | Playwright disponível, tentando usar...
2025-12-31 10:24:03 | INFO    | Inicializando Playwright...
2025-12-31 10:24:03 | INFO    | Lançando browser Chromium...
2025-12-31 10:24:03 | INFO    | Browser lançado, criando nova página...
2025-12-31 10:24:03 | INFO    | Página criada, carregando conteúdo HTML...
2025-12-31 10:24:04 | INFO    | Conteúdo carregado, aguardando 600ms para renderização completa...
2025-12-31 10:24:04 | INFO    | Tirando screenshot...
2025-12-31 10:24:04 | INFO    | Screenshot salvo, fechando browser...
2025-12-31 10:24:05 | INFO    | Browser fechado
2025-12-31 10:24:05 | INFO    | Screenshot HTML salva em C:\Users\Usuario\Documents\Scripts\EM DESENVOLVIMENTO RankingVendedores2.0\data\ranking_semanal_p6.png (via Playwright)
2025-12-31 10:24:05 | INFO    | ✅ Conversão concluída via Playwright
2025-12-31 10:24:05 | INFO    | Playwright disponível
2025-12-31 10:24:05 | INFO    | Selenium disponível
2025-12-31 10:24:05 | INFO    | Playwright disponível, tentando usar...
2025-12-31 10:24:05 | INFO    | Inicializando Playwright...
2025-12-31 10:24:05 | INFO    | Lançando browser Chromium...
2025-12-31 10:24:05 | INFO    | Browser lançado, criando nova página...
2025-12-31 10:24:05 | INFO    | Página criada, carregando conteúdo HTML...
2025-12-31 10:24:05 | INFO    | Conteúdo carregado, aguardando 600ms para renderização completa...
2025-12-31 10:24:06 | INFO    | Tirando screenshot...
2025-12-31 10:24:06 | INFO    | Screenshot salvo, fechando browser...
2025-12-31 10:24:06 | INFO    | Browser fechado
2025-12-31 10:24:06 | INFO    | Screenshot HTML salva em C:\Users\Usuario\Documents\Scripts\EM DESENVOLVIMENTO RankingVendedores2.0\data\ranking_semanal_p7.png (via Playwright)
2025-12-31 10:24:06 | INFO    | ✅ Conversão concluída via Playwright
2025-12-31 10:24:07 | INFO    | Playwright disponível
2025-12-31 10:24:07 | INFO    | Selenium disponível
2025-12-31 10:24:07 | INFO    | Playwright disponível, tentando usar...
2025-12-31 10:24:07 | INFO    | Inicializando Playwright...
2025-12-31 10:24:07 | INFO    | Lançando browser Chromium...
2025-12-31 10:24:07 | INFO    | Browser lançado, criando nova página...
2025-12-31 10:24:07 | INFO    | Página criada, carregando conteúdo HTML...
2025-12-31 10:24:07 | INFO    | Conteúdo carregado, aguardando 600ms para renderização completa...
2025-12-31 10:24:08 | INFO    | Tirando screenshot...
2025-12-31 10:24:08 | INFO    | Screenshot salvo, fechando browser...
2025-12-31 10:24:08 | INFO    | Browser fechado
2025-12-31 10:24:08 | INFO    | Screenshot HTML salva em C:\Users\Usuario\Documents\Scripts\EM DESENVOLVIMENTO RankingVendedores2.0\data\ranking_mensal_p1.png (via Playwright)
2025-12-31 10:24:08 | INFO    | ✅ Conversão concluída via Playwright
2025-12-31 10:24:08 | INFO    | Playwright disponível
2025-12-31 10:24:08 | INFO    | Selenium disponível
2025-12-31 10:24:08 | INFO    | Playwright disponível, tentando usar...
2025-12-31 10:24:08 | INFO    | Inicializando Playwright...
2025-12-31 10:24:09 | INFO    | Lançando browser Chromium...
2025-12-31 10:24:09 | INFO    | Browser lançado, criando nova página...
2025-12-31 10:24:09 | INFO    | Página criada, carregando conteúdo HTML...
2025-12-31 10:24:09 | INFO    | Conteúdo carregado, aguardando 600ms para renderização completa...
2025-12-31 10:24:10 | INFO    | Tirando screenshot...
2025-12-31 10:24:10 | INFO    | Screenshot salvo, fechando browser...
2025-12-31 10:24:10 | INFO    | Browser fechado
2025-12-31 10:24:10 | INFO    | Screenshot HTML salva em C:\Users\Usuario\Documents\Scripts\EM DESENVOLVIMENTO RankingVendedores2.0\data\ranking_mensal_p2.png (via Playwright)
2025-12-31 10:24:10 | INFO    | ✅ Conversão concluída via Playwright
2025-12-31 10:24:10 | INFO    | Playwright disponível
2025-12-31 10:24:10 | INFO    | Selenium disponível
2025-12-31 10:24:10 | INFO    | Playwright disponível, tentando usar...
2025-12-31 10:24:10 | INFO    | Inicializando Playwright...
2025-12-31 10:24:10 | INFO    | Lançando browser Chromium...
2025-12-31 10:24:10 | INFO    | Browser lançado, criando nova página...
2025-12-31 10:24:10 | INFO    | Página criada, carregando conteúdo HTML...
2025-12-31 10:24:11 | INFO    | Conteúdo carregado, aguardando 600ms para renderização completa...
2025-12-31 10:24:11 | INFO    | Tirando screenshot...
2025-12-31 10:24:12 | INFO    | Screenshot salvo, fechando browser...
2025-12-31 10:24:12 | INFO    | Browser fechado
2025-12-31 10:24:12 | INFO    | Screenshot HTML salva em C:\Users\Usuario\Documents\Scripts\EM DESENVOLVIMENTO RankingVendedores2.0\data\ranking_mensal_p3.png (via Playwright)
2025-12-31 10:24:12 | INFO    | ✅ Conversão concluída via Playwright
2025-12-31 10:24:12 | INFO    | Playwright disponível
2025-12-31 10:24:12 | INFO    | Selenium disponível
2025-12-31 10:24:12 | INFO    | Playwright disponível, tentando usar...
2025-12-31 10:24:12 | INFO    | Inicializando Playwright...
2025-12-31 10:24:12 | INFO    | Lançando browser Chromium...
2025-12-31 10:24:12 | INFO    | Browser lançado, criando nova página...
2025-12-31 10:24:12 | INFO    | Página criada, carregando conteúdo HTML...
2025-12-31 10:24:12 | INFO    | Conteúdo carregado, aguardando 600ms para renderização completa...
2025-12-31 10:24:13 | INFO    | Tirando screenshot...
2025-12-31 10:24:13 | INFO    | Screenshot salvo, fechando browser...
2025-12-31 10:24:13 | INFO    | Browser fechado
2025-12-31 10:24:13 | INFO    | Screenshot HTML salva em C:\Users\Usuario\Documents\Scripts\EM DESENVOLVIMENTO RankingVendedores2.0\data\ranking_mensal_p4.png (via Playwright)
2025-12-31 10:24:13 | INFO    | ✅ Conversão concluída via Playwright
2025-12-31 10:24:13 | INFO    | Playwright disponível
2025-12-31 10:24:13 | INFO    | Selenium disponível
2025-12-31 10:24:13 | INFO    | Playwright disponível, tentando usar...
2025-12-31 10:24:13 | INFO    | Inicializando Playwright...
2025-12-31 10:24:14 | INFO    | Lançando browser Chromium...
2025-12-31 10:24:14 | INFO    | Browser lançado, criando nova página...
2025-12-31 10:24:14 | INFO    | Página criada, carregando conteúdo HTML...
2025-12-31 10:24:14 | INFO    | Conteúdo carregado, aguardando 600ms para renderização completa...
2025-12-31 10:24:15 | INFO    | Tirando screenshot...
2025-12-31 10:24:15 | INFO    | Screenshot salvo, fechando browser...
2025-12-31 10:24:15 | INFO    | Browser fechado
2025-12-31 10:24:15 | INFO    | Screenshot HTML salva em C:\Users\Usuario\Documents\Scripts\EM DESENVOLVIMENTO RankingVendedores2.0\data\ranking_mensal_p5.png (via Playwright)
2025-12-31 10:24:15 | INFO    | ✅ Conversão concluída via Playwright
2025-12-31 10:24:15 | INFO    | Playwright disponível
2025-12-31 10:24:15 | INFO    | Selenium disponível
2025-12-31 10:24:15 | INFO    | Playwright disponível, tentando usar...
2025-12-31 10:24:15 | INFO    | Inicializando Playwright...
2025-12-31 10:24:15 | INFO    | Lançando browser Chromium...
2025-12-31 10:24:15 | INFO    | Browser lançado, criando nova página...
2025-12-31 10:24:15 | INFO    | Página criada, carregando conteúdo HTML...
2025-12-31 10:24:16 | INFO    | Conteúdo carregado, aguardando 600ms para renderização completa...
2025-12-31 10:24:16 | INFO    | Tirando screenshot...
2025-12-31 10:24:17 | INFO    | Screenshot salvo, fechando browser...
2025-12-31 10:24:17 | INFO    | Browser fechado
2025-12-31 10:24:17 | INFO    | Screenshot HTML salva em C:\Users\Usuario\Documents\Scripts\EM DESENVOLVIMENTO RankingVendedores2.0\data\ranking_mensal_p6.png (via Playwright)
2025-12-31 10:24:17 | INFO    | ✅ Conversão concluída via Playwright
2025-12-31 10:24:17 | INFO    | Playwright disponível
2025-12-31 10:24:17 | INFO    | Selenium disponível
2025-12-31 10:24:17 | INFO    | Playwright disponível, tentando usar...
2025-12-31 10:24:17 | INFO    | Inicializando Playwright...
2025-12-31 10:24:17 | INFO    | Lançando browser Chromium...
2025-12-31 10:24:17 | INFO    | Browser lançado, criando nova página...
2025-12-31 10:24:17 | INFO    | Página criada, carregando conteúdo HTML...
2025-12-31 10:24:17 | INFO    | Conteúdo carregado, aguardando 600ms para renderização completa...
2025-12-31 10:24:18 | INFO    | Tirando screenshot...
2025-12-31 10:24:18 | INFO    | Screenshot salvo, fechando browser...
2025-12-31 10:24:18 | INFO    | Browser fechado
2025-12-31 10:24:18 | INFO    | Screenshot HTML salva em C:\Users\Usuario\Documents\Scripts\EM DESENVOLVIMENTO RankingVendedores2.0\data\ranking_mensal_p7.png (via Playwright)
2025-12-31 10:24:18 | INFO    | ✅ Conversão concluída via Playwright
2025-12-31 10:24:19 | INFO    | 🌐 Inicializando WhatsApp EDGE (Perfil: edge_whatsapp_session)...
2025-12-31 10:24:19 | INFO    | 🧹 Limpando instâncias residuais do Edge...
2025-12-31 10:24:21 | WARNING | ⚠️ Falha ao baixar driver via Manager: Could not reach host. Are you offline?
2025-12-31 10:24:21 | INFO    | 🔄 Tentando usar msedgedriver.exe local ou do PATH...
2025-12-31 10:24:21 | INFO    | 🤞 Tentando driver do PATH do sistema...
2025-12-31 10:24:40 | INFO    | ✅ WhatsApp Web carregado e logado.
2025-12-31 10:24:40 | INFO    | 👥 Preparando envio para o grupo: Informações Comercial NL
2025-12-31 10:24:40 | INFO    | 🔍 Buscando grupo: Informações Comercial NL
2025-12-31 10:24:46 | INFO    | 📤 [1/7] Enviando ranking_vendedor_p1.png para Informações Comercial NL
2025-12-31 10:25:11 | WARNING |    💡 Botão enviar não achado, tentando ENTER.
2025-12-31 10:25:16 | INFO    | 📤 [2/7] Enviando ranking_vendedor_p2.png para Informações Comercial NL
2025-12-31 10:25:40 | WARNING |    💡 Botão enviar não achado, tentando ENTER.
2025-12-31 10:25:45 | INFO    | 📤 [3/7] Enviando ranking_vendedor_p3.png para Informações Comercial NL
2025-12-31 10:26:10 | WARNING |    💡 Botão enviar não achado, tentando ENTER.
2025-12-31 10:26:15 | INFO    | 📤 [4/7] Enviando ranking_vendedor_p4.png para Informações Comercial NL
2025-12-31 10:26:41 | WARNING |    💡 Botão enviar não achado, tentando ENTER.
2025-12-31 10:26:46 | INFO    | 📤 [5/7] Enviando ranking_vendedor_p5.png para Informações Comercial NL
2025-12-31 10:27:11 | WARNING |    💡 Botão enviar não achado, tentando ENTER.
2025-12-31 10:27:16 | INFO    | 📤 [6/7] Enviando ranking_vendedor_p6.png para Informações Comercial NL
2025-12-31 10:27:42 | WARNING |    💡 Botão enviar não achado, tentando ENTER.
2025-12-31 10:27:47 | INFO    | 📤 [7/7] Enviando ranking_vendedor_p7.png para Informações Comercial NL
2025-12-31 10:28:12 | WARNING |    💡 Botão enviar não achado, tentando ENTER.
2025-12-31 10:28:17 | INFO    | ✅ Envio concluído para Informações Comercial NL. 7/7 imagens.
2025-12-31 10:28:24 | INFO    | 💬 [PYWHATKIT] Enviando para +5532984055224...
2025-12-31 10:28:47 | INFO    | ✅ [PYWHATKIT] Comando enviado para +5532984055224
2025-12-31 10:28:48 | INFO    | 💬 [PYWHATKIT] Enviando para +5531971442045...
2025-12-31 10:29:12 | INFO    | ✅ [PYWHATKIT] Comando enviado para +5531971442045
2025-12-31 10:29:29 | INFO    | RANKING | Sucesso! Gerado em: C:\Users\Usuario\Documents\Scripts\EM DESENVOLVIMENTO RankingVendedores2.0\data\ranking_vendedor_p1.png
2025-12-31 10:29:29 | INFO    | GIT SYNC | Sincronizando dados no modo INTERACTIVE...
2025-12-31 10:29:41 | INFO    | GIT SYNC | Realizando push para o repositório...
2025-12-31 10:30:04 | INFO    | GIT SYNC | Sucesso!
2025-12-31 10:30:04 | INFO    | PIPELINE | Execucao finalizada com sucesso
