2025-12-23 16:57:34 | INFO    | ===========================================================================
2025-12-23 16:57:34 | INFO    | PIPELINE | Sistema de Logging Iniciado: C:\Users\Usuario\Documents\Scripts\EM DESENVOLVIMENTO RankingLojas\logs\CRIARTEMPLATE_20251223_165734.log
2025-12-23 16:57:34 | INFO    | PIPELINE | Modo: DEV
2025-12-23 16:57:34 | INFO    | ===========================================================================
2025-12-23 16:57:34 | INFO    | BACKUP | Backup diário realizado em: C:\Users\Usuario\Documents\Scripts\EM DESENVOLVIMENTO RankingLojas\backups\2025-12-23 (2 arquivos)
2025-12-23 16:57:34 | INFO    | PIPELINE | INICIANDO EXECUCAO: src.web_automation
2025-12-23 16:57:34 | INFO    | INGESTAO | Iniciando download de planilhas...
2025-12-23 16:57:34 | INFO    | INGESTAO | Tentativa 1/3
2025-12-23 16:57:38 | INFO    | Iniciando automação web...
2025-12-23 16:57:38 | INFO    | Acessando o site: https://bi-cloud-partner3.citelsoftware.com.br:41451
2025-12-23 16:57:48 | INFO    | Fluxo de login finalizado.
2025-12-23 16:57:48 | INFO    | Removendo sessões remotas pendentes...
2025-12-23 16:58:05 | INFO    | Arquivo existente encontrado: MetaVendedor_2312.xlsx. Removendo para garantir atualização diária.
2025-12-23 16:58:05 | INFO    | Iniciando exportação do painel de Meta por Vendedor...
2025-12-23 16:58:14 | INFO    | Solicitado download Meta Vendedor. Aguardando...
2025-12-23 16:58:44 | INFO    | Arquivo movido: Meta por vendedor - S _ Departamento TELE VENDAS (Mês Alternado) - 23 Dec 2025 (5).xlsx -> MetaVendedor_2312.xlsx
2025-12-23 16:58:44 | INFO    | Arquivo Meta Vendedor baixado: MetaVendedor_2312.xlsx
2025-12-23 16:58:44 | INFO    | Fluxo de Meta Vendedor concluído. Finalizando automação.
2025-12-23 16:58:44 | INFO    | Fechando o navegador.
2025-12-23 16:58:46 | INFO    | Automação web concluída. Arquivos baixados: ['meta_vendedor']
2025-12-23 16:58:46 | INFO    | INGESTAO | Validando sanidade do arquivo...
2025-12-23 16:58:46 | INFO    | INGESTAO | Arquivo válido e saneado. Prosseguindo.
2025-12-23 16:58:46 | INFO    | PROCESSAMENTO | Iniciando processamento: MetaVendedor_2312.xlsx
2025-12-23 16:58:46 | INFO    | INGESTAO | Tentativa 1/3 de leitura do Meta Vendedor
2025-12-23 16:58:46 | INFO    | INGESTAO | Validando integridade do Excel (pré-header)
2025-12-23 16:58:46 | INFO    | INGESTAO | Excel passou na validação de integridade
2025-12-23 16:58:46 | INFO    | INGESTAO | Arquivo válido detectado.
2025-12-23 16:58:46 | INFO    | INGESTAO | Iniciando analise de header: MetaVendedor_2312.xlsx
2025-12-23 16:58:46 | INFO    | INGESTAO | Header Linha 0: Valid=1 Cols=['META POR VENDEDOR - S / DEPARTAMENTO TELE VENDAS (MES ALTERNADO)', '', '', '', '', '', '', '', '', '', '', '', '', '', '', '', '', '', '', '', '', '', '', '']
2025-12-23 16:58:46 | INFO    | INGESTAO | Header Linha 1: Valid=1 Cols=['META DE VENDA POR VENDEDOR SEM DEPARTAMENTO TELEVENDAS', '', '', '', '', '', '', '', '', '', '', '', '', '', '', '', '', '', '', '', '', '', '', '']
2025-12-23 16:58:46 | INFO    | INGESTAO | Header Linha 2: Valid=0 Cols=['', '', '', '', '', '', '', '', '', '', '', '', '', '', '', '', '', '', '', '', '', '', '', '']
2025-12-23 16:58:46 | INFO    | INGESTAO | Header Linha 3: Valid=24 Cols=['COD.', 'NOME', 'META', 'FATURADO MES', '% ALCANCE', 'FAT. PROJETADO', '% PROJETADO', 'FALTA META MES', 'META DIARIA', 'FAT. HOJE', 'VALOR ABERTO', '% FAT. + ABERTO', 'PRAZO MEDIO', 'VENDAS', 'TICKET MEDIO', 'QTD ITENS POR NOTA', 'CARTEIRA', 'ATEND.', '% ATEND.', 'META MARG.', '% MARGEM', 'TOTAL DESCONTO', 'META DESCONTO', '% DESCONTO']
2025-12-23 16:58:46 | INFO    | INGESTAO | Cabeçalho detectado na linha 3
2025-12-23 16:58:46 | INFO    | PROCESSAMENTO | Vendedores: 66. Páginas: 6
2025-12-23 16:58:47 | ERROR   | RANKING | Falha crítica ao gerar ranking.
Traceback (most recent call last):
  File "C:\Users\Usuario\Documents\Scripts\EM DESENVOLVIMENTO RankingLojas\main.py", line 129, in _run_ranking_diario
    destino_vendedor = gerar_ranking_vendedores(
                       ^^^^^^^^^^^^^^^^^^^^^^^^^
  File "C:\Users\Usuario\Documents\Scripts\EM DESENVOLVIMENTO RankingLojas\src\daily_seller_ranking.py", line 13, in gerar_ranking_vendedores
    return service.execute(meta_arquivo, destino_dir, send_whatsapp=send_whatsapp)
           ^^^^^^^^^^^^^^^^^^^^^^^^^^^^^^^^^^^^^^^^^^^^^^^^^^^^^^^^^^^^^^^^^^^^^^^
  File "C:\Users\Usuario\Documents\Scripts\EM DESENVOLVIMENTO RankingLojas\src\services\ranking_service.py", line 365, in execute
    proximo_dia = today + timedelta(days=1)
                          ^^^^^^^^^
NameError: name 'timedelta' is not defined
2025-12-23 16:58:47 | INFO    | PIPELINE | Execucao finalizada com sucesso
