2026-01-03 17:31:52 | INFO    | ===========================================================================
2026-01-03 17:31:52 | INFO    | PIPELINE | Sistema de Logging Iniciado: C:\Users\Usuario\Documents\Scripts\EM DESENVOLVIMENTO RankingVendedores2.0\logs\CRIARTEMPLATE_20260103_173152.log
2026-01-03 17:31:52 | INFO    | PIPELINE | Modo: DEV
2026-01-03 17:31:52 | INFO    | ===========================================================================
2026-01-03 17:31:54 | INFO    | BACKUP | Backup diário realizado em: C:\Users\Usuario\Documents\Scripts\EM DESENVOLVIMENTO RankingVendedores2.0\backups\2026-01-03 (2 arquivos)
2026-01-03 17:31:54 | INFO    | BACKUP | Backups locais criados junto dos arquivos originais
2026-01-03 17:31:54 | INFO    | PIPELINE | INICIANDO EXECUCAO: src.web_automation
2026-01-03 17:31:54 | INFO    | PIPELINE | MODO: BATCH | Envio WhatsApp: DESABILITADO
2026-01-03 17:31:54 | INFO    | INGESTAO | Iniciando download de planilhas...
2026-01-03 17:31:54 | INFO    | INGESTAO | Tentativa 1/3
2026-01-03 17:31:54 | INFO    | 🌐 [WEB] Ativando Headless Moderno. Motivo: Modo Noturno (BATCH)
2026-01-03 17:31:56 | INFO    | Iniciando automação web...
2026-01-03 17:31:56 | INFO    | Acessando o site: https://bi-cloud-partner3.citelsoftware.com.br:41451
2026-01-03 17:32:04 | INFO    | Fluxo de login finalizado.
2026-01-03 17:32:04 | INFO    | Removendo sessões remotas pendentes...
2026-01-03 17:32:08 | INFO    | Aguardando 40 segundos para estabilização do BI...
2026-01-03 17:32:48 | INFO    | Arquivo existente encontrado: MetaVendedor_0301.xlsx. Removendo para garantir atualização diária.
2026-01-03 17:32:48 | INFO    | Iniciando exportação do painel de Meta por Vendedor...
2026-01-03 17:33:03 | WARNING | Widget Meta Vendedor não encontrado.
2026-01-03 17:33:03 | INFO    | Fluxo de Meta Vendedor concluído. Finalizando automação.
2026-01-03 17:33:03 | INFO    | Fechando o navegador.
2026-01-03 17:33:05 | INFO    | Automação web concluída. Arquivos baixados: []
2026-01-03 17:33:05 | WARNING | INGESTAO | Download não gerou arquivo. Aguardando 40s...
2026-01-03 17:33:45 | INFO    | INGESTAO | Tentativa 2/3
2026-01-03 17:33:45 | INFO    | 🌐 [WEB] Ativando Headless Moderno. Motivo: Modo Noturno (BATCH)
2026-01-03 17:33:47 | INFO    | Iniciando automação web...
2026-01-03 17:33:47 | INFO    | Acessando o site: https://bi-cloud-partner3.citelsoftware.com.br:41451
2026-01-03 17:33:56 | INFO    | Fluxo de login finalizado.
2026-01-03 17:33:56 | INFO    | Removendo sessões remotas pendentes...
2026-01-03 17:33:58 | INFO    | Aguardando 40 segundos para estabilização do BI...
2026-01-03 17:34:38 | INFO    | Iniciando exportação do painel de Meta por Vendedor...
2026-01-03 17:34:53 | WARNING | Widget Meta Vendedor não encontrado.
2026-01-03 17:34:53 | INFO    | Fluxo de Meta Vendedor concluído. Finalizando automação.
2026-01-03 17:34:53 | INFO    | Fechando o navegador.
2026-01-03 17:34:56 | INFO    | Automação web concluída. Arquivos baixados: []
2026-01-03 17:34:56 | WARNING | INGESTAO | Download não gerou arquivo. Aguardando 40s...
2026-01-03 17:35:36 | INFO    | INGESTAO | Tentativa 3/3
2026-01-03 17:35:36 | INFO    | 🌐 [WEB] Ativando Headless Moderno. Motivo: Modo Noturno (BATCH)
2026-01-03 17:35:38 | INFO    | Iniciando automação web...
2026-01-03 17:35:38 | INFO    | Acessando o site: https://bi-cloud-partner3.citelsoftware.com.br:41451
2026-01-03 17:35:47 | INFO    | Fluxo de login finalizado.
2026-01-03 17:35:47 | INFO    | Removendo sessões remotas pendentes...
2026-01-03 17:35:49 | INFO    | Aguardando 40 segundos para estabilização do BI...
2026-01-03 17:36:17 | INFO    | Fechando o navegador.
2026-01-03 17:36:30 | INFO    | Automação web concluída. Arquivos baixados: []
2026-01-03 17:36:30 | WARNING | PIPELINE | Interrompido pelo usuário.
