2025-12-23 16:59:36 | INFO    | ===========================================================================
2025-12-23 16:59:36 | INFO    | PIPELINE | Sistema de Logging Iniciado: C:\Users\Usuario\Documents\Scripts\EM DESENVOLVIMENTO RankingLojas\logs\CRIARTEMPLATE_20251223_165936.log
2025-12-23 16:59:36 | INFO    | PIPELINE | Modo: DEV
2025-12-23 16:59:36 | INFO    | ===========================================================================
2025-12-23 16:59:36 | INFO    | BACKUP | Backup diário realizado em: C:\Users\Usuario\Documents\Scripts\EM DESENVOLVIMENTO RankingLojas\backups\2025-12-23 (2 arquivos)
2025-12-23 16:59:36 | INFO    | PIPELINE | INICIANDO EXECUCAO: src.web_automation
2025-12-23 16:59:36 | INFO    | INGESTAO | Iniciando download de planilhas...
2025-12-23 16:59:36 | INFO    | INGESTAO | Tentativa 1/3
2025-12-23 16:59:38 | INFO    | Iniciando automação web...
2025-12-23 16:59:38 | INFO    | Acessando o site: https://bi-cloud-partner3.citelsoftware.com.br:41451
2025-12-23 16:59:48 | INFO    | Fluxo de login finalizado.
2025-12-23 16:59:48 | INFO    | Removendo sessões remotas pendentes...
2025-12-23 17:00:06 | INFO    | Arquivo existente encontrado: MetaVendedor_2312.xlsx. Removendo para garantir atualização diária.
2025-12-23 17:00:06 | INFO    | Iniciando exportação do painel de Meta por Vendedor...
2025-12-23 17:00:13 | INFO    | Solicitado download Meta Vendedor. Aguardando...
2025-12-23 17:00:43 | INFO    | Arquivo movido: Meta por vendedor - S _ Departamento TELE VENDAS (Mês Alternado) - 23 Dec 2025 (5).xlsx -> MetaVendedor_2312.xlsx
2025-12-23 17:00:43 | INFO    | Arquivo Meta Vendedor baixado: MetaVendedor_2312.xlsx
2025-12-23 17:00:43 | INFO    | Fluxo de Meta Vendedor concluído. Finalizando automação.
2025-12-23 17:00:43 | INFO    | Fechando o navegador.
2025-12-23 17:00:45 | INFO    | Automação web concluída. Arquivos baixados: ['meta_vendedor']
2025-12-23 17:00:45 | INFO    | INGESTAO | Validando sanidade do arquivo...
2025-12-23 17:00:45 | ERROR   | INGESTAO | Excel inválido detectado (Linha 3): 'Erro ao recuperar resultados'
2025-12-23 17:00:45 | INFO    | INGESTAO | Ação: Removendo arquivo e reiniciando ciclo de download.
2025-12-23 17:01:25 | INFO    | INGESTAO | Tentativa 2/3
2025-12-23 17:01:28 | INFO    | Iniciando automação web...
2025-12-23 17:01:28 | INFO    | Acessando o site: https://bi-cloud-partner3.citelsoftware.com.br:41451
2025-12-23 17:01:38 | INFO    | Fluxo de login finalizado.
2025-12-23 17:01:38 | INFO    | Removendo sessões remotas pendentes...
2025-12-23 17:01:56 | INFO    | Iniciando exportação do painel de Meta por Vendedor...
2025-12-23 17:02:01 | INFO    | Solicitado download Meta Vendedor. Aguardando...
2025-12-23 17:02:31 | INFO    | Arquivo movido: Meta por vendedor - S _ Departamento TELE VENDAS (Mês Alternado) - 23 Dec 2025 (5).xlsx -> MetaVendedor_2312.xlsx
2025-12-23 17:02:31 | INFO    | Arquivo Meta Vendedor baixado: MetaVendedor_2312.xlsx
2025-12-23 17:02:31 | INFO    | Fluxo de Meta Vendedor concluído. Finalizando automação.
2025-12-23 17:02:31 | INFO    | Fechando o navegador.
2025-12-23 17:02:33 | INFO    | Automação web concluída. Arquivos baixados: ['meta_vendedor']
2025-12-23 17:02:33 | INFO    | INGESTAO | Validando sanidade do arquivo...
2025-12-23 17:02:33 | ERROR   | INGESTAO | Excel inválido detectado (Linha 3): 'Erro ao recuperar resultados'
2025-12-23 17:02:33 | INFO    | INGESTAO | Ação: Removendo arquivo e reiniciando ciclo de download.
2025-12-23 17:03:13 | INFO    | INGESTAO | Tentativa 3/3
2025-12-23 17:03:17 | INFO    | Iniciando automação web...
2025-12-23 17:03:17 | INFO    | Acessando o site: https://bi-cloud-partner3.citelsoftware.com.br:41451
2025-12-23 17:03:26 | INFO    | Fluxo de login finalizado.
2025-12-23 17:03:26 | INFO    | Removendo sessões remotas pendentes...
2025-12-23 17:03:43 | INFO    | Iniciando exportação do painel de Meta por Vendedor...
2025-12-23 17:03:48 | INFO    | Solicitado download Meta Vendedor. Aguardando...
2025-12-23 17:04:18 | INFO    | Arquivo movido: Meta por vendedor - S _ Departamento TELE VENDAS (Mês Alternado) - 23 Dec 2025 (5).xlsx -> MetaVendedor_2312.xlsx
2025-12-23 17:04:18 | INFO    | Arquivo Meta Vendedor baixado: MetaVendedor_2312.xlsx
2025-12-23 17:04:18 | INFO    | Fluxo de Meta Vendedor concluído. Finalizando automação.
2025-12-23 17:04:18 | INFO    | Fechando o navegador.
2025-12-23 17:04:20 | INFO    | Automação web concluída. Arquivos baixados: ['meta_vendedor']
2025-12-23 17:04:20 | INFO    | INGESTAO | Validando sanidade do arquivo...
2025-12-23 17:04:20 | ERROR   | INGESTAO | Excel inválido detectado (Linha 3): 'Erro ao recuperar resultados'
2025-12-23 17:04:20 | INFO    | INGESTAO | Ação: Removendo arquivo e reiniciando ciclo de download.
2025-12-23 17:05:00 | ERROR   | INGESTAO | Falha após todas as tentativas de download.
2025-12-23 17:05:00 | ERROR   | INGESTAO | Meta Vendedor não encontrado nem baixado (mesmo após retries).
2025-12-23 17:05:00 | INFO    | PIPELINE | Execucao finalizada com sucesso
