2025-12-16 10:31:38 | INFO     | CRIARTEMPLATE | _setup_root_logger:141 | ================================================================================
2025-12-16 10:31:38 | INFO     | CRIARTEMPLATE | _setup_root_logger:142 | Sistema de Logging Iniciado - Arquivo: C:\Users\Usuario\Documents\Scripts\EM DESENVOLVIMENTO RankingLojas\logs\CRIARTEMPLATE_20251216_103138.log
2025-12-16 10:31:38 | INFO     | CRIARTEMPLATE | _setup_root_logger:143 | Modo: DESENVOLVIMENTO
2025-12-16 10:31:38 | INFO     | CRIARTEMPLATE | _setup_root_logger:146 | Diretório de logs: C:\Users\Usuario\Documents\Scripts\EM DESENVOLVIMENTO RankingLojas\logs
2025-12-16 10:31:38 | INFO     | CRIARTEMPLATE | _setup_root_logger:147 | ================================================================================
2025-12-16 10:31:38 | INFO     | CRIARTEMPLATE | main:243 | ================================================================================
2025-12-16 10:31:38 | INFO     | CRIARTEMPLATE | main:244 | INICIANDO CRIARTEMPLATE
2025-12-16 10:31:38 | INFO     | CRIARTEMPLATE | main:245 | Modo: DESENVOLVIMENTO
2025-12-16 10:31:38 | INFO     | CRIARTEMPLATE | main:248 | ================================================================================
2025-12-16 10:31:38 | INFO     | CRIARTEMPLATE | main:253 | Configurações carregadas. Diretório base: C:\Users\Usuario\Documents\Scripts\EM DESENVOLVIMENTO RankingLojas
2025-12-16 10:31:38 | INFO     | CRIARTEMPLATE | main:259 | Executando ranking diário...
2025-12-16 10:31:38 | INFO     | CRIARTEMPLATE | _run_ranking_diario:62 | Baixando planilha 'Meta por empresa geral' para o ranking diário...
2025-12-16 10:33:31 | INFO     | CRIARTEMPLATE | _run_ranking_diario:77 | Gerando ranking diário a partir de C:\Users\Usuario\Documents\Scripts\EM DESENVOLVIMENTO RankingLojas\data\meta_empresa_20251216.xlsx ...
2025-12-16 10:33:32 | ERROR    | CRIARTEMPLATE | _run_ranking_diario:87 | ❌ ERRO ao gerar ranking diário: name 'ChromeOptions' is not defined
Traceback (most recent call last):
  File "C:\Users\Usuario\Documents\Scripts\EM DESENVOLVIMENTO RankingLojas\main.py", line 79, in _run_ranking_diario
    destino = gerar_ranking_diario(meta_path, data_dir)
              ^^^^^^^^^^^^^^^^^^^^^^^^^^^^^^^^^^^^^^^^^
  File "C:\Users\Usuario\Documents\Scripts\EM DESENVOLVIMENTO RankingLojas\src\daily_ranking.py", line 531, in gerar_ranking_diario
    png_path = _renderizar_ranking(
               ^^^^^^^^^^^^^^^^^^^^
  File "C:\Users\Usuario\Documents\Scripts\EM DESENVOLVIMENTO RankingLojas\src\daily_ranking.py", line 471, in _renderizar_ranking
    png_path = html_to_png(html, destino, viewport=viewport)
               ^^^^^^^^^^^^^^^^^^^^^^^^^^^^^^^^^^^^^^^^^^^^^
  File "C:\Users\Usuario\Documents\Scripts\EM DESENVOLVIMENTO RankingLojas\src\html_renderer.py", line 155, in html_to_png
    result = _html_to_png_selenium(html_content, destino, viewport, device_scale, wait_ms)
             ^^^^^^^^^^^^^^^^^^^^^^^^^^^^^^^^^^^^^^^^^^^^^^^^^^^^^^^^^^^^^^^^^^^^^^^^^^^^^
  File "C:\Users\Usuario\Documents\Scripts\EM DESENVOLVIMENTO RankingLojas\src\html_renderer.py", line 219, in _html_to_png_selenium
    chrome_options = ChromeOptions()
                     ^^^^^^^^^^^^^
NameError: name 'ChromeOptions' is not defined
2025-12-16 10:33:32 | ERROR    | CRIARTEMPLATE | main:274 | ================================================================================
2025-12-16 10:33:32 | ERROR    | CRIARTEMPLATE | main:275 | ERRO FATAL NÃO TRATADO
2025-12-16 10:33:32 | ERROR    | CRIARTEMPLATE | main:276 | ================================================================================
2025-12-16 10:33:32 | ERROR    | CRIARTEMPLATE | main:277 | Tipo: NameError
2025-12-16 10:33:32 | ERROR    | CRIARTEMPLATE | main:278 | Mensagem: name 'ChromeOptions' is not defined
2025-12-16 10:33:32 | ERROR    | CRIARTEMPLATE | main:279 | Traceback completo:
2025-12-16 10:33:32 | ERROR    | CRIARTEMPLATE | main:280 | Traceback (most recent call last):
  File "C:\Users\Usuario\Documents\Scripts\EM DESENVOLVIMENTO RankingLojas\main.py", line 260, in main
    _run_ranking_diario(args.meta_arquivo, paths_cfg, args.force)
  File "C:\Users\Usuario\Documents\Scripts\EM DESENVOLVIMENTO RankingLojas\main.py", line 79, in _run_ranking_diario
    destino = gerar_ranking_diario(meta_path, data_dir)
              ^^^^^^^^^^^^^^^^^^^^^^^^^^^^^^^^^^^^^^^^^
  File "C:\Users\Usuario\Documents\Scripts\EM DESENVOLVIMENTO RankingLojas\src\daily_ranking.py", line 531, in gerar_ranking_diario
    png_path = _renderizar_ranking(
               ^^^^^^^^^^^^^^^^^^^^
  File "C:\Users\Usuario\Documents\Scripts\EM DESENVOLVIMENTO RankingLojas\src\daily_ranking.py", line 471, in _renderizar_ranking
    png_path = html_to_png(html, destino, viewport=viewport)
               ^^^^^^^^^^^^^^^^^^^^^^^^^^^^^^^^^^^^^^^^^^^^^
  File "C:\Users\Usuario\Documents\Scripts\EM DESENVOLVIMENTO RankingLojas\src\html_renderer.py", line 155, in html_to_png
    result = _html_to_png_selenium(html_content, destino, viewport, device_scale, wait_ms)
             ^^^^^^^^^^^^^^^^^^^^^^^^^^^^^^^^^^^^^^^^^^^^^^^^^^^^^^^^^^^^^^^^^^^^^^^^^^^^^
  File "C:\Users\Usuario\Documents\Scripts\EM DESENVOLVIMENTO RankingLojas\src\html_renderer.py", line 219, in _html_to_png_selenium
    chrome_options = ChromeOptions()
                     ^^^^^^^^^^^^^
NameError: name 'ChromeOptions' is not defined

2025-12-16 10:33:32 | ERROR    | CRIARTEMPLATE | main:281 | ================================================================================
