2025-12-23 16:28:51 | INFO    | ===========================================================================
2025-12-23 16:28:51 | INFO    | PIPELINE | Sistema de Logging Iniciado: C:\Users\Usuario\Documents\Scripts\EM DESENVOLVIMENTO RankingLojas\logs\CRIARTEMPLATE_20251223_162851.log
2025-12-23 16:28:51 | INFO    | PIPELINE | Modo: DEV
2025-12-23 16:28:51 | INFO    | ===========================================================================
2025-12-23 16:28:51 | INFO    | BACKUP | Backup diário realizado em: C:\Users\Usuario\Documents\Scripts\EM DESENVOLVIMENTO RankingLojas\backups\2025-12-23 (2 arquivos)
2025-12-23 16:28:51 | INFO    | PIPELINE | INICIANDO EXECUCAO: src.web_automation
2025-12-23 16:28:51 | INFO    | INGESTAO | Iniciando download de planilhas...
2025-12-23 16:28:51 | INFO    | INGESTAO | Tentativa 1/3
2025-12-23 16:28:54 | INFO    | Iniciando automação web...
2025-12-23 16:28:54 | INFO    | Acessando o site: https://bi-cloud-partner3.citelsoftware.com.br:41451
2025-12-23 16:29:04 | INFO    | Fluxo de login finalizado.
2025-12-23 16:29:04 | INFO    | Removendo sessões remotas pendentes...
2025-12-23 16:29:22 | INFO    | Iniciando exportação do painel de Meta por Vendedor...
2025-12-23 16:29:30 | INFO    | Solicitado download Meta Vendedor. Aguardando...
2025-12-23 16:30:00 | INFO    | Arquivo movido: Meta por vendedor - S _ Departamento TELE VENDAS (Mês Alternado) - 23 Dec 2025 (5).xlsx -> MetaVendedor_2312.xlsx
2025-12-23 16:30:00 | INFO    | Arquivo Meta Vendedor baixado: MetaVendedor_2312.xlsx
2025-12-23 16:30:00 | INFO    | Fluxo de Meta Vendedor concluído. Finalizando automação.
2025-12-23 16:30:00 | INFO    | Fechando o navegador.
2025-12-23 16:30:02 | INFO    | Automação web concluída. Arquivos baixados: ['meta_vendedor']
2025-12-23 16:30:02 | INFO    | INGESTAO | Validando sanidade do arquivo...
2025-12-23 16:30:02 | INFO    | INGESTAO | Arquivo válido e saneado. Prosseguindo.
2025-12-23 16:30:02 | INFO    | PROCESSAMENTO | Iniciando processamento: MetaVendedor_2312.xlsx
2025-12-23 16:30:02 | INFO    | INGESTAO | Tentativa 1/3 de leitura do Meta Vendedor
2025-12-23 16:30:02 | INFO    | INGESTAO | Validando integridade do Excel (pré-header)
2025-12-23 16:30:02 | INFO    | INGESTAO | Excel passou na validação de integridade
2025-12-23 16:30:02 | INFO    | INGESTAO | Arquivo válido detectado.
2025-12-23 16:30:02 | INFO    | INGESTAO | Iniciando analise de header: MetaVendedor_2312.xlsx
2025-12-23 16:30:02 | INFO    | INGESTAO | Header Linha 0: Valid=1 Cols=['META POR VENDEDOR - S / DEPARTAMENTO TELE VENDAS (MES ALTERNADO)', '', '', '', '', '', '', '', '', '', '', '', '', '', '', '', '', '', '', '', '', '', '', '']
2025-12-23 16:30:02 | INFO    | INGESTAO | Header Linha 1: Valid=1 Cols=['META DE VENDA POR VENDEDOR SEM DEPARTAMENTO TELEVENDAS', '', '', '', '', '', '', '', '', '', '', '', '', '', '', '', '', '', '', '', '', '', '', '']
2025-12-23 16:30:02 | INFO    | INGESTAO | Header Linha 2: Valid=0 Cols=['', '', '', '', '', '', '', '', '', '', '', '', '', '', '', '', '', '', '', '', '', '', '', '']
2025-12-23 16:30:02 | INFO    | INGESTAO | Header Linha 3: Valid=24 Cols=['COD.', 'NOME', 'META', 'FATURADO MES', '% ALCANCE', 'FAT. PROJETADO', '% PROJETADO', 'FALTA META MES', 'META DIARIA', 'FAT. HOJE', 'VALOR ABERTO', '% FAT. + ABERTO', 'PRAZO MEDIO', 'VENDAS', 'TICKET MEDIO', 'QTD ITENS POR NOTA', 'CARTEIRA', 'ATEND.', '% ATEND.', 'META MARG.', '% MARGEM', 'TOTAL DESCONTO', 'META DESCONTO', '% DESCONTO']
2025-12-23 16:30:02 | INFO    | INGESTAO | Cabeçalho detectado na linha 3
2025-12-23 16:30:02 | INFO    | PROCESSAMENTO | Vendedores: 66. Páginas: 6
2025-12-23 16:30:02 | INFO    | Playwright não disponível
2025-12-23 16:30:02 | INFO    | Selenium disponível
2025-12-23 16:30:02 | INFO    | Usando Selenium para renderização...
2025-12-23 16:30:02 | INFO    | Configurando opções do Chrome para Selenium...
2025-12-23 16:30:02 | INFO    | Criando arquivo HTML temporário...
2025-12-23 16:30:02 | INFO    | Arquivo temporário criado: C:\Users\Usuario\AppData\Local\Temp\tmpgqzt3nbu.html
2025-12-23 16:30:02 | INFO    | Instalando/verificando ChromeDriver via webdriver-manager...
2025-12-23 16:30:03 | INFO    | ChromeDriver pronto, iniciando browser...
2025-12-23 16:30:04 | INFO    | Browser Chrome iniciado
2025-12-23 16:30:04 | INFO    | Carregando HTML: file:///C:\Users\Usuario\AppData\Local\Temp\tmpgqzt3nbu.html
2025-12-23 16:30:04 | INFO    | HTML carregado, aguardando elemento 'body'...
2025-12-23 16:30:04 | INFO    | Elemento 'body' encontrado, aguardando 600ms para renderização...
2025-12-23 16:30:05 | INFO    | Tirando screenshot...
2025-12-23 16:30:05 | INFO    | Screenshot salvo: C:\Users\Usuario\Documents\Scripts\EM DESENVOLVIMENTO RankingLojas\data\ranking_vendedor_p1.png
2025-12-23 16:30:05 | INFO    | Fechando browser...
2025-12-23 16:30:07 | INFO    | Browser fechado
2025-12-23 16:30:07 | INFO    | Removendo arquivo temporário...
2025-12-23 16:30:07 | INFO    | Screenshot HTML salva em C:\Users\Usuario\Documents\Scripts\EM DESENVOLVIMENTO RankingLojas\data\ranking_vendedor_p1.png (via Selenium)
2025-12-23 16:30:07 | INFO    | ✅ Conversão concluída via Selenium
2025-12-23 16:30:07 | INFO    | Playwright não disponível
2025-12-23 16:30:07 | INFO    | Selenium disponível
2025-12-23 16:30:07 | INFO    | Usando Selenium para renderização...
2025-12-23 16:30:07 | INFO    | Configurando opções do Chrome para Selenium...
2025-12-23 16:30:07 | INFO    | Criando arquivo HTML temporário...
2025-12-23 16:30:07 | INFO    | Arquivo temporário criado: C:\Users\Usuario\AppData\Local\Temp\tmpulcxihy6.html
2025-12-23 16:30:07 | INFO    | Instalando/verificando ChromeDriver via webdriver-manager...
2025-12-23 16:30:08 | INFO    | ChromeDriver pronto, iniciando browser...
2025-12-23 16:30:09 | INFO    | Browser Chrome iniciado
2025-12-23 16:30:09 | INFO    | Carregando HTML: file:///C:\Users\Usuario\AppData\Local\Temp\tmpulcxihy6.html
2025-12-23 16:30:09 | INFO    | HTML carregado, aguardando elemento 'body'...
2025-12-23 16:30:09 | INFO    | Elemento 'body' encontrado, aguardando 600ms para renderização...
2025-12-23 16:30:10 | INFO    | Tirando screenshot...
2025-12-23 16:30:10 | INFO    | Screenshot salvo: C:\Users\Usuario\Documents\Scripts\EM DESENVOLVIMENTO RankingLojas\data\ranking_vendedor_p2.png
2025-12-23 16:30:10 | INFO    | Fechando browser...
2025-12-23 16:30:12 | INFO    | Browser fechado
2025-12-23 16:30:12 | INFO    | Removendo arquivo temporário...
2025-12-23 16:30:12 | INFO    | Screenshot HTML salva em C:\Users\Usuario\Documents\Scripts\EM DESENVOLVIMENTO RankingLojas\data\ranking_vendedor_p2.png (via Selenium)
2025-12-23 16:30:12 | INFO    | ✅ Conversão concluída via Selenium
2025-12-23 16:30:12 | INFO    | Playwright não disponível
2025-12-23 16:30:12 | INFO    | Selenium disponível
2025-12-23 16:30:12 | INFO    | Usando Selenium para renderização...
2025-12-23 16:30:12 | INFO    | Configurando opções do Chrome para Selenium...
2025-12-23 16:30:12 | INFO    | Criando arquivo HTML temporário...
2025-12-23 16:30:12 | INFO    | Arquivo temporário criado: C:\Users\Usuario\AppData\Local\Temp\tmpcx2oze58.html
2025-12-23 16:30:12 | INFO    | Instalando/verificando ChromeDriver via webdriver-manager...
2025-12-23 16:30:13 | INFO    | ChromeDriver pronto, iniciando browser...
2025-12-23 16:30:14 | INFO    | Browser Chrome iniciado
2025-12-23 16:30:14 | INFO    | Carregando HTML: file:///C:\Users\Usuario\AppData\Local\Temp\tmpcx2oze58.html
2025-12-23 16:30:15 | INFO    | HTML carregado, aguardando elemento 'body'...
2025-12-23 16:30:15 | INFO    | Elemento 'body' encontrado, aguardando 600ms para renderização...
2025-12-23 16:30:15 | INFO    | Tirando screenshot...
2025-12-23 16:30:15 | INFO    | Screenshot salvo: C:\Users\Usuario\Documents\Scripts\EM DESENVOLVIMENTO RankingLojas\data\ranking_vendedor_p3.png
2025-12-23 16:30:15 | INFO    | Fechando browser...
2025-12-23 16:30:18 | INFO    | Browser fechado
2025-12-23 16:30:18 | INFO    | Removendo arquivo temporário...
2025-12-23 16:30:18 | INFO    | Screenshot HTML salva em C:\Users\Usuario\Documents\Scripts\EM DESENVOLVIMENTO RankingLojas\data\ranking_vendedor_p3.png (via Selenium)
2025-12-23 16:30:18 | INFO    | ✅ Conversão concluída via Selenium
2025-12-23 16:30:18 | INFO    | Playwright não disponível
2025-12-23 16:30:18 | INFO    | Selenium disponível
2025-12-23 16:30:18 | INFO    | Usando Selenium para renderização...
2025-12-23 16:30:18 | INFO    | Configurando opções do Chrome para Selenium...
2025-12-23 16:30:18 | INFO    | Criando arquivo HTML temporário...
2025-12-23 16:30:18 | INFO    | Arquivo temporário criado: C:\Users\Usuario\AppData\Local\Temp\tmpgx6wbqdn.html
2025-12-23 16:30:18 | INFO    | Instalando/verificando ChromeDriver via webdriver-manager...
2025-12-23 16:30:19 | INFO    | ChromeDriver pronto, iniciando browser...
2025-12-23 16:30:20 | INFO    | Browser Chrome iniciado
2025-12-23 16:30:20 | INFO    | Carregando HTML: file:///C:\Users\Usuario\AppData\Local\Temp\tmpgx6wbqdn.html
2025-12-23 16:30:20 | INFO    | HTML carregado, aguardando elemento 'body'...
2025-12-23 16:30:20 | INFO    | Elemento 'body' encontrado, aguardando 600ms para renderização...
2025-12-23 16:30:20 | INFO    | Tirando screenshot...
2025-12-23 16:30:21 | INFO    | Screenshot salvo: C:\Users\Usuario\Documents\Scripts\EM DESENVOLVIMENTO RankingLojas\data\ranking_vendedor_p4.png
2025-12-23 16:30:21 | INFO    | Fechando browser...
2025-12-23 16:30:23 | INFO    | Browser fechado
2025-12-23 16:30:23 | INFO    | Removendo arquivo temporário...
2025-12-23 16:30:23 | INFO    | Screenshot HTML salva em C:\Users\Usuario\Documents\Scripts\EM DESENVOLVIMENTO RankingLojas\data\ranking_vendedor_p4.png (via Selenium)
2025-12-23 16:30:23 | INFO    | ✅ Conversão concluída via Selenium
2025-12-23 16:30:23 | INFO    | Playwright não disponível
2025-12-23 16:30:23 | INFO    | Selenium disponível
2025-12-23 16:30:23 | INFO    | Usando Selenium para renderização...
2025-12-23 16:30:23 | INFO    | Configurando opções do Chrome para Selenium...
2025-12-23 16:30:23 | INFO    | Criando arquivo HTML temporário...
2025-12-23 16:30:23 | INFO    | Arquivo temporário criado: C:\Users\Usuario\AppData\Local\Temp\tmp261du4j3.html
2025-12-23 16:30:23 | INFO    | Instalando/verificando ChromeDriver via webdriver-manager...
2025-12-23 16:30:24 | INFO    | ChromeDriver pronto, iniciando browser...
2025-12-23 16:30:25 | INFO    | Browser Chrome iniciado
2025-12-23 16:30:25 | INFO    | Carregando HTML: file:///C:\Users\Usuario\AppData\Local\Temp\tmp261du4j3.html
2025-12-23 16:30:25 | INFO    | HTML carregado, aguardando elemento 'body'...
2025-12-23 16:30:25 | INFO    | Elemento 'body' encontrado, aguardando 600ms para renderização...
2025-12-23 16:30:26 | INFO    | Tirando screenshot...
2025-12-23 16:30:26 | INFO    | Screenshot salvo: C:\Users\Usuario\Documents\Scripts\EM DESENVOLVIMENTO RankingLojas\data\ranking_vendedor_p5.png
2025-12-23 16:30:26 | INFO    | Fechando browser...
2025-12-23 16:30:28 | INFO    | Browser fechado
2025-12-23 16:30:28 | INFO    | Removendo arquivo temporário...
2025-12-23 16:30:28 | INFO    | Screenshot HTML salva em C:\Users\Usuario\Documents\Scripts\EM DESENVOLVIMENTO RankingLojas\data\ranking_vendedor_p5.png (via Selenium)
2025-12-23 16:30:28 | INFO    | ✅ Conversão concluída via Selenium
2025-12-23 16:30:28 | INFO    | Playwright não disponível
2025-12-23 16:30:28 | INFO    | Selenium disponível
2025-12-23 16:30:28 | INFO    | Usando Selenium para renderização...
2025-12-23 16:30:28 | INFO    | Configurando opções do Chrome para Selenium...
2025-12-23 16:30:28 | INFO    | Criando arquivo HTML temporário...
2025-12-23 16:30:28 | INFO    | Arquivo temporário criado: C:\Users\Usuario\AppData\Local\Temp\tmprnqus_8t.html
2025-12-23 16:30:28 | INFO    | Instalando/verificando ChromeDriver via webdriver-manager...
2025-12-23 16:30:29 | INFO    | ChromeDriver pronto, iniciando browser...
2025-12-23 16:30:30 | INFO    | Browser Chrome iniciado
2025-12-23 16:30:30 | INFO    | Carregando HTML: file:///C:\Users\Usuario\AppData\Local\Temp\tmprnqus_8t.html
2025-12-23 16:30:30 | INFO    | HTML carregado, aguardando elemento 'body'...
2025-12-23 16:30:30 | INFO    | Elemento 'body' encontrado, aguardando 600ms para renderização...
2025-12-23 16:30:31 | INFO    | Tirando screenshot...
2025-12-23 16:30:31 | INFO    | Screenshot salvo: C:\Users\Usuario\Documents\Scripts\EM DESENVOLVIMENTO RankingLojas\data\ranking_vendedor_p6.png
2025-12-23 16:30:31 | INFO    | Fechando browser...
2025-12-23 16:30:33 | INFO    | Browser fechado
2025-12-23 16:30:33 | INFO    | Removendo arquivo temporário...
2025-12-23 16:30:33 | INFO    | Screenshot HTML salva em C:\Users\Usuario\Documents\Scripts\EM DESENVOLVIMENTO RankingLojas\data\ranking_vendedor_p6.png (via Selenium)
2025-12-23 16:30:33 | INFO    | ✅ Conversão concluída via Selenium
2025-12-23 16:30:33 | INFO    | RANKING | Sucesso! Gerado em: C:\Users\Usuario\Documents\Scripts\EM DESENVOLVIMENTO RankingLojas\data\ranking_vendedor_p1.png
2025-12-23 16:30:33 | INFO    | PIPELINE | Execucao finalizada com sucesso
