2025-12-23 15:02:41 | INFO     | CRIARTEMPLATE | _setup_root_logger:142 | ================================================================================
2025-12-23 15:02:41 | INFO     | CRIARTEMPLATE | _setup_root_logger:143 | Sistema de Logging Iniciado - Arquivo: C:\Users\Usuario\Documents\Scripts\EM DESENVOLVIMENTO RankingLojas\logs\CRIARTEMPLATE_20251223_150241.log
2025-12-23 15:02:41 | INFO     | CRIARTEMPLATE | _setup_root_logger:144 | Modo: DESENVOLVIMENTO
2025-12-23 15:02:41 | INFO     | CRIARTEMPLATE | _setup_root_logger:147 | Diretório de logs: C:\Users\Usuario\Documents\Scripts\EM DESENVOLVIMENTO RankingLojas\logs
2025-12-23 15:02:41 | INFO     | CRIARTEMPLATE | _setup_root_logger:148 | ================================================================================
2025-12-23 15:02:41 | INFO     | CRIARTEMPLATE | main:121 | ================================================================================
2025-12-23 15:02:41 | INFO     | CRIARTEMPLATE | main:122 | INICIANDO CRIARTEMPLATE
2025-12-23 15:02:41 | INFO     | CRIARTEMPLATE | main:123 | Modo: DESENVOLVIMENTO
2025-12-23 15:02:41 | INFO     | CRIARTEMPLATE | main:126 | ================================================================================
2025-12-23 15:02:41 | INFO     | CRIARTEMPLATE | main:131 | Configurações carregadas. Diretório base: C:\Users\Usuario\Documents\Scripts\EM DESENVOLVIMENTO RankingLojas
2025-12-23 15:02:41 | INFO     | CRIARTEMPLATE | main:137 | Executando ranking diário...
2025-12-23 15:02:41 | INFO     | CRIARTEMPLATE | _run_ranking_diario:69 | Baixando planilhas (Foco: Meta Vendedor)...
2025-12-23 15:03:44 | INFO     | CRIARTEMPLATE | _run_ranking_diario:93 | Gerando ranking de vendedores a partir de C:\Users\Usuario\Documents\Scripts\EM DESENVOLVIMENTO RankingLojas\data\MetaVendedor_2312.xlsx ...
2025-12-23 15:03:44 | ERROR    | CRIARTEMPLATE | _run_ranking_diario:101 | ERRO CRITICO ao gerar ranking de vendedores: Cabecalho Meta Vendedor nao encontrado automaticamente.
Traceback (most recent call last):
  File "C:\Users\Usuario\Documents\Scripts\EM DESENVOLVIMENTO RankingLojas\MAIN.PY", line 97, in _run_ranking_diario
    destino_vendedor = gerar_ranking_vendedores(meta_vendedor, data_dir)
                       ^^^^^^^^^^^^^^^^^^^^^^^^^^^^^^^^^^^^^^^^^^^^^^^^^
  File "C:\Users\Usuario\Documents\Scripts\EM DESENVOLVIMENTO RankingLojas\src\daily_seller_ranking.py", line 607, in gerar_ranking_vendedores
    df_completo = _preparar_dataframe(meta_path, cfg)
                  ^^^^^^^^^^^^^^^^^^^^^^^^^^^^^^^^^^^
  File "C:\Users\Usuario\Documents\Scripts\EM DESENVOLVIMENTO RankingLojas\src\daily_seller_ranking.py", line 225, in _preparar_dataframe
    df = _carregar_planilha(path, cfg)
         ^^^^^^^^^^^^^^^^^^^^^^^^^^^^^
  File "C:\Users\Usuario\Documents\Scripts\EM DESENVOLVIMENTO RankingLojas\src\daily_seller_ranking.py", line 200, in _carregar_planilha
    raise ValueError("Cabecalho Meta Vendedor nao encontrado automaticamente.")
ValueError: Cabecalho Meta Vendedor nao encontrado automaticamente.
2025-12-23 15:03:44 | INFO     | CRIARTEMPLATE | main:140 | ================================================================================
2025-12-23 15:03:44 | INFO     | CRIARTEMPLATE | main:141 | FLUXO FINALIZADO COM SUCESSO
2025-12-23 15:03:44 | INFO     | CRIARTEMPLATE | main:142 | ================================================================================
