2025-12-23 17:09:35 | INFO    | ===========================================================================
2025-12-23 17:09:35 | INFO    | PIPELINE | Sistema de Logging Iniciado: C:\Users\Usuario\Documents\Scripts\EM DESENVOLVIMENTO RankingLojas\logs\CRIARTEMPLATE_20251223_170935.log
2025-12-23 17:09:35 | INFO    | PIPELINE | Modo: DEV
2025-12-23 17:09:35 | INFO    | ===========================================================================
2025-12-23 17:09:35 | INFO    | BACKUP | Backup diário realizado em: C:\Users\Usuario\Documents\Scripts\EM DESENVOLVIMENTO RankingLojas\backups\2025-12-23 (2 arquivos)
2025-12-23 17:09:35 | INFO    | PIPELINE | INICIANDO EXECUCAO: src.web_automation
2025-12-23 17:09:35 | INFO    | INGESTAO | Iniciando download de planilhas...
2025-12-23 17:09:35 | INFO    | INGESTAO | Tentativa 1/3
2025-12-23 17:09:37 | INFO    | Iniciando automação web...
2025-12-23 17:09:37 | INFO    | Acessando o site: https://bi-cloud-partner3.citelsoftware.com.br:41451
2025-12-23 17:09:46 | INFO    | Fluxo de login finalizado.
2025-12-23 17:09:46 | INFO    | Removendo sessões remotas pendentes...
2025-12-23 17:10:04 | INFO    | Iniciando exportação do painel de Meta por Vendedor...
2025-12-23 17:10:06 | INFO    | Tentativa de Exportação BI 1/3
2025-12-23 17:10:10 | INFO    | Solicitado download Meta Vendedor. Aguardando...
2025-12-23 17:10:40 | INFO    | Arquivo movido: Meta por vendedor - S _ Departamento TELE VENDAS (Mês Alternado) - 23 Dec 2025.xlsx -> MetaVendedor_2312.xlsx
2025-12-23 17:10:40 | INFO    | Validando conteúdo do arquivo (BI Check)...
2025-12-23 17:10:40 | WARNING | BI RETORNOU ERRO DE NEGÓCIO (Tentativa 1). Resetando Sessão...
2025-12-23 17:10:40 | INFO    | Executando Refresh da Página...
2025-12-23 17:10:55 | WARNING | Não consegui re-localizar botão Mais após refresh.
2025-12-23 17:10:55 | INFO    | Tentativa de Exportação BI 2/3
2025-12-23 17:11:00 | ERROR   | Erro ao baixar Meta Vendedor: Message: invalid session id; For documentation on this error, please visit: https://www.selenium.dev/documentation/webdriver/troubleshooting/errors#invalidsessionidexception
Stacktrace:
Symbols not available. Dumping unresolved backtrace:
	0x6812d3
	0x681314
	0x46e52b
	0x4ac635
	0x4db3a6
	0x4d6ed1
	0x4d6846
	0x43ebfd
	0x43f18e
	0x43f65d
	0x8d5314
	0x8d08cb
	0x8ed1aa
	0x69b1d8
	0x6a31dd
	0x43e7ab
	0x43ddf7
	0xa217af
	0x75b75d49
	0x77d4d5db
	0x77d4d561

2025-12-23 17:11:00 | INFO    | Fluxo de Meta Vendedor concluído. Finalizando automação.
2025-12-23 17:11:00 | INFO    | Fechando o navegador.
2025-12-23 17:11:02 | INFO    | Automação web concluída. Arquivos baixados: []
2025-12-23 17:11:02 | WARNING | INGESTAO | Download não gerou arquivo. Aguardando 40s...
