2025-12-23 16:54:35 | INFO    | ===========================================================================
2025-12-23 16:54:35 | INFO    | PIPELINE | Sistema de Logging Iniciado: C:\Users\Usuario\Documents\Scripts\EM DESENVOLVIMENTO RankingLojas\logs\CRIARTEMPLATE_20251223_165435.log
2025-12-23 16:54:35 | INFO    | PIPELINE | Modo: DEV
2025-12-23 16:54:35 | INFO    | ===========================================================================
2025-12-23 16:54:35 | INFO    | BACKUP | Backup diário realizado em: C:\Users\Usuario\Documents\Scripts\EM DESENVOLVIMENTO RankingLojas\backups\2025-12-23 (2 arquivos)
2025-12-23 16:54:35 | INFO    | PIPELINE | INICIANDO EXECUCAO: src.web_automation
2025-12-23 16:54:35 | INFO    | INGESTAO | Iniciando download de planilhas...
2025-12-23 16:54:35 | INFO    | INGESTAO | Tentativa 1/3
2025-12-23 16:54:38 | INFO    | Iniciando automação web...
2025-12-23 16:54:38 | INFO    | Acessando o site: https://bi-cloud-partner3.citelsoftware.com.br:41451
2025-12-23 16:54:48 | INFO    | Fluxo de login finalizado.
2025-12-23 16:54:48 | INFO    | Removendo sessões remotas pendentes...
2025-12-23 16:55:06 | INFO    | Arquivo existente encontrado: MetaVendedor_2312.xlsx. Removendo para garantir atualização diária.
2025-12-23 16:55:06 | INFO    | Iniciando exportação do painel de Meta por Vendedor...
2025-12-23 16:55:11 | INFO    | Solicitado download Meta Vendedor. Aguardando...
2025-12-23 16:55:41 | INFO    | Arquivo movido: Meta por vendedor - S _ Departamento TELE VENDAS (Mês Alternado) - 23 Dec 2025 (5).xlsx -> MetaVendedor_2312.xlsx
2025-12-23 16:55:41 | INFO    | Arquivo Meta Vendedor baixado: MetaVendedor_2312.xlsx
2025-12-23 16:55:41 | INFO    | Fluxo de Meta Vendedor concluído. Finalizando automação.
2025-12-23 16:55:41 | INFO    | Fechando o navegador.
2025-12-23 16:55:43 | INFO    | Automação web concluída. Arquivos baixados: ['meta_vendedor']
2025-12-23 16:55:43 | INFO    | INGESTAO | Validando sanidade do arquivo...
2025-12-23 16:55:43 | ERROR   | INGESTAO | Excel inválido detectado (Linha 3): 'Erro ao recuperar resultados'
2025-12-23 16:55:43 | INFO    | INGESTAO | Ação: Removendo arquivo e reiniciando ciclo de download.
2025-12-23 16:56:23 | INFO    | INGESTAO | Tentativa 2/3
2025-12-23 16:56:26 | INFO    | Iniciando automação web...
2025-12-23 16:56:26 | INFO    | Acessando o site: https://bi-cloud-partner3.citelsoftware.com.br:41451
2025-12-23 16:56:35 | INFO    | Fluxo de login finalizado.
2025-12-23 16:56:35 | INFO    | Removendo sessões remotas pendentes...
2025-12-23 16:56:52 | INFO    | Iniciando exportação do painel de Meta por Vendedor...
2025-12-23 16:56:59 | INFO    | Solicitado download Meta Vendedor. Aguardando...
2025-12-23 16:57:29 | INFO    | Arquivo movido: Meta por vendedor - S _ Departamento TELE VENDAS (Mês Alternado) - 23 Dec 2025 (5).xlsx -> MetaVendedor_2312.xlsx
2025-12-23 16:57:29 | INFO    | Arquivo Meta Vendedor baixado: MetaVendedor_2312.xlsx
2025-12-23 16:57:29 | INFO    | Fluxo de Meta Vendedor concluído. Finalizando automação.
2025-12-23 16:57:29 | INFO    | Fechando o navegador.
2025-12-23 16:57:32 | INFO    | Automação web concluída. Arquivos baixados: ['meta_vendedor']
2025-12-23 16:57:32 | INFO    | INGESTAO | Validando sanidade do arquivo...
2025-12-23 16:57:32 | INFO    | INGESTAO | Arquivo válido e saneado. Prosseguindo.
2025-12-23 16:57:32 | INFO    | PROCESSAMENTO | Iniciando processamento: MetaVendedor_2312.xlsx
2025-12-23 16:57:32 | INFO    | INGESTAO | Tentativa 1/3 de leitura do Meta Vendedor
2025-12-23 16:57:32 | INFO    | INGESTAO | Validando integridade do Excel (pré-header)
2025-12-23 16:57:32 | INFO    | INGESTAO | Excel passou na validação de integridade
2025-12-23 16:57:32 | INFO    | INGESTAO | Arquivo válido detectado.
2025-12-23 16:57:32 | INFO    | INGESTAO | Iniciando analise de header: MetaVendedor_2312.xlsx
2025-12-23 16:57:32 | INFO    | INGESTAO | Header Linha 0: Valid=1 Cols=['META POR VENDEDOR - S / DEPARTAMENTO TELE VENDAS (MES ALTERNADO)', '', '', '', '', '', '', '', '', '', '', '', '', '', '', '', '', '', '', '', '', '', '', '']
2025-12-23 16:57:32 | INFO    | INGESTAO | Header Linha 1: Valid=1 Cols=['META DE VENDA POR VENDEDOR SEM DEPARTAMENTO TELEVENDAS', '', '', '', '', '', '', '', '', '', '', '', '', '', '', '', '', '', '', '', '', '', '', '']
2025-12-23 16:57:32 | INFO    | INGESTAO | Header Linha 2: Valid=0 Cols=['', '', '', '', '', '', '', '', '', '', '', '', '', '', '', '', '', '', '', '', '', '', '', '']
2025-12-23 16:57:32 | INFO    | INGESTAO | Header Linha 3: Valid=24 Cols=['COD.', 'NOME', 'META', 'FATURADO MES', '% ALCANCE', 'FAT. PROJETADO', '% PROJETADO', 'FALTA META MES', 'META DIARIA', 'FAT. HOJE', 'VALOR ABERTO', '% FAT. + ABERTO', 'PRAZO MEDIO', 'VENDAS', 'TICKET MEDIO', 'QTD ITENS POR NOTA', 'CARTEIRA', 'ATEND.', '% ATEND.', 'META MARG.', '% MARGEM', 'TOTAL DESCONTO', 'META DESCONTO', '% DESCONTO']
2025-12-23 16:57:32 | INFO    | INGESTAO | Cabeçalho detectado na linha 3
2025-12-23 16:57:32 | INFO    | PROCESSAMENTO | Vendedores: 66. Páginas: 6
2025-12-23 16:57:32 | INFO    | Playwright disponível
2025-12-23 16:57:32 | INFO    | Selenium disponível
2025-12-23 16:57:32 | INFO    | Playwright disponível, tentando usar...
2025-12-23 16:57:32 | INFO    | Inicializando Playwright...
2025-12-23 16:57:32 | INFO    | Lançando browser Chromium...
2025-12-23 16:57:32 | INFO    | Browser lançado, criando nova página...
2025-12-23 16:57:33 | INFO    | Página criada, carregando conteúdo HTML...
2025-12-23 16:57:33 | INFO    | Conteúdo carregado, aguardando 600ms para renderização completa...
2025-12-23 16:57:34 | INFO    | Tirando screenshot...
2025-12-23 16:57:34 | INFO    | Screenshot salvo, fechando browser...
2025-12-23 16:57:34 | INFO    | Browser fechado
2025-12-23 16:57:34 | INFO    | Screenshot HTML salva em C:\Users\Usuario\Documents\Scripts\EM DESENVOLVIMENTO RankingLojas\data\ranking_vendedor_p1.png (via Playwright)
2025-12-23 16:57:34 | INFO    | ✅ Conversão concluída via Playwright
2025-12-23 16:57:34 | INFO    | Playwright disponível
2025-12-23 16:57:34 | INFO    | Selenium disponível
2025-12-23 16:57:34 | INFO    | Playwright disponível, tentando usar...
2025-12-23 16:57:34 | INFO    | Inicializando Playwright...
2025-12-23 16:57:35 | INFO    | Lançando browser Chromium...
2025-12-23 16:57:35 | INFO    | Browser lançado, criando nova página...
2025-12-23 16:57:35 | INFO    | Página criada, carregando conteúdo HTML...
2025-12-23 16:57:35 | INFO    | Conteúdo carregado, aguardando 600ms para renderização completa...
2025-12-23 16:57:36 | INFO    | Tirando screenshot...
2025-12-23 16:57:36 | INFO    | Screenshot salvo, fechando browser...
2025-12-23 16:57:36 | INFO    | Browser fechado
2025-12-23 16:57:36 | INFO    | Screenshot HTML salva em C:\Users\Usuario\Documents\Scripts\EM DESENVOLVIMENTO RankingLojas\data\ranking_vendedor_p2.png (via Playwright)
2025-12-23 16:57:36 | INFO    | ✅ Conversão concluída via Playwright
2025-12-23 16:57:36 | INFO    | Playwright disponível
2025-12-23 16:57:36 | INFO    | Selenium disponível
2025-12-23 16:57:36 | INFO    | Playwright disponível, tentando usar...
2025-12-23 16:57:36 | INFO    | Inicializando Playwright...
2025-12-23 16:57:37 | INFO    | Lançando browser Chromium...
2025-12-23 16:57:37 | INFO    | Browser lançado, criando nova página...
2025-12-23 16:57:37 | INFO    | Página criada, carregando conteúdo HTML...
2025-12-23 16:57:37 | INFO    | Conteúdo carregado, aguardando 600ms para renderização completa...
2025-12-23 16:57:38 | INFO    | Tirando screenshot...
2025-12-23 16:57:38 | INFO    | Screenshot salvo, fechando browser...
2025-12-23 16:57:38 | INFO    | Browser fechado
2025-12-23 16:57:38 | INFO    | Screenshot HTML salva em C:\Users\Usuario\Documents\Scripts\EM DESENVOLVIMENTO RankingLojas\data\ranking_vendedor_p3.png (via Playwright)
2025-12-23 16:57:38 | INFO    | ✅ Conversão concluída via Playwright
2025-12-23 16:57:38 | INFO    | Playwright disponível
2025-12-23 16:57:38 | INFO    | Selenium disponível
2025-12-23 16:57:38 | INFO    | Playwright disponível, tentando usar...
2025-12-23 16:57:38 | INFO    | Inicializando Playwright...
2025-12-23 16:57:39 | INFO    | Lançando browser Chromium...
2025-12-23 16:57:39 | INFO    | Browser lançado, criando nova página...
2025-12-23 16:57:39 | INFO    | Página criada, carregando conteúdo HTML...
2025-12-23 16:57:40 | INFO    | Conteúdo carregado, aguardando 600ms para renderização completa...
2025-12-23 16:57:40 | INFO    | Tirando screenshot...
2025-12-23 16:57:40 | INFO    | Screenshot salvo, fechando browser...
2025-12-23 16:57:40 | INFO    | Browser fechado
2025-12-23 16:57:40 | INFO    | Screenshot HTML salva em C:\Users\Usuario\Documents\Scripts\EM DESENVOLVIMENTO RankingLojas\data\ranking_vendedor_p4.png (via Playwright)
2025-12-23 16:57:40 | INFO    | ✅ Conversão concluída via Playwright
2025-12-23 16:57:40 | INFO    | Playwright disponível
2025-12-23 16:57:40 | INFO    | Selenium disponível
2025-12-23 16:57:40 | INFO    | Playwright disponível, tentando usar...
2025-12-23 16:57:40 | INFO    | Inicializando Playwright...
2025-12-23 16:57:41 | INFO    | Lançando browser Chromium...
2025-12-23 16:57:41 | INFO    | Browser lançado, criando nova página...
2025-12-23 16:57:41 | INFO    | Página criada, carregando conteúdo HTML...
2025-12-23 16:57:42 | INFO    | Conteúdo carregado, aguardando 600ms para renderização completa...
2025-12-23 16:57:42 | INFO    | Tirando screenshot...
2025-12-23 16:57:42 | INFO    | Screenshot salvo, fechando browser...
2025-12-23 16:57:42 | INFO    | Browser fechado
2025-12-23 16:57:42 | INFO    | Screenshot HTML salva em C:\Users\Usuario\Documents\Scripts\EM DESENVOLVIMENTO RankingLojas\data\ranking_vendedor_p5.png (via Playwright)
2025-12-23 16:57:42 | INFO    | ✅ Conversão concluída via Playwright
2025-12-23 16:57:42 | INFO    | Playwright disponível
2025-12-23 16:57:42 | INFO    | Selenium disponível
2025-12-23 16:57:42 | INFO    | Playwright disponível, tentando usar...
2025-12-23 16:57:42 | INFO    | Inicializando Playwright...
2025-12-23 16:57:43 | INFO    | Lançando browser Chromium...
2025-12-23 16:57:43 | INFO    | Browser lançado, criando nova página...
2025-12-23 16:57:43 | INFO    | Página criada, carregando conteúdo HTML...
2025-12-23 16:57:44 | INFO    | Conteúdo carregado, aguardando 600ms para renderização completa...
2025-12-23 16:57:44 | INFO    | Tirando screenshot...
2025-12-23 16:57:44 | INFO    | Screenshot salvo, fechando browser...
2025-12-23 16:57:44 | INFO    | Browser fechado
2025-12-23 16:57:44 | INFO    | Screenshot HTML salva em C:\Users\Usuario\Documents\Scripts\EM DESENVOLVIMENTO RankingLojas\data\ranking_vendedor_p6.png (via Playwright)
2025-12-23 16:57:44 | INFO    | ✅ Conversão concluída via Playwright
2025-12-23 16:57:45 | ERROR   | PONTOS | Erro ao gerar ranking de pontos: 'GamificacaoDB' object has no attribute 'conn'
2025-12-23 16:57:45 | INFO    | RANKING | Sucesso! Gerado em: C:\Users\Usuario\Documents\Scripts\EM DESENVOLVIMENTO RankingLojas\data\ranking_vendedor_p1.png
2025-12-23 16:57:45 | INFO    | PIPELINE | Execucao finalizada com sucesso
