2025-12-23 17:00:51 | INFO    | ===========================================================================
2025-12-23 17:00:51 | INFO    | PIPELINE | Sistema de Logging Iniciado: C:\Users\Usuario\Documents\Scripts\EM DESENVOLVIMENTO RankingLojas\logs\CRIARTEMPLATE_20251223_170051.log
2025-12-23 17:00:51 | INFO    | PIPELINE | Modo: DEV
2025-12-23 17:00:51 | INFO    | ===========================================================================
2025-12-23 17:00:51 | INFO    | BACKUP | Backup diário realizado em: C:\Users\Usuario\Documents\Scripts\EM DESENVOLVIMENTO RankingLojas\backups\2025-12-23 (2 arquivos)
2025-12-23 17:00:51 | INFO    | PIPELINE | INICIANDO EXECUCAO: src.web_automation
2025-12-23 17:00:51 | INFO    | INGESTAO | Iniciando download de planilhas...
2025-12-23 17:00:51 | INFO    | INGESTAO | Tentativa 1/3
2025-12-23 17:00:54 | INFO    | Iniciando automação web...
2025-12-23 17:00:54 | INFO    | Acessando o site: https://bi-cloud-partner3.citelsoftware.com.br:41451
2025-12-23 17:01:04 | INFO    | Fluxo de login finalizado.
2025-12-23 17:01:04 | INFO    | Removendo sessões remotas pendentes...
2025-12-23 17:01:21 | INFO    | Iniciando exportação do painel de Meta por Vendedor...
2025-12-23 17:01:26 | INFO    | Solicitado download Meta Vendedor. Aguardando...
2025-12-23 17:01:56 | INFO    | Arquivo movido: Meta por vendedor - S _ Departamento TELE VENDAS (Mês Alternado) - 23 Dec 2025 (5).xlsx -> MetaVendedor_2312.xlsx
2025-12-23 17:01:56 | INFO    | Arquivo Meta Vendedor baixado: MetaVendedor_2312.xlsx
2025-12-23 17:01:56 | INFO    | Fluxo de Meta Vendedor concluído. Finalizando automação.
2025-12-23 17:01:56 | INFO    | Fechando o navegador.
2025-12-23 17:01:58 | INFO    | Automação web concluída. Arquivos baixados: ['meta_vendedor']
2025-12-23 17:01:58 | INFO    | INGESTAO | Validando sanidade do arquivo...
2025-12-23 17:01:59 | ERROR   | INGESTAO | Excel inválido detectado (Linha 3): 'Erro ao recuperar resultados'
2025-12-23 17:01:59 | INFO    | INGESTAO | Ação: Removendo arquivo e reiniciando ciclo de download.
2025-12-23 17:02:39 | INFO    | INGESTAO | Tentativa 2/3
2025-12-23 17:02:42 | INFO    | Iniciando automação web...
2025-12-23 17:02:42 | INFO    | Acessando o site: https://bi-cloud-partner3.citelsoftware.com.br:41451
2025-12-23 17:02:52 | INFO    | Fluxo de login finalizado.
2025-12-23 17:02:52 | INFO    | Removendo sessões remotas pendentes...
2025-12-23 17:03:10 | INFO    | Iniciando exportação do painel de Meta por Vendedor...
2025-12-23 17:03:15 | INFO    | Solicitado download Meta Vendedor. Aguardando...
2025-12-23 17:03:45 | INFO    | Arquivo movido: Meta por vendedor - S _ Departamento TELE VENDAS (Mês Alternado) - 23 Dec 2025 (5).xlsx -> MetaVendedor_2312.xlsx
2025-12-23 17:03:45 | INFO    | Arquivo Meta Vendedor baixado: MetaVendedor_2312.xlsx
2025-12-23 17:03:45 | INFO    | Fluxo de Meta Vendedor concluído. Finalizando automação.
2025-12-23 17:03:45 | INFO    | Fechando o navegador.
2025-12-23 17:03:47 | INFO    | Automação web concluída. Arquivos baixados: ['meta_vendedor']
2025-12-23 17:03:47 | INFO    | INGESTAO | Validando sanidade do arquivo...
2025-12-23 17:03:47 | ERROR   | INGESTAO | Excel inválido detectado (Linha 3): 'Erro ao recuperar resultados'
2025-12-23 17:03:47 | INFO    | INGESTAO | Ação: Removendo arquivo e reiniciando ciclo de download.
2025-12-23 17:04:27 | INFO    | INGESTAO | Tentativa 3/3
2025-12-23 17:04:29 | INFO    | Iniciando automação web...
2025-12-23 17:04:29 | INFO    | Acessando o site: https://bi-cloud-partner3.citelsoftware.com.br:41451
2025-12-23 17:04:38 | INFO    | Fluxo de login finalizado.
2025-12-23 17:04:38 | INFO    | Removendo sessões remotas pendentes...
2025-12-23 17:04:56 | INFO    | Iniciando exportação do painel de Meta por Vendedor...
2025-12-23 17:05:01 | INFO    | Solicitado download Meta Vendedor. Aguardando...
2025-12-23 17:05:31 | INFO    | Arquivo movido: Meta por vendedor - S _ Departamento TELE VENDAS (Mês Alternado) - 23 Dec 2025 (5).xlsx -> MetaVendedor_2312.xlsx
2025-12-23 17:05:31 | INFO    | Arquivo Meta Vendedor baixado: MetaVendedor_2312.xlsx
2025-12-23 17:05:31 | INFO    | Fluxo de Meta Vendedor concluído. Finalizando automação.
2025-12-23 17:05:31 | INFO    | Fechando o navegador.
2025-12-23 17:05:33 | INFO    | Automação web concluída. Arquivos baixados: ['meta_vendedor']
2025-12-23 17:05:33 | INFO    | INGESTAO | Validando sanidade do arquivo...
2025-12-23 17:05:33 | ERROR   | INGESTAO | Excel inválido detectado (Linha 3): 'Erro ao recuperar resultados'
2025-12-23 17:05:33 | INFO    | INGESTAO | Ação: Removendo arquivo e reiniciando ciclo de download.
2025-12-23 17:06:13 | ERROR   | INGESTAO | Falha após todas as tentativas de download.
2025-12-23 17:06:13 | ERROR   | INGESTAO | Meta Vendedor não encontrado nem baixado (mesmo após retries).
2025-12-23 17:06:13 | INFO    | PIPELINE | Execucao finalizada com sucesso
