2026-01-03 17:38:32 | INFO    | ===========================================================================
2026-01-03 17:38:32 | INFO    | PIPELINE | Sistema de Logging Iniciado: C:\Users\Usuario\Documents\Scripts\EM DESENVOLVIMENTO RankingVendedores2.0\logs\CRIARTEMPLATE_20260103_173832.log
2026-01-03 17:38:32 | INFO    | PIPELINE | Modo: DEV
2026-01-03 17:38:32 | INFO    | ===========================================================================
2026-01-03 17:38:33 | INFO    | INGESTAO | Tentativa 1/3 de leitura do Meta Vendedor
2026-01-03 17:38:33 | INFO    | INGESTAO | Validando integridade do Excel (pré-header)
2026-01-03 17:38:33 | INFO    | INGESTAO | Excel passou na validação de integridade
2026-01-03 17:38:33 | INFO    | INGESTAO | Arquivo válido detectado.
2026-01-03 17:38:33 | INFO    | INGESTAO | Iniciando analise de header: MetaVendedor_3112.xlsx
2026-01-03 17:38:33 | INFO    | INGESTAO | Header Linha 0: Valid=1 Cols=['META POR VENDEDOR - S / DEPARTAMENTO TELE VENDAS (MES ALTERNADO)', '', '', '', '', '', '', '', '', '', '', '', '', '', '', '', '', '', '', '', '', '', '', '']
2026-01-03 17:38:33 | INFO    | INGESTAO | Header Linha 1: Valid=1 Cols=['META DE VENDA POR VENDEDOR SEM DEPARTAMENTO TELEVENDAS', '', '', '', '', '', '', '', '', '', '', '', '', '', '', '', '', '', '', '', '', '', '', '']
2026-01-03 17:38:33 | INFO    | INGESTAO | Header Linha 2: Valid=0 Cols=['', '', '', '', '', '', '', '', '', '', '', '', '', '', '', '', '', '', '', '', '', '', '', '']
2026-01-03 17:38:33 | INFO    | INGESTAO | Header Linha 3: Valid=24 Cols=['COD.', 'NOME', 'META', 'FATURADO MES', '% ALCANCE', 'FAT. PROJETADO', '% PROJETADO', 'FALTA META MES', 'META DIARIA', 'FAT. HOJE', 'VALOR ABERTO', '% FAT. + ABERTO', 'PRAZO MEDIO', 'VENDAS', 'TICKET MEDIO', 'QTD ITENS POR NOTA', 'CARTEIRA', 'ATEND.', '% ATEND.', 'META MARG.', '% MARGEM', 'TOTAL DESCONTO', 'META DESCONTO', '% DESCONTO']
2026-01-03 17:38:33 | INFO    | INGESTAO | Cabeçalho detectado na linha 3
2026-01-03 17:38:33 | INFO    | FILTER | 14 Gerentes removidos do ranking.
2026-01-03 17:38:33 | INFO    | PROCESSAMENTO | Vendedores: 81. Páginas: 7
2026-01-03 17:38:33 | INFO    | Playwright disponível
2026-01-03 17:38:33 | INFO    | Selenium disponível
2026-01-03 17:38:33 | INFO    | Playwright disponível, tentando usar...
2026-01-03 17:38:33 | INFO    | Inicializando Playwright...
2026-01-03 17:38:33 | INFO    | Lançando browser Chromium...
2026-01-03 17:38:33 | INFO    | Browser lançado, criando nova página...
2026-01-03 17:38:33 | INFO    | Página criada, carregando conteúdo HTML...
2026-01-03 17:38:34 | INFO    | Conteúdo carregado, aguardando 600ms para renderização completa...
2026-01-03 17:38:34 | INFO    | Tirando screenshot...
2026-01-03 17:38:35 | INFO    | Screenshot salvo, fechando browser...
2026-01-03 17:38:35 | INFO    | Browser fechado
2026-01-03 17:38:35 | INFO    | Screenshot HTML salva em data\ranking_vendedor_p1.png (via Playwright)
2026-01-03 17:38:35 | INFO    | ✅ Conversão concluída via Playwright
2026-01-03 17:38:35 | INFO    | Playwright disponível
2026-01-03 17:38:35 | INFO    | Selenium disponível
2026-01-03 17:38:35 | INFO    | Playwright disponível, tentando usar...
2026-01-03 17:38:35 | INFO    | Inicializando Playwright...
2026-01-03 17:38:35 | INFO    | Lançando browser Chromium...
2026-01-03 17:38:35 | INFO    | Browser lançado, criando nova página...
2026-01-03 17:38:35 | INFO    | Página criada, carregando conteúdo HTML...
2026-01-03 17:38:36 | INFO    | Conteúdo carregado, aguardando 600ms para renderização completa...
2026-01-03 17:38:36 | INFO    | Tirando screenshot...
2026-01-03 17:38:36 | INFO    | Screenshot salvo, fechando browser...
2026-01-03 17:38:36 | INFO    | Browser fechado
2026-01-03 17:38:36 | INFO    | Screenshot HTML salva em data\ranking_vendedor_p2.png (via Playwright)
2026-01-03 17:38:36 | INFO    | ✅ Conversão concluída via Playwright
2026-01-03 17:38:36 | INFO    | Playwright disponível
2026-01-03 17:38:36 | INFO    | Selenium disponível
2026-01-03 17:38:36 | INFO    | Playwright disponível, tentando usar...
2026-01-03 17:38:36 | INFO    | Inicializando Playwright...
2026-01-03 17:38:37 | INFO    | Lançando browser Chromium...
2026-01-03 17:38:37 | INFO    | Browser lançado, criando nova página...
2026-01-03 17:38:37 | INFO    | Página criada, carregando conteúdo HTML...
2026-01-03 17:38:37 | INFO    | Conteúdo carregado, aguardando 600ms para renderização completa...
2026-01-03 17:38:38 | INFO    | Tirando screenshot...
2026-01-03 17:38:38 | INFO    | Screenshot salvo, fechando browser...
2026-01-03 17:38:38 | INFO    | Browser fechado
2026-01-03 17:38:38 | INFO    | Screenshot HTML salva em data\ranking_vendedor_p3.png (via Playwright)
2026-01-03 17:38:38 | INFO    | ✅ Conversão concluída via Playwright
2026-01-03 17:38:38 | INFO    | Playwright disponível
2026-01-03 17:38:38 | INFO    | Selenium disponível
2026-01-03 17:38:38 | INFO    | Playwright disponível, tentando usar...
2026-01-03 17:38:38 | INFO    | Inicializando Playwright...
2026-01-03 17:38:38 | INFO    | Lançando browser Chromium...
2026-01-03 17:38:38 | INFO    | Browser lançado, criando nova página...
2026-01-03 17:38:38 | INFO    | Página criada, carregando conteúdo HTML...
2026-01-03 17:38:39 | INFO    | Conteúdo carregado, aguardando 600ms para renderização completa...
2026-01-03 17:38:39 | INFO    | Tirando screenshot...
2026-01-03 17:38:40 | INFO    | Screenshot salvo, fechando browser...
2026-01-03 17:38:40 | INFO    | Browser fechado
2026-01-03 17:38:40 | INFO    | Screenshot HTML salva em data\ranking_vendedor_p4.png (via Playwright)
2026-01-03 17:38:40 | INFO    | ✅ Conversão concluída via Playwright
2026-01-03 17:38:40 | INFO    | Playwright disponível
2026-01-03 17:38:40 | INFO    | Selenium disponível
2026-01-03 17:38:40 | INFO    | Playwright disponível, tentando usar...
2026-01-03 17:38:40 | INFO    | Inicializando Playwright...
2026-01-03 17:38:40 | INFO    | Lançando browser Chromium...
2026-01-03 17:38:40 | INFO    | Browser lançado, criando nova página...
2026-01-03 17:38:40 | INFO    | Página criada, carregando conteúdo HTML...
2026-01-03 17:38:40 | INFO    | Conteúdo carregado, aguardando 600ms para renderização completa...
2026-01-03 17:38:41 | INFO    | Tirando screenshot...
2026-01-03 17:38:41 | INFO    | Screenshot salvo, fechando browser...
2026-01-03 17:38:41 | INFO    | Browser fechado
2026-01-03 17:38:41 | INFO    | Screenshot HTML salva em data\ranking_vendedor_p5.png (via Playwright)
2026-01-03 17:38:41 | INFO    | ✅ Conversão concluída via Playwright
2026-01-03 17:38:41 | INFO    | Playwright disponível
2026-01-03 17:38:41 | INFO    | Selenium disponível
2026-01-03 17:38:41 | INFO    | Playwright disponível, tentando usar...
2026-01-03 17:38:41 | INFO    | Inicializando Playwright...
2026-01-03 17:38:41 | INFO    | Lançando browser Chromium...
2026-01-03 17:38:41 | INFO    | Browser lançado, criando nova página...
2026-01-03 17:38:42 | INFO    | Página criada, carregando conteúdo HTML...
2026-01-03 17:38:42 | INFO    | Conteúdo carregado, aguardando 600ms para renderização completa...
2026-01-03 17:38:43 | INFO    | Tirando screenshot...
2026-01-03 17:38:43 | INFO    | Screenshot salvo, fechando browser...
2026-01-03 17:38:43 | INFO    | Browser fechado
2026-01-03 17:38:43 | INFO    | Screenshot HTML salva em data\ranking_vendedor_p6.png (via Playwright)
2026-01-03 17:38:43 | INFO    | ✅ Conversão concluída via Playwright
2026-01-03 17:38:43 | INFO    | Playwright disponível
2026-01-03 17:38:43 | INFO    | Selenium disponível
2026-01-03 17:38:43 | INFO    | Playwright disponível, tentando usar...
2026-01-03 17:38:43 | INFO    | Inicializando Playwright...
2026-01-03 17:38:43 | INFO    | Lançando browser Chromium...
2026-01-03 17:38:43 | INFO    | Browser lançado, criando nova página...
2026-01-03 17:38:43 | INFO    | Página criada, carregando conteúdo HTML...
2026-01-03 17:38:44 | INFO    | Conteúdo carregado, aguardando 600ms para renderização completa...
2026-01-03 17:38:44 | INFO    | Tirando screenshot...
2026-01-03 17:38:44 | INFO    | Screenshot salvo, fechando browser...
2026-01-03 17:38:45 | INFO    | Browser fechado
2026-01-03 17:38:45 | INFO    | Screenshot HTML salva em data\ranking_vendedor_p7.png (via Playwright)
2026-01-03 17:38:45 | INFO    | ✅ Conversão concluída via Playwright
2026-01-03 17:38:45 | INFO    | 🎮 GAMIFICACAO | Engine: OK
2026-01-03 17:38:45 | ERROR   | PONTOS | Erro: name 'conn' is not defined
2026-01-03 17:38:45 | INFO    | Playwright disponível
2026-01-03 17:38:45 | INFO    | Selenium disponível
2026-01-03 17:38:45 | INFO    | Playwright disponível, tentando usar...
2026-01-03 17:38:45 | INFO    | Inicializando Playwright...
2026-01-03 17:38:46 | INFO    | Lançando browser Chromium...
2026-01-03 17:38:46 | INFO    | Browser lançado, criando nova página...
2026-01-03 17:38:46 | INFO    | Página criada, carregando conteúdo HTML...
2026-01-03 17:38:47 | INFO    | Conteúdo carregado, aguardando 600ms para renderização completa...
2026-01-03 17:38:47 | INFO    | Tirando screenshot...
2026-01-03 17:38:47 | INFO    | Screenshot salvo, fechando browser...
2026-01-03 17:38:47 | INFO    | Browser fechado
2026-01-03 17:38:47 | INFO    | Screenshot HTML salva em data\ranking_semanal_p1.png (via Playwright)
2026-01-03 17:38:47 | INFO    | ✅ Conversão concluída via Playwright
2026-01-03 17:38:47 | INFO    | Playwright disponível
2026-01-03 17:38:47 | INFO    | Selenium disponível
2026-01-03 17:38:47 | INFO    | Playwright disponível, tentando usar...
2026-01-03 17:38:47 | INFO    | Inicializando Playwright...
2026-01-03 17:38:48 | INFO    | Lançando browser Chromium...
2026-01-03 17:38:48 | INFO    | Browser lançado, criando nova página...
2026-01-03 17:38:48 | INFO    | Página criada, carregando conteúdo HTML...
2026-01-03 17:38:49 | INFO    | Conteúdo carregado, aguardando 600ms para renderização completa...
2026-01-03 17:38:49 | INFO    | Tirando screenshot...
2026-01-03 17:38:49 | INFO    | Screenshot salvo, fechando browser...
2026-01-03 17:38:50 | INFO    | Browser fechado
2026-01-03 17:38:50 | INFO    | Screenshot HTML salva em data\ranking_semanal_p2.png (via Playwright)
2026-01-03 17:38:50 | INFO    | ✅ Conversão concluída via Playwright
2026-01-03 17:38:50 | INFO    | Playwright disponível
2026-01-03 17:38:50 | INFO    | Selenium disponível
2026-01-03 17:38:50 | INFO    | Playwright disponível, tentando usar...
2026-01-03 17:38:50 | INFO    | Inicializando Playwright...
2026-01-03 17:38:50 | INFO    | Lançando browser Chromium...
2026-01-03 17:38:50 | INFO    | Browser lançado, criando nova página...
2026-01-03 17:38:50 | INFO    | Página criada, carregando conteúdo HTML...
2026-01-03 17:38:51 | INFO    | Conteúdo carregado, aguardando 600ms para renderização completa...
2026-01-03 17:38:51 | INFO    | Tirando screenshot...
2026-01-03 17:38:52 | INFO    | Screenshot salvo, fechando browser...
2026-01-03 17:38:52 | INFO    | Browser fechado
2026-01-03 17:38:52 | INFO    | Screenshot HTML salva em data\ranking_semanal_p3.png (via Playwright)
2026-01-03 17:38:52 | INFO    | ✅ Conversão concluída via Playwright
2026-01-03 17:38:52 | INFO    | Playwright disponível
2026-01-03 17:38:52 | INFO    | Selenium disponível
2026-01-03 17:38:52 | INFO    | Playwright disponível, tentando usar...
2026-01-03 17:38:52 | INFO    | Inicializando Playwright...
2026-01-03 17:38:52 | INFO    | Lançando browser Chromium...
2026-01-03 17:38:52 | INFO    | Browser lançado, criando nova página...
2026-01-03 17:38:52 | INFO    | Página criada, carregando conteúdo HTML...
2026-01-03 17:38:52 | INFO    | Conteúdo carregado, aguardando 600ms para renderização completa...
2026-01-03 17:38:53 | INFO    | Tirando screenshot...
2026-01-03 17:38:53 | INFO    | Screenshot salvo, fechando browser...
2026-01-03 17:38:53 | INFO    | Browser fechado
2026-01-03 17:38:53 | INFO    | Screenshot HTML salva em data\ranking_semanal_p4.png (via Playwright)
2026-01-03 17:38:53 | INFO    | ✅ Conversão concluída via Playwright
2026-01-03 17:38:53 | INFO    | Playwright disponível
2026-01-03 17:38:53 | INFO    | Selenium disponível
2026-01-03 17:38:53 | INFO    | Playwright disponível, tentando usar...
2026-01-03 17:38:53 | INFO    | Inicializando Playwright...
2026-01-03 17:38:53 | INFO    | Lançando browser Chromium...
2026-01-03 17:38:54 | INFO    | Browser lançado, criando nova página...
2026-01-03 17:38:54 | INFO    | Página criada, carregando conteúdo HTML...
2026-01-03 17:38:54 | INFO    | Conteúdo carregado, aguardando 600ms para renderização completa...
2026-01-03 17:38:55 | INFO    | Tirando screenshot...
2026-01-03 17:38:55 | INFO    | Screenshot salvo, fechando browser...
2026-01-03 17:38:55 | INFO    | Browser fechado
2026-01-03 17:38:55 | INFO    | Screenshot HTML salva em data\ranking_semanal_p5.png (via Playwright)
2026-01-03 17:38:55 | INFO    | ✅ Conversão concluída via Playwright
2026-01-03 17:38:55 | INFO    | Playwright disponível
2026-01-03 17:38:55 | INFO    | Selenium disponível
2026-01-03 17:38:55 | INFO    | Playwright disponível, tentando usar...
2026-01-03 17:38:55 | INFO    | Inicializando Playwright...
2026-01-03 17:38:55 | INFO    | Lançando browser Chromium...
2026-01-03 17:38:55 | INFO    | Browser lançado, criando nova página...
2026-01-03 17:38:55 | INFO    | Página criada, carregando conteúdo HTML...
2026-01-03 17:38:56 | INFO    | Conteúdo carregado, aguardando 600ms para renderização completa...
2026-01-03 17:38:56 | INFO    | Tirando screenshot...
2026-01-03 17:38:56 | INFO    | Screenshot salvo, fechando browser...
2026-01-03 17:38:56 | INFO    | Browser fechado
2026-01-03 17:38:56 | INFO    | Screenshot HTML salva em data\ranking_semanal_p6.png (via Playwright)
2026-01-03 17:38:56 | INFO    | ✅ Conversão concluída via Playwright
2026-01-03 17:38:56 | INFO    | Playwright disponível
2026-01-03 17:38:56 | INFO    | Selenium disponível
2026-01-03 17:38:56 | INFO    | Playwright disponível, tentando usar...
2026-01-03 17:38:56 | INFO    | Inicializando Playwright...
2026-01-03 17:38:57 | INFO    | Lançando browser Chromium...
2026-01-03 17:38:57 | INFO    | Browser lançado, criando nova página...
2026-01-03 17:38:57 | INFO    | Página criada, carregando conteúdo HTML...
2026-01-03 17:38:57 | INFO    | Conteúdo carregado, aguardando 600ms para renderização completa...
2026-01-03 17:38:58 | INFO    | Tirando screenshot...
2026-01-03 17:38:58 | INFO    | Screenshot salvo, fechando browser...
2026-01-03 17:38:58 | INFO    | Browser fechado
2026-01-03 17:38:58 | INFO    | Screenshot HTML salva em data\ranking_semanal_p7.png (via Playwright)
2026-01-03 17:38:58 | INFO    | ✅ Conversão concluída via Playwright
2026-01-03 17:38:58 | INFO    | Playwright disponível
2026-01-03 17:38:58 | INFO    | Selenium disponível
2026-01-03 17:38:58 | INFO    | Playwright disponível, tentando usar...
2026-01-03 17:38:58 | INFO    | Inicializando Playwright...
2026-01-03 17:38:59 | INFO    | Lançando browser Chromium...
2026-01-03 17:38:59 | INFO    | Browser lançado, criando nova página...
2026-01-03 17:38:59 | INFO    | Página criada, carregando conteúdo HTML...
2026-01-03 17:38:59 | INFO    | Conteúdo carregado, aguardando 600ms para renderização completa...
2026-01-03 17:39:00 | INFO    | Tirando screenshot...
2026-01-03 17:39:00 | INFO    | Screenshot salvo, fechando browser...
2026-01-03 17:39:00 | INFO    | Browser fechado
2026-01-03 17:39:00 | INFO    | Screenshot HTML salva em data\ranking_mensal_p1.png (via Playwright)
2026-01-03 17:39:00 | INFO    | ✅ Conversão concluída via Playwright
2026-01-03 17:39:00 | INFO    | Playwright disponível
2026-01-03 17:39:00 | INFO    | Selenium disponível
2026-01-03 17:39:00 | INFO    | Playwright disponível, tentando usar...
2026-01-03 17:39:00 | INFO    | Inicializando Playwright...
2026-01-03 17:39:00 | INFO    | Lançando browser Chromium...
2026-01-03 17:39:00 | INFO    | Browser lançado, criando nova página...
2026-01-03 17:39:00 | INFO    | Página criada, carregando conteúdo HTML...
2026-01-03 17:39:01 | INFO    | Conteúdo carregado, aguardando 600ms para renderização completa...
2026-01-03 17:39:02 | INFO    | Tirando screenshot...
2026-01-03 17:39:02 | INFO    | Screenshot salvo, fechando browser...
2026-01-03 17:39:02 | INFO    | Browser fechado
2026-01-03 17:39:02 | INFO    | Screenshot HTML salva em data\ranking_mensal_p2.png (via Playwright)
2026-01-03 17:39:02 | INFO    | ✅ Conversão concluída via Playwright
2026-01-03 17:39:02 | INFO    | Playwright disponível
2026-01-03 17:39:02 | INFO    | Selenium disponível
2026-01-03 17:39:02 | INFO    | Playwright disponível, tentando usar...
2026-01-03 17:39:02 | INFO    | Inicializando Playwright...
2026-01-03 17:39:02 | INFO    | Lançando browser Chromium...
2026-01-03 17:39:02 | INFO    | Browser lançado, criando nova página...
2026-01-03 17:39:02 | INFO    | Página criada, carregando conteúdo HTML...
2026-01-03 17:39:03 | INFO    | Conteúdo carregado, aguardando 600ms para renderização completa...
2026-01-03 17:39:03 | INFO    | Tirando screenshot...
2026-01-03 17:39:03 | INFO    | Screenshot salvo, fechando browser...
2026-01-03 17:39:03 | INFO    | Browser fechado
2026-01-03 17:39:03 | INFO    | Screenshot HTML salva em data\ranking_mensal_p3.png (via Playwright)
2026-01-03 17:39:03 | INFO    | ✅ Conversão concluída via Playwright
2026-01-03 17:39:03 | INFO    | Playwright disponível
2026-01-03 17:39:03 | INFO    | Selenium disponível
2026-01-03 17:39:03 | INFO    | Playwright disponível, tentando usar...
2026-01-03 17:39:03 | INFO    | Inicializando Playwright...
2026-01-03 17:39:04 | INFO    | Lançando browser Chromium...
2026-01-03 17:39:04 | INFO    | Browser lançado, criando nova página...
2026-01-03 17:39:04 | INFO    | Página criada, carregando conteúdo HTML...
2026-01-03 17:39:04 | INFO    | Conteúdo carregado, aguardando 600ms para renderização completa...
2026-01-03 17:39:05 | INFO    | Tirando screenshot...
2026-01-03 17:39:05 | INFO    | Screenshot salvo, fechando browser...
2026-01-03 17:39:05 | INFO    | Browser fechado
2026-01-03 17:39:05 | INFO    | Screenshot HTML salva em data\ranking_mensal_p4.png (via Playwright)
2026-01-03 17:39:05 | INFO    | ✅ Conversão concluída via Playwright
2026-01-03 17:39:05 | INFO    | Playwright disponível
2026-01-03 17:39:05 | INFO    | Selenium disponível
2026-01-03 17:39:05 | INFO    | Playwright disponível, tentando usar...
2026-01-03 17:39:05 | INFO    | Inicializando Playwright...
2026-01-03 17:39:05 | INFO    | Lançando browser Chromium...
2026-01-03 17:39:05 | INFO    | Browser lançado, criando nova página...
2026-01-03 17:39:05 | INFO    | Página criada, carregando conteúdo HTML...
2026-01-03 17:39:06 | INFO    | Conteúdo carregado, aguardando 600ms para renderização completa...
2026-01-03 17:39:07 | INFO    | Tirando screenshot...
2026-01-03 17:39:07 | INFO    | Screenshot salvo, fechando browser...
2026-01-03 17:39:07 | INFO    | Browser fechado
2026-01-03 17:39:07 | INFO    | Screenshot HTML salva em data\ranking_mensal_p5.png (via Playwright)
2026-01-03 17:39:07 | INFO    | ✅ Conversão concluída via Playwright
2026-01-03 17:39:07 | INFO    | Playwright disponível
2026-01-03 17:39:07 | INFO    | Selenium disponível
2026-01-03 17:39:07 | INFO    | Playwright disponível, tentando usar...
2026-01-03 17:39:07 | INFO    | Inicializando Playwright...
2026-01-03 17:39:07 | INFO    | Lançando browser Chromium...
2026-01-03 17:39:07 | INFO    | Browser lançado, criando nova página...
2026-01-03 17:39:07 | INFO    | Página criada, carregando conteúdo HTML...
2026-01-03 17:39:08 | INFO    | Conteúdo carregado, aguardando 600ms para renderização completa...
2026-01-03 17:39:08 | INFO    | Tirando screenshot...
2026-01-03 17:39:08 | INFO    | Screenshot salvo, fechando browser...
2026-01-03 17:39:08 | INFO    | Browser fechado
2026-01-03 17:39:08 | INFO    | Screenshot HTML salva em data\ranking_mensal_p6.png (via Playwright)
2026-01-03 17:39:08 | INFO    | ✅ Conversão concluída via Playwright
2026-01-03 17:39:08 | INFO    | Playwright disponível
2026-01-03 17:39:08 | INFO    | Selenium disponível
2026-01-03 17:39:08 | INFO    | Playwright disponível, tentando usar...
2026-01-03 17:39:08 | INFO    | Inicializando Playwright...
2026-01-03 17:39:09 | INFO    | Lançando browser Chromium...
2026-01-03 17:39:09 | INFO    | Browser lançado, criando nova página...
2026-01-03 17:39:09 | INFO    | Página criada, carregando conteúdo HTML...
2026-01-03 17:39:09 | INFO    | Conteúdo carregado, aguardando 600ms para renderização completa...
2026-01-03 17:39:10 | INFO    | Tirando screenshot...
2026-01-03 17:39:10 | INFO    | Screenshot salvo, fechando browser...
2026-01-03 17:39:10 | INFO    | Browser fechado
2026-01-03 17:39:10 | INFO    | Screenshot HTML salva em data\ranking_mensal_p7.png (via Playwright)
2026-01-03 17:39:10 | INFO    | ✅ Conversão concluída via Playwright
