2025-12-30 12:29:19 | INFO    | ===========================================================================
2025-12-30 12:29:19 | INFO    | PIPELINE | Sistema de Logging Iniciado: C:\Users\Usuario\Documents\Scripts\EM DESENVOLVIMENTO RankingVendedores2.0\logs\CRIARTEMPLATE_20251230_122919.log
2025-12-30 12:29:19 | INFO    | PIPELINE | Modo: DEV
2025-12-30 12:29:19 | INFO    | ===========================================================================
2025-12-30 12:29:19 | INFO    | BACKUP | Backup diário realizado em: C:\Users\Usuario\Documents\Scripts\EM DESENVOLVIMENTO RankingVendedores2.0\backups\2025-12-30 (2 arquivos)
2025-12-30 12:29:19 | INFO    | BACKUP | Backups locais criados junto dos arquivos originais
2025-12-30 12:29:19 | INFO    | PIPELINE | INICIANDO EXECUCAO: src.web_automation
2025-12-30 12:29:19 | INFO    | PIPELINE | Modo: PROD | Envio WhatsApp: HABILITADO
2025-12-30 12:29:19 | INFO    | INGESTAO | Iniciando download de planilhas...
2025-12-30 12:29:19 | INFO    | INGESTAO | Tentativa 1/3
2025-12-30 12:29:22 | INFO    | Iniciando automação web...
2025-12-30 12:29:22 | INFO    | Acessando o site: https://bi-cloud-partner3.citelsoftware.com.br:41451
2025-12-30 12:29:33 | INFO    | Fluxo de login finalizado.
2025-12-30 12:29:33 | INFO    | Removendo sessões remotas pendentes...
2025-12-30 12:29:36 | INFO    | Aguardando 40 segundos para estabilização do BI...
2025-12-30 12:30:16 | INFO    | Arquivo existente encontrado: MetaVendedor_3012.xlsx. Removendo para garantir atualização diária.
2025-12-30 12:30:16 | INFO    | Iniciando exportação do painel de Meta por Vendedor...
2025-12-30 12:30:19 | INFO    | Tentativa de Exportação BI 1/3
2025-12-30 12:30:24 | INFO    | Solicitado download Meta Vendedor. Aguardando...
2025-12-30 12:30:54 | INFO    | Arquivo movido: Meta por vendedor - S _ Departamento TELE VENDAS (Mês Alternado) - 30 Dec 2025.xlsx -> MetaVendedor_3012.xlsx
2025-12-30 12:30:54 | INFO    | Validando conteúdo do arquivo (BI Check)...
2025-12-30 12:30:55 | INFO    | Arquivo validado com sucesso!
2025-12-30 12:30:55 | INFO    | Fluxo de Meta Vendedor concluído. Finalizando automação.
2025-12-30 12:30:55 | INFO    | Fechando o navegador.
2025-12-30 12:30:57 | INFO    | Automação web concluída. Arquivos baixados: ['meta_vendedor']
2025-12-30 12:30:57 | INFO    | INGESTAO | Validando sanidade do arquivo...
2025-12-30 12:30:57 | INFO    | INGESTAO | Arquivo válido e saneado. Prosseguindo.
2025-12-30 12:30:57 | INFO    | PROCESSAMENTO | Iniciando processamento: MetaVendedor_3012.xlsx
2025-12-30 12:30:57 | INFO    | INGESTAO | Tentativa 1/3 de leitura do Meta Vendedor
2025-12-30 12:30:57 | INFO    | INGESTAO | Validando integridade do Excel (pré-header)
2025-12-30 12:30:57 | INFO    | INGESTAO | Excel passou na validação de integridade
2025-12-30 12:30:57 | INFO    | INGESTAO | Arquivo válido detectado.
2025-12-30 12:30:57 | INFO    | INGESTAO | Iniciando analise de header: MetaVendedor_3012.xlsx
2025-12-30 12:30:57 | INFO    | INGESTAO | Header Linha 0: Valid=1 Cols=['META POR VENDEDOR - S / DEPARTAMENTO TELE VENDAS (MES ALTERNADO)', '', '', '', '', '', '', '', '', '', '', '', '', '', '', '', '', '', '', '', '', '', '', '']
2025-12-30 12:30:57 | INFO    | INGESTAO | Header Linha 1: Valid=1 Cols=['META DE VENDA POR VENDEDOR SEM DEPARTAMENTO TELEVENDAS', '', '', '', '', '', '', '', '', '', '', '', '', '', '', '', '', '', '', '', '', '', '', '']
2025-12-30 12:30:57 | INFO    | INGESTAO | Header Linha 2: Valid=0 Cols=['', '', '', '', '', '', '', '', '', '', '', '', '', '', '', '', '', '', '', '', '', '', '', '']
2025-12-30 12:30:57 | INFO    | INGESTAO | Header Linha 3: Valid=24 Cols=['COD.', 'NOME', 'META', 'FATURADO MES', '% ALCANCE', 'FAT. PROJETADO', '% PROJETADO', 'FALTA META MES', 'META DIARIA', 'FAT. HOJE', 'VALOR ABERTO', '% FAT. + ABERTO', 'PRAZO MEDIO', 'VENDAS', 'TICKET MEDIO', 'QTD ITENS POR NOTA', 'CARTEIRA', 'ATEND.', '% ATEND.', 'META MARG.', '% MARGEM', 'TOTAL DESCONTO', 'META DESCONTO', '% DESCONTO']
2025-12-30 12:30:57 | INFO    | INGESTAO | Cabeçalho detectado na linha 3
2025-12-30 12:30:57 | INFO    | FILTER | 14 Gerentes removidos do ranking.
2025-12-30 12:30:57 | INFO    | PROCESSAMENTO | Vendedores: 81. Páginas: 7
2025-12-30 12:30:57 | INFO    | Playwright disponível
2025-12-30 12:30:57 | INFO    | Selenium disponível
2025-12-30 12:30:57 | INFO    | Playwright disponível, tentando usar...
2025-12-30 12:30:57 | INFO    | Inicializando Playwright...
2025-12-30 12:30:58 | INFO    | Lançando browser Chromium...
2025-12-30 12:30:58 | INFO    | Browser lançado, criando nova página...
2025-12-30 12:30:58 | INFO    | Página criada, carregando conteúdo HTML...
2025-12-30 12:30:58 | INFO    | Conteúdo carregado, aguardando 600ms para renderização completa...
2025-12-30 12:30:59 | INFO    | Tirando screenshot...
2025-12-30 12:30:59 | INFO    | Screenshot salvo, fechando browser...
2025-12-30 12:30:59 | INFO    | Browser fechado
2025-12-30 12:30:59 | INFO    | Screenshot HTML salva em C:\Users\Usuario\Documents\Scripts\EM DESENVOLVIMENTO RankingVendedores2.0\data\ranking_vendedor_p1.png (via Playwright)
2025-12-30 12:30:59 | INFO    | ✅ Conversão concluída via Playwright
2025-12-30 12:30:59 | INFO    | Playwright disponível
2025-12-30 12:30:59 | INFO    | Selenium disponível
2025-12-30 12:30:59 | INFO    | Playwright disponível, tentando usar...
2025-12-30 12:30:59 | INFO    | Inicializando Playwright...
2025-12-30 12:31:00 | INFO    | Lançando browser Chromium...
2025-12-30 12:31:00 | INFO    | Browser lançado, criando nova página...
2025-12-30 12:31:00 | INFO    | Página criada, carregando conteúdo HTML...
2025-12-30 12:31:00 | INFO    | Conteúdo carregado, aguardando 600ms para renderização completa...
2025-12-30 12:31:01 | INFO    | Tirando screenshot...
2025-12-30 12:31:01 | INFO    | Screenshot salvo, fechando browser...
2025-12-30 12:31:01 | INFO    | Browser fechado
2025-12-30 12:31:01 | INFO    | Screenshot HTML salva em C:\Users\Usuario\Documents\Scripts\EM DESENVOLVIMENTO RankingVendedores2.0\data\ranking_vendedor_p2.png (via Playwright)
2025-12-30 12:31:01 | INFO    | ✅ Conversão concluída via Playwright
2025-12-30 12:31:01 | INFO    | Playwright disponível
2025-12-30 12:31:01 | INFO    | Selenium disponível
2025-12-30 12:31:01 | INFO    | Playwright disponível, tentando usar...
2025-12-30 12:31:01 | INFO    | Inicializando Playwright...
2025-12-30 12:31:02 | INFO    | Lançando browser Chromium...
2025-12-30 12:31:02 | INFO    | Browser lançado, criando nova página...
2025-12-30 12:31:02 | INFO    | Página criada, carregando conteúdo HTML...
2025-12-30 12:31:02 | INFO    | Conteúdo carregado, aguardando 600ms para renderização completa...
2025-12-30 12:31:03 | INFO    | Tirando screenshot...
2025-12-30 12:31:03 | INFO    | Screenshot salvo, fechando browser...
2025-12-30 12:31:03 | INFO    | Browser fechado
2025-12-30 12:31:03 | INFO    | Screenshot HTML salva em C:\Users\Usuario\Documents\Scripts\EM DESENVOLVIMENTO RankingVendedores2.0\data\ranking_vendedor_p3.png (via Playwright)
2025-12-30 12:31:03 | INFO    | ✅ Conversão concluída via Playwright
2025-12-30 12:31:03 | INFO    | Playwright disponível
2025-12-30 12:31:03 | INFO    | Selenium disponível
2025-12-30 12:31:03 | INFO    | Playwright disponível, tentando usar...
2025-12-30 12:31:03 | INFO    | Inicializando Playwright...
2025-12-30 12:31:04 | INFO    | Lançando browser Chromium...
2025-12-30 12:31:04 | INFO    | Browser lançado, criando nova página...
2025-12-30 12:31:04 | INFO    | Página criada, carregando conteúdo HTML...
2025-12-30 12:31:04 | INFO    | Conteúdo carregado, aguardando 600ms para renderização completa...
2025-12-30 12:31:05 | INFO    | Tirando screenshot...
2025-12-30 12:31:05 | INFO    | Screenshot salvo, fechando browser...
2025-12-30 12:31:05 | INFO    | Browser fechado
2025-12-30 12:31:05 | INFO    | Screenshot HTML salva em C:\Users\Usuario\Documents\Scripts\EM DESENVOLVIMENTO RankingVendedores2.0\data\ranking_vendedor_p4.png (via Playwright)
2025-12-30 12:31:05 | INFO    | ✅ Conversão concluída via Playwright
2025-12-30 12:31:05 | INFO    | Playwright disponível
2025-12-30 12:31:05 | INFO    | Selenium disponível
2025-12-30 12:31:05 | INFO    | Playwright disponível, tentando usar...
2025-12-30 12:31:05 | INFO    | Inicializando Playwright...
2025-12-30 12:31:06 | INFO    | Lançando browser Chromium...
2025-12-30 12:31:06 | INFO    | Browser lançado, criando nova página...
2025-12-30 12:31:06 | INFO    | Página criada, carregando conteúdo HTML...
2025-12-30 12:31:06 | INFO    | Conteúdo carregado, aguardando 600ms para renderização completa...
2025-12-30 12:31:07 | INFO    | Tirando screenshot...
2025-12-30 12:31:07 | INFO    | Screenshot salvo, fechando browser...
2025-12-30 12:31:07 | INFO    | Browser fechado
2025-12-30 12:31:07 | INFO    | Screenshot HTML salva em C:\Users\Usuario\Documents\Scripts\EM DESENVOLVIMENTO RankingVendedores2.0\data\ranking_vendedor_p5.png (via Playwright)
2025-12-30 12:31:07 | INFO    | ✅ Conversão concluída via Playwright
2025-12-30 12:31:07 | INFO    | Playwright disponível
2025-12-30 12:31:07 | INFO    | Selenium disponível
2025-12-30 12:31:07 | INFO    | Playwright disponível, tentando usar...
2025-12-30 12:31:07 | INFO    | Inicializando Playwright...
2025-12-30 12:31:08 | INFO    | Lançando browser Chromium...
2025-12-30 12:31:08 | INFO    | Browser lançado, criando nova página...
2025-12-30 12:31:08 | INFO    | Página criada, carregando conteúdo HTML...
2025-12-30 12:31:08 | INFO    | Conteúdo carregado, aguardando 600ms para renderização completa...
2025-12-30 12:31:09 | INFO    | Tirando screenshot...
2025-12-30 12:31:09 | INFO    | Screenshot salvo, fechando browser...
2025-12-30 12:31:09 | INFO    | Browser fechado
2025-12-30 12:31:09 | INFO    | Screenshot HTML salva em C:\Users\Usuario\Documents\Scripts\EM DESENVOLVIMENTO RankingVendedores2.0\data\ranking_vendedor_p6.png (via Playwright)
2025-12-30 12:31:09 | INFO    | ✅ Conversão concluída via Playwright
2025-12-30 12:31:09 | INFO    | Playwright disponível
2025-12-30 12:31:09 | INFO    | Selenium disponível
2025-12-30 12:31:09 | INFO    | Playwright disponível, tentando usar...
2025-12-30 12:31:09 | INFO    | Inicializando Playwright...
2025-12-30 12:31:10 | INFO    | Lançando browser Chromium...
2025-12-30 12:31:10 | INFO    | Browser lançado, criando nova página...
2025-12-30 12:31:10 | INFO    | Página criada, carregando conteúdo HTML...
2025-12-30 12:31:10 | INFO    | Conteúdo carregado, aguardando 600ms para renderização completa...
2025-12-30 12:31:11 | INFO    | Tirando screenshot...
2025-12-30 12:31:11 | INFO    | Screenshot salvo, fechando browser...
2025-12-30 12:31:11 | INFO    | Browser fechado
2025-12-30 12:31:11 | INFO    | Screenshot HTML salva em C:\Users\Usuario\Documents\Scripts\EM DESENVOLVIMENTO RankingVendedores2.0\data\ranking_vendedor_p7.png (via Playwright)
2025-12-30 12:31:11 | INFO    | ✅ Conversão concluída via Playwright
2025-12-30 12:31:12 | INFO    | Playwright disponível
2025-12-30 12:31:12 | INFO    | Selenium disponível
2025-12-30 12:31:12 | INFO    | Playwright disponível, tentando usar...
2025-12-30 12:31:12 | INFO    | Inicializando Playwright...
2025-12-30 12:31:13 | INFO    | Lançando browser Chromium...
2025-12-30 12:31:13 | INFO    | Browser lançado, criando nova página...
2025-12-30 12:31:13 | INFO    | Página criada, carregando conteúdo HTML...
2025-12-30 12:31:13 | INFO    | Conteúdo carregado, aguardando 600ms para renderização completa...
2025-12-30 12:31:14 | INFO    | Tirando screenshot...
2025-12-30 12:31:14 | INFO    | Screenshot salvo, fechando browser...
2025-12-30 12:31:14 | INFO    | Browser fechado
2025-12-30 12:31:14 | INFO    | Screenshot HTML salva em C:\Users\Usuario\Documents\Scripts\EM DESENVOLVIMENTO RankingVendedores2.0\data\ranking_pontos_p1.png (via Playwright)
2025-12-30 12:31:14 | INFO    | ✅ Conversão concluída via Playwright
2025-12-30 12:31:14 | INFO    | Playwright disponível
2025-12-30 12:31:14 | INFO    | Selenium disponível
2025-12-30 12:31:14 | INFO    | Playwright disponível, tentando usar...
2025-12-30 12:31:14 | INFO    | Inicializando Playwright...
2025-12-30 12:31:15 | INFO    | Lançando browser Chromium...
2025-12-30 12:31:15 | INFO    | Browser lançado, criando nova página...
2025-12-30 12:31:15 | INFO    | Página criada, carregando conteúdo HTML...
2025-12-30 12:31:15 | INFO    | Conteúdo carregado, aguardando 600ms para renderização completa...
2025-12-30 12:31:16 | INFO    | Tirando screenshot...
2025-12-30 12:31:16 | INFO    | Screenshot salvo, fechando browser...
2025-12-30 12:31:16 | INFO    | Browser fechado
2025-12-30 12:31:16 | INFO    | Screenshot HTML salva em C:\Users\Usuario\Documents\Scripts\EM DESENVOLVIMENTO RankingVendedores2.0\data\ranking_pontos_p2.png (via Playwright)
2025-12-30 12:31:16 | INFO    | ✅ Conversão concluída via Playwright
2025-12-30 12:31:16 | INFO    | Playwright disponível
2025-12-30 12:31:16 | INFO    | Selenium disponível
2025-12-30 12:31:16 | INFO    | Playwright disponível, tentando usar...
2025-12-30 12:31:16 | INFO    | Inicializando Playwright...
2025-12-30 12:31:17 | INFO    | Lançando browser Chromium...
2025-12-30 12:31:17 | INFO    | Browser lançado, criando nova página...
2025-12-30 12:31:17 | INFO    | Página criada, carregando conteúdo HTML...
2025-12-30 12:31:17 | INFO    | Conteúdo carregado, aguardando 600ms para renderização completa...
2025-12-30 12:31:18 | INFO    | Tirando screenshot...
2025-12-30 12:31:18 | INFO    | Screenshot salvo, fechando browser...
2025-12-30 12:31:18 | INFO    | Browser fechado
2025-12-30 12:31:18 | INFO    | Screenshot HTML salva em C:\Users\Usuario\Documents\Scripts\EM DESENVOLVIMENTO RankingVendedores2.0\data\ranking_pontos_p3.png (via Playwright)
2025-12-30 12:31:18 | INFO    | ✅ Conversão concluída via Playwright
2025-12-30 12:31:18 | INFO    | Playwright disponível
2025-12-30 12:31:18 | INFO    | Selenium disponível
2025-12-30 12:31:18 | INFO    | Playwright disponível, tentando usar...
2025-12-30 12:31:18 | INFO    | Inicializando Playwright...
2025-12-30 12:31:19 | INFO    | Lançando browser Chromium...
2025-12-30 12:31:19 | INFO    | Browser lançado, criando nova página...
2025-12-30 12:31:19 | INFO    | Página criada, carregando conteúdo HTML...
2025-12-30 12:31:20 | INFO    | Conteúdo carregado, aguardando 600ms para renderização completa...
2025-12-30 12:31:20 | INFO    | Tirando screenshot...
2025-12-30 12:31:20 | INFO    | Screenshot salvo, fechando browser...
2025-12-30 12:31:21 | INFO    | Browser fechado
2025-12-30 12:31:21 | INFO    | Screenshot HTML salva em C:\Users\Usuario\Documents\Scripts\EM DESENVOLVIMENTO RankingVendedores2.0\data\ranking_semanal_p1.png (via Playwright)
2025-12-30 12:31:21 | INFO    | ✅ Conversão concluída via Playwright
2025-12-30 12:31:21 | INFO    | Playwright disponível
2025-12-30 12:31:21 | INFO    | Selenium disponível
2025-12-30 12:31:21 | INFO    | Playwright disponível, tentando usar...
2025-12-30 12:31:21 | INFO    | Inicializando Playwright...
2025-12-30 12:31:21 | INFO    | Lançando browser Chromium...
2025-12-30 12:31:21 | INFO    | Browser lançado, criando nova página...
2025-12-30 12:31:21 | INFO    | Página criada, carregando conteúdo HTML...
2025-12-30 12:31:22 | INFO    | Conteúdo carregado, aguardando 600ms para renderização completa...
2025-12-30 12:31:22 | INFO    | Tirando screenshot...
2025-12-30 12:31:22 | INFO    | Screenshot salvo, fechando browser...
2025-12-30 12:31:23 | INFO    | Browser fechado
2025-12-30 12:31:23 | INFO    | Screenshot HTML salva em C:\Users\Usuario\Documents\Scripts\EM DESENVOLVIMENTO RankingVendedores2.0\data\ranking_semanal_p2.png (via Playwright)
2025-12-30 12:31:23 | INFO    | ✅ Conversão concluída via Playwright
2025-12-30 12:31:23 | INFO    | Playwright disponível
2025-12-30 12:31:23 | INFO    | Selenium disponível
2025-12-30 12:31:23 | INFO    | Playwright disponível, tentando usar...
2025-12-30 12:31:23 | INFO    | Inicializando Playwright...
2025-12-30 12:31:23 | INFO    | Lançando browser Chromium...
2025-12-30 12:31:23 | INFO    | Browser lançado, criando nova página...
2025-12-30 12:31:23 | INFO    | Página criada, carregando conteúdo HTML...
2025-12-30 12:31:24 | INFO    | Conteúdo carregado, aguardando 600ms para renderização completa...
2025-12-30 12:31:24 | INFO    | Tirando screenshot...
2025-12-30 12:31:24 | INFO    | Screenshot salvo, fechando browser...
2025-12-30 12:31:25 | INFO    | Browser fechado
2025-12-30 12:31:25 | INFO    | Screenshot HTML salva em C:\Users\Usuario\Documents\Scripts\EM DESENVOLVIMENTO RankingVendedores2.0\data\ranking_semanal_p3.png (via Playwright)
2025-12-30 12:31:25 | INFO    | ✅ Conversão concluída via Playwright
2025-12-30 12:31:25 | INFO    | Playwright disponível
2025-12-30 12:31:25 | INFO    | Selenium disponível
2025-12-30 12:31:25 | INFO    | Playwright disponível, tentando usar...
2025-12-30 12:31:25 | INFO    | Inicializando Playwright...
2025-12-30 12:31:25 | INFO    | Lançando browser Chromium...
2025-12-30 12:31:25 | INFO    | Browser lançado, criando nova página...
2025-12-30 12:31:25 | INFO    | Página criada, carregando conteúdo HTML...
2025-12-30 12:31:26 | INFO    | Conteúdo carregado, aguardando 600ms para renderização completa...
2025-12-30 12:31:26 | INFO    | Tirando screenshot...
2025-12-30 12:31:26 | INFO    | Screenshot salvo, fechando browser...
2025-12-30 12:31:26 | INFO    | Browser fechado
2025-12-30 12:31:26 | INFO    | Screenshot HTML salva em C:\Users\Usuario\Documents\Scripts\EM DESENVOLVIMENTO RankingVendedores2.0\data\ranking_semanal_p4.png (via Playwright)
2025-12-30 12:31:26 | INFO    | ✅ Conversão concluída via Playwright
2025-12-30 12:31:26 | INFO    | Playwright disponível
2025-12-30 12:31:26 | INFO    | Selenium disponível
2025-12-30 12:31:26 | INFO    | Playwright disponível, tentando usar...
2025-12-30 12:31:26 | INFO    | Inicializando Playwright...
2025-12-30 12:31:27 | INFO    | Lançando browser Chromium...
2025-12-30 12:31:27 | INFO    | Browser lançado, criando nova página...
2025-12-30 12:31:27 | INFO    | Página criada, carregando conteúdo HTML...
2025-12-30 12:31:28 | INFO    | Conteúdo carregado, aguardando 600ms para renderização completa...
2025-12-30 12:31:28 | INFO    | Tirando screenshot...
2025-12-30 12:31:29 | INFO    | Screenshot salvo, fechando browser...
2025-12-30 12:31:29 | INFO    | Browser fechado
2025-12-30 12:31:29 | INFO    | Screenshot HTML salva em C:\Users\Usuario\Documents\Scripts\EM DESENVOLVIMENTO RankingVendedores2.0\data\ranking_semanal_p5.png (via Playwright)
2025-12-30 12:31:29 | INFO    | ✅ Conversão concluída via Playwright
2025-12-30 12:31:29 | INFO    | Playwright disponível
2025-12-30 12:31:29 | INFO    | Selenium disponível
2025-12-30 12:31:29 | INFO    | Playwright disponível, tentando usar...
2025-12-30 12:31:29 | INFO    | Inicializando Playwright...
2025-12-30 12:31:29 | INFO    | Lançando browser Chromium...
2025-12-30 12:31:29 | INFO    | Browser lançado, criando nova página...
2025-12-30 12:31:29 | INFO    | Página criada, carregando conteúdo HTML...
2025-12-30 12:31:30 | INFO    | Conteúdo carregado, aguardando 600ms para renderização completa...
2025-12-30 12:31:30 | INFO    | Tirando screenshot...
2025-12-30 12:31:31 | INFO    | Screenshot salvo, fechando browser...
2025-12-30 12:31:31 | INFO    | Browser fechado
2025-12-30 12:31:31 | INFO    | Screenshot HTML salva em C:\Users\Usuario\Documents\Scripts\EM DESENVOLVIMENTO RankingVendedores2.0\data\ranking_semanal_p6.png (via Playwright)
2025-12-30 12:31:31 | INFO    | ✅ Conversão concluída via Playwright
2025-12-30 12:31:31 | INFO    | Playwright disponível
2025-12-30 12:31:31 | INFO    | Selenium disponível
2025-12-30 12:31:31 | INFO    | Playwright disponível, tentando usar...
2025-12-30 12:31:31 | INFO    | Inicializando Playwright...
2025-12-30 12:31:31 | INFO    | Lançando browser Chromium...
2025-12-30 12:31:31 | INFO    | Browser lançado, criando nova página...
2025-12-30 12:31:31 | INFO    | Página criada, carregando conteúdo HTML...
2025-12-30 12:31:32 | INFO    | Conteúdo carregado, aguardando 600ms para renderização completa...
2025-12-30 12:31:32 | INFO    | Tirando screenshot...
2025-12-30 12:31:32 | INFO    | Screenshot salvo, fechando browser...
2025-12-30 12:31:33 | INFO    | Browser fechado
2025-12-30 12:31:33 | INFO    | Screenshot HTML salva em C:\Users\Usuario\Documents\Scripts\EM DESENVOLVIMENTO RankingVendedores2.0\data\ranking_semanal_p7.png (via Playwright)
2025-12-30 12:31:33 | INFO    | ✅ Conversão concluída via Playwright
2025-12-30 12:31:33 | INFO    | Playwright disponível
2025-12-30 12:31:33 | INFO    | Selenium disponível
2025-12-30 12:31:33 | INFO    | Playwright disponível, tentando usar...
2025-12-30 12:31:33 | INFO    | Inicializando Playwright...
2025-12-30 12:31:34 | INFO    | Lançando browser Chromium...
2025-12-30 12:31:34 | INFO    | Browser lançado, criando nova página...
2025-12-30 12:31:34 | INFO    | Página criada, carregando conteúdo HTML...
2025-12-30 12:31:34 | INFO    | Conteúdo carregado, aguardando 600ms para renderização completa...
2025-12-30 12:31:35 | INFO    | Tirando screenshot...
2025-12-30 12:31:35 | INFO    | Screenshot salvo, fechando browser...
2025-12-30 12:31:35 | INFO    | Browser fechado
2025-12-30 12:31:35 | INFO    | Screenshot HTML salva em C:\Users\Usuario\Documents\Scripts\EM DESENVOLVIMENTO RankingVendedores2.0\data\ranking_mensal_p1.png (via Playwright)
2025-12-30 12:31:35 | INFO    | ✅ Conversão concluída via Playwright
2025-12-30 12:31:35 | INFO    | Playwright disponível
2025-12-30 12:31:35 | INFO    | Selenium disponível
2025-12-30 12:31:35 | INFO    | Playwright disponível, tentando usar...
2025-12-30 12:31:35 | INFO    | Inicializando Playwright...
2025-12-30 12:31:36 | INFO    | Lançando browser Chromium...
2025-12-30 12:31:36 | INFO    | Browser lançado, criando nova página...
2025-12-30 12:31:36 | INFO    | Página criada, carregando conteúdo HTML...
2025-12-30 12:31:37 | INFO    | Conteúdo carregado, aguardando 600ms para renderização completa...
2025-12-30 12:31:37 | INFO    | Tirando screenshot...
2025-12-30 12:31:37 | INFO    | Screenshot salvo, fechando browser...
2025-12-30 12:31:37 | INFO    | Browser fechado
2025-12-30 12:31:37 | INFO    | Screenshot HTML salva em C:\Users\Usuario\Documents\Scripts\EM DESENVOLVIMENTO RankingVendedores2.0\data\ranking_mensal_p2.png (via Playwright)
2025-12-30 12:31:37 | INFO    | ✅ Conversão concluída via Playwright
2025-12-30 12:31:37 | INFO    | Playwright disponível
2025-12-30 12:31:37 | INFO    | Selenium disponível
2025-12-30 12:31:37 | INFO    | Playwright disponível, tentando usar...
2025-12-30 12:31:37 | INFO    | Inicializando Playwright...
2025-12-30 12:31:38 | INFO    | Lançando browser Chromium...
2025-12-30 12:31:38 | INFO    | Browser lançado, criando nova página...
2025-12-30 12:31:38 | INFO    | Página criada, carregando conteúdo HTML...
2025-12-30 12:31:39 | INFO    | Conteúdo carregado, aguardando 600ms para renderização completa...
2025-12-30 12:31:39 | INFO    | Tirando screenshot...
2025-12-30 12:31:40 | INFO    | Screenshot salvo, fechando browser...
2025-12-30 12:31:40 | INFO    | Browser fechado
2025-12-30 12:31:40 | INFO    | Screenshot HTML salva em C:\Users\Usuario\Documents\Scripts\EM DESENVOLVIMENTO RankingVendedores2.0\data\ranking_mensal_p3.png (via Playwright)
2025-12-30 12:31:40 | INFO    | ✅ Conversão concluída via Playwright
2025-12-30 12:31:40 | INFO    | Playwright disponível
2025-12-30 12:31:40 | INFO    | Selenium disponível
2025-12-30 12:31:40 | INFO    | Playwright disponível, tentando usar...
2025-12-30 12:31:40 | INFO    | Inicializando Playwright...
2025-12-30 12:31:40 | INFO    | Lançando browser Chromium...
2025-12-30 12:31:40 | INFO    | Browser lançado, criando nova página...
2025-12-30 12:31:40 | INFO    | Página criada, carregando conteúdo HTML...
2025-12-30 12:31:41 | INFO    | Conteúdo carregado, aguardando 600ms para renderização completa...
2025-12-30 12:31:41 | INFO    | Tirando screenshot...
2025-12-30 12:31:42 | INFO    | Screenshot salvo, fechando browser...
2025-12-30 12:31:42 | INFO    | Browser fechado
2025-12-30 12:31:42 | INFO    | Screenshot HTML salva em C:\Users\Usuario\Documents\Scripts\EM DESENVOLVIMENTO RankingVendedores2.0\data\ranking_mensal_p4.png (via Playwright)
2025-12-30 12:31:42 | INFO    | ✅ Conversão concluída via Playwright
2025-12-30 12:31:42 | INFO    | Playwright disponível
2025-12-30 12:31:42 | INFO    | Selenium disponível
2025-12-30 12:31:42 | INFO    | Playwright disponível, tentando usar...
2025-12-30 12:31:42 | INFO    | Inicializando Playwright...
2025-12-30 12:31:42 | INFO    | Lançando browser Chromium...
2025-12-30 12:31:42 | INFO    | Browser lançado, criando nova página...
2025-12-30 12:31:42 | INFO    | Página criada, carregando conteúdo HTML...
2025-12-30 12:31:43 | INFO    | Conteúdo carregado, aguardando 600ms para renderização completa...
2025-12-30 12:31:44 | INFO    | Tirando screenshot...
2025-12-30 12:31:44 | INFO    | Screenshot salvo, fechando browser...
2025-12-30 12:31:44 | INFO    | Browser fechado
2025-12-30 12:31:44 | INFO    | Screenshot HTML salva em C:\Users\Usuario\Documents\Scripts\EM DESENVOLVIMENTO RankingVendedores2.0\data\ranking_mensal_p5.png (via Playwright)
2025-12-30 12:31:44 | INFO    | ✅ Conversão concluída via Playwright
2025-12-30 12:31:44 | INFO    | Playwright disponível
2025-12-30 12:31:44 | INFO    | Selenium disponível
2025-12-30 12:31:44 | INFO    | Playwright disponível, tentando usar...
2025-12-30 12:31:44 | INFO    | Inicializando Playwright...
2025-12-30 12:31:44 | INFO    | Lançando browser Chromium...
2025-12-30 12:31:44 | INFO    | Browser lançado, criando nova página...
2025-12-30 12:31:45 | INFO    | Página criada, carregando conteúdo HTML...
2025-12-30 12:31:45 | INFO    | Conteúdo carregado, aguardando 600ms para renderização completa...
2025-12-30 12:31:46 | INFO    | Tirando screenshot...
2025-12-30 12:31:46 | INFO    | Screenshot salvo, fechando browser...
2025-12-30 12:31:46 | INFO    | Browser fechado
2025-12-30 12:31:46 | INFO    | Screenshot HTML salva em C:\Users\Usuario\Documents\Scripts\EM DESENVOLVIMENTO RankingVendedores2.0\data\ranking_mensal_p6.png (via Playwright)
2025-12-30 12:31:46 | INFO    | ✅ Conversão concluída via Playwright
2025-12-30 12:31:46 | INFO    | Playwright disponível
2025-12-30 12:31:46 | INFO    | Selenium disponível
2025-12-30 12:31:46 | INFO    | Playwright disponível, tentando usar...
2025-12-30 12:31:46 | INFO    | Inicializando Playwright...
2025-12-30 12:31:47 | INFO    | Lançando browser Chromium...
2025-12-30 12:31:47 | INFO    | Browser lançado, criando nova página...
2025-12-30 12:31:47 | INFO    | Página criada, carregando conteúdo HTML...
2025-12-30 12:31:47 | INFO    | Conteúdo carregado, aguardando 600ms para renderização completa...
2025-12-30 12:31:48 | INFO    | Tirando screenshot...
2025-12-30 12:31:48 | INFO    | Screenshot salvo, fechando browser...
2025-12-30 12:31:48 | INFO    | Browser fechado
2025-12-30 12:31:48 | INFO    | Screenshot HTML salva em C:\Users\Usuario\Documents\Scripts\EM DESENVOLVIMENTO RankingVendedores2.0\data\ranking_mensal_p7.png (via Playwright)
2025-12-30 12:31:48 | INFO    | ✅ Conversão concluída via Playwright
2025-12-30 12:31:48 | INFO    | 🔔 DISPARO | Iniciando envio Ranking Diário (Turno M)...
2025-12-30 12:31:48 | INFO    | 🌐 Inicializando WhatsApp Service com PADRÃO DE OURO (Profile Real)...
2025-12-30 12:31:51 | ERROR   | ❌ Falha ao iniciar driver: Message: session not created: Chrome instance exited. Examine ChromeDriver verbose log to determine the cause.; For documentation on this error, please visit: https://www.selenium.dev/documentation/webdriver/troubleshooting/errors#sessionnotcreatedexception
Stacktrace:
Symbols not available. Dumping unresolved backtrace:
	0x7ff7636788e5
	0x7ff763678940
	0x7ff76345165d
	0x7ff763490050
	0x7ff76348b7dd
	0x7ff7634e0186
	0x7ff7634dfa06
	0x7ff76349ac29
	0x7ff76349ba93
	0x7ff763990640
	0x7ff76398af80
	0x7ff7639a96e6
	0x7ff763695de4
	0x7ff76369ed8c
	0x7ff763682004
	0x7ff7636821b5
	0x7ff763667ee2
	0x7ffcfdd8e8d7
	0x7ffcffe8c53c
Traceback (most recent call last):
  File "C:\Users\Usuario\Documents\Scripts\EM DESENVOLVIMENTO RankingVendedores2.0\src\services\whatsapp_service.py", line 82, in _init_driver
    self.driver = webdriver.Chrome(options=chrome_options)
                  ^^^^^^^^^^^^^^^^^^^^^^^^^^^^^^^^^^^^^^^^
  File "C:\Users\Usuario\AppData\Local\Programs\Python\Python312\Lib\site-packages\selenium\webdriver\chrome\webdriver.py", line 46, in __init__
    super().__init__(
  File "C:\Users\Usuario\AppData\Local\Programs\Python\Python312\Lib\site-packages\selenium\webdriver\chromium\webdriver.py", line 67, in __init__
    super().__init__(command_executor=executor, options=options)
  File "C:\Users\Usuario\AppData\Local\Programs\Python\Python312\Lib\site-packages\selenium\webdriver\remote\webdriver.py", line 257, in __init__
    self.start_session(capabilities)
  File "C:\Users\Usuario\AppData\Local\Programs\Python\Python312\Lib\site-packages\selenium\webdriver\remote\webdriver.py", line 352, in start_session
    response = self.execute(Command.NEW_SESSION, caps)["value"]
               ^^^^^^^^^^^^^^^^^^^^^^^^^^^^^^^^^^^^^^^
  File "C:\Users\Usuario\AppData\Local\Programs\Python\Python312\Lib\site-packages\selenium\webdriver\remote\webdriver.py", line 432, in execute
    self.error_handler.check_response(response)
  File "C:\Users\Usuario\AppData\Local\Programs\Python\Python312\Lib\site-packages\selenium\webdriver\remote\errorhandler.py", line 232, in check_response
    raise exception_class(message, screen, stacktrace)
selenium.common.exceptions.SessionNotCreatedException: Message: session not created: Chrome instance exited. Examine ChromeDriver verbose log to determine the cause.; For documentation on this error, please visit: https://www.selenium.dev/documentation/webdriver/troubleshooting/errors#sessionnotcreatedexception
Stacktrace:
Symbols not available. Dumping unresolved backtrace:
	0x7ff7636788e5
	0x7ff763678940
	0x7ff76345165d
	0x7ff763490050
	0x7ff76348b7dd
	0x7ff7634e0186
	0x7ff7634dfa06
	0x7ff76349ac29
	0x7ff76349ba93
	0x7ff763990640
	0x7ff76398af80
	0x7ff7639a96e6
	0x7ff763695de4
	0x7ff76369ed8c
	0x7ff763682004
	0x7ff7636821b5
	0x7ff763667ee2
	0x7ffcfdd8e8d7
	0x7ffcffe8c53c

2025-12-30 12:31:51 | INFO    | RANKING | Sucesso! Gerado em: C:\Users\Usuario\Documents\Scripts\EM DESENVOLVIMENTO RankingVendedores2.0\data\ranking_vendedor_p1.png
2025-12-30 12:31:51 | INFO    | GIT SYNC | Sincronizando dados com o repositório...
2025-12-30 12:31:54 | INFO    | GIT SYNC | Mudanças detectadas, realizando push...
2025-12-30 12:31:57 | INFO    | GIT SYNC | Sucesso!
2025-12-30 12:31:57 | INFO    | PIPELINE | Execucao finalizada com sucesso
