2025-12-31 10:03:30 | INFO    | ===========================================================================
2025-12-31 10:03:30 | INFO    | PIPELINE | Sistema de Logging Iniciado: C:\Users\Usuario\Documents\Scripts\EM DESENVOLVIMENTO RankingVendedores2.0\logs\RANKINGVENDEDORES_20251231_100330.log
2025-12-31 10:03:30 | INFO    | PIPELINE | Modo: DEV
2025-12-31 10:03:30 | INFO    | ===========================================================================
2025-12-31 10:03:31 | INFO    | BACKUP | Backup diário realizado em: C:\Users\Usuario\Documents\Scripts\EM DESENVOLVIMENTO RankingVendedores2.0\backups\2025-12-31 (2 arquivos)
2025-12-31 10:03:31 | INFO    | BACKUP | Backups locais criados junto dos arquivos originais
2025-12-31 10:03:31 | INFO    | PIPELINE | INICIANDO EXECUCAO: src.web_automation
2025-12-31 10:03:31 | INFO    | PIPELINE | MODO: INTERACTIVE | Envio WhatsApp: HABILITADO
2025-12-31 10:03:31 | INFO    | INGESTAO | Iniciando download de planilhas...
2025-12-31 10:03:31 | INFO    | INGESTAO | Tentativa 1/3
2025-12-31 10:03:31 | INFO    | 🌐 [WEB] Modo INTERACTIVE: Interface visível habilitada
2025-12-31 10:03:33 | INFO    | Iniciando automação web...
2025-12-31 10:03:33 | INFO    | Acessando o site: https://bi-cloud-partner3.citelsoftware.com.br:41451
2025-12-31 10:03:41 | INFO    | Fluxo de login finalizado.
2025-12-31 10:03:41 | INFO    | Removendo sessões remotas pendentes...
2025-12-31 10:03:44 | INFO    | Aguardando 40 segundos para estabilização do BI...
2025-12-31 10:04:24 | INFO    | Arquivo existente encontrado: MetaVendedor_3112.xlsx. Removendo para garantir atualização diária.
2025-12-31 10:04:24 | INFO    | Iniciando exportação do painel de Meta por Vendedor...
2025-12-31 10:04:26 | INFO    | Tentativa de Exportação BI 1/3
2025-12-31 10:04:32 | INFO    | Solicitado download Meta Vendedor. Aguardando...
2025-12-31 10:05:02 | INFO    | Arquivo movido: Meta por vendedor - S _ Departamento TELE VENDAS (Mês Alternado) - 31 Dec 2025.xlsx -> MetaVendedor_3112.xlsx
2025-12-31 10:05:02 | INFO    | Validando conteúdo do arquivo (BI Check)...
2025-12-31 10:05:02 | INFO    | Arquivo validado com sucesso!
2025-12-31 10:05:02 | INFO    | Fluxo de Meta Vendedor concluído. Finalizando automação.
2025-12-31 10:05:02 | INFO    | Fechando o navegador.
2025-12-31 10:05:04 | INFO    | Automação web concluída. Arquivos baixados: ['meta_vendedor']
2025-12-31 10:05:04 | INFO    | INGESTAO | Validando sanidade do arquivo...
2025-12-31 10:05:04 | INFO    | INGESTAO | Arquivo válido e saneado. Prosseguindo.
2025-12-31 10:05:04 | INFO    | PROCESSAMENTO | Iniciando processamento: MetaVendedor_3112.xlsx
2025-12-31 10:05:04 | INFO    | INGESTAO | Tentativa 1/3 de leitura do Meta Vendedor
2025-12-31 10:05:04 | INFO    | INGESTAO | Validando integridade do Excel (pré-header)
2025-12-31 10:05:04 | INFO    | INGESTAO | Excel passou na validação de integridade
2025-12-31 10:05:04 | INFO    | INGESTAO | Arquivo válido detectado.
2025-12-31 10:05:04 | INFO    | INGESTAO | Iniciando analise de header: MetaVendedor_3112.xlsx
2025-12-31 10:05:04 | INFO    | INGESTAO | Header Linha 0: Valid=1 Cols=['META POR VENDEDOR - S / DEPARTAMENTO TELE VENDAS (MES ALTERNADO)', '', '', '', '', '', '', '', '', '', '', '', '', '', '', '', '', '', '', '', '', '', '', '']
2025-12-31 10:05:04 | INFO    | INGESTAO | Header Linha 1: Valid=1 Cols=['META DE VENDA POR VENDEDOR SEM DEPARTAMENTO TELEVENDAS', '', '', '', '', '', '', '', '', '', '', '', '', '', '', '', '', '', '', '', '', '', '', '']
2025-12-31 10:05:04 | INFO    | INGESTAO | Header Linha 2: Valid=0 Cols=['', '', '', '', '', '', '', '', '', '', '', '', '', '', '', '', '', '', '', '', '', '', '', '']
2025-12-31 10:05:04 | INFO    | INGESTAO | Header Linha 3: Valid=24 Cols=['COD.', 'NOME', 'META', 'FATURADO MES', '% ALCANCE', 'FAT. PROJETADO', '% PROJETADO', 'FALTA META MES', 'META DIARIA', 'FAT. HOJE', 'VALOR ABERTO', '% FAT. + ABERTO', 'PRAZO MEDIO', 'VENDAS', 'TICKET MEDIO', 'QTD ITENS POR NOTA', 'CARTEIRA', 'ATEND.', '% ATEND.', 'META MARG.', '% MARGEM', 'TOTAL DESCONTO', 'META DESCONTO', '% DESCONTO']
2025-12-31 10:05:04 | INFO    | INGESTAO | Cabeçalho detectado na linha 3
2025-12-31 10:05:04 | INFO    | FILTER | 14 Gerentes removidos do ranking.
2025-12-31 10:05:04 | INFO    | PROCESSAMENTO | Vendedores: 81. Páginas: 7
2025-12-31 10:05:04 | INFO    | Playwright disponível
2025-12-31 10:05:04 | INFO    | Selenium disponível
2025-12-31 10:05:04 | INFO    | Playwright disponível, tentando usar...
2025-12-31 10:05:04 | INFO    | Inicializando Playwright...
2025-12-31 10:05:05 | INFO    | Lançando browser Chromium...
2025-12-31 10:05:05 | ERROR   | Erro durante renderização Playwright: BrowserType.launch: Executable doesn't exist at C:\Users\Usuario\Documents\Scripts\EM DESENVOLVIMENTO RankingVendedores2.0\_internal\playwright\driver\package\.local-browsers\chromium_headless_shell-1200\chrome-headless-shell-win64\chrome-headless-shell.exe
╔════════════════════════════════════════════════════════════╗
║ Looks like Playwright was just installed or updated.       ║
║ Please run the following command to download new browsers: ║
║                                                            ║
║     playwright install                                     ║
║                                                            ║
║ <3 Playwright Team                                         ║
╚════════════════════════════════════════════════════════════╝
Traceback (most recent call last):
  File "src\html_renderer.py", line 191, in _html_to_png_playwright
    browser = playwright.chromium.launch(**launch_options)
              ^^^^^^^^^^^^^^^^^^^^^^^^^^^^^^^^^^^^^^^^^^^^
  File "playwright\sync_api\_generated.py", line 14568, in launch
  File "playwright\_impl\_sync_base.py", line 115, in _sync
  File "playwright\_impl\_browser_type.py", line 98, in launch
  File "playwright\_impl\_connection.py", line 69, in send
  File "playwright\_impl\_connection.py", line 559, in wrap_api_call
playwright._impl._errors.Error: BrowserType.launch: Executable doesn't exist at C:\Users\Usuario\Documents\Scripts\EM DESENVOLVIMENTO RankingVendedores2.0\_internal\playwright\driver\package\.local-browsers\chromium_headless_shell-1200\chrome-headless-shell-win64\chrome-headless-shell.exe
╔════════════════════════════════════════════════════════════╗
║ Looks like Playwright was just installed or updated.       ║
║ Please run the following command to download new browsers: ║
║                                                            ║
║     playwright install                                     ║
║                                                            ║
║ <3 Playwright Team                                         ║
╚════════════════════════════════════════════════════════════╝
2025-12-31 10:05:05 | WARNING | ⚠️ Playwright falhou: BrowserType.launch: Executable doesn't exist at C:\Users\Usuario\Documents\Scripts\EM DESENVOLVIMENTO RankingVendedores2.0\_internal\playwright\driver\package\.local-browsers\chromium_headless_shell-1200\chrome-headless-shell-win64\chrome-headless-shell.exe
╔════════════════════════════════════════════════════════════╗
║ Looks like Playwright was just installed or updated.       ║
║ Please run the following command to download new browsers: ║
║                                                            ║
║     playwright install                                     ║
║                                                            ║
║ <3 Playwright Team                                         ║
╚════════════════════════════════════════════════════════════╝
2025-12-31 10:05:05 | WARNING | Tentando Selenium como fallback...
2025-12-31 10:05:05 | INFO    | Usando Selenium para renderização...
2025-12-31 10:05:05 | INFO    | Configurando opções do Chrome para Selenium...
2025-12-31 10:05:05 | INFO    | Criando arquivo HTML temporário...
2025-12-31 10:05:05 | INFO    | Arquivo temporário criado: C:\Users\Usuario\AppData\Local\Temp\tmpk0d8wu3g.html
2025-12-31 10:05:05 | INFO    | Instalando/verificando ChromeDriver via webdriver-manager...
2025-12-31 10:05:06 | INFO    | ChromeDriver pronto, iniciando browser...
2025-12-31 10:05:07 | INFO    | Browser Chrome iniciado
2025-12-31 10:05:07 | INFO    | Carregando HTML: file:///C:\Users\Usuario\AppData\Local\Temp\tmpk0d8wu3g.html
2025-12-31 10:05:07 | INFO    | HTML carregado, aguardando elemento 'body'...
2025-12-31 10:05:07 | INFO    | Elemento 'body' encontrado, aguardando 600ms para renderização...
2025-12-31 10:05:08 | INFO    | Tirando screenshot...
2025-12-31 10:05:08 | INFO    | Screenshot salvo: C:\Users\Usuario\Documents\Scripts\EM DESENVOLVIMENTO RankingVendedores2.0\data\ranking_vendedor_p1.png
2025-12-31 10:05:08 | INFO    | Fechando browser...
2025-12-31 10:05:10 | INFO    | Browser fechado
2025-12-31 10:05:10 | INFO    | Removendo arquivo temporário...
2025-12-31 10:05:10 | INFO    | Screenshot HTML salva em C:\Users\Usuario\Documents\Scripts\EM DESENVOLVIMENTO RankingVendedores2.0\data\ranking_vendedor_p1.png (via Selenium)
2025-12-31 10:05:10 | INFO    | ✅ Conversão concluída via Selenium
2025-12-31 10:05:10 | INFO    | Playwright disponível
2025-12-31 10:05:10 | INFO    | Selenium disponível
2025-12-31 10:05:10 | INFO    | Playwright disponível, tentando usar...
2025-12-31 10:05:10 | INFO    | Inicializando Playwright...
2025-12-31 10:05:10 | INFO    | Lançando browser Chromium...
2025-12-31 10:05:10 | ERROR   | Erro durante renderização Playwright: BrowserType.launch: Executable doesn't exist at C:\Users\Usuario\Documents\Scripts\EM DESENVOLVIMENTO RankingVendedores2.0\_internal\playwright\driver\package\.local-browsers\chromium_headless_shell-1200\chrome-headless-shell-win64\chrome-headless-shell.exe
╔════════════════════════════════════════════════════════════╗
║ Looks like Playwright was just installed or updated.       ║
║ Please run the following command to download new browsers: ║
║                                                            ║
║     playwright install                                     ║
║                                                            ║
║ <3 Playwright Team                                         ║
╚════════════════════════════════════════════════════════════╝
Traceback (most recent call last):
  File "src\html_renderer.py", line 191, in _html_to_png_playwright
    browser = playwright.chromium.launch(**launch_options)
              ^^^^^^^^^^^^^^^^^^^^^^^^^^^^^^^^^^^^^^^^^^^^
  File "playwright\sync_api\_generated.py", line 14568, in launch
  File "playwright\_impl\_sync_base.py", line 115, in _sync
  File "playwright\_impl\_browser_type.py", line 98, in launch
  File "playwright\_impl\_connection.py", line 69, in send
  File "playwright\_impl\_connection.py", line 559, in wrap_api_call
playwright._impl._errors.Error: BrowserType.launch: Executable doesn't exist at C:\Users\Usuario\Documents\Scripts\EM DESENVOLVIMENTO RankingVendedores2.0\_internal\playwright\driver\package\.local-browsers\chromium_headless_shell-1200\chrome-headless-shell-win64\chrome-headless-shell.exe
╔════════════════════════════════════════════════════════════╗
║ Looks like Playwright was just installed or updated.       ║
║ Please run the following command to download new browsers: ║
║                                                            ║
║     playwright install                                     ║
║                                                            ║
║ <3 Playwright Team                                         ║
╚════════════════════════════════════════════════════════════╝
2025-12-31 10:05:10 | WARNING | ⚠️ Playwright falhou: BrowserType.launch: Executable doesn't exist at C:\Users\Usuario\Documents\Scripts\EM DESENVOLVIMENTO RankingVendedores2.0\_internal\playwright\driver\package\.local-browsers\chromium_headless_shell-1200\chrome-headless-shell-win64\chrome-headless-shell.exe
╔════════════════════════════════════════════════════════════╗
║ Looks like Playwright was just installed or updated.       ║
║ Please run the following command to download new browsers: ║
║                                                            ║
║     playwright install                                     ║
║                                                            ║
║ <3 Playwright Team                                         ║
╚════════════════════════════════════════════════════════════╝
2025-12-31 10:05:10 | WARNING | Tentando Selenium como fallback...
2025-12-31 10:05:10 | INFO    | Usando Selenium para renderização...
2025-12-31 10:05:10 | INFO    | Configurando opções do Chrome para Selenium...
2025-12-31 10:05:10 | INFO    | Criando arquivo HTML temporário...
2025-12-31 10:05:10 | INFO    | Arquivo temporário criado: C:\Users\Usuario\AppData\Local\Temp\tmpbbq9ctvy.html
2025-12-31 10:05:10 | INFO    | Instalando/verificando ChromeDriver via webdriver-manager...
2025-12-31 10:05:11 | INFO    | ChromeDriver pronto, iniciando browser...
2025-12-31 10:05:12 | INFO    | Browser Chrome iniciado
2025-12-31 10:05:12 | INFO    | Carregando HTML: file:///C:\Users\Usuario\AppData\Local\Temp\tmpbbq9ctvy.html
2025-12-31 10:05:12 | INFO    | HTML carregado, aguardando elemento 'body'...
2025-12-31 10:05:12 | INFO    | Elemento 'body' encontrado, aguardando 600ms para renderização...
2025-12-31 10:05:13 | INFO    | Tirando screenshot...
2025-12-31 10:05:13 | INFO    | Screenshot salvo: C:\Users\Usuario\Documents\Scripts\EM DESENVOLVIMENTO RankingVendedores2.0\data\ranking_vendedor_p2.png
2025-12-31 10:05:13 | INFO    | Fechando browser...
2025-12-31 10:05:15 | INFO    | Browser fechado
2025-12-31 10:05:15 | INFO    | Removendo arquivo temporário...
2025-12-31 10:05:15 | INFO    | Screenshot HTML salva em C:\Users\Usuario\Documents\Scripts\EM DESENVOLVIMENTO RankingVendedores2.0\data\ranking_vendedor_p2.png (via Selenium)
2025-12-31 10:05:15 | INFO    | ✅ Conversão concluída via Selenium
2025-12-31 10:05:15 | INFO    | Playwright disponível
2025-12-31 10:05:15 | INFO    | Selenium disponível
2025-12-31 10:05:15 | INFO    | Playwright disponível, tentando usar...
2025-12-31 10:05:15 | INFO    | Inicializando Playwright...
2025-12-31 10:05:16 | INFO    | Lançando browser Chromium...
2025-12-31 10:05:16 | ERROR   | Erro durante renderização Playwright: BrowserType.launch: Executable doesn't exist at C:\Users\Usuario\Documents\Scripts\EM DESENVOLVIMENTO RankingVendedores2.0\_internal\playwright\driver\package\.local-browsers\chromium_headless_shell-1200\chrome-headless-shell-win64\chrome-headless-shell.exe
╔════════════════════════════════════════════════════════════╗
║ Looks like Playwright was just installed or updated.       ║
║ Please run the following command to download new browsers: ║
║                                                            ║
║     playwright install                                     ║
║                                                            ║
║ <3 Playwright Team                                         ║
╚════════════════════════════════════════════════════════════╝
Traceback (most recent call last):
  File "src\html_renderer.py", line 191, in _html_to_png_playwright
    browser = playwright.chromium.launch(**launch_options)
              ^^^^^^^^^^^^^^^^^^^^^^^^^^^^^^^^^^^^^^^^^^^^
  File "playwright\sync_api\_generated.py", line 14568, in launch
  File "playwright\_impl\_sync_base.py", line 115, in _sync
  File "playwright\_impl\_browser_type.py", line 98, in launch
  File "playwright\_impl\_connection.py", line 69, in send
  File "playwright\_impl\_connection.py", line 559, in wrap_api_call
playwright._impl._errors.Error: BrowserType.launch: Executable doesn't exist at C:\Users\Usuario\Documents\Scripts\EM DESENVOLVIMENTO RankingVendedores2.0\_internal\playwright\driver\package\.local-browsers\chromium_headless_shell-1200\chrome-headless-shell-win64\chrome-headless-shell.exe
╔════════════════════════════════════════════════════════════╗
║ Looks like Playwright was just installed or updated.       ║
║ Please run the following command to download new browsers: ║
║                                                            ║
║     playwright install                                     ║
║                                                            ║
║ <3 Playwright Team                                         ║
╚════════════════════════════════════════════════════════════╝
2025-12-31 10:05:16 | WARNING | ⚠️ Playwright falhou: BrowserType.launch: Executable doesn't exist at C:\Users\Usuario\Documents\Scripts\EM DESENVOLVIMENTO RankingVendedores2.0\_internal\playwright\driver\package\.local-browsers\chromium_headless_shell-1200\chrome-headless-shell-win64\chrome-headless-shell.exe
╔════════════════════════════════════════════════════════════╗
║ Looks like Playwright was just installed or updated.       ║
║ Please run the following command to download new browsers: ║
║                                                            ║
║     playwright install                                     ║
║                                                            ║
║ <3 Playwright Team                                         ║
╚════════════════════════════════════════════════════════════╝
2025-12-31 10:05:16 | WARNING | Tentando Selenium como fallback...
2025-12-31 10:05:16 | INFO    | Usando Selenium para renderização...
2025-12-31 10:05:16 | INFO    | Configurando opções do Chrome para Selenium...
2025-12-31 10:05:16 | INFO    | Criando arquivo HTML temporário...
2025-12-31 10:05:16 | INFO    | Arquivo temporário criado: C:\Users\Usuario\AppData\Local\Temp\tmp9vkz4j_k.html
2025-12-31 10:05:16 | INFO    | Instalando/verificando ChromeDriver via webdriver-manager...
2025-12-31 10:05:17 | INFO    | ChromeDriver pronto, iniciando browser...
2025-12-31 10:05:18 | INFO    | Browser Chrome iniciado
2025-12-31 10:05:18 | INFO    | Carregando HTML: file:///C:\Users\Usuario\AppData\Local\Temp\tmp9vkz4j_k.html
2025-12-31 10:05:18 | INFO    | HTML carregado, aguardando elemento 'body'...
2025-12-31 10:05:18 | INFO    | Elemento 'body' encontrado, aguardando 600ms para renderização...
2025-12-31 10:05:18 | INFO    | Tirando screenshot...
2025-12-31 10:05:19 | INFO    | Screenshot salvo: C:\Users\Usuario\Documents\Scripts\EM DESENVOLVIMENTO RankingVendedores2.0\data\ranking_vendedor_p3.png
2025-12-31 10:05:19 | INFO    | Fechando browser...
2025-12-31 10:05:21 | INFO    | Browser fechado
2025-12-31 10:05:21 | INFO    | Removendo arquivo temporário...
2025-12-31 10:05:21 | INFO    | Screenshot HTML salva em C:\Users\Usuario\Documents\Scripts\EM DESENVOLVIMENTO RankingVendedores2.0\data\ranking_vendedor_p3.png (via Selenium)
2025-12-31 10:05:21 | INFO    | ✅ Conversão concluída via Selenium
2025-12-31 10:05:21 | INFO    | Playwright disponível
2025-12-31 10:05:21 | INFO    | Selenium disponível
2025-12-31 10:05:21 | INFO    | Playwright disponível, tentando usar...
2025-12-31 10:05:21 | INFO    | Inicializando Playwright...
2025-12-31 10:05:21 | INFO    | Lançando browser Chromium...
2025-12-31 10:05:21 | ERROR   | Erro durante renderização Playwright: BrowserType.launch: Executable doesn't exist at C:\Users\Usuario\Documents\Scripts\EM DESENVOLVIMENTO RankingVendedores2.0\_internal\playwright\driver\package\.local-browsers\chromium_headless_shell-1200\chrome-headless-shell-win64\chrome-headless-shell.exe
╔════════════════════════════════════════════════════════════╗
║ Looks like Playwright was just installed or updated.       ║
║ Please run the following command to download new browsers: ║
║                                                            ║
║     playwright install                                     ║
║                                                            ║
║ <3 Playwright Team                                         ║
╚════════════════════════════════════════════════════════════╝
Traceback (most recent call last):
  File "src\html_renderer.py", line 191, in _html_to_png_playwright
    browser = playwright.chromium.launch(**launch_options)
              ^^^^^^^^^^^^^^^^^^^^^^^^^^^^^^^^^^^^^^^^^^^^
  File "playwright\sync_api\_generated.py", line 14568, in launch
  File "playwright\_impl\_sync_base.py", line 115, in _sync
  File "playwright\_impl\_browser_type.py", line 98, in launch
  File "playwright\_impl\_connection.py", line 69, in send
  File "playwright\_impl\_connection.py", line 559, in wrap_api_call
playwright._impl._errors.Error: BrowserType.launch: Executable doesn't exist at C:\Users\Usuario\Documents\Scripts\EM DESENVOLVIMENTO RankingVendedores2.0\_internal\playwright\driver\package\.local-browsers\chromium_headless_shell-1200\chrome-headless-shell-win64\chrome-headless-shell.exe
╔════════════════════════════════════════════════════════════╗
║ Looks like Playwright was just installed or updated.       ║
║ Please run the following command to download new browsers: ║
║                                                            ║
║     playwright install                                     ║
║                                                            ║
║ <3 Playwright Team                                         ║
╚════════════════════════════════════════════════════════════╝
2025-12-31 10:05:21 | WARNING | ⚠️ Playwright falhou: BrowserType.launch: Executable doesn't exist at C:\Users\Usuario\Documents\Scripts\EM DESENVOLVIMENTO RankingVendedores2.0\_internal\playwright\driver\package\.local-browsers\chromium_headless_shell-1200\chrome-headless-shell-win64\chrome-headless-shell.exe
╔════════════════════════════════════════════════════════════╗
║ Looks like Playwright was just installed or updated.       ║
║ Please run the following command to download new browsers: ║
║                                                            ║
║     playwright install                                     ║
║                                                            ║
║ <3 Playwright Team                                         ║
╚════════════════════════════════════════════════════════════╝
2025-12-31 10:05:21 | WARNING | Tentando Selenium como fallback...
2025-12-31 10:05:21 | INFO    | Usando Selenium para renderização...
2025-12-31 10:05:21 | INFO    | Configurando opções do Chrome para Selenium...
2025-12-31 10:05:21 | INFO    | Criando arquivo HTML temporário...
2025-12-31 10:05:21 | INFO    | Arquivo temporário criado: C:\Users\Usuario\AppData\Local\Temp\tmpl1yyy795.html
2025-12-31 10:05:21 | INFO    | Instalando/verificando ChromeDriver via webdriver-manager...
2025-12-31 10:05:22 | INFO    | ChromeDriver pronto, iniciando browser...
2025-12-31 10:05:23 | INFO    | Browser Chrome iniciado
2025-12-31 10:05:23 | INFO    | Carregando HTML: file:///C:\Users\Usuario\AppData\Local\Temp\tmpl1yyy795.html
2025-12-31 10:05:23 | INFO    | HTML carregado, aguardando elemento 'body'...
2025-12-31 10:05:23 | INFO    | Elemento 'body' encontrado, aguardando 600ms para renderização...
2025-12-31 10:05:24 | INFO    | Tirando screenshot...
2025-12-31 10:05:24 | INFO    | Screenshot salvo: C:\Users\Usuario\Documents\Scripts\EM DESENVOLVIMENTO RankingVendedores2.0\data\ranking_vendedor_p4.png
2025-12-31 10:05:24 | INFO    | Fechando browser...
2025-12-31 10:05:26 | INFO    | Browser fechado
2025-12-31 10:05:26 | INFO    | Removendo arquivo temporário...
2025-12-31 10:05:26 | INFO    | Screenshot HTML salva em C:\Users\Usuario\Documents\Scripts\EM DESENVOLVIMENTO RankingVendedores2.0\data\ranking_vendedor_p4.png (via Selenium)
2025-12-31 10:05:26 | INFO    | ✅ Conversão concluída via Selenium
2025-12-31 10:05:26 | INFO    | Playwright disponível
2025-12-31 10:05:26 | INFO    | Selenium disponível
2025-12-31 10:05:26 | INFO    | Playwright disponível, tentando usar...
2025-12-31 10:05:26 | INFO    | Inicializando Playwright...
2025-12-31 10:05:27 | INFO    | Lançando browser Chromium...
2025-12-31 10:05:27 | ERROR   | Erro durante renderização Playwright: BrowserType.launch: Executable doesn't exist at C:\Users\Usuario\Documents\Scripts\EM DESENVOLVIMENTO RankingVendedores2.0\_internal\playwright\driver\package\.local-browsers\chromium_headless_shell-1200\chrome-headless-shell-win64\chrome-headless-shell.exe
╔════════════════════════════════════════════════════════════╗
║ Looks like Playwright was just installed or updated.       ║
║ Please run the following command to download new browsers: ║
║                                                            ║
║     playwright install                                     ║
║                                                            ║
║ <3 Playwright Team                                         ║
╚════════════════════════════════════════════════════════════╝
Traceback (most recent call last):
  File "src\html_renderer.py", line 191, in _html_to_png_playwright
    browser = playwright.chromium.launch(**launch_options)
              ^^^^^^^^^^^^^^^^^^^^^^^^^^^^^^^^^^^^^^^^^^^^
  File "playwright\sync_api\_generated.py", line 14568, in launch
  File "playwright\_impl\_sync_base.py", line 115, in _sync
  File "playwright\_impl\_browser_type.py", line 98, in launch
  File "playwright\_impl\_connection.py", line 69, in send
  File "playwright\_impl\_connection.py", line 559, in wrap_api_call
playwright._impl._errors.Error: BrowserType.launch: Executable doesn't exist at C:\Users\Usuario\Documents\Scripts\EM DESENVOLVIMENTO RankingVendedores2.0\_internal\playwright\driver\package\.local-browsers\chromium_headless_shell-1200\chrome-headless-shell-win64\chrome-headless-shell.exe
╔════════════════════════════════════════════════════════════╗
║ Looks like Playwright was just installed or updated.       ║
║ Please run the following command to download new browsers: ║
║                                                            ║
║     playwright install                                     ║
║                                                            ║
║ <3 Playwright Team                                         ║
╚════════════════════════════════════════════════════════════╝
2025-12-31 10:05:27 | WARNING | ⚠️ Playwright falhou: BrowserType.launch: Executable doesn't exist at C:\Users\Usuario\Documents\Scripts\EM DESENVOLVIMENTO RankingVendedores2.0\_internal\playwright\driver\package\.local-browsers\chromium_headless_shell-1200\chrome-headless-shell-win64\chrome-headless-shell.exe
╔════════════════════════════════════════════════════════════╗
║ Looks like Playwright was just installed or updated.       ║
║ Please run the following command to download new browsers: ║
║                                                            ║
║     playwright install                                     ║
║                                                            ║
║ <3 Playwright Team                                         ║
╚════════════════════════════════════════════════════════════╝
2025-12-31 10:05:27 | WARNING | Tentando Selenium como fallback...
2025-12-31 10:05:27 | INFO    | Usando Selenium para renderização...
2025-12-31 10:05:27 | INFO    | Configurando opções do Chrome para Selenium...
2025-12-31 10:05:27 | INFO    | Criando arquivo HTML temporário...
2025-12-31 10:05:27 | INFO    | Arquivo temporário criado: C:\Users\Usuario\AppData\Local\Temp\tmpaua8iim0.html
2025-12-31 10:05:27 | INFO    | Instalando/verificando ChromeDriver via webdriver-manager...
2025-12-31 10:05:28 | INFO    | ChromeDriver pronto, iniciando browser...
2025-12-31 10:05:29 | INFO    | Browser Chrome iniciado
2025-12-31 10:05:29 | INFO    | Carregando HTML: file:///C:\Users\Usuario\AppData\Local\Temp\tmpaua8iim0.html
2025-12-31 10:05:29 | INFO    | HTML carregado, aguardando elemento 'body'...
2025-12-31 10:05:29 | INFO    | Elemento 'body' encontrado, aguardando 600ms para renderização...
2025-12-31 10:05:29 | INFO    | Tirando screenshot...
2025-12-31 10:05:30 | INFO    | Screenshot salvo: C:\Users\Usuario\Documents\Scripts\EM DESENVOLVIMENTO RankingVendedores2.0\data\ranking_vendedor_p5.png
2025-12-31 10:05:30 | INFO    | Fechando browser...
2025-12-31 10:05:32 | INFO    | Browser fechado
2025-12-31 10:05:32 | INFO    | Removendo arquivo temporário...
2025-12-31 10:05:32 | INFO    | Screenshot HTML salva em C:\Users\Usuario\Documents\Scripts\EM DESENVOLVIMENTO RankingVendedores2.0\data\ranking_vendedor_p5.png (via Selenium)
2025-12-31 10:05:32 | INFO    | ✅ Conversão concluída via Selenium
2025-12-31 10:05:32 | INFO    | Playwright disponível
2025-12-31 10:05:32 | INFO    | Selenium disponível
2025-12-31 10:05:32 | INFO    | Playwright disponível, tentando usar...
2025-12-31 10:05:32 | INFO    | Inicializando Playwright...
2025-12-31 10:05:32 | INFO    | Lançando browser Chromium...
2025-12-31 10:05:32 | ERROR   | Erro durante renderização Playwright: BrowserType.launch: Executable doesn't exist at C:\Users\Usuario\Documents\Scripts\EM DESENVOLVIMENTO RankingVendedores2.0\_internal\playwright\driver\package\.local-browsers\chromium_headless_shell-1200\chrome-headless-shell-win64\chrome-headless-shell.exe
╔════════════════════════════════════════════════════════════╗
║ Looks like Playwright was just installed or updated.       ║
║ Please run the following command to download new browsers: ║
║                                                            ║
║     playwright install                                     ║
║                                                            ║
║ <3 Playwright Team                                         ║
╚════════════════════════════════════════════════════════════╝
Traceback (most recent call last):
  File "src\html_renderer.py", line 191, in _html_to_png_playwright
    browser = playwright.chromium.launch(**launch_options)
              ^^^^^^^^^^^^^^^^^^^^^^^^^^^^^^^^^^^^^^^^^^^^
  File "playwright\sync_api\_generated.py", line 14568, in launch
  File "playwright\_impl\_sync_base.py", line 115, in _sync
  File "playwright\_impl\_browser_type.py", line 98, in launch
  File "playwright\_impl\_connection.py", line 69, in send
  File "playwright\_impl\_connection.py", line 559, in wrap_api_call
playwright._impl._errors.Error: BrowserType.launch: Executable doesn't exist at C:\Users\Usuario\Documents\Scripts\EM DESENVOLVIMENTO RankingVendedores2.0\_internal\playwright\driver\package\.local-browsers\chromium_headless_shell-1200\chrome-headless-shell-win64\chrome-headless-shell.exe
╔════════════════════════════════════════════════════════════╗
║ Looks like Playwright was just installed or updated.       ║
║ Please run the following command to download new browsers: ║
║                                                            ║
║     playwright install                                     ║
║                                                            ║
║ <3 Playwright Team                                         ║
╚════════════════════════════════════════════════════════════╝
2025-12-31 10:05:32 | WARNING | ⚠️ Playwright falhou: BrowserType.launch: Executable doesn't exist at C:\Users\Usuario\Documents\Scripts\EM DESENVOLVIMENTO RankingVendedores2.0\_internal\playwright\driver\package\.local-browsers\chromium_headless_shell-1200\chrome-headless-shell-win64\chrome-headless-shell.exe
╔════════════════════════════════════════════════════════════╗
║ Looks like Playwright was just installed or updated.       ║
║ Please run the following command to download new browsers: ║
║                                                            ║
║     playwright install                                     ║
║                                                            ║
║ <3 Playwright Team                                         ║
╚════════════════════════════════════════════════════════════╝
2025-12-31 10:05:32 | WARNING | Tentando Selenium como fallback...
2025-12-31 10:05:32 | INFO    | Usando Selenium para renderização...
2025-12-31 10:05:32 | INFO    | Configurando opções do Chrome para Selenium...
2025-12-31 10:05:32 | INFO    | Criando arquivo HTML temporário...
2025-12-31 10:05:32 | INFO    | Arquivo temporário criado: C:\Users\Usuario\AppData\Local\Temp\tmpnvjdl92m.html
2025-12-31 10:05:32 | INFO    | Instalando/verificando ChromeDriver via webdriver-manager...
2025-12-31 10:05:34 | INFO    | ChromeDriver pronto, iniciando browser...
2025-12-31 10:05:36 | INFO    | Browser Chrome iniciado
2025-12-31 10:05:36 | INFO    | Carregando HTML: file:///C:\Users\Usuario\AppData\Local\Temp\tmpnvjdl92m.html
2025-12-31 10:05:36 | INFO    | HTML carregado, aguardando elemento 'body'...
2025-12-31 10:05:36 | INFO    | Elemento 'body' encontrado, aguardando 600ms para renderização...
2025-12-31 10:05:36 | INFO    | Tirando screenshot...
2025-12-31 10:05:37 | INFO    | Screenshot salvo: C:\Users\Usuario\Documents\Scripts\EM DESENVOLVIMENTO RankingVendedores2.0\data\ranking_vendedor_p6.png
2025-12-31 10:05:37 | INFO    | Fechando browser...
2025-12-31 10:05:39 | INFO    | Browser fechado
2025-12-31 10:05:39 | INFO    | Removendo arquivo temporário...
2025-12-31 10:05:39 | INFO    | Screenshot HTML salva em C:\Users\Usuario\Documents\Scripts\EM DESENVOLVIMENTO RankingVendedores2.0\data\ranking_vendedor_p6.png (via Selenium)
2025-12-31 10:05:39 | INFO    | ✅ Conversão concluída via Selenium
2025-12-31 10:05:39 | INFO    | Playwright disponível
2025-12-31 10:05:39 | INFO    | Selenium disponível
2025-12-31 10:05:39 | INFO    | Playwright disponível, tentando usar...
2025-12-31 10:05:39 | INFO    | Inicializando Playwright...
2025-12-31 10:05:39 | INFO    | Lançando browser Chromium...
2025-12-31 10:05:39 | ERROR   | Erro durante renderização Playwright: BrowserType.launch: Executable doesn't exist at C:\Users\Usuario\Documents\Scripts\EM DESENVOLVIMENTO RankingVendedores2.0\_internal\playwright\driver\package\.local-browsers\chromium_headless_shell-1200\chrome-headless-shell-win64\chrome-headless-shell.exe
╔════════════════════════════════════════════════════════════╗
║ Looks like Playwright was just installed or updated.       ║
║ Please run the following command to download new browsers: ║
║                                                            ║
║     playwright install                                     ║
║                                                            ║
║ <3 Playwright Team                                         ║
╚════════════════════════════════════════════════════════════╝
Traceback (most recent call last):
  File "src\html_renderer.py", line 191, in _html_to_png_playwright
    browser = playwright.chromium.launch(**launch_options)
              ^^^^^^^^^^^^^^^^^^^^^^^^^^^^^^^^^^^^^^^^^^^^
  File "playwright\sync_api\_generated.py", line 14568, in launch
  File "playwright\_impl\_sync_base.py", line 115, in _sync
  File "playwright\_impl\_browser_type.py", line 98, in launch
  File "playwright\_impl\_connection.py", line 69, in send
  File "playwright\_impl\_connection.py", line 559, in wrap_api_call
playwright._impl._errors.Error: BrowserType.launch: Executable doesn't exist at C:\Users\Usuario\Documents\Scripts\EM DESENVOLVIMENTO RankingVendedores2.0\_internal\playwright\driver\package\.local-browsers\chromium_headless_shell-1200\chrome-headless-shell-win64\chrome-headless-shell.exe
╔════════════════════════════════════════════════════════════╗
║ Looks like Playwright was just installed or updated.       ║
║ Please run the following command to download new browsers: ║
║                                                            ║
║     playwright install                                     ║
║                                                            ║
║ <3 Playwright Team                                         ║
╚════════════════════════════════════════════════════════════╝
2025-12-31 10:05:39 | WARNING | ⚠️ Playwright falhou: BrowserType.launch: Executable doesn't exist at C:\Users\Usuario\Documents\Scripts\EM DESENVOLVIMENTO RankingVendedores2.0\_internal\playwright\driver\package\.local-browsers\chromium_headless_shell-1200\chrome-headless-shell-win64\chrome-headless-shell.exe
╔════════════════════════════════════════════════════════════╗
║ Looks like Playwright was just installed or updated.       ║
║ Please run the following command to download new browsers: ║
║                                                            ║
║     playwright install                                     ║
║                                                            ║
║ <3 Playwright Team                                         ║
╚════════════════════════════════════════════════════════════╝
2025-12-31 10:05:39 | WARNING | Tentando Selenium como fallback...
2025-12-31 10:05:39 | INFO    | Usando Selenium para renderização...
2025-12-31 10:05:39 | INFO    | Configurando opções do Chrome para Selenium...
2025-12-31 10:05:39 | INFO    | Criando arquivo HTML temporário...
2025-12-31 10:05:39 | INFO    | Arquivo temporário criado: C:\Users\Usuario\AppData\Local\Temp\tmp4ebaat0c.html
2025-12-31 10:05:39 | INFO    | Instalando/verificando ChromeDriver via webdriver-manager...
2025-12-31 10:05:41 | INFO    | ChromeDriver pronto, iniciando browser...
2025-12-31 10:05:43 | INFO    | Browser Chrome iniciado
2025-12-31 10:05:43 | INFO    | Carregando HTML: file:///C:\Users\Usuario\AppData\Local\Temp\tmp4ebaat0c.html
2025-12-31 10:05:43 | INFO    | HTML carregado, aguardando elemento 'body'...
2025-12-31 10:05:43 | INFO    | Elemento 'body' encontrado, aguardando 600ms para renderização...
2025-12-31 10:05:43 | INFO    | Tirando screenshot...
2025-12-31 10:05:44 | INFO    | Screenshot salvo: C:\Users\Usuario\Documents\Scripts\EM DESENVOLVIMENTO RankingVendedores2.0\data\ranking_vendedor_p7.png
2025-12-31 10:05:44 | INFO    | Fechando browser...
2025-12-31 10:05:46 | INFO    | Browser fechado
2025-12-31 10:05:46 | INFO    | Removendo arquivo temporário...
2025-12-31 10:05:46 | INFO    | Screenshot HTML salva em C:\Users\Usuario\Documents\Scripts\EM DESENVOLVIMENTO RankingVendedores2.0\data\ranking_vendedor_p7.png (via Selenium)
2025-12-31 10:05:46 | INFO    | ✅ Conversão concluída via Selenium
2025-12-31 10:05:46 | INFO    | 🎮 GAMIFICACAO | Engine: OK
2025-12-31 10:05:46 | ERROR   | PONTOS | Erro: name 'sys' is not defined
2025-12-31 10:05:46 | ERROR   | PERIODICO | Erro 'semanal': name 'sys' is not defined
2025-12-31 10:05:46 | ERROR   | RANKING | Falha crítica ao gerar ranking.
Traceback (most recent call last):
  File "main.py", line 130, in _run_ranking_diario
    destino_vendedor = gerar_ranking_vendedores(
                       ^^^^^^^^^^^^^^^^^^^^^^^^^
  File "src\daily_seller_ranking.py", line 13, in gerar_ranking_vendedores
    return service.execute(meta_arquivo, destino_dir, send_whatsapp=send_whatsapp)
           ^^^^^^^^^^^^^^^^^^^^^^^^^^^^^^^^^^^^^^^^^^^^^^^^^^^^^^^^^^^^^^^^^^^^^^^
  File "src\services\ranking_service.py", line 405, in execute
    engine.processar_semanal(today)
  File "src\gamificacao_vendedores.py", line 1004, in processar_semanal
    self._processar_semanal(data_ref)
  File "src\gamificacao_vendedores.py", line 1024, in _processar_semanal
    feriados_mgr = FeriadosManager()
                   ^^^^^^^^^^^^^^^^^
  File "src\feriados.py", line 12, in __init__
    self.feriados_df = self._carregar_feriados()
                       ^^^^^^^^^^^^^^^^^^^^^^^^^
  File "src\feriados.py", line 18, in _carregar_feriados
    Path(sys.executable).parent / "data" / "feriados.csv" if getattr(sys, "frozen", False) else None,
                                                                     ^^^
NameError: name 'sys' is not defined. Did you forget to import 'sys'
2025-12-31 10:05:46 | INFO    | GIT SYNC | Sincronizando dados no modo INTERACTIVE...
2025-12-31 10:05:57 | INFO    | GIT SYNC | Realizando push para o repositório...
2025-12-31 10:06:10 | INFO    | GIT SYNC | Sucesso!
2025-12-31 10:06:10 | INFO    | PIPELINE | Execucao finalizada com sucesso
